Linked: (/home/david/PR2-Kinetic-Xenial/devel/.private/graph_msgs/include/graph_msgs/Edges.h, /home/david/PR2-Kinetic-Xenial/devel/include/graph_msgs/Edges.h)
Linked: (/home/david/PR2-Kinetic-Xenial/devel/.private/graph_msgs/include/graph_msgs/GeometryGraph.h, /home/david/PR2-Kinetic-Xenial/devel/include/graph_msgs/GeometryGraph.h)
Linked: (/home/david/PR2-Kinetic-Xenial/devel/.private/graph_msgs/share/common-lisp/ros/graph_msgs/msg/_package_Edges.lisp, /home/david/PR2-Kinetic-Xenial/devel/share/common-lisp/ros/graph_msgs/msg/_package_Edges.lisp)
Linked: (/home/david/PR2-Kinetic-Xenial/devel/.private/graph_msgs/share/common-lisp/ros/graph_msgs/msg/_package.lisp, /home/david/PR2-Kinetic-Xenial/devel/share/common-lisp/ros/graph_msgs/msg/_package.lisp)
Linked: (/home/david/PR2-Kinetic-Xenial/devel/.private/graph_msgs/share/common-lisp/ros/graph_msgs/msg/graph_msgs-msg.asd, /home/david/PR2-Kinetic-Xenial/devel/share/common-lisp/ros/graph_msgs/msg/graph_msgs-msg.asd)
Linked: (/home/david/PR2-Kinetic-Xenial/devel/.private/graph_msgs/share/common-lisp/ros/graph_msgs/msg/GeometryGraph.lisp, /home/david/PR2-Kinetic-Xenial/devel/share/common-lisp/ros/graph_msgs/msg/GeometryGraph.lisp)
Linked: (/home/david/PR2-Kinetic-Xenial/devel/.private/graph_msgs/share/common-lisp/ros/graph_msgs/msg/_package_GeometryGraph.lisp, /home/david/PR2-Kinetic-Xenial/devel/share/common-lisp/ros/graph_msgs/msg/_package_GeometryGraph.lisp)
Linked: (/home/david/PR2-Kinetic-Xenial/devel/.private/graph_msgs/share/common-lisp/ros/graph_msgs/msg/Edges.lisp, /home/david/PR2-Kinetic-Xenial/devel/share/common-lisp/ros/graph_msgs/msg/Edges.lisp)
Linked: (/home/david/PR2-Kinetic-Xenial/devel/.private/graph_msgs/share/graph_msgs/cmake/graph_msgs-msg-extras.cmake, /home/david/PR2-Kinetic-Xenial/devel/share/graph_msgs/cmake/graph_msgs-msg-extras.cmake)
Linked: (/home/david/PR2-Kinetic-Xenial/devel/.private/graph_msgs/share/graph_msgs/cmake/graph_msgs-msg-paths.cmake, /home/david/PR2-Kinetic-Xenial/devel/share/graph_msgs/cmake/graph_msgs-msg-paths.cmake)
Linked: (/home/david/PR2-Kinetic-Xenial/devel/.private/graph_msgs/share/graph_msgs/cmake/graph_msgsConfig-version.cmake, /home/david/PR2-Kinetic-Xenial/devel/share/graph_msgs/cmake/graph_msgsConfig-version.cmake)
Linked: (/home/david/PR2-Kinetic-Xenial/devel/.private/graph_msgs/share/graph_msgs/cmake/graph_msgsConfig.cmake, /home/david/PR2-Kinetic-Xenial/devel/share/graph_msgs/cmake/graph_msgsConfig.cmake)
Linked: (/home/david/PR2-Kinetic-Xenial/devel/.private/graph_msgs/share/roseus/ros/graph_msgs/manifest.l, /home/david/PR2-Kinetic-Xenial/devel/share/roseus/ros/graph_msgs/manifest.l)
Linked: (/home/david/PR2-Kinetic-Xenial/devel/.private/graph_msgs/share/roseus/ros/graph_msgs/msg/Edges.l, /home/david/PR2-Kinetic-Xenial/devel/share/roseus/ros/graph_msgs/msg/Edges.l)
Linked: (/home/david/PR2-Kinetic-Xenial/devel/.private/graph_msgs/share/roseus/ros/graph_msgs/msg/GeometryGraph.l, /home/david/PR2-Kinetic-Xenial/devel/share/roseus/ros/graph_msgs/msg/GeometryGraph.l)
Linked: (/home/david/PR2-Kinetic-Xenial/devel/.private/graph_msgs/share/gennodejs/ros/graph_msgs/_index.js, /home/david/PR2-Kinetic-Xenial/devel/share/gennodejs/ros/graph_msgs/_index.js)
Linked: (/home/david/PR2-Kinetic-Xenial/devel/.private/graph_msgs/share/gennodejs/ros/graph_msgs/msg/Edges.js, /home/david/PR2-Kinetic-Xenial/devel/share/gennodejs/ros/graph_msgs/msg/Edges.js)
Linked: (/home/david/PR2-Kinetic-Xenial/devel/.private/graph_msgs/share/gennodejs/ros/graph_msgs/msg/GeometryGraph.js, /home/david/PR2-Kinetic-Xenial/devel/share/gennodejs/ros/graph_msgs/msg/GeometryGraph.js)
Linked: (/home/david/PR2-Kinetic-Xenial/devel/.private/graph_msgs/share/gennodejs/ros/graph_msgs/msg/_index.js, /home/david/PR2-Kinetic-Xenial/devel/share/gennodejs/ros/graph_msgs/msg/_index.js)
Linked: (/home/david/PR2-Kinetic-Xenial/devel/.private/graph_msgs/lib/pkgconfig/graph_msgs.pc, /home/david/PR2-Kinetic-Xenial/devel/lib/pkgconfig/graph_msgs.pc)
Linked: (/home/david/PR2-Kinetic-Xenial/devel/.private/graph_msgs/lib/python2.7/dist-packages/graph_msgs/__init__.py, /home/david/PR2-Kinetic-Xenial/devel/lib/python2.7/dist-packages/graph_msgs/__init__.py)
Linked: (/home/david/PR2-Kinetic-Xenial/devel/.private/graph_msgs/lib/python2.7/dist-packages/graph_msgs/msg/_Edges.py, /home/david/PR2-Kinetic-Xenial/devel/lib/python2.7/dist-packages/graph_msgs/msg/_Edges.py)
Linked: (/home/david/PR2-Kinetic-Xenial/devel/.private/graph_msgs/lib/python2.7/dist-packages/graph_msgs/msg/_GeometryGraph.py, /home/david/PR2-Kinetic-Xenial/devel/lib/python2.7/dist-packages/graph_msgs/msg/_GeometryGraph.py)
Linked: (/home/david/PR2-Kinetic-Xenial/devel/.private/graph_msgs/lib/python2.7/dist-packages/graph_msgs/msg/__init__.py, /home/david/PR2-Kinetic-Xenial/devel/lib/python2.7/dist-packages/graph_msgs/msg/__init__.py)
