Symlinking /home/david/PR2-Kinetic-Xenial/devel/include/graph_msgs/Edges.h
Symlinking /home/david/PR2-Kinetic-Xenial/devel/include/graph_msgs/GeometryGraph.h
Symlinking /home/david/PR2-Kinetic-Xenial/devel/share/common-lisp/ros/graph_msgs/msg/_package_Edges.lisp
Symlinking /home/david/PR2-Kinetic-Xenial/devel/share/common-lisp/ros/graph_msgs/msg/_package.lisp
Symlinking /home/david/PR2-Kinetic-Xenial/devel/share/common-lisp/ros/graph_msgs/msg/graph_msgs-msg.asd
Symlinking /home/david/PR2-Kinetic-Xenial/devel/share/common-lisp/ros/graph_msgs/msg/GeometryGraph.lisp
Symlinking /home/david/PR2-Kinetic-Xenial/devel/share/common-lisp/ros/graph_msgs/msg/_package_GeometryGraph.lisp
Symlinking /home/david/PR2-Kinetic-Xenial/devel/share/common-lisp/ros/graph_msgs/msg/Edges.lisp
Symlinking /home/david/PR2-Kinetic-Xenial/devel/share/graph_msgs/cmake/graph_msgs-msg-extras.cmake
Symlinking /home/david/PR2-Kinetic-Xenial/devel/share/graph_msgs/cmake/graph_msgs-msg-paths.cmake
Symlinking /home/david/PR2-Kinetic-Xenial/devel/share/graph_msgs/cmake/graph_msgsConfig-version.cmake
Symlinking /home/david/PR2-Kinetic-Xenial/devel/share/graph_msgs/cmake/graph_msgsConfig.cmake
Symlinking /home/david/PR2-Kinetic-Xenial/devel/share/roseus/ros/graph_msgs/manifest.l
Symlinking /home/david/PR2-Kinetic-Xenial/devel/share/roseus/ros/graph_msgs/msg/Edges.l
Symlinking /home/david/PR2-Kinetic-Xenial/devel/share/roseus/ros/graph_msgs/msg/GeometryGraph.l
Symlinking /home/david/PR2-Kinetic-Xenial/devel/share/gennodejs/ros/graph_msgs/_index.js
Symlinking /home/david/PR2-Kinetic-Xenial/devel/share/gennodejs/ros/graph_msgs/msg/Edges.js
Symlinking /home/david/PR2-Kinetic-Xenial/devel/share/gennodejs/ros/graph_msgs/msg/GeometryGraph.js
Symlinking /home/david/PR2-Kinetic-Xenial/devel/share/gennodejs/ros/graph_msgs/msg/_index.js
Symlinking /home/david/PR2-Kinetic-Xenial/devel/lib/pkgconfig/graph_msgs.pc
Symlinking /home/david/PR2-Kinetic-Xenial/devel/lib/python2.7/dist-packages/graph_msgs/__init__.py
Symlinking /home/david/PR2-Kinetic-Xenial/devel/lib/python2.7/dist-packages/graph_msgs/msg/_Edges.py
Symlinking /home/david/PR2-Kinetic-Xenial/devel/lib/python2.7/dist-packages/graph_msgs/msg/_GeometryGraph.py
Symlinking /home/david/PR2-Kinetic-Xenial/devel/lib/python2.7/dist-packages/graph_msgs/msg/__init__.py
