[  1%] [34m[1mCompiling Java code for pr2_common_action_msgs[0m
[  2%] Built target pr2_common_action_msgs_generate_messages_java_gradle
[  2%] Built target _pr2_common_action_msgs_generate_messages_check_deps_ArmMoveIKGoal
[  2%] Built target actionlib_msgs_generate_messages_py
[  2%] Built target _pr2_common_action_msgs_generate_messages_check_deps_ArmMoveIKAction
[  2%] Built target _pr2_common_action_msgs_generate_messages_check_deps_TuckArmsActionFeedback
[  2%] Built target _pr2_common_action_msgs_generate_messages_check_deps_TuckArmsFeedback
[  2%] Built target _pr2_common_action_msgs_generate_messages_check_deps_ArmMoveIKResult
[  2%] Built target _pr2_common_action_msgs_generate_messages_check_deps_ArmMoveIKActionGoal
[  2%] Built target geometry_msgs_generate_messages_py
[  2%] Built target sensor_msgs_generate_messages_py
[  2%] Built target _pr2_common_action_msgs_generate_messages_check_deps_ArmMoveIKActionResult
[  2%] Built target _pr2_common_action_msgs_generate_messages_check_deps_TuckArmsGoal
[  2%] Built target _pr2_common_action_msgs_generate_messages_check_deps_ArmMoveIKFeedback
[  2%] Built target _pr2_common_action_msgs_generate_messages_check_deps_ArmMoveIKActionFeedback
[  2%] Built target _pr2_common_action_msgs_generate_messages_check_deps_TuckArmsActionGoal
[  2%] Built target _pr2_common_action_msgs_generate_messages_check_deps_TuckArmsAction
[  2%] Built target _pr2_common_action_msgs_generate_messages_check_deps_TuckArmsResult
[  2%] Built target geometry_msgs_generate_messages_nodejs
[  2%] Built target _pr2_common_action_msgs_generate_messages_check_deps_TuckArmsActionResult
[  2%] Built target actionlib_msgs_generate_messages_nodejs
[  2%] Built target sensor_msgs_generate_messages_nodejs
[  2%] Built target geometry_msgs_generate_messages_lisp
[  2%] Built target sensor_msgs_generate_messages_lisp
[  2%] Built target actionlib_msgs_generate_messages_lisp
[  4%] Built target pr2_common_action_msgs_generate_messages_java
[  4%] Built target geometry_msgs_generate_messages_eus
[  4%] Built target actionlib_msgs_generate_messages_eus
[  4%] Built target sensor_msgs_generate_messages_eus
[  4%] Built target sensor_msgs_generate_messages_cpp
[  4%] Built target geometry_msgs_generate_messages_cpp
[  4%] Built target actionlib_msgs_generate_messages_cpp
[ 24%] Built target pr2_common_action_msgs_generate_messages_py
[ 42%] Built target pr2_common_action_msgs_generate_messages_nodejs
[ 77%] Built target pr2_common_action_msgs_generate_messages_lisp
[ 81%] Built target pr2_common_action_msgs_generate_messages_eus
[100%] Built target pr2_common_action_msgs_generate_messages_cpp
[100%] Built target pr2_common_action_msgs_generate_messages
