[35m[1mScanning dependencies of target pr2_common_action_msgs_generate_messages_java_gradle[0m
[  1%] [34m[1mGenerating Java gradle project from pr2_common_action_msgs[0m
WARNING: Package name "gazebo_moveIT_objects_synchroniser" does not follow the naming conventions. It should start with a lower case letter and only contain lower case letters, digits, underscores, and dashes.
[35m[1mScanning dependencies of target _pr2_common_action_msgs_generate_messages_check_deps_ArmMoveIKGoal[0m
[  1%] Built target _pr2_common_action_msgs_generate_messages_check_deps_ArmMoveIKGoal
[35m[1mScanning dependencies of target actionlib_msgs_generate_messages_py[0m
[  1%] Built target actionlib_msgs_generate_messages_py
[35m[1mScanning dependencies of target _pr2_common_action_msgs_generate_messages_check_deps_ArmMoveIKAction[0m
[  1%] Built target _pr2_common_action_msgs_generate_messages_check_deps_ArmMoveIKAction
[35m[1mScanning dependencies of target _pr2_common_action_msgs_generate_messages_check_deps_TuckArmsActionFeedback[0m
[  1%] Built target _pr2_common_action_msgs_generate_messages_check_deps_TuckArmsActionFeedback
[35m[1mScanning dependencies of target _pr2_common_action_msgs_generate_messages_check_deps_TuckArmsFeedback[0m
[  1%] Built target _pr2_common_action_msgs_generate_messages_check_deps_TuckArmsFeedback
[35m[1mScanning dependencies of target _pr2_common_action_msgs_generate_messages_check_deps_ArmMoveIKResult[0m
[  1%] Built target _pr2_common_action_msgs_generate_messages_check_deps_ArmMoveIKResult
[35m[1mScanning dependencies of target _pr2_common_action_msgs_generate_messages_check_deps_ArmMoveIKActionGoal[0m
[  1%] Built target _pr2_common_action_msgs_generate_messages_check_deps_ArmMoveIKActionGoal
[35m[1mScanning dependencies of target geometry_msgs_generate_messages_py[0m
[  1%] Built target geometry_msgs_generate_messages_py
[35m[1mScanning dependencies of target sensor_msgs_generate_messages_py[0m
[  1%] Built target sensor_msgs_generate_messages_py
[35m[1mScanning dependencies of target _pr2_common_action_msgs_generate_messages_check_deps_ArmMoveIKActionResult[0m
[  1%] Built target _pr2_common_action_msgs_generate_messages_check_deps_ArmMoveIKActionResult
[35m[1mScanning dependencies of target _pr2_common_action_msgs_generate_messages_check_deps_TuckArmsGoal[0m
[  2%] [34m[1mCompiling Java code for pr2_common_action_msgs[0m
[  2%] Built target _pr2_common_action_msgs_generate_messages_check_deps_TuckArmsGoal
[35m[1mScanning dependencies of target _pr2_common_action_msgs_generate_messages_check_deps_ArmMoveIKFeedback[0m
[  2%] Built target _pr2_common_action_msgs_generate_messages_check_deps_ArmMoveIKFeedback
[35m[1mScanning dependencies of target _pr2_common_action_msgs_generate_messages_check_deps_ArmMoveIKActionFeedback[0m
[  2%] Built target _pr2_common_action_msgs_generate_messages_check_deps_ArmMoveIKActionFeedback
[35m[1mScanning dependencies of target _pr2_common_action_msgs_generate_messages_check_deps_TuckArmsActionGoal[0m
[  2%] Built target _pr2_common_action_msgs_generate_messages_check_deps_TuckArmsActionGoal
[35m[1mScanning dependencies of target _pr2_common_action_msgs_generate_messages_check_deps_TuckArmsAction[0m
[  2%] Built target _pr2_common_action_msgs_generate_messages_check_deps_TuckArmsAction
[35m[1mScanning dependencies of target _pr2_common_action_msgs_generate_messages_check_deps_TuckArmsResult[0m
[0m[  2%] Built target _pr2_common_action_msgs_generate_messages_check_deps_TuckArmsResult
[35m[1mScanning dependencies of target _pr2_common_action_msgs_generate_messages_check_deps_TuckArmsActionResult[0m
[  2%] Built target _pr2_common_action_msgs_generate_messages_check_deps_TuckArmsActionResult
[35m[1mScanning dependencies of target geometry_msgs_generate_messages_nodejs[0m
[  2%] Built target geometry_msgs_generate_messages_nodejs
[35m[1mScanning dependencies of target actionlib_msgs_generate_messages_nodejs[0m
[  2%] Built target actionlib_msgs_generate_messages_nodejs
[35m[1mScanning dependencies of target sensor_msgs_generate_messages_nodejs[0m
[  2%] Built target sensor_msgs_generate_messages_nodejs
[35m[1mScanning dependencies of target geometry_msgs_generate_messages_lisp[0m
[  2%] Built target geometry_msgs_generate_messages_lisp
[35m[1mScanning dependencies of target actionlib_msgs_generate_messages_lisp[0m
[  2%] Built target actionlib_msgs_generate_messages_lisp
[35m[1mScanning dependencies of target sensor_msgs_generate_messages_lisp[0m
[  2%] Built target sensor_msgs_generate_messages_lisp
[35m[1mScanning dependencies of target pr2_common_action_msgs_generate_messages_java[0m
[  4%] Built target pr2_common_action_msgs_generate_messages_java
[35m[1mScanning dependencies of target geometry_msgs_generate_messages_eus[0m
[  4%] Built target geometry_msgs_generate_messages_eus
[35m[1mScanning dependencies of target actionlib_msgs_generate_messages_eus[0m
[  4%] Built target actionlib_msgs_generate_messages_eus
[35m[1mScanning dependencies of target sensor_msgs_generate_messages_eus[0m
[  4%] Built target sensor_msgs_generate_messages_eus
[35m[1mScanning dependencies of target sensor_msgs_generate_messages_cpp[0m
[  4%] Built target sensor_msgs_generate_messages_cpp
[35m[1mScanning dependencies of target geometry_msgs_generate_messages_cpp[0m
[  4%] Built target geometry_msgs_generate_messages_cpp
Uploading: org/ros/rosjava_messages/pr2_common_action_msgs/0.0.10/pr2_common_action_msgs-0.0.10.jar to repository remote at file:/home/dtrimoul/PR2-Kinetic-Xenial/devel/.private/pr2_common_action_msgs/share/maven
[35m[1mScanning dependencies of target actionlib_msgs_generate_messages_cpp[0m
Transferring 0K from remote
Uploaded 0K
[  4%] Built target actionlib_msgs_generate_messages_cpp
[35m[1mScanning dependencies of target pr2_common_action_msgs_generate_messages_py[0m
[0m[  5%] [34m[1mGenerating Python from MSG pr2_common_action_msgs/TuckArmsGoal[0m
[  6%] [34m[1mGenerating Python from MSG pr2_common_action_msgs/ArmMoveIKAction[0m
[  8%] [34m[1mGenerating Python from MSG pr2_common_action_msgs/TuckArmsActionFeedback[0m
[  9%] [34m[1mGenerating Python from MSG pr2_common_action_msgs/TuckArmsFeedback[0m
[  9%] Built target pr2_common_action_msgs_generate_messages_java_gradle
[35m[1mScanning dependencies of target pr2_common_action_msgs_generate_messages_nodejs[0m
[ 10%] [34m[1mGenerating Javascript code from pr2_common_action_msgs/TuckArmsGoal.msg[0m
[ 12%] [34m[1mGenerating Python from MSG pr2_common_action_msgs/ArmMoveIKFeedback[0m
[ 13%] [34m[1mGenerating Javascript code from pr2_common_action_msgs/ArmMoveIKAction.msg[0m
[ 14%] [34m[1mGenerating Python from MSG pr2_common_action_msgs/ArmMoveIKActionFeedback[0m
[ 16%] [34m[1mGenerating Javascript code from pr2_common_action_msgs/TuckArmsActionFeedback.msg[0m
[ 17%] [34m[1mGenerating Python from MSG pr2_common_action_msgs/ArmMoveIKResult[0m
[ 18%] [34m[1mGenerating Javascript code from pr2_common_action_msgs/TuckArmsFeedback.msg[0m
[ 20%] [34m[1mGenerating Javascript code from pr2_common_action_msgs/ArmMoveIKFeedback.msg[0m
[ 21%] [34m[1mGenerating Python from MSG pr2_common_action_msgs/TuckArmsAction[0m
[ 22%] [34m[1mGenerating Javascript code from pr2_common_action_msgs/ArmMoveIKActionFeedback.msg[0m
[ 24%] [34m[1mGenerating Javascript code from pr2_common_action_msgs/ArmMoveIKResult.msg[0m
[ 25%] [34m[1mGenerating Python from MSG pr2_common_action_msgs/TuckArmsResult[0m
[ 26%] [34m[1mGenerating Javascript code from pr2_common_action_msgs/TuckArmsAction.msg[0m
[ 28%] [34m[1mGenerating Python from MSG pr2_common_action_msgs/ArmMoveIKActionGoal[0m
[ 29%] [34m[1mGenerating Javascript code from pr2_common_action_msgs/TuckArmsResult.msg[0m
[ 30%] [34m[1mGenerating Javascript code from pr2_common_action_msgs/ArmMoveIKActionGoal.msg[0m
[ 32%] [34m[1mGenerating Python from MSG pr2_common_action_msgs/ArmMoveIKGoal[0m
[ 33%] [34m[1mGenerating Javascript code from pr2_common_action_msgs/ArmMoveIKGoal.msg[0m
[ 34%] [34m[1mGenerating Javascript code from pr2_common_action_msgs/TuckArmsActionResult.msg[0m
[ 36%] [34m[1mGenerating Python from MSG pr2_common_action_msgs/TuckArmsActionResult[0m
[ 37%] [34m[1mGenerating Javascript code from pr2_common_action_msgs/ArmMoveIKActionResult.msg[0m
[ 38%] [34m[1mGenerating Python from MSG pr2_common_action_msgs/ArmMoveIKActionResult[0m
[ 40%] [34m[1mGenerating Javascript code from pr2_common_action_msgs/TuckArmsActionGoal.msg[0m
[ 41%] [34m[1mGenerating Python from MSG pr2_common_action_msgs/TuckArmsActionGoal[0m
[ 41%] Built target pr2_common_action_msgs_generate_messages_nodejs
[35m[1mScanning dependencies of target pr2_common_action_msgs_generate_messages_lisp[0m
[ 42%] [34m[1mGenerating Lisp code from pr2_common_action_msgs/TuckArmsGoal.msg[0m
[ 44%] [34m[1mGenerating Python msg __init__.py for pr2_common_action_msgs[0m
[ 45%] [34m[1mGenerating Lisp code from pr2_common_action_msgs/ArmMoveIKAction.msg[0m
[ 45%] Built target pr2_common_action_msgs_generate_messages_py
[ 46%] [34m[1mGenerating Lisp code from pr2_common_action_msgs/TuckArmsActionFeedback.msg[0m
[ 48%] [34m[1mGenerating Lisp code from pr2_common_action_msgs/TuckArmsFeedback.msg[0m
[ 49%] [34m[1mGenerating Lisp code from pr2_common_action_msgs/ArmMoveIKFeedback.msg[0m
[ 50%] [34m[1mGenerating Lisp code from pr2_common_action_msgs/ArmMoveIKActionFeedback.msg[0m
[ 53%] [34m[1mGenerating Lisp code from pr2_common_action_msgs/ArmMoveIKResult.msg[0m
[ 53%] [34m[1mGenerating Lisp code from pr2_common_action_msgs/TuckArmsAction.msg[0m
[ 54%] [34m[1mGenerating Lisp code from pr2_common_action_msgs/TuckArmsResult.msg[0m
[ 56%] [34m[1mGenerating Lisp code from pr2_common_action_msgs/ArmMoveIKActionGoal.msg[0m
[35m[1mScanning dependencies of target pr2_common_action_msgs_generate_messages_eus[0m
[ 57%] [34m[1mGenerating EusLisp code from pr2_common_action_msgs/TuckArmsGoal.msg[0m
[ 58%] [34m[1mGenerating Lisp code from pr2_common_action_msgs/ArmMoveIKGoal.msg[0m
[ 60%] [34m[1mGenerating Lisp code from pr2_common_action_msgs/TuckArmsActionResult.msg[0m
[ 61%] [34m[1mGenerating EusLisp code from pr2_common_action_msgs/ArmMoveIKAction.msg[0m
[ 62%] [34m[1mGenerating Lisp code from pr2_common_action_msgs/ArmMoveIKActionResult.msg[0m
[ 64%] [34m[1mGenerating EusLisp code from pr2_common_action_msgs/TuckArmsActionFeedback.msg[0m
[ 65%] [34m[1mGenerating Lisp code from pr2_common_action_msgs/TuckArmsActionGoal.msg[0m
[ 66%] [34m[1mGenerating EusLisp code from pr2_common_action_msgs/TuckArmsFeedback.msg[0m
[ 66%] Built target pr2_common_action_msgs_generate_messages_lisp
[ 68%] [34m[1mGenerating EusLisp code from pr2_common_action_msgs/ArmMoveIKFeedback.msg[0m
[ 69%] [34m[1mGenerating EusLisp code from pr2_common_action_msgs/ArmMoveIKActionFeedback.msg[0m
[ 70%] [34m[1mGenerating EusLisp code from pr2_common_action_msgs/ArmMoveIKResult.msg[0m
[ 72%] [34m[1mGenerating EusLisp code from pr2_common_action_msgs/TuckArmsAction.msg[0m
[ 73%] [34m[1mGenerating EusLisp code from pr2_common_action_msgs/TuckArmsResult.msg[0m
[ 74%] [34m[1mGenerating EusLisp code from pr2_common_action_msgs/ArmMoveIKActionGoal.msg[0m
[ 76%] [34m[1mGenerating EusLisp code from pr2_common_action_msgs/ArmMoveIKGoal.msg[0m
[ 77%] [34m[1mGenerating EusLisp code from pr2_common_action_msgs/TuckArmsActionResult.msg[0m
[ 78%] [34m[1mGenerating EusLisp code from pr2_common_action_msgs/ArmMoveIKActionResult.msg[0m
[ 80%] [34m[1mGenerating EusLisp code from pr2_common_action_msgs/TuckArmsActionGoal.msg[0m
[ 81%] [34m[1mGenerating EusLisp manifest code for pr2_common_action_msgs[0m
WARNING: Package name "gazebo_moveIT_objects_synchroniser" does not follow the naming conventions. It should start with a lower case letter and only contain lower case letters, digits, underscores, and dashes.
[35m[1mScanning dependencies of target pr2_common_action_msgs_generate_messages_cpp[0m
[ 82%] [34m[1mGenerating C++ code from pr2_common_action_msgs/TuckArmsGoal.msg[0m
WARNING: Package name "gazebo_moveIT_objects_synchroniser" does not follow the naming conventions. It should start with a lower case letter and only contain lower case letters, digits, underscores, and dashes.
[ 84%] [34m[1mGenerating C++ code from pr2_common_action_msgs/ArmMoveIKAction.msg[0m
[ 84%] Built target pr2_common_action_msgs_generate_messages_eus
[ 85%] [34m[1mGenerating C++ code from pr2_common_action_msgs/TuckArmsActionFeedback.msg[0m
[ 86%] [34m[1mGenerating C++ code from pr2_common_action_msgs/TuckArmsFeedback.msg[0m
[ 88%] [34m[1mGenerating C++ code from pr2_common_action_msgs/ArmMoveIKFeedback.msg[0m
[ 89%] [34m[1mGenerating C++ code from pr2_common_action_msgs/ArmMoveIKActionFeedback.msg[0m
[ 90%] [34m[1mGenerating C++ code from pr2_common_action_msgs/ArmMoveIKResult.msg[0m
[ 92%] [34m[1mGenerating C++ code from pr2_common_action_msgs/TuckArmsAction.msg[0m
[ 93%] [34m[1mGenerating C++ code from pr2_common_action_msgs/TuckArmsResult.msg[0m
[ 94%] [34m[1mGenerating C++ code from pr2_common_action_msgs/ArmMoveIKActionGoal.msg[0m
[ 96%] [34m[1mGenerating C++ code from pr2_common_action_msgs/ArmMoveIKGoal.msg[0m
[ 97%] [34m[1mGenerating C++ code from pr2_common_action_msgs/TuckArmsActionResult.msg[0m
[ 98%] [34m[1mGenerating C++ code from pr2_common_action_msgs/ArmMoveIKActionResult.msg[0m
[100%] [34m[1mGenerating C++ code from pr2_common_action_msgs/TuckArmsActionGoal.msg[0m
[100%] Built target pr2_common_action_msgs_generate_messages_cpp
[35m[1mScanning dependencies of target pr2_common_action_msgs_generate_messages[0m
[100%] Built target pr2_common_action_msgs_generate_messages
