Symlinking /home/dtrimoul/PR2-Kinetic-Xenial/devel/share/pr2_common_action_msgs/msg/TuckArmsAction.msg
Symlinking /home/dtrimoul/PR2-Kinetic-Xenial/devel/share/pr2_common_action_msgs/msg/TuckArmsGoal.msg
Symlinking /home/dtrimoul/PR2-Kinetic-Xenial/devel/share/pr2_common_action_msgs/msg/TuckArmsActionGoal.msg
Symlinking /home/dtrimoul/PR2-Kinetic-Xenial/devel/share/pr2_common_action_msgs/msg/TuckArmsResult.msg
Symlinking /home/dtrimoul/PR2-Kinetic-Xenial/devel/share/pr2_common_action_msgs/msg/TuckArmsActionResult.msg
Symlinking /home/dtrimoul/PR2-Kinetic-Xenial/devel/share/pr2_common_action_msgs/msg/TuckArmsFeedback.msg
Symlinking /home/dtrimoul/PR2-Kinetic-Xenial/devel/share/pr2_common_action_msgs/msg/TuckArmsActionFeedback.msg
Symlinking /home/dtrimoul/PR2-Kinetic-Xenial/devel/share/pr2_common_action_msgs/msg/ArmMoveIKAction.msg
Symlinking /home/dtrimoul/PR2-Kinetic-Xenial/devel/share/pr2_common_action_msgs/msg/ArmMoveIKGoal.msg
Symlinking /home/dtrimoul/PR2-Kinetic-Xenial/devel/share/pr2_common_action_msgs/msg/ArmMoveIKActionGoal.msg
Symlinking /home/dtrimoul/PR2-Kinetic-Xenial/devel/share/pr2_common_action_msgs/msg/ArmMoveIKResult.msg
Symlinking /home/dtrimoul/PR2-Kinetic-Xenial/devel/share/pr2_common_action_msgs/msg/ArmMoveIKActionResult.msg
Symlinking /home/dtrimoul/PR2-Kinetic-Xenial/devel/share/pr2_common_action_msgs/msg/ArmMoveIKFeedback.msg
Symlinking /home/dtrimoul/PR2-Kinetic-Xenial/devel/share/pr2_common_action_msgs/msg/ArmMoveIKActionFeedback.msg
Symlinking /home/dtrimoul/PR2-Kinetic-Xenial/devel/share/pr2_common_action_msgs/cmake/pr2_common_action_msgs-msg-paths.cmake
Symlinking /home/dtrimoul/PR2-Kinetic-Xenial/devel/share/pr2_common_action_msgs/cmake/pr2_common_action_msgs-msg-extras.cmake
Symlinking /home/dtrimoul/PR2-Kinetic-Xenial/devel/share/pr2_common_action_msgs/cmake/pr2_common_action_msgsConfig.cmake
Symlinking /home/dtrimoul/PR2-Kinetic-Xenial/devel/share/pr2_common_action_msgs/cmake/pr2_common_action_msgsConfig-version.cmake
Symlinking /home/dtrimoul/PR2-Kinetic-Xenial/devel/share/roseus/ros/pr2_common_action_msgs/manifest.l
Symlinking /home/dtrimoul/PR2-Kinetic-Xenial/devel/share/roseus/ros/pr2_common_action_msgs/msg/TuckArmsGoal.l
Symlinking /home/dtrimoul/PR2-Kinetic-Xenial/devel/share/roseus/ros/pr2_common_action_msgs/msg/ArmMoveIKAction.l
Symlinking /home/dtrimoul/PR2-Kinetic-Xenial/devel/share/roseus/ros/pr2_common_action_msgs/msg/TuckArmsActionFeedback.l
Symlinking /home/dtrimoul/PR2-Kinetic-Xenial/devel/share/roseus/ros/pr2_common_action_msgs/msg/TuckArmsFeedback.l
Symlinking /home/dtrimoul/PR2-Kinetic-Xenial/devel/share/roseus/ros/pr2_common_action_msgs/msg/ArmMoveIKActionFeedback.l
Symlinking /home/dtrimoul/PR2-Kinetic-Xenial/devel/share/roseus/ros/pr2_common_action_msgs/msg/ArmMoveIKFeedback.l
Symlinking /home/dtrimoul/PR2-Kinetic-Xenial/devel/share/roseus/ros/pr2_common_action_msgs/msg/ArmMoveIKResult.l
Symlinking /home/dtrimoul/PR2-Kinetic-Xenial/devel/share/roseus/ros/pr2_common_action_msgs/msg/TuckArmsAction.l
Symlinking /home/dtrimoul/PR2-Kinetic-Xenial/devel/share/roseus/ros/pr2_common_action_msgs/msg/TuckArmsResult.l
Symlinking /home/dtrimoul/PR2-Kinetic-Xenial/devel/share/roseus/ros/pr2_common_action_msgs/msg/ArmMoveIKActionGoal.l
Symlinking /home/dtrimoul/PR2-Kinetic-Xenial/devel/share/roseus/ros/pr2_common_action_msgs/msg/ArmMoveIKGoal.l
Symlinking /home/dtrimoul/PR2-Kinetic-Xenial/devel/share/roseus/ros/pr2_common_action_msgs/msg/TuckArmsActionResult.l
Symlinking /home/dtrimoul/PR2-Kinetic-Xenial/devel/share/roseus/ros/pr2_common_action_msgs/msg/ArmMoveIKActionResult.l
Symlinking /home/dtrimoul/PR2-Kinetic-Xenial/devel/share/roseus/ros/pr2_common_action_msgs/msg/TuckArmsActionGoal.l
Symlinking /home/dtrimoul/PR2-Kinetic-Xenial/devel/share/common-lisp/ros/pr2_common_action_msgs/msg/TuckArmsGoal.lisp
Symlinking /home/dtrimoul/PR2-Kinetic-Xenial/devel/share/common-lisp/ros/pr2_common_action_msgs/msg/_package_TuckArmsGoal.lisp
Symlinking /home/dtrimoul/PR2-Kinetic-Xenial/devel/share/common-lisp/ros/pr2_common_action_msgs/msg/_package.lisp
Symlinking /home/dtrimoul/PR2-Kinetic-Xenial/devel/share/common-lisp/ros/pr2_common_action_msgs/msg/pr2_common_action_msgs-msg.asd
Symlinking /home/dtrimoul/PR2-Kinetic-Xenial/devel/share/common-lisp/ros/pr2_common_action_msgs/msg/ArmMoveIKAction.lisp
Symlinking /home/dtrimoul/PR2-Kinetic-Xenial/devel/share/common-lisp/ros/pr2_common_action_msgs/msg/_package_ArmMoveIKAction.lisp
Symlinking /home/dtrimoul/PR2-Kinetic-Xenial/devel/share/common-lisp/ros/pr2_common_action_msgs/msg/TuckArmsActionFeedback.lisp
Symlinking /home/dtrimoul/PR2-Kinetic-Xenial/devel/share/common-lisp/ros/pr2_common_action_msgs/msg/_package_TuckArmsActionFeedback.lisp
Symlinking /home/dtrimoul/PR2-Kinetic-Xenial/devel/share/common-lisp/ros/pr2_common_action_msgs/msg/ArmMoveIKFeedback.lisp
Symlinking /home/dtrimoul/PR2-Kinetic-Xenial/devel/share/common-lisp/ros/pr2_common_action_msgs/msg/_package_ArmMoveIKFeedback.lisp
Symlinking /home/dtrimoul/PR2-Kinetic-Xenial/devel/share/common-lisp/ros/pr2_common_action_msgs/msg/TuckArmsFeedback.lisp
Symlinking /home/dtrimoul/PR2-Kinetic-Xenial/devel/share/common-lisp/ros/pr2_common_action_msgs/msg/_package_TuckArmsFeedback.lisp
Symlinking /home/dtrimoul/PR2-Kinetic-Xenial/devel/share/common-lisp/ros/pr2_common_action_msgs/msg/ArmMoveIKActionFeedback.lisp
Symlinking /home/dtrimoul/PR2-Kinetic-Xenial/devel/share/common-lisp/ros/pr2_common_action_msgs/msg/_package_ArmMoveIKActionFeedback.lisp
Symlinking /home/dtrimoul/PR2-Kinetic-Xenial/devel/share/common-lisp/ros/pr2_common_action_msgs/msg/ArmMoveIKResult.lisp
Symlinking /home/dtrimoul/PR2-Kinetic-Xenial/devel/share/common-lisp/ros/pr2_common_action_msgs/msg/_package_ArmMoveIKResult.lisp
Symlinking /home/dtrimoul/PR2-Kinetic-Xenial/devel/share/common-lisp/ros/pr2_common_action_msgs/msg/TuckArmsAction.lisp
Symlinking /home/dtrimoul/PR2-Kinetic-Xenial/devel/share/common-lisp/ros/pr2_common_action_msgs/msg/_package_TuckArmsAction.lisp
Symlinking /home/dtrimoul/PR2-Kinetic-Xenial/devel/share/common-lisp/ros/pr2_common_action_msgs/msg/TuckArmsResult.lisp
Symlinking /home/dtrimoul/PR2-Kinetic-Xenial/devel/share/common-lisp/ros/pr2_common_action_msgs/msg/_package_TuckArmsResult.lisp
Symlinking /home/dtrimoul/PR2-Kinetic-Xenial/devel/share/common-lisp/ros/pr2_common_action_msgs/msg/ArmMoveIKActionGoal.lisp
Symlinking /home/dtrimoul/PR2-Kinetic-Xenial/devel/share/common-lisp/ros/pr2_common_action_msgs/msg/_package_ArmMoveIKActionGoal.lisp
Symlinking /home/dtrimoul/PR2-Kinetic-Xenial/devel/share/common-lisp/ros/pr2_common_action_msgs/msg/ArmMoveIKGoal.lisp
Symlinking /home/dtrimoul/PR2-Kinetic-Xenial/devel/share/common-lisp/ros/pr2_common_action_msgs/msg/_package_ArmMoveIKGoal.lisp
Symlinking /home/dtrimoul/PR2-Kinetic-Xenial/devel/share/common-lisp/ros/pr2_common_action_msgs/msg/TuckArmsActionResult.lisp
Symlinking /home/dtrimoul/PR2-Kinetic-Xenial/devel/share/common-lisp/ros/pr2_common_action_msgs/msg/_package_TuckArmsActionResult.lisp
Symlinking /home/dtrimoul/PR2-Kinetic-Xenial/devel/share/common-lisp/ros/pr2_common_action_msgs/msg/ArmMoveIKActionResult.lisp
Symlinking /home/dtrimoul/PR2-Kinetic-Xenial/devel/share/common-lisp/ros/pr2_common_action_msgs/msg/_package_ArmMoveIKActionResult.lisp
Symlinking /home/dtrimoul/PR2-Kinetic-Xenial/devel/share/common-lisp/ros/pr2_common_action_msgs/msg/TuckArmsActionGoal.lisp
Symlinking /home/dtrimoul/PR2-Kinetic-Xenial/devel/share/common-lisp/ros/pr2_common_action_msgs/msg/_package_TuckArmsActionGoal.lisp
Symlinking /home/dtrimoul/PR2-Kinetic-Xenial/devel/share/gennodejs/ros/pr2_common_action_msgs/_index.js
Symlinking /home/dtrimoul/PR2-Kinetic-Xenial/devel/share/gennodejs/ros/pr2_common_action_msgs/msg/TuckArmsGoal.js
Symlinking /home/dtrimoul/PR2-Kinetic-Xenial/devel/share/gennodejs/ros/pr2_common_action_msgs/msg/_index.js
Symlinking /home/dtrimoul/PR2-Kinetic-Xenial/devel/share/gennodejs/ros/pr2_common_action_msgs/msg/ArmMoveIKAction.js
Symlinking /home/dtrimoul/PR2-Kinetic-Xenial/devel/share/gennodejs/ros/pr2_common_action_msgs/msg/TuckArmsActionFeedback.js
Symlinking /home/dtrimoul/PR2-Kinetic-Xenial/devel/share/gennodejs/ros/pr2_common_action_msgs/msg/TuckArmsFeedback.js
Symlinking /home/dtrimoul/PR2-Kinetic-Xenial/devel/share/gennodejs/ros/pr2_common_action_msgs/msg/ArmMoveIKFeedback.js
Symlinking /home/dtrimoul/PR2-Kinetic-Xenial/devel/share/gennodejs/ros/pr2_common_action_msgs/msg/ArmMoveIKActionFeedback.js
Symlinking /home/dtrimoul/PR2-Kinetic-Xenial/devel/share/gennodejs/ros/pr2_common_action_msgs/msg/ArmMoveIKResult.js
Symlinking /home/dtrimoul/PR2-Kinetic-Xenial/devel/share/gennodejs/ros/pr2_common_action_msgs/msg/TuckArmsAction.js
Symlinking /home/dtrimoul/PR2-Kinetic-Xenial/devel/share/gennodejs/ros/pr2_common_action_msgs/msg/TuckArmsResult.js
Symlinking /home/dtrimoul/PR2-Kinetic-Xenial/devel/share/gennodejs/ros/pr2_common_action_msgs/msg/ArmMoveIKActionGoal.js
Symlinking /home/dtrimoul/PR2-Kinetic-Xenial/devel/share/gennodejs/ros/pr2_common_action_msgs/msg/ArmMoveIKGoal.js
Symlinking /home/dtrimoul/PR2-Kinetic-Xenial/devel/share/gennodejs/ros/pr2_common_action_msgs/msg/TuckArmsActionResult.js
Symlinking /home/dtrimoul/PR2-Kinetic-Xenial/devel/share/gennodejs/ros/pr2_common_action_msgs/msg/ArmMoveIKActionResult.js
Symlinking /home/dtrimoul/PR2-Kinetic-Xenial/devel/share/gennodejs/ros/pr2_common_action_msgs/msg/TuckArmsActionGoal.js
Symlinking /home/dtrimoul/PR2-Kinetic-Xenial/devel/share/maven/org/ros/rosjava_messages/pr2_common_action_msgs/maven-metadata.xml
Symlinking /home/dtrimoul/PR2-Kinetic-Xenial/devel/share/maven/org/ros/rosjava_messages/pr2_common_action_msgs/maven-metadata.xml.sha1
Symlinking /home/dtrimoul/PR2-Kinetic-Xenial/devel/share/maven/org/ros/rosjava_messages/pr2_common_action_msgs/maven-metadata.xml.md5
Symlinking /home/dtrimoul/PR2-Kinetic-Xenial/devel/share/maven/org/ros/rosjava_messages/pr2_common_action_msgs/0.0.10/pr2_common_action_msgs-0.0.10.jar
Symlinking /home/dtrimoul/PR2-Kinetic-Xenial/devel/share/maven/org/ros/rosjava_messages/pr2_common_action_msgs/0.0.10/pr2_common_action_msgs-0.0.10.jar.sha1
Symlinking /home/dtrimoul/PR2-Kinetic-Xenial/devel/share/maven/org/ros/rosjava_messages/pr2_common_action_msgs/0.0.10/pr2_common_action_msgs-0.0.10.jar.md5
Symlinking /home/dtrimoul/PR2-Kinetic-Xenial/devel/share/maven/org/ros/rosjava_messages/pr2_common_action_msgs/0.0.10/pr2_common_action_msgs-0.0.10.pom
Symlinking /home/dtrimoul/PR2-Kinetic-Xenial/devel/share/maven/org/ros/rosjava_messages/pr2_common_action_msgs/0.0.10/pr2_common_action_msgs-0.0.10.pom.sha1
Symlinking /home/dtrimoul/PR2-Kinetic-Xenial/devel/share/maven/org/ros/rosjava_messages/pr2_common_action_msgs/0.0.10/pr2_common_action_msgs-0.0.10.pom.md5
Symlinking /home/dtrimoul/PR2-Kinetic-Xenial/devel/include/pr2_common_action_msgs/TuckArmsGoal.h
Symlinking /home/dtrimoul/PR2-Kinetic-Xenial/devel/include/pr2_common_action_msgs/ArmMoveIKAction.h
Symlinking /home/dtrimoul/PR2-Kinetic-Xenial/devel/include/pr2_common_action_msgs/TuckArmsActionFeedback.h
Symlinking /home/dtrimoul/PR2-Kinetic-Xenial/devel/include/pr2_common_action_msgs/TuckArmsFeedback.h
Symlinking /home/dtrimoul/PR2-Kinetic-Xenial/devel/include/pr2_common_action_msgs/ArmMoveIKFeedback.h
Symlinking /home/dtrimoul/PR2-Kinetic-Xenial/devel/include/pr2_common_action_msgs/ArmMoveIKActionFeedback.h
Symlinking /home/dtrimoul/PR2-Kinetic-Xenial/devel/include/pr2_common_action_msgs/ArmMoveIKResult.h
Symlinking /home/dtrimoul/PR2-Kinetic-Xenial/devel/include/pr2_common_action_msgs/TuckArmsAction.h
Symlinking /home/dtrimoul/PR2-Kinetic-Xenial/devel/include/pr2_common_action_msgs/TuckArmsResult.h
Symlinking /home/dtrimoul/PR2-Kinetic-Xenial/devel/include/pr2_common_action_msgs/ArmMoveIKActionGoal.h
Symlinking /home/dtrimoul/PR2-Kinetic-Xenial/devel/include/pr2_common_action_msgs/ArmMoveIKGoal.h
Symlinking /home/dtrimoul/PR2-Kinetic-Xenial/devel/include/pr2_common_action_msgs/TuckArmsActionResult.h
Symlinking /home/dtrimoul/PR2-Kinetic-Xenial/devel/include/pr2_common_action_msgs/ArmMoveIKActionResult.h
Symlinking /home/dtrimoul/PR2-Kinetic-Xenial/devel/include/pr2_common_action_msgs/TuckArmsActionGoal.h
Symlinking /home/dtrimoul/PR2-Kinetic-Xenial/devel/lib/python2.7/dist-packages/pr2_common_action_msgs/__init__.py
Symlinking /home/dtrimoul/PR2-Kinetic-Xenial/devel/lib/python2.7/dist-packages/pr2_common_action_msgs/msg/_TuckArmsGoal.py
Symlinking /home/dtrimoul/PR2-Kinetic-Xenial/devel/lib/python2.7/dist-packages/pr2_common_action_msgs/msg/_ArmMoveIKAction.py
Symlinking /home/dtrimoul/PR2-Kinetic-Xenial/devel/lib/python2.7/dist-packages/pr2_common_action_msgs/msg/_TuckArmsActionFeedback.py
Symlinking /home/dtrimoul/PR2-Kinetic-Xenial/devel/lib/python2.7/dist-packages/pr2_common_action_msgs/msg/_TuckArmsFeedback.py
Symlinking /home/dtrimoul/PR2-Kinetic-Xenial/devel/lib/python2.7/dist-packages/pr2_common_action_msgs/msg/_ArmMoveIKFeedback.py
Symlinking /home/dtrimoul/PR2-Kinetic-Xenial/devel/lib/python2.7/dist-packages/pr2_common_action_msgs/msg/_ArmMoveIKActionFeedback.py
Symlinking /home/dtrimoul/PR2-Kinetic-Xenial/devel/lib/python2.7/dist-packages/pr2_common_action_msgs/msg/_ArmMoveIKResult.py
Symlinking /home/dtrimoul/PR2-Kinetic-Xenial/devel/lib/python2.7/dist-packages/pr2_common_action_msgs/msg/_TuckArmsAction.py
Symlinking /home/dtrimoul/PR2-Kinetic-Xenial/devel/lib/python2.7/dist-packages/pr2_common_action_msgs/msg/_TuckArmsResult.py
Symlinking /home/dtrimoul/PR2-Kinetic-Xenial/devel/lib/python2.7/dist-packages/pr2_common_action_msgs/msg/_ArmMoveIKActionGoal.py
Symlinking /home/dtrimoul/PR2-Kinetic-Xenial/devel/lib/python2.7/dist-packages/pr2_common_action_msgs/msg/_ArmMoveIKGoal.py
Symlinking /home/dtrimoul/PR2-Kinetic-Xenial/devel/lib/python2.7/dist-packages/pr2_common_action_msgs/msg/_TuckArmsActionResult.py
Symlinking /home/dtrimoul/PR2-Kinetic-Xenial/devel/lib/python2.7/dist-packages/pr2_common_action_msgs/msg/_ArmMoveIKActionResult.py
Symlinking /home/dtrimoul/PR2-Kinetic-Xenial/devel/lib/python2.7/dist-packages/pr2_common_action_msgs/msg/_TuckArmsActionGoal.py
Symlinking /home/dtrimoul/PR2-Kinetic-Xenial/devel/lib/python2.7/dist-packages/pr2_common_action_msgs/msg/__init__.py
Symlinking /home/dtrimoul/PR2-Kinetic-Xenial/devel/lib/pkgconfig/pr2_common_action_msgs.pc
