Linked: (/home/david/PR2-Kinetic-Xenial/devel/.private/moveit_ros_planning/include/moveit_ros_planning/TrajectoryExecutionDynamicReconfigureConfig.h, /home/david/PR2-Kinetic-Xenial/devel/include/moveit_ros_planning/TrajectoryExecutionDynamicReconfigureConfig.h)
Linked: (/home/david/PR2-Kinetic-Xenial/devel/.private/moveit_ros_planning/include/moveit_ros_planning/SenseForPlanDynamicReconfigureConfig.h, /home/david/PR2-Kinetic-Xenial/devel/include/moveit_ros_planning/SenseForPlanDynamicReconfigureConfig.h)
Linked: (/home/david/PR2-Kinetic-Xenial/devel/.private/moveit_ros_planning/include/moveit_ros_planning/PlanningSceneMonitorDynamicReconfigureConfig.h, /home/david/PR2-Kinetic-Xenial/devel/include/moveit_ros_planning/PlanningSceneMonitorDynamicReconfigureConfig.h)
Linked: (/home/david/PR2-Kinetic-Xenial/devel/.private/moveit_ros_planning/include/moveit_ros_planning/PlanExecutionDynamicReconfigureConfig.h, /home/david/PR2-Kinetic-Xenial/devel/include/moveit_ros_planning/PlanExecutionDynamicReconfigureConfig.h)
Linked: (/home/david/PR2-Kinetic-Xenial/devel/.private/moveit_ros_planning/share/moveit_ros_planning/docs/TrajectoryExecutionDynamicReconfigureConfig-usage.dox, /home/david/PR2-Kinetic-Xenial/devel/share/moveit_ros_planning/docs/TrajectoryExecutionDynamicReconfigureConfig-usage.dox)
Linked: (/home/david/PR2-Kinetic-Xenial/devel/.private/moveit_ros_planning/share/moveit_ros_planning/docs/SenseForPlanDynamicReconfigureConfig-usage.dox, /home/david/PR2-Kinetic-Xenial/devel/share/moveit_ros_planning/docs/SenseForPlanDynamicReconfigureConfig-usage.dox)
Linked: (/home/david/PR2-Kinetic-Xenial/devel/.private/moveit_ros_planning/share/moveit_ros_planning/docs/PlanExecutionDynamicReconfigureConfig-usage.dox, /home/david/PR2-Kinetic-Xenial/devel/share/moveit_ros_planning/docs/PlanExecutionDynamicReconfigureConfig-usage.dox)
Linked: (/home/david/PR2-Kinetic-Xenial/devel/.private/moveit_ros_planning/share/moveit_ros_planning/docs/TrajectoryExecutionDynamicReconfigureConfig.dox, /home/david/PR2-Kinetic-Xenial/devel/share/moveit_ros_planning/docs/TrajectoryExecutionDynamicReconfigureConfig.dox)
Linked: (/home/david/PR2-Kinetic-Xenial/devel/.private/moveit_ros_planning/share/moveit_ros_planning/docs/PlanningSceneMonitorDynamicReconfigureConfig-usage.dox, /home/david/PR2-Kinetic-Xenial/devel/share/moveit_ros_planning/docs/PlanningSceneMonitorDynamicReconfigureConfig-usage.dox)
Linked: (/home/david/PR2-Kinetic-Xenial/devel/.private/moveit_ros_planning/share/moveit_ros_planning/docs/PlanExecutionDynamicReconfigureConfig.wikidoc, /home/david/PR2-Kinetic-Xenial/devel/share/moveit_ros_planning/docs/PlanExecutionDynamicReconfigureConfig.wikidoc)
Linked: (/home/david/PR2-Kinetic-Xenial/devel/.private/moveit_ros_planning/share/moveit_ros_planning/docs/PlanningSceneMonitorDynamicReconfigureConfig.wikidoc, /home/david/PR2-Kinetic-Xenial/devel/share/moveit_ros_planning/docs/PlanningSceneMonitorDynamicReconfigureConfig.wikidoc)
Linked: (/home/david/PR2-Kinetic-Xenial/devel/.private/moveit_ros_planning/share/moveit_ros_planning/docs/TrajectoryExecutionDynamicReconfigureConfig.wikidoc, /home/david/PR2-Kinetic-Xenial/devel/share/moveit_ros_planning/docs/TrajectoryExecutionDynamicReconfigureConfig.wikidoc)
Linked: (/home/david/PR2-Kinetic-Xenial/devel/.private/moveit_ros_planning/share/moveit_ros_planning/docs/PlanExecutionDynamicReconfigureConfig.dox, /home/david/PR2-Kinetic-Xenial/devel/share/moveit_ros_planning/docs/PlanExecutionDynamicReconfigureConfig.dox)
Linked: (/home/david/PR2-Kinetic-Xenial/devel/.private/moveit_ros_planning/share/moveit_ros_planning/docs/SenseForPlanDynamicReconfigureConfig.wikidoc, /home/david/PR2-Kinetic-Xenial/devel/share/moveit_ros_planning/docs/SenseForPlanDynamicReconfigureConfig.wikidoc)
Linked: (/home/david/PR2-Kinetic-Xenial/devel/.private/moveit_ros_planning/share/moveit_ros_planning/docs/SenseForPlanDynamicReconfigureConfig.dox, /home/david/PR2-Kinetic-Xenial/devel/share/moveit_ros_planning/docs/SenseForPlanDynamicReconfigureConfig.dox)
Linked: (/home/david/PR2-Kinetic-Xenial/devel/.private/moveit_ros_planning/share/moveit_ros_planning/docs/PlanningSceneMonitorDynamicReconfigureConfig.dox, /home/david/PR2-Kinetic-Xenial/devel/share/moveit_ros_planning/docs/PlanningSceneMonitorDynamicReconfigureConfig.dox)
Linked: (/home/david/PR2-Kinetic-Xenial/devel/.private/moveit_ros_planning/share/moveit_ros_planning/cmake/moveit_ros_planningConfig.cmake, /home/david/PR2-Kinetic-Xenial/devel/share/moveit_ros_planning/cmake/moveit_ros_planningConfig.cmake)
Linked: (/home/david/PR2-Kinetic-Xenial/devel/.private/moveit_ros_planning/share/moveit_ros_planning/cmake/moveit_ros_planningConfig-version.cmake, /home/david/PR2-Kinetic-Xenial/devel/share/moveit_ros_planning/cmake/moveit_ros_planningConfig-version.cmake)
Linked: (/home/david/PR2-Kinetic-Xenial/devel/.private/moveit_ros_planning/lib/libmoveit_constraint_sampler_manager_loader.so, /home/david/PR2-Kinetic-Xenial/devel/lib/libmoveit_constraint_sampler_manager_loader.so)
Linked: (/home/david/PR2-Kinetic-Xenial/devel/.private/moveit_ros_planning/lib/libmoveit_kinematics_plugin_loader.so, /home/david/PR2-Kinetic-Xenial/devel/lib/libmoveit_kinematics_plugin_loader.so)
Linked: (/home/david/PR2-Kinetic-Xenial/devel/.private/moveit_ros_planning/lib/libmoveit_rdf_loader.so.0.9.7, /home/david/PR2-Kinetic-Xenial/devel/lib/libmoveit_rdf_loader.so.0.9.7)
Linked: (/home/david/PR2-Kinetic-Xenial/devel/.private/moveit_ros_planning/lib/libmoveit_planning_pipeline.so, /home/david/PR2-Kinetic-Xenial/devel/lib/libmoveit_planning_pipeline.so)
Linked: (/home/david/PR2-Kinetic-Xenial/devel/.private/moveit_ros_planning/lib/libmoveit_planning_pipeline.so.0.9.7, /home/david/PR2-Kinetic-Xenial/devel/lib/libmoveit_planning_pipeline.so.0.9.7)
Linked: (/home/david/PR2-Kinetic-Xenial/devel/.private/moveit_ros_planning/lib/libmoveit_kinematics_plugin_loader.so.0.9.7, /home/david/PR2-Kinetic-Xenial/devel/lib/libmoveit_kinematics_plugin_loader.so.0.9.7)
Linked: (/home/david/PR2-Kinetic-Xenial/devel/.private/moveit_ros_planning/lib/libmoveit_trajectory_execution_manager.so.0.9.7, /home/david/PR2-Kinetic-Xenial/devel/lib/libmoveit_trajectory_execution_manager.so.0.9.7)
Linked: (/home/david/PR2-Kinetic-Xenial/devel/.private/moveit_ros_planning/lib/libmoveit_planning_scene_monitor.so, /home/david/PR2-Kinetic-Xenial/devel/lib/libmoveit_planning_scene_monitor.so)
Linked: (/home/david/PR2-Kinetic-Xenial/devel/.private/moveit_ros_planning/lib/libmoveit_plan_execution.so, /home/david/PR2-Kinetic-Xenial/devel/lib/libmoveit_plan_execution.so)
Linked: (/home/david/PR2-Kinetic-Xenial/devel/.private/moveit_ros_planning/lib/libmoveit_default_planning_request_adapter_plugins.so, /home/david/PR2-Kinetic-Xenial/devel/lib/libmoveit_default_planning_request_adapter_plugins.so)
Linked: (/home/david/PR2-Kinetic-Xenial/devel/.private/moveit_ros_planning/lib/libmoveit_collision_plugin_loader.so, /home/david/PR2-Kinetic-Xenial/devel/lib/libmoveit_collision_plugin_loader.so)
Linked: (/home/david/PR2-Kinetic-Xenial/devel/.private/moveit_ros_planning/lib/libmoveit_collision_plugin_loader.so.0.9.7, /home/david/PR2-Kinetic-Xenial/devel/lib/libmoveit_collision_plugin_loader.so.0.9.7)
Linked: (/home/david/PR2-Kinetic-Xenial/devel/.private/moveit_ros_planning/lib/libmoveit_robot_model_loader.so, /home/david/PR2-Kinetic-Xenial/devel/lib/libmoveit_robot_model_loader.so)
Linked: (/home/david/PR2-Kinetic-Xenial/devel/.private/moveit_ros_planning/lib/libmoveit_robot_model_loader.so.0.9.7, /home/david/PR2-Kinetic-Xenial/devel/lib/libmoveit_robot_model_loader.so.0.9.7)
Linked: (/home/david/PR2-Kinetic-Xenial/devel/.private/moveit_ros_planning/lib/libmoveit_constraint_sampler_manager_loader.so.0.9.7, /home/david/PR2-Kinetic-Xenial/devel/lib/libmoveit_constraint_sampler_manager_loader.so.0.9.7)
Linked: (/home/david/PR2-Kinetic-Xenial/devel/.private/moveit_ros_planning/lib/libmoveit_rdf_loader.so, /home/david/PR2-Kinetic-Xenial/devel/lib/libmoveit_rdf_loader.so)
Linked: (/home/david/PR2-Kinetic-Xenial/devel/.private/moveit_ros_planning/lib/libtest_controller_manager_plugin.so.0.9.7, /home/david/PR2-Kinetic-Xenial/devel/lib/libtest_controller_manager_plugin.so.0.9.7)
Linked: (/home/david/PR2-Kinetic-Xenial/devel/.private/moveit_ros_planning/lib/libmoveit_plan_execution.so.0.9.7, /home/david/PR2-Kinetic-Xenial/devel/lib/libmoveit_plan_execution.so.0.9.7)
Linked: (/home/david/PR2-Kinetic-Xenial/devel/.private/moveit_ros_planning/lib/libmoveit_default_planning_request_adapter_plugins.so.0.9.7, /home/david/PR2-Kinetic-Xenial/devel/lib/libmoveit_default_planning_request_adapter_plugins.so.0.9.7)
Linked: (/home/david/PR2-Kinetic-Xenial/devel/.private/moveit_ros_planning/lib/libmoveit_trajectory_execution_manager.so, /home/david/PR2-Kinetic-Xenial/devel/lib/libmoveit_trajectory_execution_manager.so)
Linked: (/home/david/PR2-Kinetic-Xenial/devel/.private/moveit_ros_planning/lib/libtest_controller_manager_plugin.so, /home/david/PR2-Kinetic-Xenial/devel/lib/libtest_controller_manager_plugin.so)
Linked: (/home/david/PR2-Kinetic-Xenial/devel/.private/moveit_ros_planning/lib/libmoveit_planning_scene_monitor.so.0.9.7, /home/david/PR2-Kinetic-Xenial/devel/lib/libmoveit_planning_scene_monitor.so.0.9.7)
Linked: (/home/david/PR2-Kinetic-Xenial/devel/.private/moveit_ros_planning/lib/moveit_ros_planning/moveit_publish_scene_from_text, /home/david/PR2-Kinetic-Xenial/devel/lib/moveit_ros_planning/moveit_publish_scene_from_text)
Linked: (/home/david/PR2-Kinetic-Xenial/devel/.private/moveit_ros_planning/lib/moveit_ros_planning/demo_scene, /home/david/PR2-Kinetic-Xenial/devel/lib/moveit_ros_planning/demo_scene)
Linked: (/home/david/PR2-Kinetic-Xenial/devel/.private/moveit_ros_planning/lib/moveit_ros_planning/moveit_print_planning_model_info, /home/david/PR2-Kinetic-Xenial/devel/lib/moveit_ros_planning/moveit_print_planning_model_info)
Linked: (/home/david/PR2-Kinetic-Xenial/devel/.private/moveit_ros_planning/lib/moveit_ros_planning/moveit_evaluate_state_operations_speed, /home/david/PR2-Kinetic-Xenial/devel/lib/moveit_ros_planning/moveit_evaluate_state_operations_speed)
Linked: (/home/david/PR2-Kinetic-Xenial/devel/.private/moveit_ros_planning/lib/moveit_ros_planning/moveit_visualize_robot_collision_volume, /home/david/PR2-Kinetic-Xenial/devel/lib/moveit_ros_planning/moveit_visualize_robot_collision_volume)
Linked: (/home/david/PR2-Kinetic-Xenial/devel/.private/moveit_ros_planning/lib/moveit_ros_planning/test_controller_manager, /home/david/PR2-Kinetic-Xenial/devel/lib/moveit_ros_planning/test_controller_manager)
Linked: (/home/david/PR2-Kinetic-Xenial/devel/.private/moveit_ros_planning/lib/moveit_ros_planning/moveit_list_request_adapter_plugins, /home/david/PR2-Kinetic-Xenial/devel/lib/moveit_ros_planning/moveit_list_request_adapter_plugins)
Linked: (/home/david/PR2-Kinetic-Xenial/devel/.private/moveit_ros_planning/lib/moveit_ros_planning/moveit_evaluate_collision_checking_speed, /home/david/PR2-Kinetic-Xenial/devel/lib/moveit_ros_planning/moveit_evaluate_collision_checking_speed)
Linked: (/home/david/PR2-Kinetic-Xenial/devel/.private/moveit_ros_planning/lib/moveit_ros_planning/moveit_kinematics_speed_and_validity_evaluator, /home/david/PR2-Kinetic-Xenial/devel/lib/moveit_ros_planning/moveit_kinematics_speed_and_validity_evaluator)
Linked: (/home/david/PR2-Kinetic-Xenial/devel/.private/moveit_ros_planning/lib/moveit_ros_planning/moveit_display_random_state, /home/david/PR2-Kinetic-Xenial/devel/lib/moveit_ros_planning/moveit_display_random_state)
Linked: (/home/david/PR2-Kinetic-Xenial/devel/.private/moveit_ros_planning/lib/pkgconfig/moveit_ros_planning.pc, /home/david/PR2-Kinetic-Xenial/devel/lib/pkgconfig/moveit_ros_planning.pc)
Linked: (/home/david/PR2-Kinetic-Xenial/devel/.private/moveit_ros_planning/lib/python2.7/dist-packages/moveit_ros_planning/__init__.py, /home/david/PR2-Kinetic-Xenial/devel/lib/python2.7/dist-packages/moveit_ros_planning/__init__.py)
Linked: (/home/david/PR2-Kinetic-Xenial/devel/.private/moveit_ros_planning/lib/python2.7/dist-packages/moveit_ros_planning/cfg/PlanningSceneMonitorDynamicReconfigureConfig.py, /home/david/PR2-Kinetic-Xenial/devel/lib/python2.7/dist-packages/moveit_ros_planning/cfg/PlanningSceneMonitorDynamicReconfigureConfig.py)
Linked: (/home/david/PR2-Kinetic-Xenial/devel/.private/moveit_ros_planning/lib/python2.7/dist-packages/moveit_ros_planning/cfg/TrajectoryExecutionDynamicReconfigureConfig.py, /home/david/PR2-Kinetic-Xenial/devel/lib/python2.7/dist-packages/moveit_ros_planning/cfg/TrajectoryExecutionDynamicReconfigureConfig.py)
Linked: (/home/david/PR2-Kinetic-Xenial/devel/.private/moveit_ros_planning/lib/python2.7/dist-packages/moveit_ros_planning/cfg/SenseForPlanDynamicReconfigureConfig.py, /home/david/PR2-Kinetic-Xenial/devel/lib/python2.7/dist-packages/moveit_ros_planning/cfg/SenseForPlanDynamicReconfigureConfig.py)
Linked: (/home/david/PR2-Kinetic-Xenial/devel/.private/moveit_ros_planning/lib/python2.7/dist-packages/moveit_ros_planning/cfg/__init__.py, /home/david/PR2-Kinetic-Xenial/devel/lib/python2.7/dist-packages/moveit_ros_planning/cfg/__init__.py)
Linked: (/home/david/PR2-Kinetic-Xenial/devel/.private/moveit_ros_planning/lib/python2.7/dist-packages/moveit_ros_planning/cfg/PlanExecutionDynamicReconfigureConfig.py, /home/david/PR2-Kinetic-Xenial/devel/lib/python2.7/dist-packages/moveit_ros_planning/cfg/PlanExecutionDynamicReconfigureConfig.py)
