[  7%] Built target moveit_ros_planning_gencfg
[ 11%] Built target moveit_rdf_loader
[ 14%] Built target moveit_collision_plugin_loader
[ 18%] Built target moveit_constraint_sampler_manager_loader
[ 22%] Built target moveit_planning_pipeline
[ 25%] Built target moveit_list_request_adapter_plugins
[ 33%] Built target moveit_kinematics_plugin_loader
[ 42%] Built target moveit_default_planning_request_adapter_plugins
[ 46%] Built target moveit_robot_model_loader
[ 50%] Built target moveit_print_planning_model_info
[ 57%] Built target moveit_planning_scene_monitor
[ 62%] Built target moveit_kinematics_speed_and_validity_evaluator
[ 64%] Built target moveit_evaluate_state_operations_speed
[ 68%] Built target demo_scene
[ 77%] Built target moveit_display_random_state
[ 79%] Built target moveit_publish_scene_from_text
[ 79%] Built target moveit_visualize_robot_collision_volume
[ 83%] Built target moveit_evaluate_collision_checking_speed
[ 87%] Built target moveit_trajectory_execution_manager
[ 90%] Built target test_controller_manager_plugin
[ 94%] Built target test_controller_manager
[100%] Built target moveit_plan_execution
