[35m[1mScanning dependencies of target _ethercat_trigger_controllers_generate_messages_check_deps_SetMultiWaveform[0m
[  0%] Built target _ethercat_trigger_controllers_generate_messages_check_deps_SetMultiWaveform
[35m[1mScanning dependencies of target std_msgs_generate_messages_lisp[0m
[  0%] Built target std_msgs_generate_messages_lisp
[35m[1mScanning dependencies of target _ethercat_trigger_controllers_generate_messages_check_deps_MultiWaveform[0m
[  0%] Built target _ethercat_trigger_controllers_generate_messages_check_deps_MultiWaveform
[35m[1mScanning dependencies of target _ethercat_trigger_controllers_generate_messages_check_deps_SetWaveform[0m
[  0%] Built target _ethercat_trigger_controllers_generate_messages_check_deps_SetWaveform
[35m[1mScanning dependencies of target _ethercat_trigger_controllers_generate_messages_check_deps_MultiWaveformTransition[0m
[  0%] Built target _ethercat_trigger_controllers_generate_messages_check_deps_MultiWaveformTransition
[35m[1mScanning dependencies of target std_msgs_generate_messages_py[0m
[  0%] Built target std_msgs_generate_messages_py
[35m[1mScanning dependencies of target std_msgs_generate_messages_nodejs[0m
[  0%] Built target std_msgs_generate_messages_nodejs
[35m[1mScanning dependencies of target std_msgs_generate_messages_cpp[0m
[  0%] Built target std_msgs_generate_messages_cpp
[35m[1mScanning dependencies of target std_msgs_generate_messages_eus[0m
[  0%] Built target std_msgs_generate_messages_eus
[35m[1mScanning dependencies of target ethercat_trigger_controllers_generate_messages_java[0m
[  3%] [34m[1mGenerating Java gradle project from ethercat_trigger_controllers[0m
[  3%] Built target ethercat_trigger_controllers_generate_messages_java
[35m[1mScanning dependencies of target ethercat_trigger_controllers_generate_messages_java_gradle[0m
[  6%] [34m[1mCompiling Java code for ethercat_trigger_controllers[0m
[0mwarning: [options] bootstrap class path not set in conjunction with -source 1.7
1 warning
Uploading: org/ros/rosjava_messages/ethercat_trigger_controllers/1.10.14/ethercat_trigger_controllers-1.10.14.jar to repository remote at file:/home/dtrimoul/PR2-Kinetic-Xenial/devel/.private/ethercat_trigger_controllers/share/maven
Transferring 5K from remote
Uploaded 5K
[0m[ 10%] Built target ethercat_trigger_controllers_generate_messages_java_gradle
[35m[1mScanning dependencies of target ethercat_trigger_controllers_generate_messages_lisp[0m
[ 13%] [34m[1mGenerating Lisp code from ethercat_trigger_controllers/MultiWaveform.msg[0m
[ 16%] [34m[1mGenerating Lisp code from ethercat_trigger_controllers/MultiWaveformTransition.msg[0m
[ 20%] [34m[1mGenerating Lisp code from ethercat_trigger_controllers/SetMultiWaveform.srv[0m
[ 23%] [34m[1mGenerating Lisp code from ethercat_trigger_controllers/SetWaveform.srv[0m
[35m[1mScanning dependencies of target ethercat_trigger_controllers_generate_messages_py[0m
[ 26%] [34m[1mGenerating Python from MSG ethercat_trigger_controllers/MultiWaveform[0m
[ 26%] Built target ethercat_trigger_controllers_generate_messages_lisp
[ 30%] [34m[1mGenerating Python from MSG ethercat_trigger_controllers/MultiWaveformTransition[0m
[ 33%] [34m[1mGenerating Python code from SRV ethercat_trigger_controllers/SetMultiWaveform[0m
[35m[1mScanning dependencies of target ethercat_trigger_controllers_generate_messages_nodejs[0m
[ 40%] [34m[1mGenerating Javascript code from ethercat_trigger_controllers/MultiWaveform.msg[0m
[ 40%] [34m[1mGenerating Python code from SRV ethercat_trigger_controllers/SetWaveform[0m
[ 43%] [34m[1mGenerating Javascript code from ethercat_trigger_controllers/MultiWaveformTransition.msg[0m
[ 46%] [34m[1mGenerating Python msg __init__.py for ethercat_trigger_controllers[0m
[ 50%] [34m[1mGenerating Javascript code from ethercat_trigger_controllers/SetMultiWaveform.srv[0m
[ 53%] [34m[1mGenerating Javascript code from ethercat_trigger_controllers/SetWaveform.srv[0m
[ 56%] [34m[1mGenerating Python srv __init__.py for ethercat_trigger_controllers[0m
[ 56%] Built target ethercat_trigger_controllers_generate_messages_nodejs
[35m[1mScanning dependencies of target ethercat_trigger_controllers_generate_messages_cpp[0m
[ 56%] Built target ethercat_trigger_controllers_generate_messages_py
[ 60%] [34m[1mGenerating C++ code from ethercat_trigger_controllers/MultiWaveform.msg[0m
[35m[1mScanning dependencies of target ethercat_trigger_controllers_generate_messages_eus[0m
[ 63%] [34m[1mGenerating EusLisp code from ethercat_trigger_controllers/MultiWaveform.msg[0m
[ 66%] [34m[1mGenerating C++ code from ethercat_trigger_controllers/MultiWaveformTransition.msg[0m
[ 70%] [34m[1mGenerating EusLisp code from ethercat_trigger_controllers/MultiWaveformTransition.msg[0m
[ 73%] [34m[1mGenerating EusLisp code from ethercat_trigger_controllers/SetMultiWaveform.srv[0m
[ 80%] [34m[1mGenerating C++ code from ethercat_trigger_controllers/SetMultiWaveform.srv[0m
[ 80%] [34m[1mGenerating EusLisp code from ethercat_trigger_controllers/SetWaveform.srv[0m
[ 83%] [34m[1mGenerating EusLisp manifest code for ethercat_trigger_controllers[0m
[ 86%] [34m[1mGenerating C++ code from ethercat_trigger_controllers/SetWaveform.srv[0m
[ 86%] Built target ethercat_trigger_controllers_generate_messages_cpp
[ 86%] Built target ethercat_trigger_controllers_generate_messages_eus
[35m[1mScanning dependencies of target ethercat_trigger_controllers_generate_messages[0m
[35m[1mScanning dependencies of target ethercat_trigger_controllers[0m
[ 86%] Built target ethercat_trigger_controllers_generate_messages
[ 90%] [32mBuilding CXX object CMakeFiles/ethercat_trigger_controllers.dir/src/trigger_controller.cpp.o[0m
[ 93%] [32mBuilding CXX object CMakeFiles/ethercat_trigger_controllers.dir/src/multi_trigger_controller.cpp.o[0m
[ 96%] [32mBuilding CXX object CMakeFiles/ethercat_trigger_controllers.dir/src/projector_controller.cpp.o[0m
[100%] [32m[1mLinking CXX shared library /home/dtrimoul/PR2-Kinetic-Xenial/devel/.private/ethercat_trigger_controllers/lib/libethercat_trigger_controllers.so[0m
[100%] Built target ethercat_trigger_controllers
