Symlinking /home/dtrimoul/PR2-Kinetic-Xenial/devel/share/ethercat_trigger_controllers/cmake/ethercat_trigger_controllers-msg-extras.cmake
Symlinking /home/dtrimoul/PR2-Kinetic-Xenial/devel/share/ethercat_trigger_controllers/cmake/ethercat_trigger_controllers-msg-paths.cmake
Symlinking /home/dtrimoul/PR2-Kinetic-Xenial/devel/share/ethercat_trigger_controllers/cmake/ethercat_trigger_controllersConfig-version.cmake
Symlinking /home/dtrimoul/PR2-Kinetic-Xenial/devel/share/ethercat_trigger_controllers/cmake/ethercat_trigger_controllersConfig.cmake
Symlinking /home/dtrimoul/PR2-Kinetic-Xenial/devel/share/roseus/ros/ethercat_trigger_controllers/manifest.l
Symlinking /home/dtrimoul/PR2-Kinetic-Xenial/devel/share/roseus/ros/ethercat_trigger_controllers/msg/MultiWaveform.l
Symlinking /home/dtrimoul/PR2-Kinetic-Xenial/devel/share/roseus/ros/ethercat_trigger_controllers/msg/MultiWaveformTransition.l
Symlinking /home/dtrimoul/PR2-Kinetic-Xenial/devel/share/roseus/ros/ethercat_trigger_controllers/srv/SetMultiWaveform.l
Symlinking /home/dtrimoul/PR2-Kinetic-Xenial/devel/share/roseus/ros/ethercat_trigger_controllers/srv/SetWaveform.l
Symlinking /home/dtrimoul/PR2-Kinetic-Xenial/devel/share/common-lisp/ros/ethercat_trigger_controllers/msg/MultiWaveform.lisp
Symlinking /home/dtrimoul/PR2-Kinetic-Xenial/devel/share/common-lisp/ros/ethercat_trigger_controllers/msg/_package_MultiWaveform.lisp
Symlinking /home/dtrimoul/PR2-Kinetic-Xenial/devel/share/common-lisp/ros/ethercat_trigger_controllers/msg/_package.lisp
Symlinking /home/dtrimoul/PR2-Kinetic-Xenial/devel/share/common-lisp/ros/ethercat_trigger_controllers/msg/ethercat_trigger_controllers-msg.asd
Symlinking /home/dtrimoul/PR2-Kinetic-Xenial/devel/share/common-lisp/ros/ethercat_trigger_controllers/msg/MultiWaveformTransition.lisp
Symlinking /home/dtrimoul/PR2-Kinetic-Xenial/devel/share/common-lisp/ros/ethercat_trigger_controllers/msg/_package_MultiWaveformTransition.lisp
Symlinking /home/dtrimoul/PR2-Kinetic-Xenial/devel/share/common-lisp/ros/ethercat_trigger_controllers/srv/SetMultiWaveform.lisp
Symlinking /home/dtrimoul/PR2-Kinetic-Xenial/devel/share/common-lisp/ros/ethercat_trigger_controllers/srv/_package_SetMultiWaveform.lisp
Symlinking /home/dtrimoul/PR2-Kinetic-Xenial/devel/share/common-lisp/ros/ethercat_trigger_controllers/srv/_package.lisp
Symlinking /home/dtrimoul/PR2-Kinetic-Xenial/devel/share/common-lisp/ros/ethercat_trigger_controllers/srv/ethercat_trigger_controllers-srv.asd
Symlinking /home/dtrimoul/PR2-Kinetic-Xenial/devel/share/common-lisp/ros/ethercat_trigger_controllers/srv/SetWaveform.lisp
Symlinking /home/dtrimoul/PR2-Kinetic-Xenial/devel/share/common-lisp/ros/ethercat_trigger_controllers/srv/_package_SetWaveform.lisp
Symlinking /home/dtrimoul/PR2-Kinetic-Xenial/devel/share/gennodejs/ros/ethercat_trigger_controllers/_index.js
Symlinking /home/dtrimoul/PR2-Kinetic-Xenial/devel/share/gennodejs/ros/ethercat_trigger_controllers/msg/MultiWaveform.js
Symlinking /home/dtrimoul/PR2-Kinetic-Xenial/devel/share/gennodejs/ros/ethercat_trigger_controllers/msg/_index.js
Symlinking /home/dtrimoul/PR2-Kinetic-Xenial/devel/share/gennodejs/ros/ethercat_trigger_controllers/msg/MultiWaveformTransition.js
Symlinking /home/dtrimoul/PR2-Kinetic-Xenial/devel/share/gennodejs/ros/ethercat_trigger_controllers/srv/SetMultiWaveform.js
Symlinking /home/dtrimoul/PR2-Kinetic-Xenial/devel/share/gennodejs/ros/ethercat_trigger_controllers/srv/_index.js
Symlinking /home/dtrimoul/PR2-Kinetic-Xenial/devel/share/gennodejs/ros/ethercat_trigger_controllers/srv/SetWaveform.js
Symlinking /home/dtrimoul/PR2-Kinetic-Xenial/devel/share/maven/org/ros/rosjava_messages/ethercat_trigger_controllers/maven-metadata.xml
Symlinking /home/dtrimoul/PR2-Kinetic-Xenial/devel/share/maven/org/ros/rosjava_messages/ethercat_trigger_controllers/maven-metadata.xml.sha1
Symlinking /home/dtrimoul/PR2-Kinetic-Xenial/devel/share/maven/org/ros/rosjava_messages/ethercat_trigger_controllers/maven-metadata.xml.md5
Symlinking /home/dtrimoul/PR2-Kinetic-Xenial/devel/share/maven/org/ros/rosjava_messages/ethercat_trigger_controllers/1.10.14/ethercat_trigger_controllers-1.10.14.jar
Symlinking /home/dtrimoul/PR2-Kinetic-Xenial/devel/share/maven/org/ros/rosjava_messages/ethercat_trigger_controllers/1.10.14/ethercat_trigger_controllers-1.10.14.jar.sha1
Symlinking /home/dtrimoul/PR2-Kinetic-Xenial/devel/share/maven/org/ros/rosjava_messages/ethercat_trigger_controllers/1.10.14/ethercat_trigger_controllers-1.10.14.jar.md5
Symlinking /home/dtrimoul/PR2-Kinetic-Xenial/devel/share/maven/org/ros/rosjava_messages/ethercat_trigger_controllers/1.10.14/ethercat_trigger_controllers-1.10.14.pom
Symlinking /home/dtrimoul/PR2-Kinetic-Xenial/devel/share/maven/org/ros/rosjava_messages/ethercat_trigger_controllers/1.10.14/ethercat_trigger_controllers-1.10.14.pom.sha1
Symlinking /home/dtrimoul/PR2-Kinetic-Xenial/devel/share/maven/org/ros/rosjava_messages/ethercat_trigger_controllers/1.10.14/ethercat_trigger_controllers-1.10.14.pom.md5
Symlinking /home/dtrimoul/PR2-Kinetic-Xenial/devel/include/ethercat_trigger_controllers/MultiWaveform.h
Symlinking /home/dtrimoul/PR2-Kinetic-Xenial/devel/include/ethercat_trigger_controllers/MultiWaveformTransition.h
Symlinking /home/dtrimoul/PR2-Kinetic-Xenial/devel/include/ethercat_trigger_controllers/SetMultiWaveform.h
Symlinking /home/dtrimoul/PR2-Kinetic-Xenial/devel/include/ethercat_trigger_controllers/SetMultiWaveformRequest.h
Symlinking /home/dtrimoul/PR2-Kinetic-Xenial/devel/include/ethercat_trigger_controllers/SetMultiWaveformResponse.h
Symlinking /home/dtrimoul/PR2-Kinetic-Xenial/devel/include/ethercat_trigger_controllers/SetWaveform.h
Symlinking /home/dtrimoul/PR2-Kinetic-Xenial/devel/include/ethercat_trigger_controllers/SetWaveformRequest.h
Symlinking /home/dtrimoul/PR2-Kinetic-Xenial/devel/include/ethercat_trigger_controllers/SetWaveformResponse.h
Symlinking /home/dtrimoul/PR2-Kinetic-Xenial/devel/lib/libethercat_trigger_controllers.so
Symlinking /home/dtrimoul/PR2-Kinetic-Xenial/devel/lib/python2.7/dist-packages/ethercat_trigger_controllers/__init__.py
Symlinking /home/dtrimoul/PR2-Kinetic-Xenial/devel/lib/python2.7/dist-packages/ethercat_trigger_controllers/msg/_MultiWaveform.py
Symlinking /home/dtrimoul/PR2-Kinetic-Xenial/devel/lib/python2.7/dist-packages/ethercat_trigger_controllers/msg/_MultiWaveformTransition.py
Symlinking /home/dtrimoul/PR2-Kinetic-Xenial/devel/lib/python2.7/dist-packages/ethercat_trigger_controllers/msg/__init__.py
Symlinking /home/dtrimoul/PR2-Kinetic-Xenial/devel/lib/python2.7/dist-packages/ethercat_trigger_controllers/srv/_SetMultiWaveform.py
Symlinking /home/dtrimoul/PR2-Kinetic-Xenial/devel/lib/python2.7/dist-packages/ethercat_trigger_controllers/srv/_SetWaveform.py
Symlinking /home/dtrimoul/PR2-Kinetic-Xenial/devel/lib/python2.7/dist-packages/ethercat_trigger_controllers/srv/__init__.py
Symlinking /home/dtrimoul/PR2-Kinetic-Xenial/devel/lib/pkgconfig/ethercat_trigger_controllers.pc
