Symlinking /home/david/PR2-Kinetic-Xenial/devel/include/pr2_controllers_msgs/SingleJointPositionActionFeedback.h
Symlinking /home/david/PR2-Kinetic-Xenial/devel/include/pr2_controllers_msgs/JointTrajectoryControllerState.h
Symlinking /home/david/PR2-Kinetic-Xenial/devel/include/pr2_controllers_msgs/QueryTrajectoryState.h
Symlinking /home/david/PR2-Kinetic-Xenial/devel/include/pr2_controllers_msgs/Pr2GripperCommandActionResult.h
Symlinking /home/david/PR2-Kinetic-Xenial/devel/include/pr2_controllers_msgs/PointHeadActionGoal.h
Symlinking /home/david/PR2-Kinetic-Xenial/devel/include/pr2_controllers_msgs/PointHeadAction.h
Symlinking /home/david/PR2-Kinetic-Xenial/devel/include/pr2_controllers_msgs/JointTrajectoryActionGoal.h
Symlinking /home/david/PR2-Kinetic-Xenial/devel/include/pr2_controllers_msgs/Pr2GripperCommandGoal.h
Symlinking /home/david/PR2-Kinetic-Xenial/devel/include/pr2_controllers_msgs/JointTrajectoryFeedback.h
Symlinking /home/david/PR2-Kinetic-Xenial/devel/include/pr2_controllers_msgs/JointTrajectoryResult.h
Symlinking /home/david/PR2-Kinetic-Xenial/devel/include/pr2_controllers_msgs/Pr2GripperCommandFeedback.h
Symlinking /home/david/PR2-Kinetic-Xenial/devel/include/pr2_controllers_msgs/SingleJointPositionFeedback.h
Symlinking /home/david/PR2-Kinetic-Xenial/devel/include/pr2_controllers_msgs/QueryTrajectoryStateRequest.h
Symlinking /home/david/PR2-Kinetic-Xenial/devel/include/pr2_controllers_msgs/JointTrajectoryActionResult.h
Symlinking /home/david/PR2-Kinetic-Xenial/devel/include/pr2_controllers_msgs/JointTrajectoryAction.h
Symlinking /home/david/PR2-Kinetic-Xenial/devel/include/pr2_controllers_msgs/PointHeadActionFeedback.h
Symlinking /home/david/PR2-Kinetic-Xenial/devel/include/pr2_controllers_msgs/PointHeadGoal.h
Symlinking /home/david/PR2-Kinetic-Xenial/devel/include/pr2_controllers_msgs/Pr2GripperCommandResult.h
Symlinking /home/david/PR2-Kinetic-Xenial/devel/include/pr2_controllers_msgs/SingleJointPositionResult.h
Symlinking /home/david/PR2-Kinetic-Xenial/devel/include/pr2_controllers_msgs/PointHeadFeedback.h
Symlinking /home/david/PR2-Kinetic-Xenial/devel/include/pr2_controllers_msgs/Pr2GripperCommandActionGoal.h
Symlinking /home/david/PR2-Kinetic-Xenial/devel/include/pr2_controllers_msgs/SingleJointPositionActionGoal.h
Symlinking /home/david/PR2-Kinetic-Xenial/devel/include/pr2_controllers_msgs/SingleJointPositionGoal.h
Symlinking /home/david/PR2-Kinetic-Xenial/devel/include/pr2_controllers_msgs/QueryCalibrationStateResponse.h
Symlinking /home/david/PR2-Kinetic-Xenial/devel/include/pr2_controllers_msgs/Pr2GripperCommandAction.h
Symlinking /home/david/PR2-Kinetic-Xenial/devel/include/pr2_controllers_msgs/SingleJointPositionAction.h
Symlinking /home/david/PR2-Kinetic-Xenial/devel/include/pr2_controllers_msgs/JointControllerState.h
Symlinking /home/david/PR2-Kinetic-Xenial/devel/include/pr2_controllers_msgs/QueryTrajectoryStateResponse.h
Symlinking /home/david/PR2-Kinetic-Xenial/devel/include/pr2_controllers_msgs/SingleJointPositionActionResult.h
Symlinking /home/david/PR2-Kinetic-Xenial/devel/include/pr2_controllers_msgs/QueryCalibrationStateRequest.h
Symlinking /home/david/PR2-Kinetic-Xenial/devel/include/pr2_controllers_msgs/QueryCalibrationState.h
Symlinking /home/david/PR2-Kinetic-Xenial/devel/include/pr2_controllers_msgs/PointHeadActionResult.h
Symlinking /home/david/PR2-Kinetic-Xenial/devel/include/pr2_controllers_msgs/JointTrajectoryGoal.h
Symlinking /home/david/PR2-Kinetic-Xenial/devel/include/pr2_controllers_msgs/PointHeadResult.h
Symlinking /home/david/PR2-Kinetic-Xenial/devel/include/pr2_controllers_msgs/JointTrajectoryActionFeedback.h
Symlinking /home/david/PR2-Kinetic-Xenial/devel/include/pr2_controllers_msgs/Pr2GripperCommandActionFeedback.h
Symlinking /home/david/PR2-Kinetic-Xenial/devel/include/pr2_controllers_msgs/Pr2GripperCommand.h
Symlinking /home/david/PR2-Kinetic-Xenial/devel/share/common-lisp/ros/pr2_controllers_msgs/srv/QueryCalibrationState.lisp
Symlinking /home/david/PR2-Kinetic-Xenial/devel/share/common-lisp/ros/pr2_controllers_msgs/srv/_package_QueryTrajectoryState.lisp
Symlinking /home/david/PR2-Kinetic-Xenial/devel/share/common-lisp/ros/pr2_controllers_msgs/srv/_package.lisp
Symlinking /home/david/PR2-Kinetic-Xenial/devel/share/common-lisp/ros/pr2_controllers_msgs/srv/_package_QueryCalibrationState.lisp
Symlinking /home/david/PR2-Kinetic-Xenial/devel/share/common-lisp/ros/pr2_controllers_msgs/srv/pr2_controllers_msgs-srv.asd
Symlinking /home/david/PR2-Kinetic-Xenial/devel/share/common-lisp/ros/pr2_controllers_msgs/srv/QueryTrajectoryState.lisp
Symlinking /home/david/PR2-Kinetic-Xenial/devel/share/common-lisp/ros/pr2_controllers_msgs/msg/PointHeadActionFeedback.lisp
Symlinking /home/david/PR2-Kinetic-Xenial/devel/share/common-lisp/ros/pr2_controllers_msgs/msg/JointTrajectoryResult.lisp
Symlinking /home/david/PR2-Kinetic-Xenial/devel/share/common-lisp/ros/pr2_controllers_msgs/msg/_package_PointHeadGoal.lisp
Symlinking /home/david/PR2-Kinetic-Xenial/devel/share/common-lisp/ros/pr2_controllers_msgs/msg/_package_Pr2GripperCommand.lisp
Symlinking /home/david/PR2-Kinetic-Xenial/devel/share/common-lisp/ros/pr2_controllers_msgs/msg/_package_SingleJointPositionResult.lisp
Symlinking /home/david/PR2-Kinetic-Xenial/devel/share/common-lisp/ros/pr2_controllers_msgs/msg/_package_SingleJointPositionActionFeedback.lisp
Symlinking /home/david/PR2-Kinetic-Xenial/devel/share/common-lisp/ros/pr2_controllers_msgs/msg/SingleJointPositionFeedback.lisp
Symlinking /home/david/PR2-Kinetic-Xenial/devel/share/common-lisp/ros/pr2_controllers_msgs/msg/Pr2GripperCommandActionGoal.lisp
Symlinking /home/david/PR2-Kinetic-Xenial/devel/share/common-lisp/ros/pr2_controllers_msgs/msg/JointTrajectoryGoal.lisp
Symlinking /home/david/PR2-Kinetic-Xenial/devel/share/common-lisp/ros/pr2_controllers_msgs/msg/JointTrajectoryAction.lisp
Symlinking /home/david/PR2-Kinetic-Xenial/devel/share/common-lisp/ros/pr2_controllers_msgs/msg/_package_JointTrajectoryAction.lisp
Symlinking /home/david/PR2-Kinetic-Xenial/devel/share/common-lisp/ros/pr2_controllers_msgs/msg/_package_Pr2GripperCommandFeedback.lisp
Symlinking /home/david/PR2-Kinetic-Xenial/devel/share/common-lisp/ros/pr2_controllers_msgs/msg/Pr2GripperCommandActionResult.lisp
Symlinking /home/david/PR2-Kinetic-Xenial/devel/share/common-lisp/ros/pr2_controllers_msgs/msg/SingleJointPositionActionResult.lisp
Symlinking /home/david/PR2-Kinetic-Xenial/devel/share/common-lisp/ros/pr2_controllers_msgs/msg/SingleJointPositionActionGoal.lisp
Symlinking /home/david/PR2-Kinetic-Xenial/devel/share/common-lisp/ros/pr2_controllers_msgs/msg/_package_SingleJointPositionFeedback.lisp
Symlinking /home/david/PR2-Kinetic-Xenial/devel/share/common-lisp/ros/pr2_controllers_msgs/msg/_package_SingleJointPositionActionGoal.lisp
Symlinking /home/david/PR2-Kinetic-Xenial/devel/share/common-lisp/ros/pr2_controllers_msgs/msg/_package_Pr2GripperCommandAction.lisp
Symlinking /home/david/PR2-Kinetic-Xenial/devel/share/common-lisp/ros/pr2_controllers_msgs/msg/_package_Pr2GripperCommandActionFeedback.lisp
Symlinking /home/david/PR2-Kinetic-Xenial/devel/share/common-lisp/ros/pr2_controllers_msgs/msg/_package_JointTrajectoryResult.lisp
Symlinking /home/david/PR2-Kinetic-Xenial/devel/share/common-lisp/ros/pr2_controllers_msgs/msg/SingleJointPositionAction.lisp
Symlinking /home/david/PR2-Kinetic-Xenial/devel/share/common-lisp/ros/pr2_controllers_msgs/msg/_package_JointTrajectoryControllerState.lisp
Symlinking /home/david/PR2-Kinetic-Xenial/devel/share/common-lisp/ros/pr2_controllers_msgs/msg/_package_Pr2GripperCommandResult.lisp
Symlinking /home/david/PR2-Kinetic-Xenial/devel/share/common-lisp/ros/pr2_controllers_msgs/msg/JointTrajectoryActionGoal.lisp
Symlinking /home/david/PR2-Kinetic-Xenial/devel/share/common-lisp/ros/pr2_controllers_msgs/msg/SingleJointPositionGoal.lisp
Symlinking /home/david/PR2-Kinetic-Xenial/devel/share/common-lisp/ros/pr2_controllers_msgs/msg/Pr2GripperCommandAction.lisp
Symlinking /home/david/PR2-Kinetic-Xenial/devel/share/common-lisp/ros/pr2_controllers_msgs/msg/_package_SingleJointPositionAction.lisp
Symlinking /home/david/PR2-Kinetic-Xenial/devel/share/common-lisp/ros/pr2_controllers_msgs/msg/JointControllerState.lisp
Symlinking /home/david/PR2-Kinetic-Xenial/devel/share/common-lisp/ros/pr2_controllers_msgs/msg/_package_JointTrajectoryFeedback.lisp
Symlinking /home/david/PR2-Kinetic-Xenial/devel/share/common-lisp/ros/pr2_controllers_msgs/msg/Pr2GripperCommand.lisp
Symlinking /home/david/PR2-Kinetic-Xenial/devel/share/common-lisp/ros/pr2_controllers_msgs/msg/Pr2GripperCommandActionFeedback.lisp
Symlinking /home/david/PR2-Kinetic-Xenial/devel/share/common-lisp/ros/pr2_controllers_msgs/msg/SingleJointPositionActionFeedback.lisp
Symlinking /home/david/PR2-Kinetic-Xenial/devel/share/common-lisp/ros/pr2_controllers_msgs/msg/_package_JointTrajectoryGoal.lisp
Symlinking /home/david/PR2-Kinetic-Xenial/devel/share/common-lisp/ros/pr2_controllers_msgs/msg/PointHeadFeedback.lisp
Symlinking /home/david/PR2-Kinetic-Xenial/devel/share/common-lisp/ros/pr2_controllers_msgs/msg/_package_PointHeadFeedback.lisp
Symlinking /home/david/PR2-Kinetic-Xenial/devel/share/common-lisp/ros/pr2_controllers_msgs/msg/_package_JointTrajectoryActionGoal.lisp
Symlinking /home/david/PR2-Kinetic-Xenial/devel/share/common-lisp/ros/pr2_controllers_msgs/msg/JointTrajectoryFeedback.lisp
Symlinking /home/david/PR2-Kinetic-Xenial/devel/share/common-lisp/ros/pr2_controllers_msgs/msg/JointTrajectoryControllerState.lisp
Symlinking /home/david/PR2-Kinetic-Xenial/devel/share/common-lisp/ros/pr2_controllers_msgs/msg/_package_JointTrajectoryActionResult.lisp
Symlinking /home/david/PR2-Kinetic-Xenial/devel/share/common-lisp/ros/pr2_controllers_msgs/msg/_package_Pr2GripperCommandActionResult.lisp
Symlinking /home/david/PR2-Kinetic-Xenial/devel/share/common-lisp/ros/pr2_controllers_msgs/msg/_package_PointHeadActionGoal.lisp
Symlinking /home/david/PR2-Kinetic-Xenial/devel/share/common-lisp/ros/pr2_controllers_msgs/msg/_package.lisp
Symlinking /home/david/PR2-Kinetic-Xenial/devel/share/common-lisp/ros/pr2_controllers_msgs/msg/_package_JointTrajectoryActionFeedback.lisp
Symlinking /home/david/PR2-Kinetic-Xenial/devel/share/common-lisp/ros/pr2_controllers_msgs/msg/JointTrajectoryActionResult.lisp
Symlinking /home/david/PR2-Kinetic-Xenial/devel/share/common-lisp/ros/pr2_controllers_msgs/msg/pr2_controllers_msgs-msg.asd
Symlinking /home/david/PR2-Kinetic-Xenial/devel/share/common-lisp/ros/pr2_controllers_msgs/msg/_package_PointHeadAction.lisp
Symlinking /home/david/PR2-Kinetic-Xenial/devel/share/common-lisp/ros/pr2_controllers_msgs/msg/_package_PointHeadResult.lisp
Symlinking /home/david/PR2-Kinetic-Xenial/devel/share/common-lisp/ros/pr2_controllers_msgs/msg/_package_Pr2GripperCommandActionGoal.lisp
Symlinking /home/david/PR2-Kinetic-Xenial/devel/share/common-lisp/ros/pr2_controllers_msgs/msg/SingleJointPositionResult.lisp
Symlinking /home/david/PR2-Kinetic-Xenial/devel/share/common-lisp/ros/pr2_controllers_msgs/msg/_package_Pr2GripperCommandGoal.lisp
Symlinking /home/david/PR2-Kinetic-Xenial/devel/share/common-lisp/ros/pr2_controllers_msgs/msg/Pr2GripperCommandGoal.lisp
Symlinking /home/david/PR2-Kinetic-Xenial/devel/share/common-lisp/ros/pr2_controllers_msgs/msg/_package_SingleJointPositionGoal.lisp
Symlinking /home/david/PR2-Kinetic-Xenial/devel/share/common-lisp/ros/pr2_controllers_msgs/msg/_package_JointControllerState.lisp
Symlinking /home/david/PR2-Kinetic-Xenial/devel/share/common-lisp/ros/pr2_controllers_msgs/msg/_package_SingleJointPositionActionResult.lisp
Symlinking /home/david/PR2-Kinetic-Xenial/devel/share/common-lisp/ros/pr2_controllers_msgs/msg/_package_PointHeadActionResult.lisp
Symlinking /home/david/PR2-Kinetic-Xenial/devel/share/common-lisp/ros/pr2_controllers_msgs/msg/PointHeadResult.lisp
Symlinking /home/david/PR2-Kinetic-Xenial/devel/share/common-lisp/ros/pr2_controllers_msgs/msg/Pr2GripperCommandFeedback.lisp
Symlinking /home/david/PR2-Kinetic-Xenial/devel/share/common-lisp/ros/pr2_controllers_msgs/msg/PointHeadAction.lisp
Symlinking /home/david/PR2-Kinetic-Xenial/devel/share/common-lisp/ros/pr2_controllers_msgs/msg/JointTrajectoryActionFeedback.lisp
Symlinking /home/david/PR2-Kinetic-Xenial/devel/share/common-lisp/ros/pr2_controllers_msgs/msg/PointHeadActionGoal.lisp
Symlinking /home/david/PR2-Kinetic-Xenial/devel/share/common-lisp/ros/pr2_controllers_msgs/msg/Pr2GripperCommandResult.lisp
Symlinking /home/david/PR2-Kinetic-Xenial/devel/share/common-lisp/ros/pr2_controllers_msgs/msg/PointHeadActionResult.lisp
Symlinking /home/david/PR2-Kinetic-Xenial/devel/share/common-lisp/ros/pr2_controllers_msgs/msg/_package_PointHeadActionFeedback.lisp
Symlinking /home/david/PR2-Kinetic-Xenial/devel/share/common-lisp/ros/pr2_controllers_msgs/msg/PointHeadGoal.lisp
Symlinking /home/david/PR2-Kinetic-Xenial/devel/share/roseus/ros/pr2_controllers_msgs/manifest.l
Symlinking /home/david/PR2-Kinetic-Xenial/devel/share/roseus/ros/pr2_controllers_msgs/srv/QueryTrajectoryState.l
Symlinking /home/david/PR2-Kinetic-Xenial/devel/share/roseus/ros/pr2_controllers_msgs/srv/QueryCalibrationState.l
Symlinking /home/david/PR2-Kinetic-Xenial/devel/share/roseus/ros/pr2_controllers_msgs/msg/Pr2GripperCommandResult.l
Symlinking /home/david/PR2-Kinetic-Xenial/devel/share/roseus/ros/pr2_controllers_msgs/msg/Pr2GripperCommandActionResult.l
Symlinking /home/david/PR2-Kinetic-Xenial/devel/share/roseus/ros/pr2_controllers_msgs/msg/JointTrajectoryResult.l
Symlinking /home/david/PR2-Kinetic-Xenial/devel/share/roseus/ros/pr2_controllers_msgs/msg/PointHeadAction.l
Symlinking /home/david/PR2-Kinetic-Xenial/devel/share/roseus/ros/pr2_controllers_msgs/msg/PointHeadActionFeedback.l
Symlinking /home/david/PR2-Kinetic-Xenial/devel/share/roseus/ros/pr2_controllers_msgs/msg/Pr2GripperCommandAction.l
Symlinking /home/david/PR2-Kinetic-Xenial/devel/share/roseus/ros/pr2_controllers_msgs/msg/JointTrajectoryControllerState.l
Symlinking /home/david/PR2-Kinetic-Xenial/devel/share/roseus/ros/pr2_controllers_msgs/msg/Pr2GripperCommandGoal.l
Symlinking /home/david/PR2-Kinetic-Xenial/devel/share/roseus/ros/pr2_controllers_msgs/msg/JointTrajectoryGoal.l
Symlinking /home/david/PR2-Kinetic-Xenial/devel/share/roseus/ros/pr2_controllers_msgs/msg/SingleJointPositionAction.l
Symlinking /home/david/PR2-Kinetic-Xenial/devel/share/roseus/ros/pr2_controllers_msgs/msg/SingleJointPositionActionFeedback.l
Symlinking /home/david/PR2-Kinetic-Xenial/devel/share/roseus/ros/pr2_controllers_msgs/msg/Pr2GripperCommandActionGoal.l
Symlinking /home/david/PR2-Kinetic-Xenial/devel/share/roseus/ros/pr2_controllers_msgs/msg/PointHeadActionGoal.l
Symlinking /home/david/PR2-Kinetic-Xenial/devel/share/roseus/ros/pr2_controllers_msgs/msg/JointTrajectoryAction.l
Symlinking /home/david/PR2-Kinetic-Xenial/devel/share/roseus/ros/pr2_controllers_msgs/msg/SingleJointPositionActionGoal.l
Symlinking /home/david/PR2-Kinetic-Xenial/devel/share/roseus/ros/pr2_controllers_msgs/msg/SingleJointPositionActionResult.l
Symlinking /home/david/PR2-Kinetic-Xenial/devel/share/roseus/ros/pr2_controllers_msgs/msg/JointTrajectoryActionFeedback.l
Symlinking /home/david/PR2-Kinetic-Xenial/devel/share/roseus/ros/pr2_controllers_msgs/msg/SingleJointPositionFeedback.l
Symlinking /home/david/PR2-Kinetic-Xenial/devel/share/roseus/ros/pr2_controllers_msgs/msg/JointTrajectoryActionResult.l
Symlinking /home/david/PR2-Kinetic-Xenial/devel/share/roseus/ros/pr2_controllers_msgs/msg/JointTrajectoryActionGoal.l
Symlinking /home/david/PR2-Kinetic-Xenial/devel/share/roseus/ros/pr2_controllers_msgs/msg/SingleJointPositionGoal.l
Symlinking /home/david/PR2-Kinetic-Xenial/devel/share/roseus/ros/pr2_controllers_msgs/msg/PointHeadFeedback.l
Symlinking /home/david/PR2-Kinetic-Xenial/devel/share/roseus/ros/pr2_controllers_msgs/msg/PointHeadGoal.l
Symlinking /home/david/PR2-Kinetic-Xenial/devel/share/roseus/ros/pr2_controllers_msgs/msg/SingleJointPositionResult.l
Symlinking /home/david/PR2-Kinetic-Xenial/devel/share/roseus/ros/pr2_controllers_msgs/msg/JointControllerState.l
Symlinking /home/david/PR2-Kinetic-Xenial/devel/share/roseus/ros/pr2_controllers_msgs/msg/Pr2GripperCommand.l
Symlinking /home/david/PR2-Kinetic-Xenial/devel/share/roseus/ros/pr2_controllers_msgs/msg/JointTrajectoryFeedback.l
Symlinking /home/david/PR2-Kinetic-Xenial/devel/share/roseus/ros/pr2_controllers_msgs/msg/PointHeadResult.l
Symlinking /home/david/PR2-Kinetic-Xenial/devel/share/roseus/ros/pr2_controllers_msgs/msg/Pr2GripperCommandActionFeedback.l
Symlinking /home/david/PR2-Kinetic-Xenial/devel/share/roseus/ros/pr2_controllers_msgs/msg/PointHeadActionResult.l
Symlinking /home/david/PR2-Kinetic-Xenial/devel/share/roseus/ros/pr2_controllers_msgs/msg/Pr2GripperCommandFeedback.l
Symlinking /home/david/PR2-Kinetic-Xenial/devel/share/pr2_controllers_msgs/cmake/pr2_controllers_msgsConfig-version.cmake
Symlinking /home/david/PR2-Kinetic-Xenial/devel/share/pr2_controllers_msgs/cmake/pr2_controllers_msgs-msg-extras.cmake
Symlinking /home/david/PR2-Kinetic-Xenial/devel/share/pr2_controllers_msgs/cmake/pr2_controllers_msgsConfig.cmake
Symlinking /home/david/PR2-Kinetic-Xenial/devel/share/pr2_controllers_msgs/cmake/pr2_controllers_msgs-msg-paths.cmake
Symlinking /home/david/PR2-Kinetic-Xenial/devel/share/pr2_controllers_msgs/msg/PointHeadAction.msg
Symlinking /home/david/PR2-Kinetic-Xenial/devel/share/pr2_controllers_msgs/msg/JointTrajectoryResult.msg
Symlinking /home/david/PR2-Kinetic-Xenial/devel/share/pr2_controllers_msgs/msg/SingleJointPositionActionFeedback.msg
Symlinking /home/david/PR2-Kinetic-Xenial/devel/share/pr2_controllers_msgs/msg/PointHeadActionGoal.msg
Symlinking /home/david/PR2-Kinetic-Xenial/devel/share/pr2_controllers_msgs/msg/SingleJointPositionActionGoal.msg
Symlinking /home/david/PR2-Kinetic-Xenial/devel/share/pr2_controllers_msgs/msg/PointHeadResult.msg
Symlinking /home/david/PR2-Kinetic-Xenial/devel/share/pr2_controllers_msgs/msg/PointHeadActionFeedback.msg
Symlinking /home/david/PR2-Kinetic-Xenial/devel/share/pr2_controllers_msgs/msg/Pr2GripperCommandResult.msg
Symlinking /home/david/PR2-Kinetic-Xenial/devel/share/pr2_controllers_msgs/msg/JointTrajectoryGoal.msg
Symlinking /home/david/PR2-Kinetic-Xenial/devel/share/pr2_controllers_msgs/msg/JointTrajectoryActionFeedback.msg
Symlinking /home/david/PR2-Kinetic-Xenial/devel/share/pr2_controllers_msgs/msg/SingleJointPositionActionResult.msg
Symlinking /home/david/PR2-Kinetic-Xenial/devel/share/pr2_controllers_msgs/msg/PointHeadActionResult.msg
Symlinking /home/david/PR2-Kinetic-Xenial/devel/share/pr2_controllers_msgs/msg/JointTrajectoryAction.msg
Symlinking /home/david/PR2-Kinetic-Xenial/devel/share/pr2_controllers_msgs/msg/SingleJointPositionResult.msg
Symlinking /home/david/PR2-Kinetic-Xenial/devel/share/pr2_controllers_msgs/msg/PointHeadGoal.msg
Symlinking /home/david/PR2-Kinetic-Xenial/devel/share/pr2_controllers_msgs/msg/JointTrajectoryActionGoal.msg
Symlinking /home/david/PR2-Kinetic-Xenial/devel/share/pr2_controllers_msgs/msg/PointHeadFeedback.msg
Symlinking /home/david/PR2-Kinetic-Xenial/devel/share/pr2_controllers_msgs/msg/Pr2GripperCommandActionGoal.msg
Symlinking /home/david/PR2-Kinetic-Xenial/devel/share/pr2_controllers_msgs/msg/Pr2GripperCommandGoal.msg
Symlinking /home/david/PR2-Kinetic-Xenial/devel/share/pr2_controllers_msgs/msg/SingleJointPositionFeedback.msg
Symlinking /home/david/PR2-Kinetic-Xenial/devel/share/pr2_controllers_msgs/msg/Pr2GripperCommandAction.msg
Symlinking /home/david/PR2-Kinetic-Xenial/devel/share/pr2_controllers_msgs/msg/JointTrajectoryFeedback.msg
Symlinking /home/david/PR2-Kinetic-Xenial/devel/share/pr2_controllers_msgs/msg/Pr2GripperCommandActionResult.msg
Symlinking /home/david/PR2-Kinetic-Xenial/devel/share/pr2_controllers_msgs/msg/JointTrajectoryActionResult.msg
Symlinking /home/david/PR2-Kinetic-Xenial/devel/share/pr2_controllers_msgs/msg/Pr2GripperCommandFeedback.msg
Symlinking /home/david/PR2-Kinetic-Xenial/devel/share/pr2_controllers_msgs/msg/Pr2GripperCommandActionFeedback.msg
Symlinking /home/david/PR2-Kinetic-Xenial/devel/share/pr2_controllers_msgs/msg/SingleJointPositionAction.msg
Symlinking /home/david/PR2-Kinetic-Xenial/devel/share/pr2_controllers_msgs/msg/SingleJointPositionGoal.msg
Symlinking /home/david/PR2-Kinetic-Xenial/devel/share/gennodejs/ros/pr2_controllers_msgs/_index.js
Symlinking /home/david/PR2-Kinetic-Xenial/devel/share/gennodejs/ros/pr2_controllers_msgs/srv/QueryCalibrationState.js
Symlinking /home/david/PR2-Kinetic-Xenial/devel/share/gennodejs/ros/pr2_controllers_msgs/srv/QueryTrajectoryState.js
Symlinking /home/david/PR2-Kinetic-Xenial/devel/share/gennodejs/ros/pr2_controllers_msgs/srv/_index.js
Symlinking /home/david/PR2-Kinetic-Xenial/devel/share/gennodejs/ros/pr2_controllers_msgs/msg/SingleJointPositionResult.js
Symlinking /home/david/PR2-Kinetic-Xenial/devel/share/gennodejs/ros/pr2_controllers_msgs/msg/Pr2GripperCommandActionGoal.js
Symlinking /home/david/PR2-Kinetic-Xenial/devel/share/gennodejs/ros/pr2_controllers_msgs/msg/JointTrajectoryGoal.js
Symlinking /home/david/PR2-Kinetic-Xenial/devel/share/gennodejs/ros/pr2_controllers_msgs/msg/Pr2GripperCommand.js
Symlinking /home/david/PR2-Kinetic-Xenial/devel/share/gennodejs/ros/pr2_controllers_msgs/msg/JointTrajectoryResult.js
Symlinking /home/david/PR2-Kinetic-Xenial/devel/share/gennodejs/ros/pr2_controllers_msgs/msg/Pr2GripperCommandResult.js
Symlinking /home/david/PR2-Kinetic-Xenial/devel/share/gennodejs/ros/pr2_controllers_msgs/msg/SingleJointPositionAction.js
Symlinking /home/david/PR2-Kinetic-Xenial/devel/share/gennodejs/ros/pr2_controllers_msgs/msg/PointHeadActionResult.js
Symlinking /home/david/PR2-Kinetic-Xenial/devel/share/gennodejs/ros/pr2_controllers_msgs/msg/PointHeadAction.js
Symlinking /home/david/PR2-Kinetic-Xenial/devel/share/gennodejs/ros/pr2_controllers_msgs/msg/PointHeadResult.js
Symlinking /home/david/PR2-Kinetic-Xenial/devel/share/gennodejs/ros/pr2_controllers_msgs/msg/PointHeadFeedback.js
Symlinking /home/david/PR2-Kinetic-Xenial/devel/share/gennodejs/ros/pr2_controllers_msgs/msg/JointTrajectoryAction.js
Symlinking /home/david/PR2-Kinetic-Xenial/devel/share/gennodejs/ros/pr2_controllers_msgs/msg/JointTrajectoryActionGoal.js
Symlinking /home/david/PR2-Kinetic-Xenial/devel/share/gennodejs/ros/pr2_controllers_msgs/msg/Pr2GripperCommandActionResult.js
Symlinking /home/david/PR2-Kinetic-Xenial/devel/share/gennodejs/ros/pr2_controllers_msgs/msg/PointHeadGoal.js
Symlinking /home/david/PR2-Kinetic-Xenial/devel/share/gennodejs/ros/pr2_controllers_msgs/msg/SingleJointPositionActionGoal.js
Symlinking /home/david/PR2-Kinetic-Xenial/devel/share/gennodejs/ros/pr2_controllers_msgs/msg/Pr2GripperCommandAction.js
Symlinking /home/david/PR2-Kinetic-Xenial/devel/share/gennodejs/ros/pr2_controllers_msgs/msg/JointTrajectoryActionFeedback.js
Symlinking /home/david/PR2-Kinetic-Xenial/devel/share/gennodejs/ros/pr2_controllers_msgs/msg/JointTrajectoryControllerState.js
Symlinking /home/david/PR2-Kinetic-Xenial/devel/share/gennodejs/ros/pr2_controllers_msgs/msg/SingleJointPositionActionResult.js
Symlinking /home/david/PR2-Kinetic-Xenial/devel/share/gennodejs/ros/pr2_controllers_msgs/msg/Pr2GripperCommandActionFeedback.js
Symlinking /home/david/PR2-Kinetic-Xenial/devel/share/gennodejs/ros/pr2_controllers_msgs/msg/PointHeadActionGoal.js
Symlinking /home/david/PR2-Kinetic-Xenial/devel/share/gennodejs/ros/pr2_controllers_msgs/msg/Pr2GripperCommandFeedback.js
Symlinking /home/david/PR2-Kinetic-Xenial/devel/share/gennodejs/ros/pr2_controllers_msgs/msg/JointTrajectoryFeedback.js
Symlinking /home/david/PR2-Kinetic-Xenial/devel/share/gennodejs/ros/pr2_controllers_msgs/msg/PointHeadActionFeedback.js
Symlinking /home/david/PR2-Kinetic-Xenial/devel/share/gennodejs/ros/pr2_controllers_msgs/msg/SingleJointPositionGoal.js
Symlinking /home/david/PR2-Kinetic-Xenial/devel/share/gennodejs/ros/pr2_controllers_msgs/msg/SingleJointPositionFeedback.js
Symlinking /home/david/PR2-Kinetic-Xenial/devel/share/gennodejs/ros/pr2_controllers_msgs/msg/JointControllerState.js
Symlinking /home/david/PR2-Kinetic-Xenial/devel/share/gennodejs/ros/pr2_controllers_msgs/msg/Pr2GripperCommandGoal.js
Symlinking /home/david/PR2-Kinetic-Xenial/devel/share/gennodejs/ros/pr2_controllers_msgs/msg/SingleJointPositionActionFeedback.js
Symlinking /home/david/PR2-Kinetic-Xenial/devel/share/gennodejs/ros/pr2_controllers_msgs/msg/_index.js
Symlinking /home/david/PR2-Kinetic-Xenial/devel/share/gennodejs/ros/pr2_controllers_msgs/msg/JointTrajectoryActionResult.js
Symlinking /home/david/PR2-Kinetic-Xenial/devel/lib/pkgconfig/pr2_controllers_msgs.pc
Symlinking /home/david/PR2-Kinetic-Xenial/devel/lib/python2.7/dist-packages/pr2_controllers_msgs/__init__.py
Symlinking /home/david/PR2-Kinetic-Xenial/devel/lib/python2.7/dist-packages/pr2_controllers_msgs/srv/__init__.py
Symlinking /home/david/PR2-Kinetic-Xenial/devel/lib/python2.7/dist-packages/pr2_controllers_msgs/srv/_QueryTrajectoryState.py
Symlinking /home/david/PR2-Kinetic-Xenial/devel/lib/python2.7/dist-packages/pr2_controllers_msgs/srv/_QueryCalibrationState.py
Symlinking /home/david/PR2-Kinetic-Xenial/devel/lib/python2.7/dist-packages/pr2_controllers_msgs/msg/_PointHeadActionFeedback.py
Symlinking /home/david/PR2-Kinetic-Xenial/devel/lib/python2.7/dist-packages/pr2_controllers_msgs/msg/_SingleJointPositionResult.py
Symlinking /home/david/PR2-Kinetic-Xenial/devel/lib/python2.7/dist-packages/pr2_controllers_msgs/msg/_Pr2GripperCommand.py
Symlinking /home/david/PR2-Kinetic-Xenial/devel/lib/python2.7/dist-packages/pr2_controllers_msgs/msg/_JointControllerState.py
Symlinking /home/david/PR2-Kinetic-Xenial/devel/lib/python2.7/dist-packages/pr2_controllers_msgs/msg/_JointTrajectoryFeedback.py
Symlinking /home/david/PR2-Kinetic-Xenial/devel/lib/python2.7/dist-packages/pr2_controllers_msgs/msg/_JointTrajectoryActionResult.py
Symlinking /home/david/PR2-Kinetic-Xenial/devel/lib/python2.7/dist-packages/pr2_controllers_msgs/msg/_Pr2GripperCommandActionFeedback.py
Symlinking /home/david/PR2-Kinetic-Xenial/devel/lib/python2.7/dist-packages/pr2_controllers_msgs/msg/_Pr2GripperCommandGoal.py
Symlinking /home/david/PR2-Kinetic-Xenial/devel/lib/python2.7/dist-packages/pr2_controllers_msgs/msg/_SingleJointPositionFeedback.py
Symlinking /home/david/PR2-Kinetic-Xenial/devel/lib/python2.7/dist-packages/pr2_controllers_msgs/msg/_PointHeadFeedback.py
Symlinking /home/david/PR2-Kinetic-Xenial/devel/lib/python2.7/dist-packages/pr2_controllers_msgs/msg/_JointTrajectoryControllerState.py
Symlinking /home/david/PR2-Kinetic-Xenial/devel/lib/python2.7/dist-packages/pr2_controllers_msgs/msg/_JointTrajectoryResult.py
Symlinking /home/david/PR2-Kinetic-Xenial/devel/lib/python2.7/dist-packages/pr2_controllers_msgs/msg/_SingleJointPositionActionGoal.py
Symlinking /home/david/PR2-Kinetic-Xenial/devel/lib/python2.7/dist-packages/pr2_controllers_msgs/msg/_PointHeadAction.py
Symlinking /home/david/PR2-Kinetic-Xenial/devel/lib/python2.7/dist-packages/pr2_controllers_msgs/msg/_SingleJointPositionGoal.py
Symlinking /home/david/PR2-Kinetic-Xenial/devel/lib/python2.7/dist-packages/pr2_controllers_msgs/msg/_PointHeadActionGoal.py
Symlinking /home/david/PR2-Kinetic-Xenial/devel/lib/python2.7/dist-packages/pr2_controllers_msgs/msg/_Pr2GripperCommandActionResult.py
Symlinking /home/david/PR2-Kinetic-Xenial/devel/lib/python2.7/dist-packages/pr2_controllers_msgs/msg/_Pr2GripperCommandAction.py
Symlinking /home/david/PR2-Kinetic-Xenial/devel/lib/python2.7/dist-packages/pr2_controllers_msgs/msg/_JointTrajectoryActionFeedback.py
Symlinking /home/david/PR2-Kinetic-Xenial/devel/lib/python2.7/dist-packages/pr2_controllers_msgs/msg/_JointTrajectoryGoal.py
Symlinking /home/david/PR2-Kinetic-Xenial/devel/lib/python2.7/dist-packages/pr2_controllers_msgs/msg/_PointHeadResult.py
Symlinking /home/david/PR2-Kinetic-Xenial/devel/lib/python2.7/dist-packages/pr2_controllers_msgs/msg/_PointHeadActionResult.py
Symlinking /home/david/PR2-Kinetic-Xenial/devel/lib/python2.7/dist-packages/pr2_controllers_msgs/msg/_SingleJointPositionActionResult.py
Symlinking /home/david/PR2-Kinetic-Xenial/devel/lib/python2.7/dist-packages/pr2_controllers_msgs/msg/_JointTrajectoryActionGoal.py
Symlinking /home/david/PR2-Kinetic-Xenial/devel/lib/python2.7/dist-packages/pr2_controllers_msgs/msg/_JointTrajectoryAction.py
Symlinking /home/david/PR2-Kinetic-Xenial/devel/lib/python2.7/dist-packages/pr2_controllers_msgs/msg/__init__.py
Symlinking /home/david/PR2-Kinetic-Xenial/devel/lib/python2.7/dist-packages/pr2_controllers_msgs/msg/_Pr2GripperCommandActionGoal.py
Symlinking /home/david/PR2-Kinetic-Xenial/devel/lib/python2.7/dist-packages/pr2_controllers_msgs/msg/_Pr2GripperCommandFeedback.py
Symlinking /home/david/PR2-Kinetic-Xenial/devel/lib/python2.7/dist-packages/pr2_controllers_msgs/msg/_PointHeadGoal.py
Symlinking /home/david/PR2-Kinetic-Xenial/devel/lib/python2.7/dist-packages/pr2_controllers_msgs/msg/_SingleJointPositionAction.py
Symlinking /home/david/PR2-Kinetic-Xenial/devel/lib/python2.7/dist-packages/pr2_controllers_msgs/msg/_SingleJointPositionActionFeedback.py
Symlinking /home/david/PR2-Kinetic-Xenial/devel/lib/python2.7/dist-packages/pr2_controllers_msgs/msg/_Pr2GripperCommandResult.py
