[  0%] Built target _pr2_controllers_msgs_generate_messages_check_deps_Pr2GripperCommandActionFeedback
[  0%] Built target _pr2_controllers_msgs_generate_messages_check_deps_PointHeadActionFeedback
[  0%] Built target _pr2_controllers_msgs_generate_messages_check_deps_Pr2GripperCommandFeedback
[  0%] Built target _pr2_controllers_msgs_generate_messages_check_deps_JointTrajectoryActionFeedback
[  0%] Built target _pr2_controllers_msgs_generate_messages_check_deps_SingleJointPositionActionResult
[  0%] Built target _pr2_controllers_msgs_generate_messages_check_deps_QueryTrajectoryState
[  0%] Built target _pr2_controllers_msgs_generate_messages_check_deps_PointHeadActionResult
[  0%] Built target _pr2_controllers_msgs_generate_messages_check_deps_SingleJointPositionResult
[  0%] Built target _pr2_controllers_msgs_generate_messages_check_deps_PointHeadAction
[  0%] Built target _pr2_controllers_msgs_generate_messages_check_deps_SingleJointPositionGoal
[  0%] Built target _pr2_controllers_msgs_generate_messages_check_deps_Pr2GripperCommandActionGoal
[  0%] Built target _pr2_controllers_msgs_generate_messages_check_deps_JointControllerState
[  0%] Built target _pr2_controllers_msgs_generate_messages_check_deps_Pr2GripperCommandActionResult
[  0%] Built target trajectory_msgs_generate_messages_eus
[  0%] Built target std_msgs_generate_messages_eus
[  0%] Built target geometry_msgs_generate_messages_eus
[  0%] Built target _pr2_controllers_msgs_generate_messages_check_deps_JointTrajectoryResult
[  0%] Built target _pr2_controllers_msgs_generate_messages_check_deps_SingleJointPositionActionFeedback
[  0%] Built target _pr2_controllers_msgs_generate_messages_check_deps_PointHeadGoal
[  0%] Built target _pr2_controllers_msgs_generate_messages_check_deps_QueryCalibrationState
[  0%] Built target _pr2_controllers_msgs_generate_messages_check_deps_JointTrajectoryGoal
[  0%] Built target _pr2_controllers_msgs_generate_messages_check_deps_Pr2GripperCommandGoal
[  0%] Built target _pr2_controllers_msgs_generate_messages_check_deps_SingleJointPositionFeedback
[  0%] Built target _pr2_controllers_msgs_generate_messages_check_deps_SingleJointPositionAction
[  0%] Built target _pr2_controllers_msgs_generate_messages_check_deps_JointTrajectoryActionResult
[  0%] Built target _pr2_controllers_msgs_generate_messages_check_deps_JointTrajectoryFeedback
[  0%] Built target actionlib_msgs_generate_messages_eus
[  0%] Built target _pr2_controllers_msgs_generate_messages_check_deps_Pr2GripperCommandResult
[  0%] Built target _pr2_controllers_msgs_generate_messages_check_deps_JointTrajectoryAction
[  0%] Built target _pr2_controllers_msgs_generate_messages_check_deps_JointTrajectoryControllerState
[  0%] Built target _pr2_controllers_msgs_generate_messages_check_deps_JointTrajectoryActionGoal
[  0%] Built target _pr2_controllers_msgs_generate_messages_check_deps_PointHeadFeedback
[  0%] Built target _pr2_controllers_msgs_generate_messages_check_deps_PointHeadResult
[  0%] Built target _pr2_controllers_msgs_generate_messages_check_deps_SingleJointPositionActionGoal
[  0%] Built target _pr2_controllers_msgs_generate_messages_check_deps_Pr2GripperCommand
[  0%] Built target _pr2_controllers_msgs_generate_messages_check_deps_PointHeadActionGoal
[  0%] Built target _pr2_controllers_msgs_generate_messages_check_deps_Pr2GripperCommandAction
[  0%] Built target std_msgs_generate_messages_py
[  0%] Built target actionlib_msgs_generate_messages_py
[  0%] Built target trajectory_msgs_generate_messages_py
[  0%] Built target trajectory_msgs_generate_messages_nodejs
[  0%] Built target geometry_msgs_generate_messages_py
[  0%] Built target actionlib_msgs_generate_messages_nodejs
[  0%] Built target geometry_msgs_generate_messages_nodejs
[  0%] Built target trajectory_msgs_generate_messages_lisp
[  0%] Built target std_msgs_generate_messages_nodejs
[  0%] Built target std_msgs_generate_messages_lisp
[  0%] Built target geometry_msgs_generate_messages_lisp
[  0%] Built target actionlib_msgs_generate_messages_lisp
[  0%] Built target actionlib_msgs_generate_messages_cpp
[  0%] Built target std_msgs_generate_messages_cpp
[  0%] Built target geometry_msgs_generate_messages_cpp
[  0%] Built target trajectory_msgs_generate_messages_cpp
[  0%] Built target geometry_msgs_generate_messages_java
[  0%] [34m[1mCompiling Java code for pr2_controllers_msgs[0m
[  0%] Built target actionlib_msgs_generate_messages_java
[  0%] Built target trajectory_msgs_generate_messages_java
[ 48%] Built target pr2_controllers_msgs_generate_messages_java_gradle
[ 74%] Built target pr2_controllers_msgs_generate_messages_java
[ 76%] Built target pr2_controllers_msgs_generate_messages_eus
[ 92%] Built target pr2_controllers_msgs_generate_messages_py
[ 93%] Built target pr2_controllers_msgs_generate_messages_nodejs
[100%] Built target pr2_controllers_msgs_generate_messages_lisp
[100%] Built target pr2_controllers_msgs_generate_messages_cpp
[100%] Built target pr2_controllers_msgs_generate_messages
