[  0%] Built target _sensor_msgs_generate_messages_check_deps_MultiDOFJointState
[  0%] Built target _sensor_msgs_generate_messages_check_deps_ChannelFloat32
[  0%] Built target _sensor_msgs_generate_messages_check_deps_Joy
[  0%] Built target _sensor_msgs_generate_messages_check_deps_PointField
[  0%] Built target _sensor_msgs_generate_messages_check_deps_BatteryState
[  0%] Built target _sensor_msgs_generate_messages_check_deps_MagneticField
[  0%] Built target _sensor_msgs_generate_messages_check_deps_MultiEchoLaserScan
[  0%] Built target geometry_msgs_generate_messages_py
[  0%] Built target _sensor_msgs_generate_messages_check_deps_CompressedImage
[  0%] Built target _sensor_msgs_generate_messages_check_deps_Imu
[  0%] Built target std_msgs_generate_messages_py
[  0%] Built target _sensor_msgs_generate_messages_check_deps_NavSatFix
[  0%] Built target _sensor_msgs_generate_messages_check_deps_LaserScan
[  0%] Built target _sensor_msgs_generate_messages_check_deps_RegionOfInterest
[  0%] Built target _sensor_msgs_generate_messages_check_deps_SetCameraInfo
[  0%] Built target _sensor_msgs_generate_messages_check_deps_LaserEcho
[  0%] Built target _sensor_msgs_generate_messages_check_deps_RelativeHumidity
[  0%] Built target _sensor_msgs_generate_messages_check_deps_FluidPressure
[  0%] Built target _sensor_msgs_generate_messages_check_deps_CameraInfo
[  0%] Built target _sensor_msgs_generate_messages_check_deps_PointCloud2
[  0%] Built target _sensor_msgs_generate_messages_check_deps_Illuminance
[  0%] Built target _sensor_msgs_generate_messages_check_deps_Temperature
[  0%] Built target _sensor_msgs_generate_messages_check_deps_Range
[  0%] Built target _sensor_msgs_generate_messages_check_deps_JoyFeedback
[  0%] Built target _sensor_msgs_generate_messages_check_deps_JoyFeedbackArray
[  0%] Built target _sensor_msgs_generate_messages_check_deps_NavSatStatus
[  0%] Built target _sensor_msgs_generate_messages_check_deps_PointCloud
[  0%] Built target _sensor_msgs_generate_messages_check_deps_JointState
[  0%] Built target std_msgs_generate_messages_nodejs
[  0%] Built target geometry_msgs_generate_messages_nodejs
[  0%] Built target _sensor_msgs_generate_messages_check_deps_TimeReference
[  0%] Built target geometry_msgs_generate_messages_java
[  0%] Built target _sensor_msgs_generate_messages_check_deps_Image
[  1%] [34m[1mCompiling Java code for sensor_msgs[0m
[  1%] Built target std_msgs_generate_messages_eus
[  1%] Built target std_msgs_generate_messages_lisp
[  1%] Built target std_msgs_generate_messages_cpp
[  1%] Built target geometry_msgs_generate_messages_eus
[  1%] Built target geometry_msgs_generate_messages_lisp
[  1%] Built target geometry_msgs_generate_messages_cpp
[  1%] Built target sensor_msgs_generate_messages_java
[ 53%] Built target sensor_msgs_generate_messages_java_gradle
[ 80%] Built target sensor_msgs_generate_messages_nodejs
[ 80%] Built target sensor_msgs_generate_messages_py
[ 90%] Built target sensor_msgs_generate_messages_eus
[ 98%] Built target sensor_msgs_generate_messages_lisp
[100%] Built target sensor_msgs_generate_messages_cpp
[100%] Built target sensor_msgs_generate_messages
