Linked: (/home/dtrimoul/PR2-Kinetic-Xenial/devel/.private/stereo_msgs/share/stereo_msgs/cmake/stereo_msgsConfig-version.cmake, /home/dtrimoul/PR2-Kinetic-Xenial/devel/share/stereo_msgs/cmake/stereo_msgsConfig-version.cmake)
Linked: (/home/dtrimoul/PR2-Kinetic-Xenial/devel/.private/stereo_msgs/share/stereo_msgs/cmake/stereo_msgs-msg-paths.cmake, /home/dtrimoul/PR2-Kinetic-Xenial/devel/share/stereo_msgs/cmake/stereo_msgs-msg-paths.cmake)
Linked: (/home/dtrimoul/PR2-Kinetic-Xenial/devel/.private/stereo_msgs/share/stereo_msgs/cmake/stereo_msgs-msg-extras.cmake, /home/dtrimoul/PR2-Kinetic-Xenial/devel/share/stereo_msgs/cmake/stereo_msgs-msg-extras.cmake)
Linked: (/home/dtrimoul/PR2-Kinetic-Xenial/devel/.private/stereo_msgs/share/stereo_msgs/cmake/stereo_msgsConfig.cmake, /home/dtrimoul/PR2-Kinetic-Xenial/devel/share/stereo_msgs/cmake/stereo_msgsConfig.cmake)
Linked: (/home/dtrimoul/PR2-Kinetic-Xenial/devel/.private/stereo_msgs/share/roseus/ros/stereo_msgs/manifest.l, /home/dtrimoul/PR2-Kinetic-Xenial/devel/share/roseus/ros/stereo_msgs/manifest.l)
Linked: (/home/dtrimoul/PR2-Kinetic-Xenial/devel/.private/stereo_msgs/share/roseus/ros/stereo_msgs/msg/DisparityImage.l, /home/dtrimoul/PR2-Kinetic-Xenial/devel/share/roseus/ros/stereo_msgs/msg/DisparityImage.l)
Linked: (/home/dtrimoul/PR2-Kinetic-Xenial/devel/.private/stereo_msgs/share/common-lisp/ros/stereo_msgs/msg/DisparityImage.lisp, /home/dtrimoul/PR2-Kinetic-Xenial/devel/share/common-lisp/ros/stereo_msgs/msg/DisparityImage.lisp)
Linked: (/home/dtrimoul/PR2-Kinetic-Xenial/devel/.private/stereo_msgs/share/common-lisp/ros/stereo_msgs/msg/_package_DisparityImage.lisp, /home/dtrimoul/PR2-Kinetic-Xenial/devel/share/common-lisp/ros/stereo_msgs/msg/_package_DisparityImage.lisp)
Linked: (/home/dtrimoul/PR2-Kinetic-Xenial/devel/.private/stereo_msgs/share/common-lisp/ros/stereo_msgs/msg/_package.lisp, /home/dtrimoul/PR2-Kinetic-Xenial/devel/share/common-lisp/ros/stereo_msgs/msg/_package.lisp)
Linked: (/home/dtrimoul/PR2-Kinetic-Xenial/devel/.private/stereo_msgs/share/common-lisp/ros/stereo_msgs/msg/stereo_msgs-msg.asd, /home/dtrimoul/PR2-Kinetic-Xenial/devel/share/common-lisp/ros/stereo_msgs/msg/stereo_msgs-msg.asd)
Linked: (/home/dtrimoul/PR2-Kinetic-Xenial/devel/.private/stereo_msgs/share/gennodejs/ros/stereo_msgs/_index.js, /home/dtrimoul/PR2-Kinetic-Xenial/devel/share/gennodejs/ros/stereo_msgs/_index.js)
Linked: (/home/dtrimoul/PR2-Kinetic-Xenial/devel/.private/stereo_msgs/share/gennodejs/ros/stereo_msgs/msg/DisparityImage.js, /home/dtrimoul/PR2-Kinetic-Xenial/devel/share/gennodejs/ros/stereo_msgs/msg/DisparityImage.js)
Linked: (/home/dtrimoul/PR2-Kinetic-Xenial/devel/.private/stereo_msgs/share/gennodejs/ros/stereo_msgs/msg/_index.js, /home/dtrimoul/PR2-Kinetic-Xenial/devel/share/gennodejs/ros/stereo_msgs/msg/_index.js)
Linked: (/home/dtrimoul/PR2-Kinetic-Xenial/devel/.private/stereo_msgs/share/maven/org/ros/rosjava_messages/stereo_msgs/maven-metadata.xml, /home/dtrimoul/PR2-Kinetic-Xenial/devel/share/maven/org/ros/rosjava_messages/stereo_msgs/maven-metadata.xml)
Linked: (/home/dtrimoul/PR2-Kinetic-Xenial/devel/.private/stereo_msgs/share/maven/org/ros/rosjava_messages/stereo_msgs/maven-metadata.xml.sha1, /home/dtrimoul/PR2-Kinetic-Xenial/devel/share/maven/org/ros/rosjava_messages/stereo_msgs/maven-metadata.xml.sha1)
Linked: (/home/dtrimoul/PR2-Kinetic-Xenial/devel/.private/stereo_msgs/share/maven/org/ros/rosjava_messages/stereo_msgs/maven-metadata.xml.md5, /home/dtrimoul/PR2-Kinetic-Xenial/devel/share/maven/org/ros/rosjava_messages/stereo_msgs/maven-metadata.xml.md5)
Linked: (/home/dtrimoul/PR2-Kinetic-Xenial/devel/.private/stereo_msgs/share/maven/org/ros/rosjava_messages/stereo_msgs/1.12.5/stereo_msgs-1.12.5.jar, /home/dtrimoul/PR2-Kinetic-Xenial/devel/share/maven/org/ros/rosjava_messages/stereo_msgs/1.12.5/stereo_msgs-1.12.5.jar)
Linked: (/home/dtrimoul/PR2-Kinetic-Xenial/devel/.private/stereo_msgs/share/maven/org/ros/rosjava_messages/stereo_msgs/1.12.5/stereo_msgs-1.12.5.jar.sha1, /home/dtrimoul/PR2-Kinetic-Xenial/devel/share/maven/org/ros/rosjava_messages/stereo_msgs/1.12.5/stereo_msgs-1.12.5.jar.sha1)
Linked: (/home/dtrimoul/PR2-Kinetic-Xenial/devel/.private/stereo_msgs/share/maven/org/ros/rosjava_messages/stereo_msgs/1.12.5/stereo_msgs-1.12.5.jar.md5, /home/dtrimoul/PR2-Kinetic-Xenial/devel/share/maven/org/ros/rosjava_messages/stereo_msgs/1.12.5/stereo_msgs-1.12.5.jar.md5)
Linked: (/home/dtrimoul/PR2-Kinetic-Xenial/devel/.private/stereo_msgs/share/maven/org/ros/rosjava_messages/stereo_msgs/1.12.5/stereo_msgs-1.12.5.pom, /home/dtrimoul/PR2-Kinetic-Xenial/devel/share/maven/org/ros/rosjava_messages/stereo_msgs/1.12.5/stereo_msgs-1.12.5.pom)
Linked: (/home/dtrimoul/PR2-Kinetic-Xenial/devel/.private/stereo_msgs/share/maven/org/ros/rosjava_messages/stereo_msgs/1.12.5/stereo_msgs-1.12.5.pom.sha1, /home/dtrimoul/PR2-Kinetic-Xenial/devel/share/maven/org/ros/rosjava_messages/stereo_msgs/1.12.5/stereo_msgs-1.12.5.pom.sha1)
Linked: (/home/dtrimoul/PR2-Kinetic-Xenial/devel/.private/stereo_msgs/share/maven/org/ros/rosjava_messages/stereo_msgs/1.12.5/stereo_msgs-1.12.5.pom.md5, /home/dtrimoul/PR2-Kinetic-Xenial/devel/share/maven/org/ros/rosjava_messages/stereo_msgs/1.12.5/stereo_msgs-1.12.5.pom.md5)
Linked: (/home/dtrimoul/PR2-Kinetic-Xenial/devel/.private/stereo_msgs/include/stereo_msgs/DisparityImage.h, /home/dtrimoul/PR2-Kinetic-Xenial/devel/include/stereo_msgs/DisparityImage.h)
Linked: (/home/dtrimoul/PR2-Kinetic-Xenial/devel/.private/stereo_msgs/lib/python2.7/dist-packages/stereo_msgs/__init__.py, /home/dtrimoul/PR2-Kinetic-Xenial/devel/lib/python2.7/dist-packages/stereo_msgs/__init__.py)
Linked: (/home/dtrimoul/PR2-Kinetic-Xenial/devel/.private/stereo_msgs/lib/python2.7/dist-packages/stereo_msgs/msg/_DisparityImage.py, /home/dtrimoul/PR2-Kinetic-Xenial/devel/lib/python2.7/dist-packages/stereo_msgs/msg/_DisparityImage.py)
Linked: (/home/dtrimoul/PR2-Kinetic-Xenial/devel/.private/stereo_msgs/lib/python2.7/dist-packages/stereo_msgs/msg/__init__.py, /home/dtrimoul/PR2-Kinetic-Xenial/devel/lib/python2.7/dist-packages/stereo_msgs/msg/__init__.py)
Linked: (/home/dtrimoul/PR2-Kinetic-Xenial/devel/.private/stereo_msgs/lib/pkgconfig/stereo_msgs.pc, /home/dtrimoul/PR2-Kinetic-Xenial/devel/lib/pkgconfig/stereo_msgs.pc)
