[35m[1mScanning dependencies of target stereo_msgs_generate_messages_java_gradle[0m
[ 10%] [34m[1mGenerating Java gradle project from stereo_msgs[0m
[35m[1mScanning dependencies of target sensor_msgs_generate_messages_nodejs[0m
[ 10%] Built target sensor_msgs_generate_messages_nodejs
[35m[1mScanning dependencies of target _stereo_msgs_generate_messages_check_deps_DisparityImage[0m
[ 10%] Built target _stereo_msgs_generate_messages_check_deps_DisparityImage
[35m[1mScanning dependencies of target std_msgs_generate_messages_nodejs[0m
[ 10%] Built target std_msgs_generate_messages_nodejs
[35m[1mScanning dependencies of target std_msgs_generate_messages_lisp[0m
[ 10%] Built target std_msgs_generate_messages_lisp
[35m[1mScanning dependencies of target sensor_msgs_generate_messages_lisp[0m
[ 10%] Built target sensor_msgs_generate_messages_lisp
[35m[1mScanning dependencies of target sensor_msgs_generate_messages_java[0m
[ 10%] Built target sensor_msgs_generate_messages_java
[35m[1mScanning dependencies of target std_msgs_generate_messages_eus[0m
[ 10%] Built target std_msgs_generate_messages_eus
[35m[1mScanning dependencies of target sensor_msgs_generate_messages_eus[0m
[ 10%] Built target sensor_msgs_generate_messages_eus
[35m[1mScanning dependencies of target std_msgs_generate_messages_cpp[0m
[ 10%] Built target std_msgs_generate_messages_cpp
[35m[1mScanning dependencies of target sensor_msgs_generate_messages_cpp[0m
[ 10%] Built target sensor_msgs_generate_messages_cpp
[35m[1mScanning dependencies of target std_msgs_generate_messages_py[0m
[ 10%] Built target std_msgs_generate_messages_py
[35m[1mScanning dependencies of target sensor_msgs_generate_messages_py[0m
[ 10%] Built target sensor_msgs_generate_messages_py
[35m[1mScanning dependencies of target stereo_msgs_generate_messages_nodejs[0m
[ 20%] [34m[1mGenerating Javascript code from stereo_msgs/DisparityImage.msg[0m
[ 30%] [34m[1mCompiling Java code for stereo_msgs[0m
[ 30%] Built target stereo_msgs_generate_messages_nodejs
[35m[1mScanning dependencies of target stereo_msgs_generate_messages_lisp[0m
[ 40%] [34m[1mGenerating Lisp code from stereo_msgs/DisparityImage.msg[0m
[ 40%] Built target stereo_msgs_generate_messages_lisp
[35m[1mScanning dependencies of target stereo_msgs_generate_messages_java[0m
[ 50%] Built target stereo_msgs_generate_messages_java
[35m[1mScanning dependencies of target stereo_msgs_generate_messages_eus[0m
[ 60%] [34m[1mGenerating EusLisp code from stereo_msgs/DisparityImage.msg[0m
[ 70%] [34m[1mGenerating EusLisp manifest code for stereo_msgs[0m
[0m[35m[1mScanning dependencies of target stereo_msgs_generate_messages_cpp[0m
[ 80%] [34m[1mGenerating C++ code from stereo_msgs/DisparityImage.msg[0m
[ 80%] Built target stereo_msgs_generate_messages_cpp
warning: [options] bootstrap class path not set in conjunction with -source 1.7
[35m[1mScanning dependencies of target stereo_msgs_generate_messages_py[0m
1 warning
[ 90%] [34m[1mGenerating Python from MSG stereo_msgs/DisparityImage[0m
[100%] [34m[1mGenerating Python msg __init__.py for stereo_msgs[0m
Uploading: org/ros/rosjava_messages/stereo_msgs/1.12.5/stereo_msgs-1.12.5.jar to repository remote at file:/home/dtrimoul/PR2-Kinetic-Xenial/devel/.private/stereo_msgs/share/maven
Transferring 2K from remote
Uploaded 2K
[100%] Built target stereo_msgs_generate_messages_py
[0m[100%] Built target stereo_msgs_generate_messages_java_gradle
[100%] Built target stereo_msgs_generate_messages_eus
[35m[1mScanning dependencies of target stereo_msgs_generate_messages[0m
[100%] Built target stereo_msgs_generate_messages
