[ 10%] Built target sensor_msgs_generate_messages_lisp
[ 10%] [34m[1mCompiling Java code for stereo_msgs[0m
[ 10%] Built target sensor_msgs_generate_messages_java
[ 10%] Built target sensor_msgs_generate_messages_nodejs
[ 10%] Built target std_msgs_generate_messages_eus
[ 10%] Built target std_msgs_generate_messages_nodejs
[ 10%] Built target std_msgs_generate_messages_lisp
[ 10%] Built target std_msgs_generate_messages_cpp
[ 10%] Built target std_msgs_generate_messages_py
[ 10%] Built target sensor_msgs_generate_messages_eus
[ 10%] Built target _stereo_msgs_generate_messages_check_deps_DisparityImage
[ 10%] Built target sensor_msgs_generate_messages_cpp
[ 10%] Built target sensor_msgs_generate_messages_py
[ 30%] Built target stereo_msgs_generate_messages_nodejs
[ 30%] Built target stereo_msgs_generate_messages_cpp
[ 50%] Built target stereo_msgs_generate_messages_py
[ 60%] Built target stereo_msgs_generate_messages_lisp
[ 70%] Built target stereo_msgs_generate_messages_java
[ 90%] Built target stereo_msgs_generate_messages_eus
[100%] Built target stereo_msgs_generate_messages_java_gradle
[100%] Built target stereo_msgs_generate_messages
