[35m[1mScanning dependencies of target moveit_planners_ompl_gencfg[0m
[  3%] [34m[1mGenerating dynamic reconfigure files from ompl_interface/cfg/OMPLDynamicReconfigure.cfg: /home/david/PR2-Kinetic-Xenial/devel/.private/moveit_planners_ompl/include/moveit_planners_ompl/OMPLDynamicReconfigureConfig.h /home/david/PR2-Kinetic-Xenial/devel/.private/moveit_planners_ompl/lib/python2.7/dist-packages/moveit_planners_ompl/cfg/OMPLDynamicReconfigureConfig.py[0m
Generating reconfiguration files for OMPLDynamicReconfigure in moveit_planners_ompl
Wrote header file in /home/david/PR2-Kinetic-Xenial/devel/.private/moveit_planners_ompl/include/moveit_planners_ompl/OMPLDynamicReconfigureConfig.h
[  3%] Built target moveit_planners_ompl_gencfg
[35m[1mScanning dependencies of target moveit_ompl_interface[0m
[  7%] [32mBuilding CXX object ompl_interface/CMakeFiles/moveit_ompl_interface.dir/src/ompl_interface.cpp.o[0m
[ 11%] [32mBuilding CXX object ompl_interface/CMakeFiles/moveit_ompl_interface.dir/src/planning_context_manager.cpp.o[0m
[ 15%] [32mBuilding CXX object ompl_interface/CMakeFiles/moveit_ompl_interface.dir/src/constraints_library.cpp.o[0m
[ 19%] [32mBuilding CXX object ompl_interface/CMakeFiles/moveit_ompl_interface.dir/src/model_based_planning_context.cpp.o[0m
[ 23%] [32mBuilding CXX object ompl_interface/CMakeFiles/moveit_ompl_interface.dir/src/parameterization/model_based_state_space.cpp.o[0m
[ 26%] [32mBuilding CXX object ompl_interface/CMakeFiles/moveit_ompl_interface.dir/src/parameterization/model_based_state_space_factory.cpp.o[0m
[ 30%] [32mBuilding CXX object ompl_interface/CMakeFiles/moveit_ompl_interface.dir/src/parameterization/joint_space/joint_model_state_space.cpp.o[0m
[ 34%] [32mBuilding CXX object ompl_interface/CMakeFiles/moveit_ompl_interface.dir/src/parameterization/joint_space/joint_model_state_space_factory.cpp.o[0m
[ 38%] [32mBuilding CXX object ompl_interface/CMakeFiles/moveit_ompl_interface.dir/src/parameterization/work_space/pose_model_state_space.cpp.o[0m
[ 42%] [32mBuilding CXX object ompl_interface/CMakeFiles/moveit_ompl_interface.dir/src/parameterization/work_space/pose_model_state_space_factory.cpp.o[0m
[ 46%] [32mBuilding CXX object ompl_interface/CMakeFiles/moveit_ompl_interface.dir/src/detail/threadsafe_state_storage.cpp.o[0m
[ 50%] [32mBuilding CXX object ompl_interface/CMakeFiles/moveit_ompl_interface.dir/src/detail/state_validity_checker.cpp.o[0m
[ 53%] [32mBuilding CXX object ompl_interface/CMakeFiles/moveit_ompl_interface.dir/src/detail/projection_evaluators.cpp.o[0m
[ 57%] [32mBuilding CXX object ompl_interface/CMakeFiles/moveit_ompl_interface.dir/src/detail/goal_union.cpp.o[0m
[ 61%] [32mBuilding CXX object ompl_interface/CMakeFiles/moveit_ompl_interface.dir/src/detail/constrained_sampler.cpp.o[0m
[ 65%] [32mBuilding CXX object ompl_interface/CMakeFiles/moveit_ompl_interface.dir/src/detail/constrained_valid_state_sampler.cpp.o[0m
[ 69%] [32mBuilding CXX object ompl_interface/CMakeFiles/moveit_ompl_interface.dir/src/detail/constrained_goal_sampler.cpp.o[0m
[ 73%] [32mBuilding CXX object ompl_interface/CMakeFiles/moveit_ompl_interface.dir/src/detail/ompl_console.cpp.o[0m
[ 76%] [32m[1mLinking CXX shared library /home/david/PR2-Kinetic-Xenial/devel/.private/moveit_planners_ompl/lib/libmoveit_ompl_interface.so[0m
[ 76%] Built target moveit_ompl_interface
[35m[1mScanning dependencies of target moveit_ompl_planner_plugin[0m
[ 80%] [32mBuilding CXX object ompl_interface/CMakeFiles/moveit_ompl_planner_plugin.dir/src/ompl_planner_manager.cpp.o[0m
[ 84%] [32m[1mLinking CXX shared library /home/david/PR2-Kinetic-Xenial/devel/.private/moveit_planners_ompl/lib/libmoveit_ompl_planner_plugin.so[0m
[ 84%] Built target moveit_ompl_planner_plugin
[35m[1mScanning dependencies of target moveit_ompl_planner[0m
[ 88%] [32mBuilding CXX object ompl_interface/CMakeFiles/moveit_ompl_planner.dir/src/ompl_planner.cpp.o[0m
[ 92%] [32m[1mLinking CXX executable /home/david/PR2-Kinetic-Xenial/devel/.private/moveit_planners_ompl/lib/moveit_planners_ompl/moveit_ompl_planner[0m
[ 92%] Built target moveit_ompl_planner
[35m[1mScanning dependencies of target moveit_demo_construct_constraints_database[0m
[ 96%] [32mBuilding CXX object ompl_interface/CMakeFiles/moveit_demo_construct_constraints_database.dir/src/demo_construct_state_database.cpp.o[0m
[100%] [32m[1mLinking CXX executable /home/david/PR2-Kinetic-Xenial/devel/.private/moveit_planners_ompl/lib/moveit_planners_ompl/moveit_demo_construct_constraints_database[0m
[100%] Built target moveit_demo_construct_constraints_database
