Linked: (/home/dtrimoul/PR2-Kinetic-Xenial/devel/.private/wiimote/lib/python2.7/dist-packages/wiimote/__init__.py, /home/dtrimoul/PR2-Kinetic-Xenial/devel/lib/python2.7/dist-packages/wiimote/__init__.py)
Linked: (/home/dtrimoul/PR2-Kinetic-Xenial/devel/.private/wiimote/lib/python2.7/dist-packages/wiimote/msg/_State.py, /home/dtrimoul/PR2-Kinetic-Xenial/devel/lib/python2.7/dist-packages/wiimote/msg/_State.py)
Linked: (/home/dtrimoul/PR2-Kinetic-Xenial/devel/.private/wiimote/lib/python2.7/dist-packages/wiimote/msg/_IrSourceInfo.py, /home/dtrimoul/PR2-Kinetic-Xenial/devel/lib/python2.7/dist-packages/wiimote/msg/_IrSourceInfo.py)
Linked: (/home/dtrimoul/PR2-Kinetic-Xenial/devel/.private/wiimote/lib/python2.7/dist-packages/wiimote/msg/_TimedSwitch.py, /home/dtrimoul/PR2-Kinetic-Xenial/devel/lib/python2.7/dist-packages/wiimote/msg/_TimedSwitch.py)
Linked: (/home/dtrimoul/PR2-Kinetic-Xenial/devel/.private/wiimote/lib/python2.7/dist-packages/wiimote/msg/__init__.py, /home/dtrimoul/PR2-Kinetic-Xenial/devel/lib/python2.7/dist-packages/wiimote/msg/__init__.py)
Linked: (/home/dtrimoul/PR2-Kinetic-Xenial/devel/.private/wiimote/lib/pkgconfig/wiimote.pc, /home/dtrimoul/PR2-Kinetic-Xenial/devel/lib/pkgconfig/wiimote.pc)
Linked: (/home/dtrimoul/PR2-Kinetic-Xenial/devel/.private/wiimote/lib/wiimote/teleop_wiimote, /home/dtrimoul/PR2-Kinetic-Xenial/devel/lib/wiimote/teleop_wiimote)
Linked: (/home/dtrimoul/PR2-Kinetic-Xenial/devel/.private/wiimote/lib/wiimote/wiimote_node, /home/dtrimoul/PR2-Kinetic-Xenial/devel/lib/wiimote/wiimote_node)
Linked: (/home/dtrimoul/PR2-Kinetic-Xenial/devel/.private/wiimote/share/wiimote/cmake/wiimote-msg-paths.cmake, /home/dtrimoul/PR2-Kinetic-Xenial/devel/share/wiimote/cmake/wiimote-msg-paths.cmake)
Linked: (/home/dtrimoul/PR2-Kinetic-Xenial/devel/.private/wiimote/share/wiimote/cmake/wiimote-msg-extras.cmake, /home/dtrimoul/PR2-Kinetic-Xenial/devel/share/wiimote/cmake/wiimote-msg-extras.cmake)
Linked: (/home/dtrimoul/PR2-Kinetic-Xenial/devel/.private/wiimote/share/wiimote/cmake/wiimoteConfig.cmake, /home/dtrimoul/PR2-Kinetic-Xenial/devel/share/wiimote/cmake/wiimoteConfig.cmake)
Linked: (/home/dtrimoul/PR2-Kinetic-Xenial/devel/.private/wiimote/share/wiimote/cmake/wiimoteConfig-version.cmake, /home/dtrimoul/PR2-Kinetic-Xenial/devel/share/wiimote/cmake/wiimoteConfig-version.cmake)
Linked: (/home/dtrimoul/PR2-Kinetic-Xenial/devel/.private/wiimote/share/roseus/ros/wiimote/manifest.l, /home/dtrimoul/PR2-Kinetic-Xenial/devel/share/roseus/ros/wiimote/manifest.l)
Linked: (/home/dtrimoul/PR2-Kinetic-Xenial/devel/.private/wiimote/share/roseus/ros/wiimote/msg/State.l, /home/dtrimoul/PR2-Kinetic-Xenial/devel/share/roseus/ros/wiimote/msg/State.l)
Linked: (/home/dtrimoul/PR2-Kinetic-Xenial/devel/.private/wiimote/share/roseus/ros/wiimote/msg/IrSourceInfo.l, /home/dtrimoul/PR2-Kinetic-Xenial/devel/share/roseus/ros/wiimote/msg/IrSourceInfo.l)
Linked: (/home/dtrimoul/PR2-Kinetic-Xenial/devel/.private/wiimote/share/roseus/ros/wiimote/msg/TimedSwitch.l, /home/dtrimoul/PR2-Kinetic-Xenial/devel/share/roseus/ros/wiimote/msg/TimedSwitch.l)
Linked: (/home/dtrimoul/PR2-Kinetic-Xenial/devel/.private/wiimote/share/common-lisp/ros/wiimote/msg/State.lisp, /home/dtrimoul/PR2-Kinetic-Xenial/devel/share/common-lisp/ros/wiimote/msg/State.lisp)
Linked: (/home/dtrimoul/PR2-Kinetic-Xenial/devel/.private/wiimote/share/common-lisp/ros/wiimote/msg/_package_State.lisp, /home/dtrimoul/PR2-Kinetic-Xenial/devel/share/common-lisp/ros/wiimote/msg/_package_State.lisp)
Linked: (/home/dtrimoul/PR2-Kinetic-Xenial/devel/.private/wiimote/share/common-lisp/ros/wiimote/msg/_package.lisp, /home/dtrimoul/PR2-Kinetic-Xenial/devel/share/common-lisp/ros/wiimote/msg/_package.lisp)
Linked: (/home/dtrimoul/PR2-Kinetic-Xenial/devel/.private/wiimote/share/common-lisp/ros/wiimote/msg/wiimote-msg.asd, /home/dtrimoul/PR2-Kinetic-Xenial/devel/share/common-lisp/ros/wiimote/msg/wiimote-msg.asd)
Linked: (/home/dtrimoul/PR2-Kinetic-Xenial/devel/.private/wiimote/share/common-lisp/ros/wiimote/msg/IrSourceInfo.lisp, /home/dtrimoul/PR2-Kinetic-Xenial/devel/share/common-lisp/ros/wiimote/msg/IrSourceInfo.lisp)
Linked: (/home/dtrimoul/PR2-Kinetic-Xenial/devel/.private/wiimote/share/common-lisp/ros/wiimote/msg/_package_IrSourceInfo.lisp, /home/dtrimoul/PR2-Kinetic-Xenial/devel/share/common-lisp/ros/wiimote/msg/_package_IrSourceInfo.lisp)
Linked: (/home/dtrimoul/PR2-Kinetic-Xenial/devel/.private/wiimote/share/common-lisp/ros/wiimote/msg/TimedSwitch.lisp, /home/dtrimoul/PR2-Kinetic-Xenial/devel/share/common-lisp/ros/wiimote/msg/TimedSwitch.lisp)
Linked: (/home/dtrimoul/PR2-Kinetic-Xenial/devel/.private/wiimote/share/common-lisp/ros/wiimote/msg/_package_TimedSwitch.lisp, /home/dtrimoul/PR2-Kinetic-Xenial/devel/share/common-lisp/ros/wiimote/msg/_package_TimedSwitch.lisp)
Linked: (/home/dtrimoul/PR2-Kinetic-Xenial/devel/.private/wiimote/share/gennodejs/ros/wiimote/_index.js, /home/dtrimoul/PR2-Kinetic-Xenial/devel/share/gennodejs/ros/wiimote/_index.js)
Linked: (/home/dtrimoul/PR2-Kinetic-Xenial/devel/.private/wiimote/share/gennodejs/ros/wiimote/msg/State.js, /home/dtrimoul/PR2-Kinetic-Xenial/devel/share/gennodejs/ros/wiimote/msg/State.js)
Linked: (/home/dtrimoul/PR2-Kinetic-Xenial/devel/.private/wiimote/share/gennodejs/ros/wiimote/msg/_index.js, /home/dtrimoul/PR2-Kinetic-Xenial/devel/share/gennodejs/ros/wiimote/msg/_index.js)
Linked: (/home/dtrimoul/PR2-Kinetic-Xenial/devel/.private/wiimote/share/gennodejs/ros/wiimote/msg/IrSourceInfo.js, /home/dtrimoul/PR2-Kinetic-Xenial/devel/share/gennodejs/ros/wiimote/msg/IrSourceInfo.js)
Linked: (/home/dtrimoul/PR2-Kinetic-Xenial/devel/.private/wiimote/share/gennodejs/ros/wiimote/msg/TimedSwitch.js, /home/dtrimoul/PR2-Kinetic-Xenial/devel/share/gennodejs/ros/wiimote/msg/TimedSwitch.js)
Linked: (/home/dtrimoul/PR2-Kinetic-Xenial/devel/.private/wiimote/share/maven/org/ros/rosjava_messages/wiimote/maven-metadata.xml, /home/dtrimoul/PR2-Kinetic-Xenial/devel/share/maven/org/ros/rosjava_messages/wiimote/maven-metadata.xml)
Linked: (/home/dtrimoul/PR2-Kinetic-Xenial/devel/.private/wiimote/share/maven/org/ros/rosjava_messages/wiimote/maven-metadata.xml.sha1, /home/dtrimoul/PR2-Kinetic-Xenial/devel/share/maven/org/ros/rosjava_messages/wiimote/maven-metadata.xml.sha1)
Linked: (/home/dtrimoul/PR2-Kinetic-Xenial/devel/.private/wiimote/share/maven/org/ros/rosjava_messages/wiimote/maven-metadata.xml.md5, /home/dtrimoul/PR2-Kinetic-Xenial/devel/share/maven/org/ros/rosjava_messages/wiimote/maven-metadata.xml.md5)
Linked: (/home/dtrimoul/PR2-Kinetic-Xenial/devel/.private/wiimote/share/maven/org/ros/rosjava_messages/wiimote/1.11.0/wiimote-1.11.0.jar, /home/dtrimoul/PR2-Kinetic-Xenial/devel/share/maven/org/ros/rosjava_messages/wiimote/1.11.0/wiimote-1.11.0.jar)
Linked: (/home/dtrimoul/PR2-Kinetic-Xenial/devel/.private/wiimote/share/maven/org/ros/rosjava_messages/wiimote/1.11.0/wiimote-1.11.0.jar.sha1, /home/dtrimoul/PR2-Kinetic-Xenial/devel/share/maven/org/ros/rosjava_messages/wiimote/1.11.0/wiimote-1.11.0.jar.sha1)
Linked: (/home/dtrimoul/PR2-Kinetic-Xenial/devel/.private/wiimote/share/maven/org/ros/rosjava_messages/wiimote/1.11.0/wiimote-1.11.0.jar.md5, /home/dtrimoul/PR2-Kinetic-Xenial/devel/share/maven/org/ros/rosjava_messages/wiimote/1.11.0/wiimote-1.11.0.jar.md5)
Linked: (/home/dtrimoul/PR2-Kinetic-Xenial/devel/.private/wiimote/share/maven/org/ros/rosjava_messages/wiimote/1.11.0/wiimote-1.11.0.pom, /home/dtrimoul/PR2-Kinetic-Xenial/devel/share/maven/org/ros/rosjava_messages/wiimote/1.11.0/wiimote-1.11.0.pom)
Linked: (/home/dtrimoul/PR2-Kinetic-Xenial/devel/.private/wiimote/share/maven/org/ros/rosjava_messages/wiimote/1.11.0/wiimote-1.11.0.pom.sha1, /home/dtrimoul/PR2-Kinetic-Xenial/devel/share/maven/org/ros/rosjava_messages/wiimote/1.11.0/wiimote-1.11.0.pom.sha1)
Linked: (/home/dtrimoul/PR2-Kinetic-Xenial/devel/.private/wiimote/share/maven/org/ros/rosjava_messages/wiimote/1.11.0/wiimote-1.11.0.pom.md5, /home/dtrimoul/PR2-Kinetic-Xenial/devel/share/maven/org/ros/rosjava_messages/wiimote/1.11.0/wiimote-1.11.0.pom.md5)
Linked: (/home/dtrimoul/PR2-Kinetic-Xenial/devel/.private/wiimote/include/wiimote/State.h, /home/dtrimoul/PR2-Kinetic-Xenial/devel/include/wiimote/State.h)
Linked: (/home/dtrimoul/PR2-Kinetic-Xenial/devel/.private/wiimote/include/wiimote/IrSourceInfo.h, /home/dtrimoul/PR2-Kinetic-Xenial/devel/include/wiimote/IrSourceInfo.h)
Linked: (/home/dtrimoul/PR2-Kinetic-Xenial/devel/.private/wiimote/include/wiimote/TimedSwitch.h, /home/dtrimoul/PR2-Kinetic-Xenial/devel/include/wiimote/TimedSwitch.h)
