[35m[1mScanning dependencies of target _wiimote_generate_messages_check_deps_IrSourceInfo[0m
[  0%] Built target _wiimote_generate_messages_check_deps_IrSourceInfo
[35m[1mScanning dependencies of target geometry_msgs_generate_messages_cpp[0m
[  0%] Built target geometry_msgs_generate_messages_cpp
[35m[1mScanning dependencies of target sensor_msgs_generate_messages_cpp[0m
[  0%] Built target sensor_msgs_generate_messages_cpp
[35m[1mScanning dependencies of target _wiimote_generate_messages_check_deps_State[0m
[  0%] Built target _wiimote_generate_messages_check_deps_State
[35m[1mScanning dependencies of target std_msgs_generate_messages_cpp[0m
[  0%] Built target std_msgs_generate_messages_cpp
[35m[1mScanning dependencies of target _wiimote_generate_messages_check_deps_TimedSwitch[0m
[  0%] Built target _wiimote_generate_messages_check_deps_TimedSwitch
[35m[1mScanning dependencies of target wiimote_generate_messages_java_gradle[0m
[  4%] [34m[1mGenerating Java gradle project from wiimote[0m
[35m[1mScanning dependencies of target sensor_msgs_generate_messages_py[0m
[  4%] Built target sensor_msgs_generate_messages_py
[  8%] [34m[1mCompiling Java code for wiimote[0m
[0m[35m[1mScanning dependencies of target geometry_msgs_generate_messages_py[0m
[  8%] Built target geometry_msgs_generate_messages_py
[35m[1mScanning dependencies of target std_msgs_generate_messages_py[0m
[  8%] Built target std_msgs_generate_messages_py
[35m[1mScanning dependencies of target sensor_msgs_generate_messages_nodejs[0m
[  8%] Built target sensor_msgs_generate_messages_nodejs
[35m[1mScanning dependencies of target geometry_msgs_generate_messages_nodejs[0m
[  8%] Built target geometry_msgs_generate_messages_nodejs
[35m[1mScanning dependencies of target std_msgs_generate_messages_nodejs[0m
[  8%] Built target std_msgs_generate_messages_nodejs
[35m[1mScanning dependencies of target sensor_msgs_generate_messages_java[0m
[  8%] Built target sensor_msgs_generate_messages_java
[35m[1mScanning dependencies of target geometry_msgs_generate_messages_java[0m
[  8%] Built target geometry_msgs_generate_messages_java
[35m[1mScanning dependencies of target std_msgs_generate_messages_lisp[0m
[  8%] Built target std_msgs_generate_messages_lisp
[35m[1mScanning dependencies of target geometry_msgs_generate_messages_lisp[0m
[  8%] Built target geometry_msgs_generate_messages_lisp
[35m[1mScanning dependencies of target sensor_msgs_generate_messages_lisp[0m
[35m[1mScanning dependencies of target geometry_msgs_generate_messages_eus[0m
[  8%] Built target geometry_msgs_generate_messages_eus
[  8%] Built target sensor_msgs_generate_messages_lisp
[35m[1mScanning dependencies of target sensor_msgs_generate_messages_eus[0m
[35m[1mScanning dependencies of target std_msgs_generate_messages_eus[0m
[  8%] Built target sensor_msgs_generate_messages_eus
[  8%] Built target std_msgs_generate_messages_eus
[35m[1mScanning dependencies of target wiimote_generate_messages_cpp[0m
[35m[1mScanning dependencies of target wiimote_generate_messages_py[0m
[ 12%] [34m[1mGenerating C++ code from wiimote/State.msg[0m
[ 16%] [34m[1mGenerating Python from MSG wiimote/State[0m
[ 20%] [34m[1mGenerating Python from MSG wiimote/IrSourceInfo[0m
[ 24%] [34m[1mGenerating C++ code from wiimote/IrSourceInfo.msg[0m
[ 28%] [34m[1mGenerating Python from MSG wiimote/TimedSwitch[0m
[ 32%] [34m[1mGenerating C++ code from wiimote/TimedSwitch.msg[0m
[ 36%] [34m[1mGenerating Python msg __init__.py for wiimote[0m
[ 36%] Built target wiimote_generate_messages_cpp
[35m[1mScanning dependencies of target wiimote_generate_messages_nodejs[0m
[ 40%] [34m[1mGenerating Javascript code from wiimote/State.msg[0m
[ 40%] Built target wiimote_generate_messages_py
[ 44%] [34m[1mGenerating Javascript code from wiimote/IrSourceInfo.msg[0m
[35m[1mScanning dependencies of target wiimote_generate_messages_java[0m
[ 48%] [34m[1mGenerating Javascript code from wiimote/TimedSwitch.msg[0m
[ 52%] Built target wiimote_generate_messages_java
[35m[1mScanning dependencies of target wiimote_generate_messages_lisp[0m
[ 52%] Built target wiimote_generate_messages_nodejs
[35m[1mScanning dependencies of target wiimote_generate_messages_eus[0m
[ 56%] [34m[1mGenerating Lisp code from wiimote/State.msg[0m
[ 60%] [34m[1mGenerating EusLisp code from wiimote/State.msg[0m
[ 64%] [34m[1mGenerating Lisp code from wiimote/IrSourceInfo.msg[0m
[ 68%] [34m[1mGenerating EusLisp code from wiimote/IrSourceInfo.msg[0m
[ 72%] [34m[1mGenerating Lisp code from wiimote/TimedSwitch.msg[0m
[ 76%] [34m[1mGenerating EusLisp code from wiimote/TimedSwitch.msg[0m
[ 76%] Built target wiimote_generate_messages_lisp
warning: [options] bootstrap class path not set in conjunction with -source 1.7
[35m[1mScanning dependencies of target teleop_wiimote[0m
[ 80%] [34m[1mGenerating EusLisp manifest code for wiimote[0m
1 warning
[ 84%] [32mBuilding CXX object CMakeFiles/teleop_wiimote.dir/src/teleop_wiimote.cpp.o[0m
Uploading: org/ros/rosjava_messages/wiimote/1.11.0/wiimote-1.11.0.jar to repository remote at file:/home/dtrimoul/PR2-Kinetic-Xenial/devel/.private/wiimote/share/maven
Transferring 5K from remote
Uploaded 5K
[0m[ 84%] Built target wiimote_generate_messages_java_gradle
[35m[1mScanning dependencies of target wiimote_node[0m
[ 88%] [32mBuilding CXX object CMakeFiles/wiimote_node.dir/src/wiimote_controller.cpp.o[0m
[ 88%] Built target wiimote_generate_messages_eus
[ 92%] [32mBuilding CXX object CMakeFiles/wiimote_node.dir/src/stat_vector_3d.cpp.o[0m
[ 96%] [32m[1mLinking CXX executable /home/dtrimoul/PR2-Kinetic-Xenial/devel/.private/wiimote/lib/wiimote/teleop_wiimote[0m
[ 96%] Built target teleop_wiimote
[35m[1mScanning dependencies of target wiimote_generate_messages[0m
[ 96%] Built target wiimote_generate_messages
[100%] [32m[1mLinking CXX executable /home/dtrimoul/PR2-Kinetic-Xenial/devel/.private/wiimote/lib/wiimote/wiimote_node[0m
[100%] Built target wiimote_node
