[  0%] Built target sensor_msgs_generate_messages_cpp
[  0%] Built target sensor_msgs_generate_messages_py
[  4%] [34m[1mCompiling Java code for wiimote[0m
[  4%] Built target std_msgs_generate_messages_cpp
[  4%] Built target geometry_msgs_generate_messages_cpp
[  4%] Built target geometry_msgs_generate_messages_nodejs
[  4%] Built target std_msgs_generate_messages_py
[  4%] Built target _wiimote_generate_messages_check_deps_IrSourceInfo
[  4%] Built target _wiimote_generate_messages_check_deps_State
[  4%] Built target geometry_msgs_generate_messages_py
[  4%] Built target sensor_msgs_generate_messages_java
[  4%] Built target std_msgs_generate_messages_nodejs
[  4%] Built target _wiimote_generate_messages_check_deps_TimedSwitch
[  4%] Built target std_msgs_generate_messages_lisp
[  4%] Built target sensor_msgs_generate_messages_nodejs
[  4%] Built target geometry_msgs_generate_messages_java
[  4%] Built target sensor_msgs_generate_messages_lisp
[  8%] Built target std_msgs_generate_messages_eus
[ 12%] Built target geometry_msgs_generate_messages_lisp
[ 16%] Built target wiimote_generate_messages_cpp
[ 16%] Built target geometry_msgs_generate_messages_eus
[ 20%] Built target sensor_msgs_generate_messages_eus
[ 28%] Built target wiimote_generate_messages_nodejs
[ 44%] Built target wiimote_generate_messages_py
[ 48%] Built target wiimote_generate_messages_java
[ 60%] Built target teleop_wiimote
[ 68%] Built target wiimote_generate_messages_lisp
[ 72%] Built target wiimote_generate_messages_java_gradle
[100%] Built target wiimote_generate_messages_eus
[100%] Built target wiimote_node
[100%] Built target wiimote_generate_messages
