[  0%] Built target _wiimote_generate_messages_check_deps_IrSourceInfo
[  0%] Built target geometry_msgs_generate_messages_cpp
[  0%] Built target sensor_msgs_generate_messages_cpp
[  0%] Built target _wiimote_generate_messages_check_deps_State
[  0%] Built target std_msgs_generate_messages_cpp
[  0%] Built target _wiimote_generate_messages_check_deps_TimedSwitch
[  4%] [34m[1mCompiling Java code for wiimote[0m
[  4%] Built target geometry_msgs_generate_messages_py
[  4%] Built target sensor_msgs_generate_messages_py
[  4%] Built target sensor_msgs_generate_messages_nodejs
[  4%] Built target std_msgs_generate_messages_py
[  4%] Built target geometry_msgs_generate_messages_java
[  4%] Built target sensor_msgs_generate_messages_java
[  4%] Built target std_msgs_generate_messages_nodejs
[  4%] Built target geometry_msgs_generate_messages_nodejs
[  4%] Built target geometry_msgs_generate_messages_lisp
[  4%] Built target std_msgs_generate_messages_lisp
[  4%] Built target sensor_msgs_generate_messages_lisp
[  4%] Built target geometry_msgs_generate_messages_eus
[  4%] Built target sensor_msgs_generate_messages_eus
[  4%] Built target std_msgs_generate_messages_eus
[ 20%] Built target wiimote_generate_messages_cpp
[ 20%] Built target wiimote_generate_messages_java_gradle
[ 40%] Built target wiimote_generate_messages_py
[ 44%] Built target wiimote_generate_messages_java
[ 52%] Built target wiimote_generate_messages_nodejs
[ 76%] Built target wiimote_generate_messages_lisp
[ 84%] Built target wiimote_generate_messages_eus
[ 88%] Built target teleop_wiimote
[100%] Built target wiimote_node
[100%] Built target wiimote_generate_messages
