[  0%] Built target _wiimote_generate_messages_check_deps_IrSourceInfo
[  0%] Built target geometry_msgs_generate_messages_cpp
[  0%] Built target sensor_msgs_generate_messages_cpp
[  0%] Built target std_msgs_generate_messages_cpp
[  0%] Built target _wiimote_generate_messages_check_deps_State
[  4%] [34m[1mCompiling Java code for wiimote[0m
[  4%] Built target _wiimote_generate_messages_check_deps_TimedSwitch
[  4%] Built target geometry_msgs_generate_messages_py
[  4%] Built target sensor_msgs_generate_messages_py
[  4%] Built target std_msgs_generate_messages_py
[  4%] Built target sensor_msgs_generate_messages_nodejs
[  4%] Built target std_msgs_generate_messages_nodejs
[  8%] Built target wiimote_generate_messages_java_gradle
[  8%] Built target geometry_msgs_generate_messages_nodejs
[ 12%] Built target wiimote_generate_messages_java
[ 12%] Built target std_msgs_generate_messages_lisp
[ 12%] Built target geometry_msgs_generate_messages_lisp
[ 12%] Built target sensor_msgs_generate_messages_lisp
[ 12%] Built target geometry_msgs_generate_messages_eus
[ 12%] Built target std_msgs_generate_messages_eus
[ 12%] Built target sensor_msgs_generate_messages_eus
[ 44%] Built target wiimote_generate_messages_cpp
[ 44%] Built target wiimote_generate_messages_py
[ 52%] Built target wiimote_generate_messages_nodejs
[ 64%] Built target wiimote_generate_messages_lisp
[ 80%] Built target wiimote_generate_messages_eus
[ 88%] Built target teleop_wiimote
[100%] Built target wiimote_node
[100%] Built target wiimote_generate_messages
