[35m[1mScanning dependencies of target _diagnostic_msgs_generate_messages_check_deps_KeyValue[0m
[  0%] Built target _diagnostic_msgs_generate_messages_check_deps_KeyValue
[35m[1mScanning dependencies of target std_msgs_generate_messages_eus[0m
[  0%] Built target std_msgs_generate_messages_eus
[35m[1mScanning dependencies of target _diagnostic_msgs_generate_messages_check_deps_DiagnosticArray[0m
[  0%] Built target _diagnostic_msgs_generate_messages_check_deps_DiagnosticArray
[35m[1mScanning dependencies of target _diagnostic_msgs_generate_messages_check_deps_DiagnosticStatus[0m
[  0%] Built target _diagnostic_msgs_generate_messages_check_deps_DiagnosticStatus
[35m[1mScanning dependencies of target _diagnostic_msgs_generate_messages_check_deps_AddDiagnostics[0m
[  0%] Built target _diagnostic_msgs_generate_messages_check_deps_AddDiagnostics
[35m[1mScanning dependencies of target _diagnostic_msgs_generate_messages_check_deps_SelfTest[0m
[  0%] Built target _diagnostic_msgs_generate_messages_check_deps_SelfTest
[35m[1mScanning dependencies of target std_msgs_generate_messages_py[0m
[  0%] Built target std_msgs_generate_messages_py
[35m[1mScanning dependencies of target std_msgs_generate_messages_lisp[0m
[  0%] Built target std_msgs_generate_messages_lisp
[35m[1mScanning dependencies of target diagnostic_msgs_generate_messages_java[0m
[  3%] [34m[1mGenerating Java gradle project from diagnostic_msgs[0m
[  3%] Built target diagnostic_msgs_generate_messages_java
[35m[1mScanning dependencies of target diagnostic_msgs_generate_messages_java_gradle[0m
[  6%] [34m[1mCompiling Java code for diagnostic_msgs[0m
[35m[1mScanning dependencies of target std_msgs_generate_messages_nodejs[0m
[  6%] Built target std_msgs_generate_messages_nodejs
[0m[35m[1mScanning dependencies of target std_msgs_generate_messages_cpp[0m
[  6%] Built target std_msgs_generate_messages_cpp
[35m[1mScanning dependencies of target diagnostic_msgs_generate_messages_eus[0m
[  9%] [34m[1mGenerating EusLisp code from diagnostic_msgs/DiagnosticStatus.msg[0m
[ 12%] [34m[1mGenerating EusLisp code from diagnostic_msgs/DiagnosticArray.msg[0m
[ 16%] [34m[1mGenerating EusLisp code from diagnostic_msgs/KeyValue.msg[0m
[ 19%] [34m[1mGenerating EusLisp code from diagnostic_msgs/AddDiagnostics.srv[0m
[ 22%] [34m[1mGenerating EusLisp code from diagnostic_msgs/SelfTest.srv[0m
[ 25%] [34m[1mGenerating EusLisp manifest code for diagnostic_msgs[0m
[ 25%] Built target diagnostic_msgs_generate_messages_eus
[35m[1mScanning dependencies of target diagnostic_msgs_generate_messages_py[0m
[ 29%] [34m[1mGenerating Python from MSG diagnostic_msgs/DiagnosticStatus[0m
[ 32%] [34m[1mGenerating Python from MSG diagnostic_msgs/DiagnosticArray[0m
[ 35%] [34m[1mGenerating Python from MSG diagnostic_msgs/KeyValue[0m
[ 38%] [34m[1mGenerating Python code from SRV diagnostic_msgs/AddDiagnostics[0m
[35m[1mScanning dependencies of target diagnostic_msgs_generate_messages_lisp[0m
[ 41%] [34m[1mGenerating Lisp code from diagnostic_msgs/DiagnosticStatus.msg[0m
[ 45%] [34m[1mGenerating Python code from SRV diagnostic_msgs/SelfTest[0m
[ 48%] [34m[1mGenerating Lisp code from diagnostic_msgs/DiagnosticArray.msg[0m
[ 51%] [34m[1mGenerating Python msg __init__.py for diagnostic_msgs[0m
[ 54%] [34m[1mGenerating Lisp code from diagnostic_msgs/KeyValue.msg[0m
[ 58%] [34m[1mGenerating Lisp code from diagnostic_msgs/AddDiagnostics.srv[0m
[ 61%] [34m[1mGenerating Python srv __init__.py for diagnostic_msgs[0m
[ 64%] [34m[1mGenerating Lisp code from diagnostic_msgs/SelfTest.srv[0m
[ 64%] Built target diagnostic_msgs_generate_messages_lisp
[35m[1mScanning dependencies of target diagnostic_msgs_generate_messages_nodejs[0m
[ 64%] Built target diagnostic_msgs_generate_messages_py
[35m[1mScanning dependencies of target diagnostic_msgs_generate_messages_cpp[0m
[ 67%] [34m[1mGenerating Javascript code from diagnostic_msgs/DiagnosticStatus.msg[0m
[ 70%] [34m[1mGenerating C++ code from diagnostic_msgs/DiagnosticStatus.msg[0m
[ 74%] [34m[1mGenerating C++ code from diagnostic_msgs/DiagnosticArray.msg[0m
[ 77%] [34m[1mGenerating Javascript code from diagnostic_msgs/DiagnosticArray.msg[0m
[ 80%] [34m[1mGenerating Javascript code from diagnostic_msgs/KeyValue.msg[0m
[ 83%] [34m[1mGenerating Javascript code from diagnostic_msgs/AddDiagnostics.srv[0m
[ 87%] [34m[1mGenerating C++ code from diagnostic_msgs/KeyValue.msg[0m
[ 90%] [34m[1mGenerating Javascript code from diagnostic_msgs/SelfTest.srv[0m
[ 93%] [34m[1mGenerating C++ code from diagnostic_msgs/AddDiagnostics.srv[0m
[ 93%] Built target diagnostic_msgs_generate_messages_nodejs
[ 96%] [34m[1mGenerating C++ code from diagnostic_msgs/SelfTest.srv[0m
[ 96%] Built target diagnostic_msgs_generate_messages_cpp
warning: [options] bootstrap class path not set in conjunction with -source 1.7
1 warning
Uploading: org/ros/rosjava_messages/diagnostic_msgs/1.12.5/diagnostic_msgs-1.12.5.jar to repository remote at file:/home/dtrimoul/PR2-Kinetic-Xenial/devel/.private/diagnostic_msgs/share/maven
Transferring 6K from remote
Uploaded 6K
[0m[100%] Built target diagnostic_msgs_generate_messages_java_gradle
[35m[1mScanning dependencies of target diagnostic_msgs_generate_messages[0m
[100%] Built target diagnostic_msgs_generate_messages
