Linked: (/home/dtrimoul/PR2-Kinetic-Xenial/devel/.private/robot_pose_ekf/share/robot_pose_ekf/cmake/robot_pose_ekf-msg-paths.cmake, /home/dtrimoul/PR2-Kinetic-Xenial/devel/share/robot_pose_ekf/cmake/robot_pose_ekf-msg-paths.cmake)
Linked: (/home/dtrimoul/PR2-Kinetic-Xenial/devel/.private/robot_pose_ekf/share/robot_pose_ekf/cmake/robot_pose_ekf-msg-extras.cmake, /home/dtrimoul/PR2-Kinetic-Xenial/devel/share/robot_pose_ekf/cmake/robot_pose_ekf-msg-extras.cmake)
Linked: (/home/dtrimoul/PR2-Kinetic-Xenial/devel/.private/robot_pose_ekf/share/robot_pose_ekf/cmake/robot_pose_ekfConfig.cmake, /home/dtrimoul/PR2-Kinetic-Xenial/devel/share/robot_pose_ekf/cmake/robot_pose_ekfConfig.cmake)
Linked: (/home/dtrimoul/PR2-Kinetic-Xenial/devel/.private/robot_pose_ekf/share/robot_pose_ekf/cmake/robot_pose_ekfConfig-version.cmake, /home/dtrimoul/PR2-Kinetic-Xenial/devel/share/robot_pose_ekf/cmake/robot_pose_ekfConfig-version.cmake)
Linked: (/home/dtrimoul/PR2-Kinetic-Xenial/devel/.private/robot_pose_ekf/share/roseus/ros/robot_pose_ekf/manifest.l, /home/dtrimoul/PR2-Kinetic-Xenial/devel/share/roseus/ros/robot_pose_ekf/manifest.l)
Linked: (/home/dtrimoul/PR2-Kinetic-Xenial/devel/.private/robot_pose_ekf/share/roseus/ros/robot_pose_ekf/srv/GetStatus.l, /home/dtrimoul/PR2-Kinetic-Xenial/devel/share/roseus/ros/robot_pose_ekf/srv/GetStatus.l)
Linked: (/home/dtrimoul/PR2-Kinetic-Xenial/devel/.private/robot_pose_ekf/share/common-lisp/ros/robot_pose_ekf/srv/GetStatus.lisp, /home/dtrimoul/PR2-Kinetic-Xenial/devel/share/common-lisp/ros/robot_pose_ekf/srv/GetStatus.lisp)
Linked: (/home/dtrimoul/PR2-Kinetic-Xenial/devel/.private/robot_pose_ekf/share/common-lisp/ros/robot_pose_ekf/srv/_package_GetStatus.lisp, /home/dtrimoul/PR2-Kinetic-Xenial/devel/share/common-lisp/ros/robot_pose_ekf/srv/_package_GetStatus.lisp)
Linked: (/home/dtrimoul/PR2-Kinetic-Xenial/devel/.private/robot_pose_ekf/share/common-lisp/ros/robot_pose_ekf/srv/_package.lisp, /home/dtrimoul/PR2-Kinetic-Xenial/devel/share/common-lisp/ros/robot_pose_ekf/srv/_package.lisp)
Linked: (/home/dtrimoul/PR2-Kinetic-Xenial/devel/.private/robot_pose_ekf/share/common-lisp/ros/robot_pose_ekf/srv/robot_pose_ekf-srv.asd, /home/dtrimoul/PR2-Kinetic-Xenial/devel/share/common-lisp/ros/robot_pose_ekf/srv/robot_pose_ekf-srv.asd)
Linked: (/home/dtrimoul/PR2-Kinetic-Xenial/devel/.private/robot_pose_ekf/share/gennodejs/ros/robot_pose_ekf/_index.js, /home/dtrimoul/PR2-Kinetic-Xenial/devel/share/gennodejs/ros/robot_pose_ekf/_index.js)
Linked: (/home/dtrimoul/PR2-Kinetic-Xenial/devel/.private/robot_pose_ekf/share/gennodejs/ros/robot_pose_ekf/srv/GetStatus.js, /home/dtrimoul/PR2-Kinetic-Xenial/devel/share/gennodejs/ros/robot_pose_ekf/srv/GetStatus.js)
Linked: (/home/dtrimoul/PR2-Kinetic-Xenial/devel/.private/robot_pose_ekf/share/gennodejs/ros/robot_pose_ekf/srv/_index.js, /home/dtrimoul/PR2-Kinetic-Xenial/devel/share/gennodejs/ros/robot_pose_ekf/srv/_index.js)
Linked: (/home/dtrimoul/PR2-Kinetic-Xenial/devel/.private/robot_pose_ekf/share/maven/org/ros/rosjava_messages/robot_pose_ekf/maven-metadata.xml, /home/dtrimoul/PR2-Kinetic-Xenial/devel/share/maven/org/ros/rosjava_messages/robot_pose_ekf/maven-metadata.xml)
Linked: (/home/dtrimoul/PR2-Kinetic-Xenial/devel/.private/robot_pose_ekf/share/maven/org/ros/rosjava_messages/robot_pose_ekf/maven-metadata.xml.sha1, /home/dtrimoul/PR2-Kinetic-Xenial/devel/share/maven/org/ros/rosjava_messages/robot_pose_ekf/maven-metadata.xml.sha1)
Linked: (/home/dtrimoul/PR2-Kinetic-Xenial/devel/.private/robot_pose_ekf/share/maven/org/ros/rosjava_messages/robot_pose_ekf/maven-metadata.xml.md5, /home/dtrimoul/PR2-Kinetic-Xenial/devel/share/maven/org/ros/rosjava_messages/robot_pose_ekf/maven-metadata.xml.md5)
Linked: (/home/dtrimoul/PR2-Kinetic-Xenial/devel/.private/robot_pose_ekf/share/maven/org/ros/rosjava_messages/robot_pose_ekf/1.14.3/robot_pose_ekf-1.14.3.jar, /home/dtrimoul/PR2-Kinetic-Xenial/devel/share/maven/org/ros/rosjava_messages/robot_pose_ekf/1.14.3/robot_pose_ekf-1.14.3.jar)
Linked: (/home/dtrimoul/PR2-Kinetic-Xenial/devel/.private/robot_pose_ekf/share/maven/org/ros/rosjava_messages/robot_pose_ekf/1.14.3/robot_pose_ekf-1.14.3.jar.sha1, /home/dtrimoul/PR2-Kinetic-Xenial/devel/share/maven/org/ros/rosjava_messages/robot_pose_ekf/1.14.3/robot_pose_ekf-1.14.3.jar.sha1)
Linked: (/home/dtrimoul/PR2-Kinetic-Xenial/devel/.private/robot_pose_ekf/share/maven/org/ros/rosjava_messages/robot_pose_ekf/1.14.3/robot_pose_ekf-1.14.3.jar.md5, /home/dtrimoul/PR2-Kinetic-Xenial/devel/share/maven/org/ros/rosjava_messages/robot_pose_ekf/1.14.3/robot_pose_ekf-1.14.3.jar.md5)
Linked: (/home/dtrimoul/PR2-Kinetic-Xenial/devel/.private/robot_pose_ekf/share/maven/org/ros/rosjava_messages/robot_pose_ekf/1.14.3/robot_pose_ekf-1.14.3.pom, /home/dtrimoul/PR2-Kinetic-Xenial/devel/share/maven/org/ros/rosjava_messages/robot_pose_ekf/1.14.3/robot_pose_ekf-1.14.3.pom)
Linked: (/home/dtrimoul/PR2-Kinetic-Xenial/devel/.private/robot_pose_ekf/share/maven/org/ros/rosjava_messages/robot_pose_ekf/1.14.3/robot_pose_ekf-1.14.3.pom.sha1, /home/dtrimoul/PR2-Kinetic-Xenial/devel/share/maven/org/ros/rosjava_messages/robot_pose_ekf/1.14.3/robot_pose_ekf-1.14.3.pom.sha1)
Linked: (/home/dtrimoul/PR2-Kinetic-Xenial/devel/.private/robot_pose_ekf/share/maven/org/ros/rosjava_messages/robot_pose_ekf/1.14.3/robot_pose_ekf-1.14.3.pom.md5, /home/dtrimoul/PR2-Kinetic-Xenial/devel/share/maven/org/ros/rosjava_messages/robot_pose_ekf/1.14.3/robot_pose_ekf-1.14.3.pom.md5)
Linked: (/home/dtrimoul/PR2-Kinetic-Xenial/devel/.private/robot_pose_ekf/include/robot_pose_ekf/GetStatus.h, /home/dtrimoul/PR2-Kinetic-Xenial/devel/include/robot_pose_ekf/GetStatus.h)
Linked: (/home/dtrimoul/PR2-Kinetic-Xenial/devel/.private/robot_pose_ekf/include/robot_pose_ekf/GetStatusRequest.h, /home/dtrimoul/PR2-Kinetic-Xenial/devel/include/robot_pose_ekf/GetStatusRequest.h)
Linked: (/home/dtrimoul/PR2-Kinetic-Xenial/devel/.private/robot_pose_ekf/include/robot_pose_ekf/GetStatusResponse.h, /home/dtrimoul/PR2-Kinetic-Xenial/devel/include/robot_pose_ekf/GetStatusResponse.h)
Linked: (/home/dtrimoul/PR2-Kinetic-Xenial/devel/.private/robot_pose_ekf/lib/python2.7/dist-packages/robot_pose_ekf/__init__.py, /home/dtrimoul/PR2-Kinetic-Xenial/devel/lib/python2.7/dist-packages/robot_pose_ekf/__init__.py)
Linked: (/home/dtrimoul/PR2-Kinetic-Xenial/devel/.private/robot_pose_ekf/lib/python2.7/dist-packages/robot_pose_ekf/srv/_GetStatus.py, /home/dtrimoul/PR2-Kinetic-Xenial/devel/lib/python2.7/dist-packages/robot_pose_ekf/srv/_GetStatus.py)
Linked: (/home/dtrimoul/PR2-Kinetic-Xenial/devel/.private/robot_pose_ekf/lib/python2.7/dist-packages/robot_pose_ekf/srv/__init__.py, /home/dtrimoul/PR2-Kinetic-Xenial/devel/lib/python2.7/dist-packages/robot_pose_ekf/srv/__init__.py)
Linked: (/home/dtrimoul/PR2-Kinetic-Xenial/devel/.private/robot_pose_ekf/lib/pkgconfig/robot_pose_ekf.pc, /home/dtrimoul/PR2-Kinetic-Xenial/devel/lib/pkgconfig/robot_pose_ekf.pc)
Linked: (/home/dtrimoul/PR2-Kinetic-Xenial/devel/.private/robot_pose_ekf/lib/robot_pose_ekf/test_robot_pose_ekf, /home/dtrimoul/PR2-Kinetic-Xenial/devel/lib/robot_pose_ekf/test_robot_pose_ekf)
Linked: (/home/dtrimoul/PR2-Kinetic-Xenial/devel/.private/robot_pose_ekf/lib/robot_pose_ekf/robot_pose_ekf, /home/dtrimoul/PR2-Kinetic-Xenial/devel/lib/robot_pose_ekf/robot_pose_ekf)
Linked: (/home/dtrimoul/PR2-Kinetic-Xenial/devel/.private/robot_pose_ekf/lib/robot_pose_ekf/test_robot_pose_ekf_zero_covariance, /home/dtrimoul/PR2-Kinetic-Xenial/devel/lib/robot_pose_ekf/test_robot_pose_ekf_zero_covariance)
