[  0%] Built target std_msgs_generate_messages_lisp
[  0%] Built target actionlib_msgs_generate_messages_lisp
[  0%] Built target nav_msgs_generate_messages_cpp
[  0%] Built target nav_msgs_generate_messages_eus
[  0%] Built target nav_msgs_generate_messages_lisp
[  0%] Built target tf2_msgs_generate_messages_nodejs
[  0%] Built target std_msgs_generate_messages_cpp
[  0%] Built target nav_msgs_generate_messages_nodejs
[  0%] Built target tf2_msgs_generate_messages_eus
[  0%] Built target tf2_msgs_generate_messages_lisp
[  0%] Built target actionlib_msgs_generate_messages_py
[  0%] Built target _robot_pose_ekf_generate_messages_check_deps_GetStatus
[  0%] Built target tf2_msgs_generate_messages_cpp
[  0%] Built target std_msgs_generate_messages_eus
[  0%] Built target nav_msgs_generate_messages_py
[  0%] Built target roscpp_generate_messages_lisp
[  0%] Built target roscpp_generate_messages_nodejs
[  0%] Built target std_msgs_generate_messages_py
[  0%] Built target rosgraph_msgs_generate_messages_lisp
[  0%] Built target actionlib_generate_messages_eus
[  0%] Built target tf_generate_messages_eus
[  0%] Built target rosgraph_msgs_generate_messages_nodejs
[  0%] Built target rosgraph_msgs_generate_messages_cpp
[  0%] Built target nav_msgs_generate_messages_java
[  0%] Built target tf_generate_messages_cpp
[  0%] Built target actionlib_msgs_generate_messages_nodejs
[  0%] Built target tf2_msgs_generate_messages_py
[  0%] Built target sensor_msgs_generate_messages_java
[  0%] Built target roscpp_generate_messages_cpp
[  0%] Built target geometry_msgs_generate_messages_lisp
[  0%] Built target geometry_msgs_generate_messages_eus
[  0%] Built target geometry_msgs_generate_messages_nodejs
[  0%] Built target rosgraph_msgs_generate_messages_eus
[ 10%] Built target robot_pose_ekf_generate_messages_py
[ 10%] Built target rosgraph_msgs_generate_messages_py
[ 10%] Built target tf_generate_messages_lisp
[ 10%] Built target geometry_msgs_generate_messages_java
[ 10%] Built target std_msgs_generate_messages_nodejs
[ 10%] Built target tf_generate_messages_py
[ 10%] Built target geometry_msgs_generate_messages_cpp
[ 10%] Built target tf_generate_messages_nodejs
[ 10%] Built target sensor_msgs_generate_messages_nodejs
[ 10%] Built target roscpp_generate_messages_py
[ 10%] Built target actionlib_generate_messages_cpp
[ 10%] Built target sensor_msgs_generate_messages_cpp
[ 10%] Built target geometry_msgs_generate_messages_py
[ 10%] Built target actionlib_generate_messages_lisp
[ 10%] Built target actionlib_msgs_generate_messages_cpp
[ 10%] Built target actionlib_msgs_generate_messages_eus
[ 10%] Built target sensor_msgs_generate_messages_py
[ 10%] Built target sensor_msgs_generate_messages_lisp
[ 10%] Built target actionlib_generate_messages_nodejs
[ 10%] Built target sensor_msgs_generate_messages_eus
[ 10%] Built target actionlib_generate_messages_py
[ 20%] Built target gtest
[ 20%] Built target actionlib_msgs_generate_messages_java
[ 20%] Built target roscpp_generate_messages_eus
[ 25%] [34m[1mCompiling Java code for robot_pose_ekf[0m
[ 35%] Built target robot_pose_ekf_generate_messages_eus
[ 45%] Built target robot_pose_ekf_generate_messages_cpp
[ 45%] Built target robot_pose_ekf_generate_messages_nodejs
[ 50%] Built target robot_pose_ekf_generate_messages_lisp
[ 55%] Built target robot_pose_ekf_generate_messages_java
[ 65%] Built target test_robot_pose_ekf
[ 75%] Built target test_robot_pose_ekf_zero_covariance
[ 95%] Built target robot_pose_ekf
[100%] Built target robot_pose_ekf_generate_messages_java_gradle
[100%] Built target robot_pose_ekf_generate_messages
