[35m[1mScanning dependencies of target actionlib_msgs_generate_messages_lisp[0m
[  0%] Built target actionlib_msgs_generate_messages_lisp
[35m[1mScanning dependencies of target std_msgs_generate_messages_nodejs[0m
[  0%] Built target std_msgs_generate_messages_nodejs
[35m[1mScanning dependencies of target _robot_pose_ekf_generate_messages_check_deps_GetStatus[0m
[  0%] Built target _robot_pose_ekf_generate_messages_check_deps_GetStatus
[35m[1mScanning dependencies of target std_msgs_generate_messages_lisp[0m
[  0%] Built target std_msgs_generate_messages_lisp
[35m[1mScanning dependencies of target robot_pose_ekf_generate_messages_java[0m
[  5%] [34m[1mGenerating Java gradle project from robot_pose_ekf[0m
WARNING: Package name "gazebo_moveIT_objects_synchroniser" does not follow the naming conventions. It should start with a lower case letter and only contain lower case letters, digits, underscores, and dashes.
[35m[1mScanning dependencies of target std_msgs_generate_messages_cpp[0m
[  5%] Built target std_msgs_generate_messages_cpp
[35m[1mScanning dependencies of target nav_msgs_generate_messages_nodejs[0m
[  5%] Built target nav_msgs_generate_messages_nodejs
[35m[1mScanning dependencies of target nav_msgs_generate_messages_lisp[0m
[  5%] Built target nav_msgs_generate_messages_lisp
[35m[1mScanning dependencies of target nav_msgs_generate_messages_eus[0m
[  5%] Built target nav_msgs_generate_messages_eus
[35m[1mScanning dependencies of target nav_msgs_generate_messages_cpp[0m
[  5%] Built target nav_msgs_generate_messages_cpp
[35m[1mScanning dependencies of target tf2_msgs_generate_messages_nodejs[0m
[  5%] Built target tf2_msgs_generate_messages_nodejs
[  5%] Built target robot_pose_ekf_generate_messages_java
[35m[1mScanning dependencies of target tf2_msgs_generate_messages_lisp[0m
[  5%] Built target tf2_msgs_generate_messages_lisp
[35m[1mScanning dependencies of target tf2_msgs_generate_messages_eus[0m
[  5%] Built target tf2_msgs_generate_messages_eus
[35m[1mScanning dependencies of target actionlib_generate_messages_eus[0m
[  5%] Built target actionlib_generate_messages_eus
[35m[1mScanning dependencies of target std_msgs_generate_messages_eus[0m
[  5%] Built target std_msgs_generate_messages_eus
[35m[1mScanning dependencies of target roscpp_generate_messages_lisp[0m
[  5%] Built target roscpp_generate_messages_lisp
[35m[1mScanning dependencies of target nav_msgs_generate_messages_py[0m
[  5%] Built target nav_msgs_generate_messages_py
[35m[1mScanning dependencies of target std_msgs_generate_messages_py[0m
[  5%] Built target std_msgs_generate_messages_py
[35m[1mScanning dependencies of target rosgraph_msgs_generate_messages_lisp[0m
[  5%] Built target rosgraph_msgs_generate_messages_lisp
[35m[1mScanning dependencies of target roscpp_generate_messages_nodejs[0m
[  5%] Built target roscpp_generate_messages_nodejs
[35m[1mScanning dependencies of target tf_generate_messages_eus[0m
[  5%] Built target tf_generate_messages_eus
[35m[1mScanning dependencies of target robot_pose_ekf_generate_messages_eus[0m
[35m[1mScanning dependencies of target rosgraph_msgs_generate_messages_nodejs[0m
[ 10%] [34m[1mGenerating EusLisp code from robot_pose_ekf/GetStatus.srv[0m
[ 10%] Built target rosgraph_msgs_generate_messages_nodejs
[ 15%] [34m[1mGenerating EusLisp manifest code for robot_pose_ekf[0m
[35m[1mScanning dependencies of target rosgraph_msgs_generate_messages_cpp[0m
[ 15%] Built target rosgraph_msgs_generate_messages_cpp
WARNING: Package name "gazebo_moveIT_objects_synchroniser" does not follow the naming conventions. It should start with a lower case letter and only contain lower case letters, digits, underscores, and dashes.
[35m[1mScanning dependencies of target tf2_msgs_generate_messages_cpp[0m
[ 15%] Built target tf2_msgs_generate_messages_cpp
[35m[1mScanning dependencies of target tf_generate_messages_cpp[0m
[ 15%] Built target tf_generate_messages_cpp
[35m[1mScanning dependencies of target geometry_msgs_generate_messages_lisp[0m
[ 15%] Built target geometry_msgs_generate_messages_lisp
[35m[1mScanning dependencies of target roscpp_generate_messages_eus[0m
[ 15%] Built target roscpp_generate_messages_eus
[35m[1mScanning dependencies of target roscpp_generate_messages_cpp[0m
[ 15%] Built target roscpp_generate_messages_cpp
[35m[1mScanning dependencies of target geometry_msgs_generate_messages_eus[0m
[ 15%] Built target geometry_msgs_generate_messages_eus
[35m[1mScanning dependencies of target actionlib_msgs_generate_messages_py[0m
[ 15%] Built target actionlib_msgs_generate_messages_py
WARNING: Package name "gazebo_moveIT_objects_synchroniser" does not follow the naming conventions. It should start with a lower case letter and only contain lower case letters, digits, underscores, and dashes.
[35m[1mScanning dependencies of target geometry_msgs_generate_messages_nodejs[0m
[ 15%] Built target geometry_msgs_generate_messages_nodejs
[ 15%] Built target robot_pose_ekf_generate_messages_eus
[35m[1mScanning dependencies of target rosgraph_msgs_generate_messages_eus[0m
[ 15%] Built target rosgraph_msgs_generate_messages_eus
[35m[1mScanning dependencies of target robot_pose_ekf_generate_messages_py[0m
[ 20%] [34m[1mGenerating Python code from SRV robot_pose_ekf/GetStatus[0m
[35m[1mScanning dependencies of target rosgraph_msgs_generate_messages_py[0m
[ 20%] Built target rosgraph_msgs_generate_messages_py
[ 25%] [34m[1mGenerating Python srv __init__.py for robot_pose_ekf[0m
[ 25%] Built target robot_pose_ekf_generate_messages_py
[35m[1mScanning dependencies of target tf_generate_messages_lisp[0m
[ 25%] Built target tf_generate_messages_lisp
[35m[1mScanning dependencies of target roscpp_generate_messages_py[0m
[ 25%] Built target roscpp_generate_messages_py
[35m[1mScanning dependencies of target tf_generate_messages_nodejs[0m
[ 25%] Built target tf_generate_messages_nodejs
[35m[1mScanning dependencies of target tf_generate_messages_py[0m
[ 25%] Built target tf_generate_messages_py
[35m[1mScanning dependencies of target geometry_msgs_generate_messages_cpp[0m
[ 25%] Built target geometry_msgs_generate_messages_cpp
[35m[1mScanning dependencies of target sensor_msgs_generate_messages_nodejs[0m
[ 25%] Built target sensor_msgs_generate_messages_nodejs
[35m[1mScanning dependencies of target geometry_msgs_generate_messages_py[0m
[ 25%] Built target geometry_msgs_generate_messages_py
[35m[1mScanning dependencies of target sensor_msgs_generate_messages_cpp[0m
[ 25%] Built target sensor_msgs_generate_messages_cpp
[35m[1mScanning dependencies of target sensor_msgs_generate_messages_lisp[0m
[ 25%] Built target sensor_msgs_generate_messages_lisp
[35m[1mScanning dependencies of target sensor_msgs_generate_messages_py[0m
[ 25%] Built target sensor_msgs_generate_messages_py
[35m[1mScanning dependencies of target actionlib_generate_messages_cpp[0m
[ 25%] Built target actionlib_generate_messages_cpp
[35m[1mScanning dependencies of target tf2_msgs_generate_messages_py[0m
[ 25%] Built target tf2_msgs_generate_messages_py
[35m[1mScanning dependencies of target actionlib_msgs_generate_messages_nodejs[0m
[ 25%] Built target actionlib_msgs_generate_messages_nodejs
[35m[1mScanning dependencies of target actionlib_msgs_generate_messages_eus[0m
[ 25%] Built target actionlib_msgs_generate_messages_eus
[35m[1mScanning dependencies of target actionlib_generate_messages_lisp[0m
[ 25%] Built target actionlib_generate_messages_lisp
[35m[1mScanning dependencies of target actionlib_msgs_generate_messages_cpp[0m
[ 25%] Built target actionlib_msgs_generate_messages_cpp
[35m[1mScanning dependencies of target sensor_msgs_generate_messages_eus[0m
[ 25%] Built target sensor_msgs_generate_messages_eus
[35m[1mScanning dependencies of target actionlib_generate_messages_nodejs[0m
[ 25%] Built target actionlib_generate_messages_nodejs
[35m[1mScanning dependencies of target actionlib_generate_messages_py[0m
[ 25%] Built target actionlib_generate_messages_py
[35m[1mScanning dependencies of target gtest[0m
[35m[1mScanning dependencies of target robot_pose_ekf_generate_messages_java_gradle[0m
[ 30%] [34m[1mCompiling Java code for robot_pose_ekf[0m
[ 35%] [32mBuilding CXX object gtest/gtest/CMakeFiles/gtest.dir/src/gtest-all.cc.o[0m
[0m[ 40%] [32m[1mLinking CXX shared library libgtest.so[0m
[ 40%] Built target gtest
[35m[1mScanning dependencies of target robot_pose_ekf_generate_messages_nodejs[0m
[ 45%] [34m[1mGenerating Javascript code from robot_pose_ekf/GetStatus.srv[0m
[ 45%] Built target robot_pose_ekf_generate_messages_nodejs
[35m[1mScanning dependencies of target robot_pose_ekf_generate_messages_lisp[0m
[ 50%] [34m[1mGenerating Lisp code from robot_pose_ekf/GetStatus.srv[0m
[ 50%] Built target robot_pose_ekf_generate_messages_lisp
warning: [options] bootstrap class path not set in conjunction with -source 1.7
[35m[1mScanning dependencies of target robot_pose_ekf_generate_messages_cpp[0m
1 warning
[ 55%] [34m[1mGenerating C++ code from robot_pose_ekf/GetStatus.srv[0m
Uploading: org/ros/rosjava_messages/robot_pose_ekf/1.14.3/robot_pose_ekf-1.14.3.jar to repository remote at file:/home/dtrimoul/PR2-Kinetic-Xenial/devel/.private/robot_pose_ekf/share/maven
Transferring 2K from remote
Uploaded 2K
[0m[ 60%] Built target robot_pose_ekf_generate_messages_java_gradle
[ 60%] Built target robot_pose_ekf_generate_messages_cpp
[35m[1mScanning dependencies of target robot_pose_ekf[0m
[ 65%] [32mBuilding CXX object CMakeFiles/robot_pose_ekf.dir/src/odom_estimation.cpp.o[0m
[ 70%] [32mBuilding CXX object CMakeFiles/robot_pose_ekf.dir/src/nonlinearanalyticconditionalgaussianodo.cpp.o[0m
[ 75%] [32mBuilding CXX object CMakeFiles/robot_pose_ekf.dir/src/odom_estimation_node.cpp.o[0m
[35m[1mScanning dependencies of target test_robot_pose_ekf[0m
[ 80%] [32mBuilding CXX object CMakeFiles/test_robot_pose_ekf.dir/test/test_robot_pose_ekf.cpp.o[0m
[35m[1mScanning dependencies of target robot_pose_ekf_generate_messages[0m
[ 80%] Built target robot_pose_ekf_generate_messages
[35m[1mScanning dependencies of target test_robot_pose_ekf_zero_covariance[0m
[ 85%] [32mBuilding CXX object CMakeFiles/test_robot_pose_ekf_zero_covariance.dir/test/test_robot_pose_ekf_zero_covariance.cpp.o[0m
[ 90%] [32m[1mLinking CXX executable /home/dtrimoul/PR2-Kinetic-Xenial/devel/.private/robot_pose_ekf/lib/robot_pose_ekf/test_robot_pose_ekf[0m
[ 95%] [32m[1mLinking CXX executable /home/dtrimoul/PR2-Kinetic-Xenial/devel/.private/robot_pose_ekf/lib/robot_pose_ekf/robot_pose_ekf[0m
[100%] [32m[1mLinking CXX executable /home/dtrimoul/PR2-Kinetic-Xenial/devel/.private/robot_pose_ekf/lib/robot_pose_ekf/test_robot_pose_ekf_zero_covariance[0m
[100%] Built target test_robot_pose_ekf
[100%] Built target robot_pose_ekf
[100%] Built target test_robot_pose_ekf_zero_covariance
