Searching for files...
Checking for modification...
Files not modified. Nothing to do.
[  0%] Built target robosherlock_generate_type_system
searching for annotators...
found 41 annotator...
searching for analysis engines...
found 5 analysis engines...
checking for modification...
Files not modified. Nothing to do.
[  0%] Built target robosherlock_update_analysis_engines
[  1%] Built target rs_recognition
[  5%] Built target rs_queryanswering
[ 13%] Built target rs_core
[ 13%] Built target robosherlock_msgs_generate_messages_cpp
[ 14%] Built target rs_FeatureAnnotator
[ 15%] Built target rs_ClusterColorHistogramCalculator
[ 18%] Built target rs_ClusterTFLocationAnnotator
[ 19%] Built target rs_Cluster3DGeometryAnnotator
[ 21%] Built target rs_NormalEstimator
[ 22%] Built target rs_PCLVFHFeatureExtractor
[ 23%] Built target rs_SacModelAnnotator
[ 25%] Built target rs_PrimitiveShapeAnnotator
[ 28%] Built target rs_SuperVoxelAnnotator
[ 28%] Built target rs_pclDescriptorExtractor
[ 29%] Built target rs_BoardDetector
[ 31%] Built target rs_PlaneAnnotator
[ 32%] Built target rs_PointCloudFilter
[ 38%] Built target rs_utils
[ 40%] Built target rs_RegionFilter
[ 42%] Built target rs_ClusterFilter
[ 44%] Built target rs_KNNClassifier
[ 44%] Built target rs_TFBroadcaster
[ 45%] Built target rs_LinemodAnnotator
[ 46%] Built target rs_ClassifierDetection
[ 47%] Built target rs_PointCloudClusterExtractor
[ 52%] Built target rs_segmentation
[ 55%] Built target rs_PointCloudColorSegmentation
[ 56%] Built target rs_ClusterMerger
[ 57%] Built target rs_segmentationResultDisplayer
[ 60%] Built target rs_BlurDetectorAnnotator
[ 62%] Built target rs_PointCloudDownsampler
[ 63%] Built target rs_ObjectIdentityResolution
[ 64%] Built target rs_ClusterTracker
[ 65%] Built target rs_transparentSegmentationAnnotator
[ 69%] Built target rs_ImageSegmentationAnnotator
[ 69%] Built target rs_bilateralSymmetryAnnotator
[ 70%] Built target rs_rotationalSymmetryAnnotator
[ 72%] Built target rs_rotationalSymmetrySegmentation
[ 73%] Built target rs_bilateralSymmetrySegmentation
[ 76%] Built target rs_overSegmentationAnnotator
[ 78%] Built target rs_ImagePreprocessor
[ 86%] Built target rs_io
[ 88%] Built target rs_CollectionReader
[ 90%] Built target rs_StorageWriter
[ 92%] Built target rs_Trigger
[ 96%] Built target rs_flowcontrol
[ 98%] Built target test_reconfig
[100%] Built target run
