Symlinking /home/dtrimoul/PR2-Kinetic-Xenial/devel/lib/librs_recognition.so
Symlinking /home/dtrimoul/PR2-Kinetic-Xenial/devel/lib/librs_queryanswering.so
Symlinking /home/dtrimoul/PR2-Kinetic-Xenial/devel/lib/librs_core.so
Symlinking /home/dtrimoul/PR2-Kinetic-Xenial/devel/lib/rs_ClusterTFLocationAnnotator.so
Symlinking /home/dtrimoul/PR2-Kinetic-Xenial/devel/lib/rs_FeatureAnnotator.so
Symlinking /home/dtrimoul/PR2-Kinetic-Xenial/devel/lib/rs_ClusterColorHistogramCalculator.so
Symlinking /home/dtrimoul/PR2-Kinetic-Xenial/devel/lib/rs_SacModelAnnotator.so
Symlinking /home/dtrimoul/PR2-Kinetic-Xenial/devel/lib/rs_PCLVFHFeatureExtractor.so
Symlinking /home/dtrimoul/PR2-Kinetic-Xenial/devel/lib/rs_NormalEstimator.so
Symlinking /home/dtrimoul/PR2-Kinetic-Xenial/devel/lib/rs_PrimitiveShapeAnnotator.so
Symlinking /home/dtrimoul/PR2-Kinetic-Xenial/devel/lib/rs_Cluster3DGeometryAnnotator.so
Symlinking /home/dtrimoul/PR2-Kinetic-Xenial/devel/lib/rs_BoardDetector.so
Symlinking /home/dtrimoul/PR2-Kinetic-Xenial/devel/lib/rs_SuperVoxelAnnotator.so
Symlinking /home/dtrimoul/PR2-Kinetic-Xenial/devel/lib/rs_pclDescriptorExtractor.so
Symlinking /home/dtrimoul/PR2-Kinetic-Xenial/devel/lib/rs_PlaneAnnotator.so
Symlinking /home/dtrimoul/PR2-Kinetic-Xenial/devel/lib/librs_utils.so
Symlinking /home/dtrimoul/PR2-Kinetic-Xenial/devel/lib/rs_PointCloudFilter.so
Symlinking /home/dtrimoul/PR2-Kinetic-Xenial/devel/lib/rs_RegionFilter.so
Symlinking /home/dtrimoul/PR2-Kinetic-Xenial/devel/lib/rs_ClusterFilter.so
Symlinking /home/dtrimoul/PR2-Kinetic-Xenial/devel/lib/rs_KNNClassifier.so
Symlinking /home/dtrimoul/PR2-Kinetic-Xenial/devel/lib/rs_TFBroadcaster.so
Symlinking /home/dtrimoul/PR2-Kinetic-Xenial/devel/lib/rs_LinemodAnnotator.so
Symlinking /home/dtrimoul/PR2-Kinetic-Xenial/devel/lib/rs_ClassifierDetection.so
Symlinking /home/dtrimoul/PR2-Kinetic-Xenial/devel/lib/rs_PointCloudColorSegmentation.so
Symlinking /home/dtrimoul/PR2-Kinetic-Xenial/devel/lib/rs_PointCloudClusterExtractor.so
Symlinking /home/dtrimoul/PR2-Kinetic-Xenial/devel/lib/rs_segmentationResultDisplayer.so
Symlinking /home/dtrimoul/PR2-Kinetic-Xenial/devel/lib/rs_ClusterMerger.so
Symlinking /home/dtrimoul/PR2-Kinetic-Xenial/devel/lib/rs_PointCloudDownsampler.so
Symlinking /home/dtrimoul/PR2-Kinetic-Xenial/devel/lib/rs_BlurDetectorAnnotator.so
Symlinking /home/dtrimoul/PR2-Kinetic-Xenial/devel/lib/rs_ObjectIdentityResolution.so
Symlinking /home/dtrimoul/PR2-Kinetic-Xenial/devel/lib/rs_ClusterTracker.so
Symlinking /home/dtrimoul/PR2-Kinetic-Xenial/devel/lib/librs_segmentation.so
Symlinking /home/dtrimoul/PR2-Kinetic-Xenial/devel/lib/librs_io.so
Symlinking /home/dtrimoul/PR2-Kinetic-Xenial/devel/lib/rs_transparentSegmentationAnnotator.so
Symlinking /home/dtrimoul/PR2-Kinetic-Xenial/devel/lib/rs_ImageSegmentationAnnotator.so
Symlinking /home/dtrimoul/PR2-Kinetic-Xenial/devel/lib/rs_overSegmentationAnnotator.so
Symlinking /home/dtrimoul/PR2-Kinetic-Xenial/devel/lib/rs_rotationalSymmetryAnnotator.so
Symlinking /home/dtrimoul/PR2-Kinetic-Xenial/devel/lib/rs_bilateralSymmetryAnnotator.so
Symlinking /home/dtrimoul/PR2-Kinetic-Xenial/devel/lib/rs_rotationalSymmetrySegmentation.so
Symlinking /home/dtrimoul/PR2-Kinetic-Xenial/devel/lib/rs_bilateralSymmetrySegmentation.so
Symlinking /home/dtrimoul/PR2-Kinetic-Xenial/devel/lib/rs_ImagePreprocessor.so
Symlinking /home/dtrimoul/PR2-Kinetic-Xenial/devel/lib/rs_StorageWriter.so
Symlinking /home/dtrimoul/PR2-Kinetic-Xenial/devel/lib/rs_CollectionReader.so
Symlinking /home/dtrimoul/PR2-Kinetic-Xenial/devel/lib/rs_Trigger.so
Symlinking /home/dtrimoul/PR2-Kinetic-Xenial/devel/lib/librs_flowcontrol.so
Symlinking /home/dtrimoul/PR2-Kinetic-Xenial/devel/lib/pkgconfig/robosherlock.pc
Symlinking /home/dtrimoul/PR2-Kinetic-Xenial/devel/lib/robosherlock/test_reconfig
Symlinking /home/dtrimoul/PR2-Kinetic-Xenial/devel/lib/robosherlock/run
Symlinking /home/dtrimoul/PR2-Kinetic-Xenial/devel/share/robosherlock/cmake/robosherlockConfig-version.cmake
Symlinking /home/dtrimoul/PR2-Kinetic-Xenial/devel/share/robosherlock/cmake/robosherlock.cmake
Symlinking /home/dtrimoul/PR2-Kinetic-Xenial/devel/share/robosherlock/cmake/robosherlockConfig.cmake
