[  0%] Built target robosherlock_msgs_generate_messages_cpp
Searching for files...
Checking for modification...
[  1%] Built target rs_recognition
searching for annotators...
found 41 annotator...
searching for analysis engines...
found 5 analysis engines...
checking for modification...
Files not modified. Nothing to do.
Files not modified. Nothing to do.
[  1%] Built target robosherlock_generate_type_system
[  4%] Built target rs_queryanswering
[  4%] Built target robosherlock_update_analysis_engines
[ 13%] Built target rs_core
[ 15%] Built target rs_FeatureAnnotator
[ 15%] Built target rs_ClusterColorHistogramCalculator
[ 17%] Built target rs_ClusterTFLocationAnnotator
[ 18%] Built target rs_PCLVFHFeatureExtractor
[ 20%] Built target rs_NormalEstimator
[ 22%] Built target rs_Cluster3DGeometryAnnotator
[ 23%] Built target rs_SacModelAnnotator
[ 25%] Built target rs_pclDescriptorExtractor
[ 27%] Built target rs_SuperVoxelAnnotator
[ 28%] Built target rs_PrimitiveShapeAnnotator
[ 31%] Built target rs_PlaneAnnotator
[ 31%] Built target rs_BoardDetector
[ 37%] Built target rs_ClusterFilter
[ 37%] Built target rs_PointCloudFilter
[ 39%] Built target rs_RegionFilter
[ 43%] Built target rs_utils
[ 43%] Built target rs_KNNClassifier
[ 44%] Built target rs_TFBroadcaster
[ 45%] Built target rs_LinemodAnnotator
[ 46%] Built target rs_ClassifierDetection
[ 47%] Built target rs_PointCloudColorSegmentation
[ 50%] Built target rs_segmentationResultDisplayer
[ 51%] Built target rs_PointCloudClusterExtractor
[ 53%] Built target rs_ClusterMerger
[ 55%] Built target rs_BlurDetectorAnnotator
[ 57%] Built target rs_PointCloudDownsampler
[ 62%] Built target rs_segmentation
[ 63%] Built target rs_ClusterTracker
[ 64%] Built target rs_ObjectIdentityResolution
[ 70%] Built target rs_rotationalSymmetryAnnotator
[ 71%] Built target rs_bilateralSymmetrySegmentation
[ 71%] Built target rs_bilateralSymmetryAnnotator
[ 71%] Built target rs_ImageSegmentationAnnotator
[ 75%] Built target rs_transparentSegmentationAnnotator
[ 75%] Built target rs_overSegmentationAnnotator
[ 85%] Built target rs_io
[ 85%] Built target rs_rotationalSymmetrySegmentation
[ 86%] Built target rs_StorageWriter
[ 87%] Built target rs_ImagePreprocessor
[ 89%] Built target rs_Trigger
[ 92%] Built target rs_CollectionReader
[ 96%] Built target rs_flowcontrol
[ 98%] Built target test_reconfig
[100%] Built target run
