[  0%] Built target robosherlock_msgs_generate_messages_cpp
[  1%] Built target rs_recognition
searching for annotators...
found 41 annotator...
searching for analysis engines...
found 5 analysis engines...
checking for modification...
Searching for files...
Checking for modification...
Files not modified. Nothing to do.
Files not modified. Nothing to do.
[  1%] Built target robosherlock_update_analysis_engines
[  1%] Built target robosherlock_generate_type_system
[  4%] Built target rs_queryanswering
[ 13%] Built target rs_core
[ 15%] Built target rs_NormalEstimator
[ 17%] Built target rs_FeatureAnnotator
[ 19%] Built target rs_Cluster3DGeometryAnnotator
[ 20%] Built target rs_ClusterColorHistogramCalculator
[ 22%] Built target rs_SacModelAnnotator
[ 22%] Built target rs_PrimitiveShapeAnnotator
[ 23%] Built target rs_PCLVFHFeatureExtractor
[ 25%] Built target rs_ClusterTFLocationAnnotator
[ 27%] Built target rs_SuperVoxelAnnotator
[ 28%] Built target rs_pclDescriptorExtractor
[ 30%] Built target rs_RegionFilter
[ 32%] Built target rs_PlaneAnnotator
[ 37%] Built target rs_ClusterFilter
[ 39%] Built target rs_utils
[ 40%] Built target rs_PointCloudFilter
[ 43%] Built target rs_TFBroadcaster
[ 43%] Built target rs_BoardDetector
[ 44%] Built target rs_KNNClassifier
[ 45%] Built target rs_ClassifierDetection
[ 46%] Built target rs_LinemodAnnotator
[ 48%] Built target rs_PointCloudColorSegmentation
[ 50%] Built target rs_segmentationResultDisplayer
[ 54%] Built target rs_segmentation
[ 57%] Built target rs_ClusterMerger
[ 57%] Built target rs_PointCloudClusterExtractor
[ 60%] Built target rs_PointCloudDownsampler
[ 62%] Built target rs_BlurDetectorAnnotator
[ 63%] Built target rs_ObjectIdentityResolution
[ 64%] Built target rs_transparentSegmentationAnnotator
[ 65%] Built target rs_ClusterTracker
[ 68%] Built target rs_ImageSegmentationAnnotator
[ 69%] Built target rs_bilateralSymmetrySegmentation
[ 70%] Built target rs_bilateralSymmetryAnnotator
[ 72%] Built target rs_rotationalSymmetrySegmentation
[ 73%] Built target rs_ImagePreprocessor
[ 75%] Built target rs_rotationalSymmetryAnnotator
[ 85%] Built target rs_overSegmentationAnnotator
[ 86%] Built target rs_io
[ 88%] Built target rs_CollectionReader
[ 90%] Built target rs_Trigger
[ 92%] Built target rs_StorageWriter
[ 96%] Built target rs_flowcontrol
[ 98%] Built target test_reconfig
[100%] Built target run
