[  1%] Built target rs_recognition
searching for annotators...
[  1%] Built target robosherlock_msgs_generate_messages_cpp
Searching for files...
Checking for modification...
Files not modified. Nothing to do.
found 41 annotator...
searching for analysis engines...
found 5 analysis engines...
checking for modification...
Files not modified. Nothing to do.
[  1%] Built target robosherlock_generate_type_system
[  1%] Built target robosherlock_update_analysis_engines
[  4%] Built target rs_queryanswering
[ 13%] Built target rs_core
[ 14%] Built target rs_PCLVFHFeatureExtractor
[ 15%] Built target rs_ClusterColorHistogramCalculator
[ 17%] Built target rs_ClusterTFLocationAnnotator
[ 19%] Built target rs_PrimitiveShapeAnnotator
[ 20%] Built target rs_NormalEstimator
[ 21%] Built target rs_FeatureAnnotator
[ 22%] Built target rs_SacModelAnnotator
[ 25%] Built target rs_Cluster3DGeometryAnnotator
[ 28%] Built target rs_pclDescriptorExtractor
[ 28%] Built target rs_SuperVoxelAnnotator
[ 29%] Built target rs_BoardDetector
[ 30%] Built target rs_PointCloudFilter
[ 32%] Built target rs_PlaneAnnotator
[ 38%] Built target rs_utils
[ 39%] Built target rs_ClusterFilter
[ 42%] Built target rs_RegionFilter
[ 43%] Built target rs_TFBroadcaster
[ 44%] Built target rs_KNNClassifier
[ 45%] Built target rs_LinemodAnnotator
[ 46%] Built target rs_ClassifierDetection
[ 48%] Built target rs_segmentationResultDisplayer
[ 50%] Built target rs_PointCloudClusterExtractor
[ 51%] Built target rs_PointCloudColorSegmentation
[ 53%] Built target rs_PointCloudDownsampler
[ 61%] Built target rs_ClusterMerger
[ 62%] Built target rs_segmentation
[ 62%] Built target rs_BlurDetectorAnnotator
[ 63%] Built target rs_ClusterTracker
[ 64%] Built target rs_ObjectIdentityResolution
[ 67%] Built target rs_rotationalSymmetrySegmentation
[ 68%] Built target rs_rotationalSymmetryAnnotator
[ 71%] Built target rs_ImageSegmentationAnnotator
[ 71%] Built target rs_transparentSegmentationAnnotator
[ 73%] Built target rs_bilateralSymmetryAnnotator
[ 75%] Built target rs_overSegmentationAnnotator
[ 76%] Built target rs_bilateralSymmetrySegmentation
[ 85%] Built target rs_io
[ 86%] Built target rs_ImagePreprocessor
[ 88%] Built target rs_CollectionReader
[ 89%] Built target rs_StorageWriter
[ 92%] Built target rs_Trigger
[ 96%] Built target rs_flowcontrol
[ 98%] Built target test_reconfig
[100%] Built target run
