[  1%] Built target rs_recognition
[  1%] Built target robosherlock_msgs_generate_messages_cpp
Searching for files...
Checking for modification...
searching for annotators...
found 41 annotator...
searching for analysis engines...
found 5 analysis engines...
checking for modification...
Files not modified. Nothing to do.
Files not modified. Nothing to do.
[  1%] Built target robosherlock_update_analysis_engines
[  1%] Built target robosherlock_generate_type_system
[  4%] Built target rs_queryanswering
[ 13%] Built target rs_core
[ 14%] Built target rs_PrimitiveShapeAnnotator
[ 15%] Built target rs_ClusterTFLocationAnnotator
[ 17%] Built target rs_PCLVFHFeatureExtractor
[ 18%] Built target rs_SacModelAnnotator
[ 21%] Built target rs_ClusterColorHistogramCalculator
[ 23%] Built target rs_Cluster3DGeometryAnnotator
[ 23%] Built target rs_NormalEstimator
[ 25%] Built target rs_FeatureAnnotator
[ 26%] Built target rs_pclDescriptorExtractor
[ 28%] Built target rs_SuperVoxelAnnotator
[ 29%] Built target rs_BoardDetector
[ 36%] Built target rs_utils
[ 38%] Built target rs_PlaneAnnotator
[ 39%] Built target rs_ClusterFilter
[ 40%] Built target rs_PointCloudFilter
[ 42%] Built target rs_RegionFilter
[ 44%] Built target rs_TFBroadcaster
[ 44%] Built target rs_KNNClassifier
[ 45%] Built target rs_ClassifierDetection
[ 47%] Built target rs_LinemodAnnotator
[ 47%] Built target rs_PointCloudColorSegmentation
[ 52%] Built target rs_segmentation
[ 54%] Built target rs_segmentationResultDisplayer
[ 56%] Built target rs_PointCloudDownsampler
[ 59%] Built target rs_ClusterMerger
[ 60%] Built target rs_ObjectIdentityResolution
[ 62%] Built target rs_ClusterTracker
[ 62%] Built target rs_PointCloudClusterExtractor
[ 64%] Built target rs_BlurDetectorAnnotator
[ 67%] Built target rs_ImageSegmentationAnnotator
[ 70%] Built target rs_overSegmentationAnnotator
[ 70%] Built target rs_bilateralSymmetryAnnotator
[ 71%] Built target rs_transparentSegmentationAnnotator
[ 72%] Built target rs_ImagePreprocessor
[ 73%] Built target rs_bilateralSymmetrySegmentation
[ 76%] Built target rs_rotationalSymmetrySegmentation
[ 77%] Built target rs_rotationalSymmetryAnnotator
[ 86%] Built target rs_io
[ 88%] Built target rs_Trigger
[ 90%] Built target rs_CollectionReader
[ 92%] Built target rs_StorageWriter
[ 96%] Built target rs_flowcontrol
[ 98%] Built target test_reconfig
[100%] Built target run
