[  0%] Built target robosherlock_msgs_generate_messages_cpp
searching for annotators...
[  1%] Built target rs_recognition
found 41 annotator...
searching for analysis engines...
found 5 analysis engines...
checking for modification...
Files not modified. Nothing to do.
[  1%] Built target robosherlock_update_analysis_engines
Searching for files...
Checking for modification...
Files not modified. Nothing to do.
[  1%] Built target robosherlock_generate_type_system
[  4%] Built target rs_queryanswering
[ 13%] Built target rs_core
[ 14%] Built target rs_FeatureAnnotator
[ 15%] Built target rs_PrimitiveShapeAnnotator
[ 17%] Built target rs_PCLVFHFeatureExtractor
[ 18%] Built target rs_ClusterColorHistogramCalculator
[ 19%] Built target rs_SacModelAnnotator
[ 20%] Built target rs_ClusterTFLocationAnnotator
[ 22%] Built target rs_Cluster3DGeometryAnnotator
[ 25%] Built target rs_NormalEstimator
[ 26%] Built target rs_pclDescriptorExtractor
[ 27%] Built target rs_BoardDetector
[ 29%] Built target rs_SuperVoxelAnnotator
[ 31%] Built target rs_RegionFilter
[ 32%] Built target rs_ClusterFilter
[ 34%] Built target rs_PointCloudFilter
[ 36%] Built target rs_PlaneAnnotator
[ 42%] Built target rs_utils
[ 43%] Built target rs_TFBroadcaster
[ 44%] Built target rs_KNNClassifier
[ 45%] Built target rs_ClassifierDetection
[ 46%] Built target rs_PointCloudClusterExtractor
[ 47%] Built target rs_LinemodAnnotator
[ 50%] Built target rs_ClusterMerger
[ 57%] Built target rs_segmentationResultDisplayer
[ 57%] Built target rs_segmentation
[ 59%] Built target rs_PointCloudDownsampler
[ 60%] Built target rs_PointCloudColorSegmentation
[ 61%] Built target rs_ClusterTracker
[ 63%] Built target rs_BlurDetectorAnnotator
[ 64%] Built target rs_ObjectIdentityResolution
[ 67%] Built target rs_ImageSegmentationAnnotator
[ 69%] Built target rs_transparentSegmentationAnnotator
[ 69%] Built target rs_bilateralSymmetryAnnotator
[ 70%] Built target rs_rotationalSymmetryAnnotator
[ 79%] Built target rs_io
[ 82%] Built target rs_rotationalSymmetrySegmentation
[ 82%] Built target rs_ImagePreprocessor
[ 84%] Built target rs_bilateralSymmetrySegmentation
[ 86%] Built target rs_overSegmentationAnnotator
[ 89%] Built target rs_StorageWriter
[ 89%] Built target rs_Trigger
[ 92%] Built target rs_CollectionReader
[ 96%] Built target rs_flowcontrol
[100%] Built target run
[100%] Built target test_reconfig
