[  0%] Built target robosherlock_msgs_generate_messages_cpp
[  1%] Built target rs_recognition
searching for annotators...
Searching for files...
Checking for modification...
Files not modified. Nothing to do.
found 41 annotator...
searching for analysis engines...
found 5 analysis engines...
checking for modification...
[  1%] Built target robosherlock_generate_type_system
Files not modified. Nothing to do.
[  1%] Built target robosherlock_update_analysis_engines
[  4%] Built target rs_queryanswering
[ 13%] Built target rs_core
[ 14%] Built target rs_PCLVFHFeatureExtractor
[ 15%] Built target rs_PrimitiveShapeAnnotator
[ 17%] Built target rs_SacModelAnnotator
[ 18%] Built target rs_FeatureAnnotator
[ 20%] Built target rs_ClusterTFLocationAnnotator
[ 21%] Built target rs_NormalEstimator
[ 23%] Built target rs_Cluster3DGeometryAnnotator
[ 25%] Built target rs_ClusterColorHistogramCalculator
[ 27%] Built target rs_SuperVoxelAnnotator
[ 28%] Built target rs_BoardDetector
[ 29%] Built target rs_pclDescriptorExtractor
[ 30%] Built target rs_PointCloudFilter
[ 34%] Built target rs_PlaneAnnotator
[ 34%] Built target rs_ClusterFilter
[ 39%] Built target rs_utils
[ 42%] Built target rs_RegionFilter
[ 43%] Built target rs_KNNClassifier
[ 44%] Built target rs_TFBroadcaster
[ 45%] Built target rs_LinemodAnnotator
[ 46%] Built target rs_PointCloudColorSegmentation
[ 47%] Built target rs_PointCloudClusterExtractor
[ 48%] Built target rs_ClassifierDetection
[ 51%] Built target rs_segmentationResultDisplayer
[ 56%] Built target rs_PointCloudDownsampler
[ 56%] Built target rs_ClusterMerger
[ 60%] Built target rs_segmentation
[ 62%] Built target rs_BlurDetectorAnnotator
[ 63%] Built target rs_ObjectIdentityResolution
[ 64%] Built target rs_transparentSegmentationAnnotator
[ 65%] Built target rs_ClusterTracker
[ 68%] Built target rs_bilateralSymmetryAnnotator
[ 68%] Built target rs_rotationalSymmetryAnnotator
[ 72%] Built target rs_ImageSegmentationAnnotator
[ 72%] Built target rs_rotationalSymmetrySegmentation
[ 73%] Built target rs_bilateralSymmetrySegmentation
[ 76%] Built target rs_overSegmentationAnnotator
[ 84%] Built target rs_ImagePreprocessor
[ 86%] Built target rs_io
[ 88%] Built target rs_Trigger
[ 92%] Built target rs_CollectionReader
[ 92%] Built target rs_StorageWriter
[ 96%] Built target rs_flowcontrol
[ 98%] Built target run
[100%] Built target test_reconfig
