searching for annotators...
[  0%] Built target robosherlock_msgs_generate_messages_cpp
found 41 annotator...
searching for analysis engines...
found 5 analysis engines...
checking for modification...
[  1%] Built target rs_recognition
Files not modified. Nothing to do.
Searching for files...
Checking for modification...
Files not modified. Nothing to do.
[  1%] Built target robosherlock_generate_type_system
[  1%] Built target robosherlock_update_analysis_engines
[  4%] Built target rs_queryanswering
[ 13%] Built target rs_core
[ 14%] Built target rs_PCLVFHFeatureExtractor
[ 15%] Built target rs_ClusterColorHistogramCalculator
[ 17%] Built target rs_FeatureAnnotator
[ 20%] Built target rs_ClusterTFLocationAnnotator
[ 20%] Built target rs_NormalEstimator
[ 21%] Built target rs_SacModelAnnotator
[ 22%] Built target rs_PrimitiveShapeAnnotator
[ 25%] Built target rs_SuperVoxelAnnotator
[ 27%] Built target rs_pclDescriptorExtractor
[ 28%] Built target rs_Cluster3DGeometryAnnotator
[ 30%] Built target rs_RegionFilter
[ 32%] Built target rs_PointCloudFilter
[ 32%] Built target rs_ClusterFilter
[ 34%] Built target rs_BoardDetector
[ 36%] Built target rs_PlaneAnnotator
[ 42%] Built target rs_utils
[ 43%] Built target rs_KNNClassifier
[ 44%] Built target rs_TFBroadcaster
[ 45%] Built target rs_PointCloudColorSegmentation
[ 46%] Built target rs_LinemodAnnotator
[ 47%] Built target rs_ClassifierDetection
[ 48%] Built target rs_PointCloudClusterExtractor
[ 51%] Built target rs_segmentationResultDisplayer
[ 53%] Built target rs_PointCloudDownsampler
[ 60%] Built target rs_ClusterMerger
[ 60%] Built target rs_segmentation
[ 61%] Built target rs_ClusterTracker
[ 63%] Built target rs_BlurDetectorAnnotator
[ 64%] Built target rs_ObjectIdentityResolution
[ 65%] Built target rs_transparentSegmentationAnnotator
[ 68%] Built target rs_ImageSegmentationAnnotator
[ 69%] Built target rs_rotationalSymmetryAnnotator
[ 70%] Built target rs_bilateralSymmetryAnnotator
[ 72%] Built target rs_rotationalSymmetrySegmentation
[ 75%] Built target rs_overSegmentationAnnotator
[ 76%] Built target rs_bilateralSymmetrySegmentation
[ 84%] Built target rs_ImagePreprocessor
[ 86%] Built target rs_io
[ 87%] Built target rs_StorageWriter
[ 89%] Built target rs_Trigger
[ 92%] Built target rs_CollectionReader
[ 96%] Built target rs_flowcontrol
[ 98%] Built target test_reconfig
[100%] Built target run
