[  0%] Built target robosherlock_msgs_generate_messages_cpp
searching for annotators...
Searching for files...
Checking for modification...
found 41 annotator...
searching for analysis engines...
found 5 analysis engines...
checking for modification...
Files not modified. Nothing to do.
Files not modified. Nothing to do.
[  1%] Built target rs_recognition
[  1%] Built target robosherlock_generate_type_system
[  1%] Built target robosherlock_update_analysis_engines
[  4%] Built target rs_queryanswering
[ 13%] Built target rs_core
[ 15%] Built target rs_Cluster3DGeometryAnnotator
[ 17%] Built target rs_FeatureAnnotator
[ 18%] Built target rs_ClusterColorHistogramCalculator
[ 20%] Built target rs_PCLVFHFeatureExtractor
[ 20%] Built target rs_SacModelAnnotator
[ 22%] Built target rs_PrimitiveShapeAnnotator
[ 22%] Built target rs_ClusterTFLocationAnnotator
[ 25%] Built target rs_NormalEstimator
[ 26%] Built target rs_pclDescriptorExtractor
[ 28%] Built target rs_PlaneAnnotator
[ 30%] Built target rs_BoardDetector
[ 31%] Built target rs_SuperVoxelAnnotator
[ 36%] Built target rs_PointCloudFilter
[ 38%] Built target rs_utils
[ 40%] Built target rs_ClusterFilter
[ 42%] Built target rs_RegionFilter
[ 43%] Built target rs_TFBroadcaster
[ 44%] Built target rs_KNNClassifier
[ 45%] Built target rs_LinemodAnnotator
[ 47%] Built target rs_PointCloudClusterExtractor
[ 50%] Built target rs_ClassifierDetection
[ 52%] Built target rs_segmentation
[ 54%] Built target rs_segmentationResultDisplayer
[ 55%] Built target rs_PointCloudColorSegmentation
[ 57%] Built target rs_ClusterMerger
[ 62%] Built target rs_PointCloudDownsampler
[ 62%] Built target rs_BlurDetectorAnnotator
[ 63%] Built target rs_ClusterTracker
[ 64%] Built target rs_ObjectIdentityResolution
[ 65%] Built target rs_bilateralSymmetryAnnotator
[ 67%] Built target rs_transparentSegmentationAnnotator
[ 69%] Built target rs_ImageSegmentationAnnotator
[ 71%] Built target rs_rotationalSymmetrySegmentation
[ 72%] Built target rs_rotationalSymmetryAnnotator
[ 73%] Built target rs_bilateralSymmetrySegmentation
[ 77%] Built target rs_overSegmentationAnnotator
[ 77%] Built target rs_ImagePreprocessor
[ 86%] Built target rs_io
[ 88%] Built target rs_CollectionReader
[ 89%] Built target rs_StorageWriter
[ 92%] Built target rs_Trigger
[ 96%] Built target rs_flowcontrol
[ 98%] Built target test_reconfig
[100%] Built target run
