[  0%] Built target robosherlock_msgs_generate_messages_cpp
[  1%] Built target rs_recognition
searching for annotators...
found 41 annotator...
searching for analysis engines...
Searching for files...
found 5 analysis engines...
checking for modification...
Checking for modification...
Files not modified. Nothing to do.
Files not modified. Nothing to do.
[  1%] Built target robosherlock_update_analysis_engines
[  1%] Built target robosherlock_generate_type_system
[  4%] Built target rs_queryanswering
[ 13%] Built target rs_core
[ 14%] Built target rs_ClusterTFLocationAnnotator
[ 17%] Built target rs_FeatureAnnotator
[ 18%] Built target rs_NormalEstimator
[ 20%] Built target rs_ClusterColorHistogramCalculator
[ 20%] Built target rs_PrimitiveShapeAnnotator
[ 21%] Built target rs_SacModelAnnotator
[ 23%] Built target rs_Cluster3DGeometryAnnotator
[ 25%] Built target rs_PCLVFHFeatureExtractor
[ 27%] Built target rs_SuperVoxelAnnotator
[ 28%] Built target rs_pclDescriptorExtractor
[ 29%] Built target rs_PointCloudFilter
[ 30%] Built target rs_BoardDetector
[ 34%] Built target rs_PlaneAnnotator
[ 39%] Built target rs_utils
[ 40%] Built target rs_RegionFilter
[ 42%] Built target rs_ClusterFilter
[ 43%] Built target rs_TFBroadcaster
[ 44%] Built target rs_KNNClassifier
[ 45%] Built target rs_PointCloudClusterExtractor
[ 46%] Built target rs_LinemodAnnotator
[ 47%] Built target rs_PointCloudColorSegmentation
[ 48%] Built target rs_ClassifierDetection
[ 51%] Built target rs_segmentationResultDisplayer
[ 55%] Built target rs_segmentation
[ 57%] Built target rs_PointCloudDownsampler
[ 61%] Built target rs_ClusterMerger
[ 61%] Built target rs_ObjectIdentityResolution
[ 63%] Built target rs_BlurDetectorAnnotator
[ 65%] Built target rs_transparentSegmentationAnnotator
[ 65%] Built target rs_ClusterTracker
[ 67%] Built target rs_bilateralSymmetryAnnotator
[ 69%] Built target rs_ImageSegmentationAnnotator
[ 70%] Built target rs_rotationalSymmetryAnnotator
[ 72%] Built target rs_rotationalSymmetrySegmentation
[ 75%] Built target rs_overSegmentationAnnotator
[ 76%] Built target rs_bilateralSymmetrySegmentation
[ 77%] Built target rs_ImagePreprocessor
[ 86%] Built target rs_io
[ 87%] Built target rs_StorageWriter
[ 89%] Built target rs_CollectionReader
[ 92%] Built target rs_Trigger
[ 96%] Built target rs_flowcontrol
[ 98%] Built target test_reconfig
[100%] Built target run
