[  0%] Built target robosherlock_msgs_generate_messages_cpp
[  1%] Built target rs_recognition
searching for annotators...
Searching for files...
Checking for modification...
Files not modified. Nothing to do.
found 41 annotator...
searching for analysis engines...
found 5 analysis engines...
checking for modification...
Files not modified. Nothing to do.
[  1%] Built target robosherlock_generate_type_system
[  1%] Built target robosherlock_update_analysis_engines
[  4%] Built target rs_queryanswering
[ 13%] Built target rs_core
[ 15%] Built target rs_FeatureAnnotator
[ 17%] Built target rs_NormalEstimator
[ 18%] Built target rs_PCLVFHFeatureExtractor
[ 23%] Built target rs_ClusterColorHistogramCalculator
[ 25%] Built target rs_SacModelAnnotator
[ 25%] Built target rs_PrimitiveShapeAnnotator
[ 25%] Built target rs_ClusterTFLocationAnnotator
[ 25%] Built target rs_Cluster3DGeometryAnnotator
[ 26%] Built target rs_pclDescriptorExtractor
[ 27%] Built target rs_BoardDetector
[ 29%] Built target rs_SuperVoxelAnnotator
[ 31%] Built target rs_PlaneAnnotator
[ 32%] Built target rs_PointCloudFilter
[ 34%] Built target rs_ClusterFilter
[ 40%] Built target rs_utils
[ 42%] Built target rs_RegionFilter
[ 43%] Built target rs_KNNClassifier
[ 44%] Built target rs_LinemodAnnotator
[ 45%] Built target rs_TFBroadcaster
[ 47%] Built target rs_ClassifierDetection
[ 47%] Built target rs_PointCloudClusterExtractor
[ 50%] Built target rs_segmentationResultDisplayer
[ 54%] Built target rs_segmentation
[ 55%] Built target rs_PointCloudColorSegmentation
[ 59%] Built target rs_PointCloudDownsampler
[ 62%] Built target rs_ClusterMerger
[ 62%] Built target rs_BlurDetectorAnnotator
[ 63%] Built target rs_ClusterTracker
[ 64%] Built target rs_ObjectIdentityResolution
[ 65%] Built target rs_transparentSegmentationAnnotator
[ 67%] Built target rs_bilateralSymmetryAnnotator
[ 69%] Built target rs_ImageSegmentationAnnotator
[ 70%] Built target rs_rotationalSymmetryAnnotator
[ 73%] Built target rs_rotationalSymmetrySegmentation
[ 73%] Built target rs_bilateralSymmetrySegmentation
[ 76%] Built target rs_overSegmentationAnnotator
[ 77%] Built target rs_ImagePreprocessor
[ 86%] Built target rs_io
[ 88%] Built target rs_Trigger
[ 90%] Built target rs_CollectionReader
[ 92%] Built target rs_StorageWriter
[ 96%] Built target rs_flowcontrol
[ 98%] Built target test_reconfig
[100%] Built target run
