searching for annotators...
[  1%] Built target rs_recognition
[  1%] Built target robosherlock_msgs_generate_messages_cpp
found 41 annotator...
searching for analysis engines...
Searching for files...
found 5 analysis engines...
checking for modification...
Files not modified. Nothing to do.
Checking for modification...
Files not modified. Nothing to do.
[  1%] Built target robosherlock_update_analysis_engines
[  1%] Built target robosherlock_generate_type_system
[  4%] Built target rs_queryanswering
[ 13%] Built target rs_core
[ 14%] Built target rs_PCLVFHFeatureExtractor
[ 18%] Built target rs_PrimitiveShapeAnnotator
[ 19%] Built target rs_SacModelAnnotator
[ 21%] Built target rs_Cluster3DGeometryAnnotator
[ 21%] Built target rs_FeatureAnnotator
[ 21%] Built target rs_ClusterColorHistogramCalculator
[ 25%] Built target rs_NormalEstimator
[ 25%] Built target rs_ClusterTFLocationAnnotator
[ 26%] Built target rs_pclDescriptorExtractor
[ 28%] Built target rs_RegionFilter
[ 31%] Built target rs_SuperVoxelAnnotator
[ 32%] Built target rs_PlaneAnnotator
[ 34%] Built target rs_ClusterFilter
[ 35%] Built target rs_BoardDetector
[ 40%] Built target rs_PointCloudFilter
[ 42%] Built target rs_utils
[ 43%] Built target rs_KNNClassifier
[ 44%] Built target rs_TFBroadcaster
[ 45%] Built target rs_ClassifierDetection
[ 46%] Built target rs_LinemodAnnotator
[ 51%] Built target rs_segmentation
[ 53%] Built target rs_segmentationResultDisplayer
[ 54%] Built target rs_PointCloudColorSegmentation
[ 55%] Built target rs_PointCloudClusterExtractor
[ 57%] Built target rs_ClusterMerger
[ 59%] Built target rs_ObjectIdentityResolution
[ 60%] Built target rs_ClusterTracker
[ 62%] Built target rs_PointCloudDownsampler
[ 64%] Built target rs_BlurDetectorAnnotator
[ 65%] Built target rs_transparentSegmentationAnnotator
[ 67%] Built target rs_bilateralSymmetryAnnotator
[ 68%] Built target rs_rotationalSymmetryAnnotator
[ 69%] Built target rs_bilateralSymmetrySegmentation
[ 72%] Built target rs_ImageSegmentationAnnotator
[ 73%] Built target rs_rotationalSymmetrySegmentation
[ 82%] Built target rs_io
[ 85%] Built target rs_overSegmentationAnnotator
[ 86%] Built target rs_ImagePreprocessor
[ 87%] Built target rs_StorageWriter
[ 89%] Built target rs_Trigger
[ 92%] Built target rs_CollectionReader
[ 96%] Built target rs_flowcontrol
[ 98%] Built target test_reconfig
[100%] Built target run
