[35m[1mScanning dependencies of target robosherlock_generate_type_system[0m
Searching for files...
Checking for modification...
Files modified. Updating type system...
Reading typesystem...
Reading file: annotation_types.xml
Reading file: core_types.xml
Reading file: cv_types.xml
Reading file: human_types.xml
Reading file: pcl_types.xml
Reading file: ros_types.xml
Reading file: scene_types.xml
Reading file: tf_types.xml
checking type system...
Writing typesystem...
Writing file: cv_types.h
Writing file: core_types.h
Writing file: all_types.h
Writing file: tf_types.h
Writing file: annotation_types.h
Writing file: human_types.h
Writing file: scene_types.h
Writing file: type_definitions.h
Writing file: pcl_types.h
Writing file: ros_types.h
writing all_types.xml
updating core_types.xml
updating human_types.xml
updating scene_types.xml
updating cv_types.xml
updating pcl_types.xml
updating tf_types.xml
updating ros_types.xml
updating annotation_types.xml
[  0%] Built target robosherlock_generate_type_system
[35m[1mScanning dependencies of target robosherlock_update_analysis_engines[0m
searching for annotators...
found 41 annotator...
searching for analysis engines...
found 5 analysis engines...
checking for modification...
Files modified. Updating annotators...
extracting annotator names...
found 41 annotators...
creating xml for annotators...
updating analysis engines...
0 updated, 5 already up to date.
update finished!
[  0%] Built target robosherlock_update_analysis_engines
[35m[1mScanning dependencies of target rs_core[0m
[35m[1mScanning dependencies of target rs_recognition[0m
[  0%] [32mBuilding CXX object src/recognition/CMakeFiles/rs_recognition.dir/src/LinemodInterface.cpp.o[0m
[  1%] [32mBuilding CXX object src/core/CMakeFiles/rs_core.dir/src/DrawingAnnotator.cpp.o[0m
[  2%] [32m[1mLinking CXX shared library /home/dtrimoul/PR2-Kinetic-Xenial/devel/.private/robosherlock/lib/librs_recognition.so[0m
[  2%] Built target rs_recognition
[  3%] [32mBuilding CXX object src/core/CMakeFiles/rs_core.dir/src/scene_cas.cpp.o[0m
[  3%] [32mBuilding CXX object src/core/CMakeFiles/rs_core.dir/src/conversion/bson.cpp.o[0m
[35m[1mScanning dependencies of target rs_queryanswering[0m
[  4%] [32mBuilding CXX object src/queryanswering/CMakeFiles/rs_queryanswering.dir/src/DesignatorWrapper.cpp.o[0m
[  4%] [32mBuilding CXX object src/queryanswering/CMakeFiles/rs_queryanswering.dir/src/JsonPrologInterface.cpp.o[0m
[  5%] [32mBuilding CXX object src/queryanswering/CMakeFiles/rs_queryanswering.dir/src/QueryInterface.cpp.o[0m
[35m[1mScanning dependencies of target robosherlock_msgs_generate_messages_cpp[0m
[  5%] Built target robosherlock_msgs_generate_messages_cpp
[  6%] [32mBuilding CXX object src/core/CMakeFiles/rs_core.dir/src/conversion/bson_conversion.cpp.o[0m
[  7%] [32mBuilding CXX object src/core/CMakeFiles/rs_core.dir/src/conversion/conversion.cpp.o[0m
[  7%] [32mBuilding CXX object src/core/CMakeFiles/rs_core.dir/src/conversion/cv_conversion.cpp.o[0m
[  9%] [32mBuilding CXX object src/core/CMakeFiles/rs_core.dir/src/conversion/pcl_conversion.cpp.o[0m
[ 10%] [32mBuilding CXX object src/core/CMakeFiles/rs_core.dir/src/conversion/ros_conversion.cpp.o[0m
[ 10%] [32mBuilding CXX object src/core/CMakeFiles/rs_core.dir/src/conversion/segmentation_conversion.cpp.o[0m
[ 11%] [32mBuilding CXX object src/core/CMakeFiles/rs_core.dir/src/conversion/tf_conversion.cpp.o[0m
[ 12%] [32m[1mLinking CXX shared library /home/dtrimoul/PR2-Kinetic-Xenial/devel/.private/robosherlock/lib/librs_queryanswering.so[0m
[ 12%] Built target rs_queryanswering
[ 13%] [32m[1mLinking CXX shared library /home/dtrimoul/PR2-Kinetic-Xenial/devel/.private/robosherlock/lib/librs_core.so[0m
[ 13%] Built target rs_core
[35m[1mScanning dependencies of target rs_FeatureAnnotator[0m
[ 13%] [32mBuilding CXX object src/annotation/CMakeFiles/rs_FeatureAnnotator.dir/src/FeatureAnnotator.cpp.o[0m
[01m[K/home/dtrimoul/PR2-Kinetic-Xenial/src/robosherlock/src/annotation/src/FeatureAnnotator.cpp:[m[K In member function ‘[01m[Kvoid FeatureAnnotator::setupAlgorithm(cv::Algorithm*, std::__cxx11::string)[m[K’:
[01m[K/home/dtrimoul/PR2-Kinetic-Xenial/src/robosherlock/src/annotation/src/FeatureAnnotator.cpp:225:38:[m[K [01;35m[Kwarning: [m[Kparameter ‘[01m[Kalgorithm[m[K’ set but not used [-Wunused-but-set-parameter]
   void setupAlgorithm(cv::Algorithm *algorithm, std::string name)
[01;32m[K                                      ^[m[K
[35m[1mScanning dependencies of target rs_ClusterColorHistogramCalculator[0m
[ 13%] [32mBuilding CXX object src/annotation/CMakeFiles/rs_ClusterColorHistogramCalculator.dir/src/ClusterColorHistogramCalculator.cpp.o[0m
[ 14%] [32m[1mLinking CXX shared library /home/dtrimoul/PR2-Kinetic-Xenial/devel/.private/robosherlock/lib/rs_FeatureAnnotator.so[0m
[ 14%] Built target rs_FeatureAnnotator
[35m[1mScanning dependencies of target rs_ClusterTFLocationAnnotator[0m
[ 14%] [32mBuilding CXX object src/annotation/CMakeFiles/rs_ClusterTFLocationAnnotator.dir/src/ClusterTFLocationAnnotator.cpp.o[0m
[35m[1mScanning dependencies of target rs_Cluster3DGeometryAnnotator[0m
[ 15%] [32mBuilding CXX object src/annotation/CMakeFiles/rs_Cluster3DGeometryAnnotator.dir/src/Cluster3DGeometryAnnotator.cpp.o[0m
[ 17%] [32m[1mLinking CXX shared library /home/dtrimoul/PR2-Kinetic-Xenial/devel/.private/robosherlock/lib/rs_ClusterColorHistogramCalculator.so[0m
[ 17%] Built target rs_ClusterColorHistogramCalculator
[35m[1mScanning dependencies of target rs_NormalEstimator[0m
[35m[1mScanning dependencies of target rs_PCLVFHFeatureExtractor[0m
[ 18%] [32mBuilding CXX object src/annotation/CMakeFiles/rs_NormalEstimator.dir/src/NormalEstimator.cpp.o[0m
[ 19%] [32mBuilding CXX object src/annotation/CMakeFiles/rs_PCLVFHFeatureExtractor.dir/src/PCLVFHFeatureExtractor.cpp.o[0m
[ 20%] [32m[1mLinking CXX shared library /home/dtrimoul/PR2-Kinetic-Xenial/devel/.private/robosherlock/lib/rs_ClusterTFLocationAnnotator.so[0m
[ 20%] Built target rs_ClusterTFLocationAnnotator
[35m[1mScanning dependencies of target rs_PrimitiveShapeAnnotator[0m
[ 21%] [32mBuilding CXX object src/annotation/CMakeFiles/rs_PrimitiveShapeAnnotator.dir/src/PrimitiveShapeAnnotator.cpp.o[0m
[ 22%] [32m[1mLinking CXX shared library /home/dtrimoul/PR2-Kinetic-Xenial/devel/.private/robosherlock/lib/rs_Cluster3DGeometryAnnotator.so[0m
[ 22%] [32m[1mLinking CXX shared library /home/dtrimoul/PR2-Kinetic-Xenial/devel/.private/robosherlock/lib/rs_PCLVFHFeatureExtractor.so[0m
[ 23%] [32m[1mLinking CXX shared library /home/dtrimoul/PR2-Kinetic-Xenial/devel/.private/robosherlock/lib/rs_NormalEstimator.so[0m
[ 23%] [32m[1mLinking CXX shared library /home/dtrimoul/PR2-Kinetic-Xenial/devel/.private/robosherlock/lib/rs_PrimitiveShapeAnnotator.so[0m
[ 23%] Built target rs_Cluster3DGeometryAnnotator
[35m[1mScanning dependencies of target rs_SacModelAnnotator[0m
[ 23%] [32mBuilding CXX object src/annotation/CMakeFiles/rs_SacModelAnnotator.dir/src/SacModelAnnotator.cpp.o[0m
[35m[1mScanning dependencies of target rs_SuperVoxelAnnotator[0m
[ 25%] [32mBuilding CXX object src/annotation/CMakeFiles/rs_SuperVoxelAnnotator.dir/src/SuperVoxelAnnotator.cpp.o[0m
[ 25%] Built target rs_PCLVFHFeatureExtractor
[35m[1mScanning dependencies of target rs_pclDescriptorExtractor[0m
[ 25%] [32mBuilding CXX object src/annotation/CMakeFiles/rs_pclDescriptorExtractor.dir/src/PCLDescriptorExtractor.cpp.o[0m
[ 25%] Built target rs_NormalEstimator
[35m[1mScanning dependencies of target rs_BoardDetector[0m
[ 25%] [32mBuilding CXX object src/detection/CMakeFiles/rs_BoardDetector.dir/src/BoardDetector.cpp.o[0m
[ 26%] [32m[1mLinking CXX shared library /home/dtrimoul/PR2-Kinetic-Xenial/devel/.private/robosherlock/lib/rs_SacModelAnnotator.so[0m
[ 27%] [32m[1mLinking CXX shared library /home/dtrimoul/PR2-Kinetic-Xenial/devel/.private/robosherlock/lib/rs_SuperVoxelAnnotator.so[0m
[ 27%] Built target rs_PrimitiveShapeAnnotator
[35m[1mScanning dependencies of target rs_PlaneAnnotator[0m
[ 28%] [32mBuilding CXX object src/detection/CMakeFiles/rs_PlaneAnnotator.dir/src/PlaneAnnotator.cpp.o[0m
[ 28%] Built target rs_SacModelAnnotator
[35m[1mScanning dependencies of target rs_PointCloudFilter[0m
[ 28%] [32mBuilding CXX object src/filter/CMakeFiles/rs_PointCloudFilter.dir/src/PointCloudFilter.cpp.o[0m
[ 29%] [32m[1mLinking CXX shared library /home/dtrimoul/PR2-Kinetic-Xenial/devel/.private/robosherlock/lib/rs_pclDescriptorExtractor.so[0m
[ 30%] [32m[1mLinking CXX shared library /home/dtrimoul/PR2-Kinetic-Xenial/devel/.private/robosherlock/lib/rs_BoardDetector.so[0m
[ 30%] Built target rs_SuperVoxelAnnotator
[35m[1mScanning dependencies of target rs_RegionFilter[0m
[ 31%] [32mBuilding CXX object src/filter/CMakeFiles/rs_RegionFilter.dir/src/RegionFilter.cpp.o[0m
[ 31%] Built target rs_BoardDetector
[ 32%] [32m[1mLinking CXX shared library /home/dtrimoul/PR2-Kinetic-Xenial/devel/.private/robosherlock/lib/rs_PlaneAnnotator.so[0m
[ 34%] [32m[1mLinking CXX shared library /home/dtrimoul/PR2-Kinetic-Xenial/devel/.private/robosherlock/lib/rs_PointCloudFilter.so[0m
[ 34%] Built target rs_pclDescriptorExtractor
[ 35%] [32m[1mLinking CXX shared library /home/dtrimoul/PR2-Kinetic-Xenial/devel/.private/robosherlock/lib/rs_RegionFilter.so[0m
[ 35%] Built target rs_PointCloudFilter
[ 35%] Built target rs_PlaneAnnotator
[ 35%] Built target rs_RegionFilter
[35m[1mScanning dependencies of target rs_ClusterFilter[0m
[ 36%] [32mBuilding CXX object src/filter/CMakeFiles/rs_ClusterFilter.dir/src/ClusterFilter.cpp.o[0m
[35m[1mScanning dependencies of target rs_utils[0m
[ 37%] [32mBuilding CXX object src/utils/CMakeFiles/rs_utils.dir/src/DepthImageProcessing.cpp.o[0m
[ 37%] [32mBuilding CXX object src/utils/CMakeFiles/rs_utils.dir/src/BlurDetector.cpp.o[0m
[ 38%] [32mBuilding CXX object src/utils/CMakeFiles/rs_utils.dir/src/Graph.cpp.o[0m
[ 39%] [32mBuilding CXX object src/utils/CMakeFiles/rs_utils.dir/src/WeightedGraph.cpp.o[0m
[ 39%] [32mBuilding CXX object src/utils/CMakeFiles/rs_utils.dir/src/DirectedGraph.cpp.o[0m
[ 40%] [32mBuilding CXX object src/utils/CMakeFiles/rs_utils.dir/src/GraphPrimitives.cpp.o[0m
[35m[1mScanning dependencies of target rs_KNNClassifier[0m
[ 42%] [32m[1mLinking CXX shared library /home/dtrimoul/PR2-Kinetic-Xenial/devel/.private/robosherlock/lib/librs_utils.so[0m
[35m[1mScanning dependencies of target rs_TFBroadcaster[0m
[ 42%] [32mBuilding CXX object src/recognition/CMakeFiles/rs_KNNClassifier.dir/src/KNNClassifier.cpp.o[0m
[ 43%] [32mBuilding CXX object src/io/CMakeFiles/rs_TFBroadcaster.dir/src/TFBroadcaster.cpp.o[0m
[ 43%] Built target rs_utils
[ 43%] [32m[1mLinking CXX shared library /home/dtrimoul/PR2-Kinetic-Xenial/devel/.private/robosherlock/lib/rs_ClusterFilter.so[0m
[35m[1mScanning dependencies of target rs_LinemodAnnotator[0m
[ 44%] [32mBuilding CXX object src/recognition/CMakeFiles/rs_LinemodAnnotator.dir/src/LinemodAnnotator.cpp.o[0m
[35m[1mScanning dependencies of target rs_ClassifierDetection[0m
[ 45%] [32m[1mLinking CXX shared library /home/dtrimoul/PR2-Kinetic-Xenial/devel/.private/robosherlock/lib/rs_KNNClassifier.so[0m
[ 46%] [32mBuilding CXX object src/recognition/CMakeFiles/rs_ClassifierDetection.dir/src/ClassifierDetection.cpp.o[0m
[35m[1mScanning dependencies of target rs_segmentation[0m
[ 46%] [32mBuilding CXX object src/segmentation/CMakeFiles/rs_segmentation.dir/src/ImageSegmentation.cpp.o[0m
[ 46%] Built target rs_ClusterFilter
[ 47%] [32mBuilding CXX object src/segmentation/CMakeFiles/rs_segmentation.dir/src/OverSegmenter.cpp.o[0m
[ 47%] Built target rs_KNNClassifier
[35m[1mScanning dependencies of target rs_PointCloudClusterExtractor[0m
[ 47%] [32mBuilding CXX object src/segmentation/CMakeFiles/rs_PointCloudClusterExtractor.dir/src/PointCloudClusterExtractor.cpp.o[0m
[ 48%] [32mBuilding CXX object src/segmentation/CMakeFiles/rs_segmentation.dir/src/RotationalSymmetryExtractor.cpp.o[0m
[ 48%] [32m[1mLinking CXX shared library /home/dtrimoul/PR2-Kinetic-Xenial/devel/.private/robosherlock/lib/rs_TFBroadcaster.so[0m
[ 48%] Built target rs_TFBroadcaster
[35m[1mScanning dependencies of target rs_PointCloudColorSegmentation[0m
[ 50%] [32mBuilding CXX object src/segmentation/CMakeFiles/rs_PointCloudColorSegmentation.dir/src/PointCloudColorSegmentation.cpp.o[0m
[ 50%] [32m[1mLinking CXX shared library /home/dtrimoul/PR2-Kinetic-Xenial/devel/.private/robosherlock/lib/rs_LinemodAnnotator.so[0m
[ 50%] [32mBuilding CXX object src/segmentation/CMakeFiles/rs_segmentation.dir/src/RotationalSymmetrySegmenter.cpp.o[0m
[ 50%] [32m[1mLinking CXX shared library /home/dtrimoul/PR2-Kinetic-Xenial/devel/.private/robosherlock/lib/rs_ClassifierDetection.so[0m
[ 50%] Built target rs_LinemodAnnotator
[35m[1mScanning dependencies of target rs_segmentationResultDisplayer[0m
[ 51%] [32mBuilding CXX object src/segmentation/CMakeFiles/rs_segmentationResultDisplayer.dir/src/SegmentationResultDisplayer.cpp.o[0m
[ 51%] Built target rs_ClassifierDetection
[ 52%] [32m[1mLinking CXX shared library /home/dtrimoul/PR2-Kinetic-Xenial/devel/.private/robosherlock/lib/rs_PointCloudClusterExtractor.so[0m
[ 52%] [32m[1mLinking CXX shared library /home/dtrimoul/PR2-Kinetic-Xenial/devel/.private/robosherlock/lib/rs_PointCloudColorSegmentation.so[0m
[ 53%] [32mBuilding CXX object src/segmentation/CMakeFiles/rs_segmentation.dir/src/BilateralSymmetryExtractor.cpp.o[0m
[ 54%] [32mBuilding CXX object src/segmentation/CMakeFiles/rs_segmentation.dir/src/BilateralSymmetrySegmenter.cpp.o[0m
[ 55%] [32m[1mLinking CXX shared library /home/dtrimoul/PR2-Kinetic-Xenial/devel/.private/robosherlock/lib/rs_segmentationResultDisplayer.so[0m
[35m[1mScanning dependencies of target rs_ClusterMerger[0m
[ 56%] [32mBuilding CXX object src/utils/CMakeFiles/rs_ClusterMerger.dir/src/ClusterMerger.cpp.o[0m
[ 56%] Built target rs_PointCloudClusterExtractor
[35m[1mScanning dependencies of target rs_PointCloudDownsampler[0m
[ 57%] [32mBuilding CXX object src/utils/CMakeFiles/rs_PointCloudDownsampler.dir/src/PointCloudDownsampler.cpp.o[0m
[ 57%] Built target rs_segmentationResultDisplayer
[35m[1mScanning dependencies of target rs_BlurDetectorAnnotator[0m
[ 57%] Built target rs_PointCloudColorSegmentation
[35m[1mScanning dependencies of target rs_ObjectIdentityResolution[0m
[ 59%] [32mBuilding CXX object src/utils/CMakeFiles/rs_BlurDetectorAnnotator.dir/src/BlurDetectorAnnotator.cpp.o[0m
[ 59%] [32mBuilding CXX object src/tracking/CMakeFiles/rs_ObjectIdentityResolution.dir/src/ObjectIdentityResolution.cpp.o[0m
[35m[1mScanning dependencies of target rs_ClusterTracker[0m
[ 60%] [32mBuilding CXX object src/tracking/CMakeFiles/rs_ClusterTracker.dir/src/ClusterTracker.cpp.o[0m
[ 61%] [32m[1mLinking CXX shared library /home/dtrimoul/PR2-Kinetic-Xenial/devel/.private/robosherlock/lib/rs_ClusterMerger.so[0m
[ 62%] [32m[1mLinking CXX shared library /home/dtrimoul/PR2-Kinetic-Xenial/devel/.private/robosherlock/lib/rs_PointCloudDownsampler.so[0m
[ 63%] [32m[1mLinking CXX shared library /home/dtrimoul/PR2-Kinetic-Xenial/devel/.private/robosherlock/lib/rs_BlurDetectorAnnotator.so[0m
[ 63%] [32m[1mLinking CXX shared library /home/dtrimoul/PR2-Kinetic-Xenial/devel/.private/robosherlock/lib/librs_segmentation.so[0m
[ 63%] Built target rs_ClusterMerger
[ 64%] [32m[1mLinking CXX shared library /home/dtrimoul/PR2-Kinetic-Xenial/devel/.private/robosherlock/lib/rs_ObjectIdentityResolution.so[0m
[35m[1mScanning dependencies of target rs_io[0m
[ 65%] [32mBuilding CXX object src/io/CMakeFiles/rs_io.dir/src/ROSCamInterface.cpp.o[0m
[ 65%] Built target rs_BlurDetectorAnnotator
[ 67%] [32mBuilding CXX object src/io/CMakeFiles/rs_io.dir/src/ROSKinectBridge.cpp.o[0m
[ 67%] [32m[1mLinking CXX shared library /home/dtrimoul/PR2-Kinetic-Xenial/devel/.private/robosherlock/lib/rs_ClusterTracker.so[0m
[ 67%] Built target rs_ObjectIdentityResolution
[ 67%] [32mBuilding CXX object src/io/CMakeFiles/rs_io.dir/src/ROSTangoBridge.cpp.o[0m
[ 67%] Built target rs_PointCloudDownsampler
[ 68%] [32mBuilding CXX object src/io/CMakeFiles/rs_io.dir/src/ROSThermalCamBridge.cpp.o[0m
[ 68%] Built target rs_ClusterTracker
[ 69%] [32mBuilding CXX object src/io/CMakeFiles/rs_io.dir/src/ROSCameraBridge.cpp.o[0m
[ 69%] [32mBuilding CXX object src/io/CMakeFiles/rs_io.dir/src/UnrealVisionBridge.cpp.o[0m
[ 70%] [32mBuilding CXX object src/io/CMakeFiles/rs_io.dir/src/UnrealROSIntegrationVisionBridge.cpp.o[0m
[01m[K/home/dtrimoul/PR2-Kinetic-Xenial/src/robosherlock/src/io/src/UnrealVisionBridge.cpp:[m[K In member function ‘[01m[Kvirtual bool UnrealVisionBridge::setData(uima::CAS&, uint64_t)[m[K’:
[01m[K/home/dtrimoul/PR2-Kinetic-Xenial/src/robosherlock/src/io/src/UnrealVisionBridge.cpp:281:12:[m[K [01;35m[Kwarning: [m[Kunused variable ‘[01m[Know[m[K’ [-Wunused-variable]
   uint64_t now = std::chrono::duration_cast<std::chrono::nanoseconds>(std::chrono::high_resolution_clock::now().time_since_epoch()).count();
[01;32m[K            ^[m[K
[ 70%] Built target rs_segmentation
[35m[1mScanning dependencies of target rs_transparentSegmentationAnnotator[0m
[35m[1mScanning dependencies of target rs_bilateralSymmetryAnnotator[0m
[ 70%] [32mBuilding CXX object src/segmentation/CMakeFiles/rs_transparentSegmentationAnnotator.dir/src/TransparentSegmentationAnnotator.cpp.o[0m
[ 70%] [32mBuilding CXX object src/segmentation/CMakeFiles/rs_bilateralSymmetryAnnotator.dir/src/BilateralSymmetryAnnotator.cpp.o[0m
[ 71%] [32mBuilding CXX object src/io/CMakeFiles/rs_io.dir/src/DataLoaderBridge.cpp.o[0m
[ 71%] [32mBuilding CXX object src/io/CMakeFiles/rs_io.dir/src/MongoDBBridge.cpp.o[0m
[ 72%] [32mBuilding CXX object src/io/CMakeFiles/rs_io.dir/src/Storage.cpp.o[0m
[ 73%] [32mBuilding CXX object src/io/CMakeFiles/rs_io.dir/src/visualizer.cpp.o[0m
[01m[K/home/dtrimoul/PR2-Kinetic-Xenial/src/robosherlock/src/io/src/Storage.cpp:[m[K In member function ‘[01m[Kvoid rs::Storage::setupDBScripts()[m[K’:
[01m[K/home/dtrimoul/PR2-Kinetic-Xenial/src/robosherlock/src/io/src/Storage.cpp:146:53:[m[K [01;35m[Kwarning: [m[K‘[01m[Kbool mongo::DBClientWithCommands::eval(const string&, const string&)[m[K’ is deprecated: deprecated in MongoDB 3.0 [-Wdeprecated-declarations]
     if(!db.eval(dbName, "function(){" + script + "}"))
[01;32m[K                                                     ^[m[K
In file included from [01m[K/opt/ros/kinetic/include/mongo/client/dbclient_rs.h:23:0[m[K,
                 from [01m[K/opt/ros/kinetic/include/mongo/client/dbclient.h:59[m[K,
                 from [01m[K/home/dtrimoul/PR2-Kinetic-Xenial/src/robosherlock/src/io/include/rs/io/Storage.h:28[m[K,
                 from [01m[K/home/dtrimoul/PR2-Kinetic-Xenial/src/robosherlock/src/io/src/Storage.cpp:30[m[K:
[01m[K/opt/ros/kinetic/include/mongo/client/dbclientinterface.h:1184:10:[m[K [01;36m[Knote: [m[Kdeclared here
     bool eval(const std::string& dbname, const std::string& jscode) {
[01;32m[K          ^[m[K
[35m[1mScanning dependencies of target rs_ImageSegmentationAnnotator[0m
[ 75%] [32mBuilding CXX object src/segmentation/CMakeFiles/rs_ImageSegmentationAnnotator.dir/src/ImageSegmentationAnnotator.cpp.o[0m
[35m[1mScanning dependencies of target rs_rotationalSymmetryAnnotator[0m
[ 76%] [32mBuilding CXX object src/segmentation/CMakeFiles/rs_rotationalSymmetryAnnotator.dir/src/RotationalSymmetryAnnotator.cpp.o[0m
[35m[1mScanning dependencies of target rs_rotationalSymmetrySegmentation[0m
In file included from [01m[K/home/dtrimoul/PR2-Kinetic-Xenial/src/robosherlock/src/io/src/visualizer.cpp:28:0[m[K:
[01m[K/home/dtrimoul/PR2-Kinetic-Xenial/src/robosherlock/src/io/include/rs/io/visualizer.h:[m[K In constructor ‘[01m[Krs::Visualizer::Visualizer(const string&, bool)[m[K’:
[01m[K/home/dtrimoul/PR2-Kinetic-Xenial/src/robosherlock/src/io/include/rs/io/visualizer.h:70:19:[m[K [01;35m[Kwarning: [m[K‘[01m[Krs::Visualizer::nh[m[K’ will be initialized after [-Wreorder]
   ros::NodeHandle nh;
[01;32m[K                   ^[m[K
[01m[K/home/dtrimoul/PR2-Kinetic-Xenial/src/robosherlock/src/io/include/rs/io/visualizer.h:63:14:[m[K [01;35m[Kwarning: [m[K  ‘[01m[Kbool rs::Visualizer::headless_[m[K’ [-Wreorder]
   bool save, headless_;
[01;32m[K              ^[m[K
[01m[K/home/dtrimoul/PR2-Kinetic-Xenial/src/robosherlock/src/io/src/visualizer.cpp:34:1:[m[K [01;35m[Kwarning: [m[K  when initialized here [-Wreorder]
 Visualizer::Visualizer(const std::string &savePath, bool headless) : windowImage("Image Viewer"), windowCloud("Cloud Viewer"), annotator(NULL), names(), index(0),
[01;32m[K ^[m[K
[ 77%] [32mBuilding CXX object src/segmentation/CMakeFiles/rs_rotationalSymmetrySegmentation.dir/src/RotationalSymmetrySegmentation.cpp.o[0m
[ 78%] [32m[1mLinking CXX shared library /home/dtrimoul/PR2-Kinetic-Xenial/devel/.private/robosherlock/lib/rs_transparentSegmentationAnnotator.so[0m
[ 79%] [32m[1mLinking CXX shared library /home/dtrimoul/PR2-Kinetic-Xenial/devel/.private/robosherlock/lib/rs_bilateralSymmetryAnnotator.so[0m
[ 79%] [32m[1mLinking CXX shared library /home/dtrimoul/PR2-Kinetic-Xenial/devel/.private/robosherlock/lib/librs_io.so[0m
[ 79%] Built target rs_transparentSegmentationAnnotator
[35m[1mScanning dependencies of target rs_bilateralSymmetrySegmentation[0m
[ 80%] [32mBuilding CXX object src/segmentation/CMakeFiles/rs_bilateralSymmetrySegmentation.dir/src/BilateralSymmetrySegmentation.cpp.o[0m
[ 81%] [32m[1mLinking CXX shared library /home/dtrimoul/PR2-Kinetic-Xenial/devel/.private/robosherlock/lib/rs_ImageSegmentationAnnotator.so[0m
[ 81%] Built target rs_bilateralSymmetryAnnotator
[35m[1mScanning dependencies of target rs_overSegmentationAnnotator[0m
[ 82%] [32mBuilding CXX object src/segmentation/CMakeFiles/rs_overSegmentationAnnotator.dir/src/OverSegmentationAnnotator.cpp.o[0m
[ 82%] [32m[1mLinking CXX shared library /home/dtrimoul/PR2-Kinetic-Xenial/devel/.private/robosherlock/lib/rs_rotationalSymmetryAnnotator.so[0m
[ 84%] [32m[1mLinking CXX shared library /home/dtrimoul/PR2-Kinetic-Xenial/devel/.private/robosherlock/lib/rs_rotationalSymmetrySegmentation.so[0m
[ 84%] Built target rs_ImageSegmentationAnnotator
[35m[1mScanning dependencies of target rs_ImagePreprocessor[0m
[ 84%] Built target rs_io
[ 85%] [32mBuilding CXX object src/utils/CMakeFiles/rs_ImagePreprocessor.dir/src/ImagePreprocessor.cpp.o[0m
[35m[1mScanning dependencies of target rs_CollectionReader[0m
[ 86%] [32mBuilding CXX object src/io/CMakeFiles/rs_CollectionReader.dir/src/CollectionReader.cpp.o[0m
[ 86%] Built target rs_rotationalSymmetryAnnotator
[35m[1mScanning dependencies of target rs_StorageWriter[0m
[ 87%] [32mBuilding CXX object src/io/CMakeFiles/rs_StorageWriter.dir/src/StorageWriter.cpp.o[0m
[ 87%] Built target rs_rotationalSymmetrySegmentation
[35m[1mScanning dependencies of target rs_Trigger[0m
[ 88%] [32mBuilding CXX object src/utils/CMakeFiles/rs_Trigger.dir/src/Trigger.cpp.o[0m
[ 88%] [32m[1mLinking CXX shared library /home/dtrimoul/PR2-Kinetic-Xenial/devel/.private/robosherlock/lib/rs_bilateralSymmetrySegmentation.so[0m
[ 89%] [32m[1mLinking CXX shared library /home/dtrimoul/PR2-Kinetic-Xenial/devel/.private/robosherlock/lib/rs_overSegmentationAnnotator.so[0m
[ 90%] [32m[1mLinking CXX shared library /home/dtrimoul/PR2-Kinetic-Xenial/devel/.private/robosherlock/lib/rs_CollectionReader.so[0m
[ 90%] [32m[1mLinking CXX shared library /home/dtrimoul/PR2-Kinetic-Xenial/devel/.private/robosherlock/lib/rs_StorageWriter.so[0m
[ 90%] [32m[1mLinking CXX shared library /home/dtrimoul/PR2-Kinetic-Xenial/devel/.private/robosherlock/lib/rs_ImagePreprocessor.so[0m
[ 90%] Built target rs_bilateralSymmetrySegmentation
[35m[1mScanning dependencies of target rs_flowcontrol[0m
[ 90%] [32mBuilding CXX object src/flowcontrol/CMakeFiles/rs_flowcontrol.dir/src/RSAnalysisEngine.cpp.o[0m
[ 90%] Built target rs_CollectionReader
[ 92%] [32mBuilding CXX object src/flowcontrol/CMakeFiles/rs_flowcontrol.dir/src/RSPipelineManager.cpp.o[0m
[ 92%] Built target rs_overSegmentationAnnotator
[ 93%] [32mBuilding CXX object src/flowcontrol/CMakeFiles/rs_flowcontrol.dir/src/RSControledAnalysisEngine.cpp.o[0m
[ 93%] Built target rs_StorageWriter
[ 93%] [32mBuilding CXX object src/flowcontrol/CMakeFiles/rs_flowcontrol.dir/src/RSProcessManager.cpp.o[0m
[ 94%] [32m[1mLinking CXX shared library /home/dtrimoul/PR2-Kinetic-Xenial/devel/.private/robosherlock/lib/rs_Trigger.so[0m
[ 94%] Built target rs_ImagePreprocessor
[ 95%] [32mBuilding CXX object src/flowcontrol/CMakeFiles/rs_flowcontrol.dir/src/RSParallelPipelinePlanner.cpp.o[0m
[ 96%] [32mBuilding CXX object src/flowcontrol/CMakeFiles/rs_flowcontrol.dir/src/RSAggregatedAnalysisEngine.cpp.o[0m
[ 96%] Built target rs_Trigger
/home/dtrimoul/PR2-Kinetic-Xenial/src/robosherlock/src/flowcontrol/src/RSControledAnalysisEngine.cpp: In instantiation of ‘[01m[Kbool RSControledAnalysisEngine::drawResulstOnImage(const std::vector<bool>&, const std::vector<std::__cxx11::basic_string<char> >&, std::__cxx11::string&) [with T = rs::Object; std::__cxx11::string = std::__cxx11::basic_string<char>][m[K’:
[01m[K/home/dtrimoul/PR2-Kinetic-Xenial/src/robosherlock/src/flowcontrol/src/RSControledAnalysisEngine.cpp:404:29:[m[K   required from here
[01m[K/home/dtrimoul/PR2-Kinetic-Xenial/src/robosherlock/src/flowcontrol/src/RSControledAnalysisEngine.cpp:229:12:[m[K [01;35m[Kwarning: [m[Kunused variable ‘[01m[Know[m[K’ [-Wunused-variable]
   uint64_t now = sceneCas.getScene().timestamp();
[01;32m[K            ^[m[K
/home/dtrimoul/PR2-Kinetic-Xenial/src/robosherlock/src/flowcontrol/src/RSControledAnalysisEngine.cpp: In instantiation of ‘[01m[Kbool RSControledAnalysisEngine::drawResulstOnImage(const std::vector<bool>&, const std::vector<std::__cxx11::basic_string<char> >&, std::__cxx11::string&) [with T = rs::Cluster; std::__cxx11::string = std::__cxx11::basic_string<char>][m[K’:
[01m[K/home/dtrimoul/PR2-Kinetic-Xenial/src/robosherlock/src/flowcontrol/src/RSControledAnalysisEngine.cpp:408:29:[m[K   required from here
[01m[K/home/dtrimoul/PR2-Kinetic-Xenial/src/robosherlock/src/flowcontrol/src/RSControledAnalysisEngine.cpp:229:12:[m[K [01;35m[Kwarning: [m[Kunused variable ‘[01m[Know[m[K’ [-Wunused-variable]
[01m[K/home/dtrimoul/PR2-Kinetic-Xenial/src/robosherlock/src/flowcontrol/src/RSAggregatedAnalysisEngine.cpp:[m[K In member function ‘[01m[Kuima::TyErrorId RSAggregatedAnalysisEngine::annotatorProcess(int, uima::CAS&, uima::ResultSpecification&)[m[K’:
[01m[K/home/dtrimoul/PR2-Kinetic-Xenial/src/robosherlock/src/flowcontrol/src/RSAggregatedAnalysisEngine.cpp:105:12:[m[K [01;35m[Kwarning: [m[Kconverting to non-pointer type ‘[01m[Klong int[m[K’ from NULL [-Wconversion-null]
     return NULL;
[01;32m[K            ^[m[K
[ 96%] [32m[1mLinking CXX shared library /home/dtrimoul/PR2-Kinetic-Xenial/devel/.private/robosherlock/lib/librs_flowcontrol.so[0m
[ 96%] Built target rs_flowcontrol
[35m[1mScanning dependencies of target test_reconfig[0m
[ 97%] [32mBuilding CXX object src/utils/CMakeFiles/test_reconfig.dir/src/test_reconfig.cpp.o[0m
[ 98%] [32m[1mLinking CXX executable /home/dtrimoul/PR2-Kinetic-Xenial/devel/.private/robosherlock/lib/robosherlock/test_reconfig[0m
[ 98%] Built target test_reconfig
[35m[1mScanning dependencies of target run[0m
[ 98%] [32mBuilding CXX object src/flowcontrol/CMakeFiles/run.dir/src/run.cpp.o[0m
[100%] [32m[1mLinking CXX executable /home/dtrimoul/PR2-Kinetic-Xenial/devel/.private/robosherlock/lib/robosherlock/run[0m
[100%] Built target run
