[  0%] Built target robosherlock_msgs_generate_messages_cpp
Searching for files...
Checking for modification...
Files not modified. Nothing to do.
searching for annotators...
[  0%] Built target robosherlock_generate_type_system
found 41 annotator...
searching for analysis engines...
found 5 analysis engines...
checking for modification...
Files not modified. Nothing to do.
[  0%] Built target robosherlock_update_analysis_engines
[  1%] Built target rs_recognition
[  4%] Built target rs_queryanswering
[ 13%] Built target rs_core
[ 14%] Built target rs_FeatureAnnotator
[ 15%] Built target rs_ClusterTFLocationAnnotator
[ 17%] Built target rs_ClusterColorHistogramCalculator
[ 18%] Built target rs_PCLVFHFeatureExtractor
[ 20%] Built target rs_Cluster3DGeometryAnnotator
[ 21%] Built target rs_SacModelAnnotator
[ 23%] Built target rs_SuperVoxelAnnotator
[ 25%] Built target rs_PrimitiveShapeAnnotator
[ 27%] Built target rs_NormalEstimator
[ 29%] Built target rs_pclDescriptorExtractor
[ 29%] Built target rs_BoardDetector
[ 31%] Built target rs_PlaneAnnotator
[ 32%] Built target rs_PointCloudFilter
[ 34%] Built target rs_KNNClassifier
[ 40%] Built target rs_ClusterFilter
[ 40%] Built target rs_utils
[ 44%] Built target rs_RegionFilter
[ 44%] Built target rs_LinemodAnnotator
[ 45%] Built target rs_TFBroadcaster
[ 46%] Built target rs_ClassifierDetection
[ 48%] Built target rs_ClusterMerger
[ 51%] Built target rs_segmentationResultDisplayer
[ 53%] Built target rs_PointCloudDownsampler
[ 54%] Built target rs_PointCloudColorSegmentation
[ 59%] Built target rs_segmentation
[ 61%] Built target rs_PointCloudClusterExtractor
[ 62%] Built target rs_BlurDetectorAnnotator
[ 63%] Built target rs_ObjectIdentityResolution
[ 65%] Built target rs_ImageSegmentationAnnotator
[ 67%] Built target rs_rotationalSymmetryAnnotator
[ 68%] Built target rs_ClusterTracker
[ 69%] Built target rs_transparentSegmentationAnnotator
[ 70%] Built target rs_bilateralSymmetryAnnotator
[ 72%] Built target rs_rotationalSymmetrySegmentation
[ 73%] Built target rs_bilateralSymmetrySegmentation
[ 77%] Built target rs_overSegmentationAnnotator
[ 77%] Built target rs_ImagePreprocessor
[ 86%] Built target rs_io
[ 87%] Built target rs_StorageWriter
[ 89%] Built target rs_Trigger
[ 92%] Built target rs_CollectionReader
[ 96%] Built target rs_flowcontrol
[ 98%] Built target test_reconfig
[100%] Built target run
