Linked: (/home/david/PR2-Kinetic-Xenial/devel/.private/robosherlock/share/robosherlock/cmake/robosherlockConfig-version.cmake, /home/david/PR2-Kinetic-Xenial/devel/share/robosherlock/cmake/robosherlockConfig-version.cmake)
Linked: (/home/david/PR2-Kinetic-Xenial/devel/.private/robosherlock/share/robosherlock/cmake/robosherlock.cmake, /home/david/PR2-Kinetic-Xenial/devel/share/robosherlock/cmake/robosherlock.cmake)
Linked: (/home/david/PR2-Kinetic-Xenial/devel/.private/robosherlock/share/robosherlock/cmake/robosherlockConfig.cmake, /home/david/PR2-Kinetic-Xenial/devel/share/robosherlock/cmake/robosherlockConfig.cmake)
Linked: (/home/david/PR2-Kinetic-Xenial/devel/.private/robosherlock/lib/rs_BlurDetectorAnnotator.so, /home/david/PR2-Kinetic-Xenial/devel/lib/rs_BlurDetectorAnnotator.so)
Linked: (/home/david/PR2-Kinetic-Xenial/devel/.private/robosherlock/lib/librs_flowcontrol.so, /home/david/PR2-Kinetic-Xenial/devel/lib/librs_flowcontrol.so)
Linked: (/home/david/PR2-Kinetic-Xenial/devel/.private/robosherlock/lib/rs_PlaneAnnotator.so, /home/david/PR2-Kinetic-Xenial/devel/lib/rs_PlaneAnnotator.so)
Linked: (/home/david/PR2-Kinetic-Xenial/devel/.private/robosherlock/lib/librs_utils.so, /home/david/PR2-Kinetic-Xenial/devel/lib/librs_utils.so)
Linked: (/home/david/PR2-Kinetic-Xenial/devel/.private/robosherlock/lib/rs_rotationalSymmetryAnnotator.so, /home/david/PR2-Kinetic-Xenial/devel/lib/rs_rotationalSymmetryAnnotator.so)
Linked: (/home/david/PR2-Kinetic-Xenial/devel/.private/robosherlock/lib/rs_TFBroadcaster.so, /home/david/PR2-Kinetic-Xenial/devel/lib/rs_TFBroadcaster.so)
Linked: (/home/david/PR2-Kinetic-Xenial/devel/.private/robosherlock/lib/librs_io.so, /home/david/PR2-Kinetic-Xenial/devel/lib/librs_io.so)
Linked: (/home/david/PR2-Kinetic-Xenial/devel/.private/robosherlock/lib/rs_transparentSegmentationAnnotator.so, /home/david/PR2-Kinetic-Xenial/devel/lib/rs_transparentSegmentationAnnotator.so)
Linked: (/home/david/PR2-Kinetic-Xenial/devel/.private/robosherlock/lib/rs_CollectionReader.so, /home/david/PR2-Kinetic-Xenial/devel/lib/rs_CollectionReader.so)
Linked: (/home/david/PR2-Kinetic-Xenial/devel/.private/robosherlock/lib/rs_ClassifierDetection.so, /home/david/PR2-Kinetic-Xenial/devel/lib/rs_ClassifierDetection.so)
Linked: (/home/david/PR2-Kinetic-Xenial/devel/.private/robosherlock/lib/rs_segmentationResultDisplayer.so, /home/david/PR2-Kinetic-Xenial/devel/lib/rs_segmentationResultDisplayer.so)
Linked: (/home/david/PR2-Kinetic-Xenial/devel/.private/robosherlock/lib/librs_core.so, /home/david/PR2-Kinetic-Xenial/devel/lib/librs_core.so)
Linked: (/home/david/PR2-Kinetic-Xenial/devel/.private/robosherlock/lib/rs_PointCloudClusterExtractor.so, /home/david/PR2-Kinetic-Xenial/devel/lib/rs_PointCloudClusterExtractor.so)
Linked: (/home/david/PR2-Kinetic-Xenial/devel/.private/robosherlock/lib/rs_Trigger.so, /home/david/PR2-Kinetic-Xenial/devel/lib/rs_Trigger.so)
Linked: (/home/david/PR2-Kinetic-Xenial/devel/.private/robosherlock/lib/rs_ClusterTracker.so, /home/david/PR2-Kinetic-Xenial/devel/lib/rs_ClusterTracker.so)
Linked: (/home/david/PR2-Kinetic-Xenial/devel/.private/robosherlock/lib/rs_NormalEstimator.so, /home/david/PR2-Kinetic-Xenial/devel/lib/rs_NormalEstimator.so)
Linked: (/home/david/PR2-Kinetic-Xenial/devel/.private/robosherlock/lib/rs_overSegmentationAnnotator.so, /home/david/PR2-Kinetic-Xenial/devel/lib/rs_overSegmentationAnnotator.so)
Linked: (/home/david/PR2-Kinetic-Xenial/devel/.private/robosherlock/lib/rs_ClusterColorHistogramCalculator.so, /home/david/PR2-Kinetic-Xenial/devel/lib/rs_ClusterColorHistogramCalculator.so)
Linked: (/home/david/PR2-Kinetic-Xenial/devel/.private/robosherlock/lib/rs_ImagePreprocessor.so, /home/david/PR2-Kinetic-Xenial/devel/lib/rs_ImagePreprocessor.so)
Linked: (/home/david/PR2-Kinetic-Xenial/devel/.private/robosherlock/lib/rs_bilateralSymmetrySegmentation.so, /home/david/PR2-Kinetic-Xenial/devel/lib/rs_bilateralSymmetrySegmentation.so)
Linked: (/home/david/PR2-Kinetic-Xenial/devel/.private/robosherlock/lib/librs_queryanswering.so, /home/david/PR2-Kinetic-Xenial/devel/lib/librs_queryanswering.so)
Linked: (/home/david/PR2-Kinetic-Xenial/devel/.private/robosherlock/lib/rs_ObjectIdentityResolution.so, /home/david/PR2-Kinetic-Xenial/devel/lib/rs_ObjectIdentityResolution.so)
Linked: (/home/david/PR2-Kinetic-Xenial/devel/.private/robosherlock/lib/rs_LinemodAnnotator.so, /home/david/PR2-Kinetic-Xenial/devel/lib/rs_LinemodAnnotator.so)
Linked: (/home/david/PR2-Kinetic-Xenial/devel/.private/robosherlock/lib/rs_pclDescriptorExtractor.so, /home/david/PR2-Kinetic-Xenial/devel/lib/rs_pclDescriptorExtractor.so)
Linked: (/home/david/PR2-Kinetic-Xenial/devel/.private/robosherlock/lib/rs_ClusterFilter.so, /home/david/PR2-Kinetic-Xenial/devel/lib/rs_ClusterFilter.so)
Linked: (/home/david/PR2-Kinetic-Xenial/devel/.private/robosherlock/lib/rs_PCLVFHFeatureExtractor.so, /home/david/PR2-Kinetic-Xenial/devel/lib/rs_PCLVFHFeatureExtractor.so)
Linked: (/home/david/PR2-Kinetic-Xenial/devel/.private/robosherlock/lib/rs_ClusterTFLocationAnnotator.so, /home/david/PR2-Kinetic-Xenial/devel/lib/rs_ClusterTFLocationAnnotator.so)
Linked: (/home/david/PR2-Kinetic-Xenial/devel/.private/robosherlock/lib/librs_segmentation.so, /home/david/PR2-Kinetic-Xenial/devel/lib/librs_segmentation.so)
Linked: (/home/david/PR2-Kinetic-Xenial/devel/.private/robosherlock/lib/rs_PointCloudFilter.so, /home/david/PR2-Kinetic-Xenial/devel/lib/rs_PointCloudFilter.so)
Linked: (/home/david/PR2-Kinetic-Xenial/devel/.private/robosherlock/lib/rs_FeatureAnnotator.so, /home/david/PR2-Kinetic-Xenial/devel/lib/rs_FeatureAnnotator.so)
Linked: (/home/david/PR2-Kinetic-Xenial/devel/.private/robosherlock/lib/rs_PointCloudColorSegmentation.so, /home/david/PR2-Kinetic-Xenial/devel/lib/rs_PointCloudColorSegmentation.so)
Linked: (/home/david/PR2-Kinetic-Xenial/devel/.private/robosherlock/lib/rs_rotationalSymmetrySegmentation.so, /home/david/PR2-Kinetic-Xenial/devel/lib/rs_rotationalSymmetrySegmentation.so)
Linked: (/home/david/PR2-Kinetic-Xenial/devel/.private/robosherlock/lib/rs_ImageSegmentationAnnotator.so, /home/david/PR2-Kinetic-Xenial/devel/lib/rs_ImageSegmentationAnnotator.so)
Linked: (/home/david/PR2-Kinetic-Xenial/devel/.private/robosherlock/lib/rs_BoardDetector.so, /home/david/PR2-Kinetic-Xenial/devel/lib/rs_BoardDetector.so)
Linked: (/home/david/PR2-Kinetic-Xenial/devel/.private/robosherlock/lib/rs_RegionFilter.so, /home/david/PR2-Kinetic-Xenial/devel/lib/rs_RegionFilter.so)
Linked: (/home/david/PR2-Kinetic-Xenial/devel/.private/robosherlock/lib/rs_SuperVoxelAnnotator.so, /home/david/PR2-Kinetic-Xenial/devel/lib/rs_SuperVoxelAnnotator.so)
Linked: (/home/david/PR2-Kinetic-Xenial/devel/.private/robosherlock/lib/librs_recognition.so, /home/david/PR2-Kinetic-Xenial/devel/lib/librs_recognition.so)
Linked: (/home/david/PR2-Kinetic-Xenial/devel/.private/robosherlock/lib/rs_SacModelAnnotator.so, /home/david/PR2-Kinetic-Xenial/devel/lib/rs_SacModelAnnotator.so)
Linked: (/home/david/PR2-Kinetic-Xenial/devel/.private/robosherlock/lib/rs_KNNClassifier.so, /home/david/PR2-Kinetic-Xenial/devel/lib/rs_KNNClassifier.so)
Linked: (/home/david/PR2-Kinetic-Xenial/devel/.private/robosherlock/lib/rs_ClusterMerger.so, /home/david/PR2-Kinetic-Xenial/devel/lib/rs_ClusterMerger.so)
Linked: (/home/david/PR2-Kinetic-Xenial/devel/.private/robosherlock/lib/rs_Cluster3DGeometryAnnotator.so, /home/david/PR2-Kinetic-Xenial/devel/lib/rs_Cluster3DGeometryAnnotator.so)
Linked: (/home/david/PR2-Kinetic-Xenial/devel/.private/robosherlock/lib/rs_PointCloudDownsampler.so, /home/david/PR2-Kinetic-Xenial/devel/lib/rs_PointCloudDownsampler.so)
Linked: (/home/david/PR2-Kinetic-Xenial/devel/.private/robosherlock/lib/rs_PrimitiveShapeAnnotator.so, /home/david/PR2-Kinetic-Xenial/devel/lib/rs_PrimitiveShapeAnnotator.so)
Linked: (/home/david/PR2-Kinetic-Xenial/devel/.private/robosherlock/lib/rs_bilateralSymmetryAnnotator.so, /home/david/PR2-Kinetic-Xenial/devel/lib/rs_bilateralSymmetryAnnotator.so)
Linked: (/home/david/PR2-Kinetic-Xenial/devel/.private/robosherlock/lib/rs_StorageWriter.so, /home/david/PR2-Kinetic-Xenial/devel/lib/rs_StorageWriter.so)
Linked: (/home/david/PR2-Kinetic-Xenial/devel/.private/robosherlock/lib/robosherlock/test_reconfig, /home/david/PR2-Kinetic-Xenial/devel/lib/robosherlock/test_reconfig)
Linked: (/home/david/PR2-Kinetic-Xenial/devel/.private/robosherlock/lib/robosherlock/run, /home/david/PR2-Kinetic-Xenial/devel/lib/robosherlock/run)
Linked: (/home/david/PR2-Kinetic-Xenial/devel/.private/robosherlock/lib/pkgconfig/robosherlock.pc, /home/david/PR2-Kinetic-Xenial/devel/lib/pkgconfig/robosherlock.pc)
