[36m--[0m OpenMP found.
[36m--[0m Ouput level set to: 2
[36m--[0m find path: /home/david/PR2-Kinetic-Xenial/src/robosherlock/
[36m--[0m executed: find /home/david/PR2-Kinetic-Xenial/src/robosherlock  -name;include;-type;d
[36m--[0m found include path: /home/david/PR2-Kinetic-Xenial/src/robosherlock/src/segmentation/include
/home/david/PR2-Kinetic-Xenial/src/robosherlock/src/core/include
/home/david/PR2-Kinetic-Xenial/src/robosherlock/src/recognition/include
/home/david/PR2-Kinetic-Xenial/src/robosherlock/src/io/include
/home/david/PR2-Kinetic-Xenial/src/robosherlock/src/queryanswering/include
/home/david/PR2-Kinetic-Xenial/src/robosherlock/src/flowcontrol/include
/home/david/PR2-Kinetic-Xenial/src/robosherlock/src/annotation/include
/home/david/PR2-Kinetic-Xenial/src/robosherlock/src/utils/include

[36m--[0m RS_DEBUG_OUTPUT deactivated
[36m--[0m Using CATKIN_DEVEL_PREFIX: /home/david/PR2-Kinetic-Xenial/devel/.private/robosherlock
[36m--[0m Using CMAKE_PREFIX_PATH: /home/david/PR2-Kinetic-Xenial/devel;/opt/ros/kinetic
[36m--[0m This workspace overlays: /home/david/PR2-Kinetic-Xenial/devel;/opt/ros/kinetic
[36m--[0m Using PYTHON_EXECUTABLE: /usr/bin/python
[36m--[0m Using Debian Python package layout
[36m--[0m Using empy: /usr/bin/empy
[36m--[0m Using CATKIN_ENABLE_TESTING: ON
[36m--[0m Call enable_testing()
[36m--[0m Using CATKIN_TEST_RESULTS_DIR: /home/david/PR2-Kinetic-Xenial/build/robosherlock/test_results
[36m--[0m Found gmock sources under '/usr/src/gmock': gmock will be built
[36m--[0m Found gtest sources under '/usr/src/gmock': gtests will be built
[36m--[0m Using Python nosetests: /usr/bin/nosetests-2.7
[36m--[0m catkin 0.7.11
[36m--[0m Using these message generators: gencpp;geneus;genlisp;gennodejs;genpy
[36m--[0m Boost version: 1.58.0
[36m--[0m Found the following Boost libraries:
[36m--[0m   system
[36m--[0m   filesystem
[36m--[0m   thread
[36m--[0m   date_time
[36m--[0m   iostreams
[36m--[0m   serialization
[36m--[0m   chrono
[36m--[0m   atomic
[36m--[0m   regex
** WARNING ** io features related to pcap will be disabled
** WARNING ** io features related to png will be disabled
[36m--[0m The imported target "vtkRenderingPythonTkWidgets" references the file
   "/usr/lib/x86_64-linux-gnu/libvtkRenderingPythonTkWidgets.so"
but this file does not exist.  Possible reasons include:
* The file was deleted, renamed, or moved to another location.
* An install or uninstall procedure did not complete successfully.
* The installation package was faulty and contained
   "/usr/lib/cmake/vtk-6.2/VTKTargets.cmake"
but not all the files it references.

[36m--[0m The imported target "vtk" references the file
   "/usr/bin/vtk"
but this file does not exist.  Possible reasons include:
* The file was deleted, renamed, or moved to another location.
* An install or uninstall procedure did not complete successfully.
* The installation package was faulty and contained
   "/usr/lib/cmake/vtk-6.2/VTKTargets.cmake"
but not all the files it references.

[36m--[0m looking for PCL_COMMON
[36m--[0m looking for PCL_KDTREE
[36m--[0m looking for PCL_OCTREE
[36m--[0m looking for PCL_SEARCH
[36m--[0m looking for PCL_IO
[36m--[0m looking for PCL_SAMPLE_CONSENSUS
[36m--[0m looking for PCL_FILTERS
[36m--[0m looking for PCL_GEOMETRY
[36m--[0m looking for PCL_FEATURES
[36m--[0m looking for PCL_SEGMENTATION
[36m--[0m looking for PCL_SURFACE
[36m--[0m looking for PCL_REGISTRATION
[36m--[0m looking for PCL_RECOGNITION
[36m--[0m looking for PCL_KEYPOINTS
[36m--[0m looking for PCL_VISUALIZATION
[36m--[0m looking for PCL_PEOPLE
[36m--[0m looking for PCL_OUTOFCORE
[36m--[0m looking for PCL_TRACKING
[36m--[0m looking for PCL_APPS
[36m--[0m Could NOT find PCL_APPS (missing:  PCL_APPS_LIBRARY)
[36m--[0m looking for PCL_MODELER
[36m--[0m looking for PCL_IN_HAND_SCANNER
[36m--[0m looking for PCL_POINT_CLOUD_EDITOR
[36m--[0m Boost version: 1.58.0
[36m--[0m Found the following Boost libraries:
[36m--[0m   system
[36m--[0m   thread
[36m--[0m   date_time
[36m--[0m   python
[36m--[0m   chrono
[36m--[0m   atomic
[36m--[0m Found ICUUC Library: /usr/lib/x86_64-linux-gnu/libicuuc.so
[36m--[0m libpracmln NOT FOUND. Related annotators will not be build!
[36m--[0m Found Protobuf.
[36m--[0m RapidJSON found. Headers: /usr/include
[36m--[0m json_prolog NOT FOUND. No Queryanswering will be available.
[33m[1mCMake Warning[0m at /opt/ros/kinetic/share/catkin/cmake/catkin_package.cmake:166 (message):
  catkin_package() DEPENDS on 'APR' but neither 'APR_INCLUDE_DIRS' nor
  'APR_LIBRARIES' is defined.
[36mCall Stack (most recent call first):[0m
  /opt/ros/kinetic/share/catkin/cmake/catkin_package.cmake:102 (_catkin_package)
  CMakeLists.txt:146 (catkin_package)


[36m--[0m Configuring done
[36m--[0m Generating done
[36m--[0m Build files have been written to: /home/david/PR2-Kinetic-Xenial/build/robosherlock
