searching for annotators...
found 41 annotator...
searching for analysis engines...
found 5 analysis engines...
checking for modification...
[  0%] Built target robosherlock_msgs_generate_messages_cpp
Files not modified. Nothing to do.
Searching for files...
[  1%] Built target rs_recognition
Checking for modification...
Files not modified. Nothing to do.
[  1%] Built target robosherlock_update_analysis_engines
[  1%] Built target robosherlock_generate_type_system
[  4%] Built target rs_queryanswering
[ 13%] Built target rs_core
[ 15%] Built target rs_NormalEstimator
[ 17%] Built target rs_FeatureAnnotator
[ 19%] Built target rs_ClusterColorHistogramCalculator
[ 19%] Built target rs_PCLVFHFeatureExtractor
[ 21%] Built target rs_Cluster3DGeometryAnnotator
[ 22%] Built target rs_SacModelAnnotator
[ 23%] Built target rs_PrimitiveShapeAnnotator
[ 25%] Built target rs_ClusterTFLocationAnnotator
[ 26%] Built target rs_pclDescriptorExtractor
[ 28%] Built target rs_SuperVoxelAnnotator
[ 29%] Built target rs_PointCloudFilter
[ 35%] Built target rs_RegionFilter
[ 36%] Built target rs_PlaneAnnotator
[ 39%] Built target rs_utils
[ 40%] Built target rs_ClusterFilter
[ 42%] Built target rs_TFBroadcaster
[ 43%] Built target rs_BoardDetector
[ 44%] Built target rs_KNNClassifier
[ 45%] Built target rs_LinemodAnnotator
[ 46%] Built target rs_ClassifierDetection
[ 52%] Built target rs_segmentation
[ 53%] Built target rs_PointCloudColorSegmentation
[ 53%] Built target rs_PointCloudClusterExtractor
[ 55%] Built target rs_ClusterMerger
[ 60%] Built target rs_BlurDetectorAnnotator
[ 60%] Built target rs_segmentationResultDisplayer
[ 62%] Built target rs_PointCloudDownsampler
[ 63%] Built target rs_ObjectIdentityResolution
[ 64%] Built target rs_ClusterTracker
[ 65%] Built target rs_bilateralSymmetryAnnotator
[ 68%] Built target rs_ImageSegmentationAnnotator
[ 69%] Built target rs_transparentSegmentationAnnotator
[ 71%] Built target rs_rotationalSymmetrySegmentation
[ 72%] Built target rs_bilateralSymmetrySegmentation
[ 73%] Built target rs_rotationalSymmetryAnnotator
[ 75%] Built target rs_ImagePreprocessor
[ 84%] Built target rs_io
[ 86%] Built target rs_overSegmentationAnnotator
[ 88%] Built target rs_CollectionReader
[ 89%] Built target rs_StorageWriter
[ 92%] Built target rs_Trigger
[ 96%] Built target rs_flowcontrol
[ 98%] Built target test_reconfig
[100%] Built target run
