[  0%] Built target robosherlock_msgs_generate_messages_cpp
[  1%] Built target rs_recognition
searching for annotators...
Searching for files...
Checking for modification...
Files not modified. Nothing to do.
found 41 annotator...
searching for analysis engines...
found 5 analysis engines...
checking for modification...
Files not modified. Nothing to do.
[  1%] Built target robosherlock_generate_type_system
[  1%] Built target robosherlock_update_analysis_engines
[  4%] Built target rs_queryanswering
[ 13%] Built target rs_core
[ 14%] Built target rs_FeatureAnnotator
[ 15%] Built target rs_SacModelAnnotator
[ 17%] Built target rs_ClusterTFLocationAnnotator
[ 20%] Built target rs_PCLVFHFeatureExtractor
[ 23%] Built target rs_PrimitiveShapeAnnotator
[ 23%] Built target rs_NormalEstimator
[ 23%] Built target rs_ClusterColorHistogramCalculator
[ 25%] Built target rs_Cluster3DGeometryAnnotator
[ 27%] Built target rs_SuperVoxelAnnotator
[ 28%] Built target rs_pclDescriptorExtractor
[ 29%] Built target rs_BoardDetector
[ 31%] Built target rs_PlaneAnnotator
[ 38%] Built target rs_RegionFilter
[ 38%] Built target rs_ClusterFilter
[ 42%] Built target rs_utils
[ 42%] Built target rs_PointCloudFilter
[ 43%] Built target rs_TFBroadcaster
[ 44%] Built target rs_KNNClassifier
[ 45%] Built target rs_LinemodAnnotator
[ 46%] Built target rs_ClassifierDetection
[ 48%] Built target rs_segmentationResultDisplayer
[ 50%] Built target rs_PointCloudColorSegmentation
[ 52%] Built target rs_ClusterMerger
[ 53%] Built target rs_PointCloudClusterExtractor
[ 55%] Built target rs_BlurDetectorAnnotator
[ 59%] Built target rs_ObjectIdentityResolution
[ 63%] Built target rs_segmentation
[ 63%] Built target rs_ClusterTracker
[ 64%] Built target rs_PointCloudDownsampler
[ 65%] Built target rs_bilateralSymmetryAnnotator
[ 69%] Built target rs_ImageSegmentationAnnotator
[ 69%] Built target rs_bilateralSymmetrySegmentation
[ 70%] Built target rs_rotationalSymmetryAnnotator
[ 75%] Built target rs_overSegmentationAnnotator
[ 77%] Built target rs_transparentSegmentationAnnotator
[ 85%] Built target rs_io
[ 85%] Built target rs_rotationalSymmetrySegmentation
[ 86%] Built target rs_ImagePreprocessor
[ 87%] Built target rs_StorageWriter
[ 89%] Built target rs_CollectionReader
[ 92%] Built target rs_Trigger
[ 96%] Built target rs_flowcontrol
[ 98%] Built target test_reconfig
[100%] Built target run
