Searching for files...
Checking for modification...
searching for annotators...
Files not modified. Nothing to do.
[  0%] Built target robosherlock_generate_type_system
found 41 annotator...
searching for analysis engines...
found 5 analysis engines...
checking for modification...
Files not modified. Nothing to do.
[  0%] Built target robosherlock_update_analysis_engines
[  1%] Built target rs_recognition
[  1%] Built target robosherlock_msgs_generate_messages_cpp
[  4%] Built target rs_queryanswering
[ 13%] Built target rs_core
[ 15%] Built target rs_FeatureAnnotator
[ 15%] Built target rs_ClusterColorHistogramCalculator
[ 19%] Built target rs_ClusterTFLocationAnnotator
[ 19%] Built target rs_Cluster3DGeometryAnnotator
[ 21%] Built target rs_NormalEstimator
[ 22%] Built target rs_PCLVFHFeatureExtractor
[ 23%] Built target rs_PrimitiveShapeAnnotator
[ 25%] Built target rs_SacModelAnnotator
[ 27%] Built target rs_SuperVoxelAnnotator
[ 28%] Built target rs_pclDescriptorExtractor
[ 29%] Built target rs_BoardDetector
[ 31%] Built target rs_PlaneAnnotator
[ 32%] Built target rs_PointCloudFilter
[ 35%] Built target rs_RegionFilter
[ 36%] Built target rs_ClusterFilter
[ 37%] Built target rs_TFBroadcaster
[ 43%] Built target rs_utils
[ 46%] Built target rs_KNNClassifier
[ 46%] Built target rs_LinemodAnnotator
[ 46%] Built target rs_ClassifierDetection
[ 47%] Built target rs_PointCloudClusterExtractor
[ 52%] Built target rs_segmentation
[ 56%] Built target rs_ClusterMerger
[ 57%] Built target rs_PointCloudColorSegmentation
[ 57%] Built target rs_segmentationResultDisplayer
[ 62%] Built target rs_PointCloudDownsampler
[ 62%] Built target rs_BlurDetectorAnnotator
[ 63%] Built target rs_ImagePreprocessor
[ 64%] Built target rs_ClusterTracker
[ 65%] Built target rs_ObjectIdentityResolution
[ 67%] Built target rs_transparentSegmentationAnnotator
[ 69%] Built target rs_ImageSegmentationAnnotator
[ 70%] Built target rs_bilateralSymmetryAnnotator
[ 77%] Built target rs_rotationalSymmetryAnnotator
[ 79%] Built target rs_rotationalSymmetrySegmentation
[ 82%] Built target rs_io
[ 85%] Built target rs_bilateralSymmetrySegmentation
[ 86%] Built target rs_overSegmentationAnnotator
[ 88%] Built target rs_CollectionReader
[ 89%] Built target rs_StorageWriter
[ 92%] Built target rs_Trigger
[ 96%] Built target rs_flowcontrol
[100%] Built target run
[100%] Built target test_reconfig
