[  0%] Built target robosherlock_msgs_generate_messages_cpp
[  1%] Built target rs_recognition
searching for annotators...
Searching for files...
Checking for modification...
Files not modified. Nothing to do.
found 41 annotator...
searching for analysis engines...
found 5 analysis engines...
checking for modification...
Files not modified. Nothing to do.
[  1%] Built target robosherlock_generate_type_system
[  1%] Built target robosherlock_update_analysis_engines
[  4%] Built target rs_queryanswering
[ 13%] Built target rs_core
[ 14%] Built target rs_ClusterColorHistogramCalculator
[ 17%] Built target rs_NormalEstimator
[ 18%] Built target rs_FeatureAnnotator
[ 21%] Built target rs_SacModelAnnotator
[ 21%] Built target rs_ClusterTFLocationAnnotator
[ 22%] Built target rs_Cluster3DGeometryAnnotator
[ 23%] Built target rs_PCLVFHFeatureExtractor
[ 25%] Built target rs_PrimitiveShapeAnnotator
[ 27%] Built target rs_SuperVoxelAnnotator
[ 28%] Built target rs_BoardDetector
[ 29%] Built target rs_pclDescriptorExtractor
[ 35%] Built target rs_utils
[ 38%] Built target rs_PointCloudFilter
[ 38%] Built target rs_RegionFilter
[ 42%] Built target rs_ClusterFilter
[ 42%] Built target rs_PlaneAnnotator
[ 44%] Built target rs_TFBroadcaster
[ 44%] Built target rs_KNNClassifier
[ 45%] Built target rs_LinemodAnnotator
[ 46%] Built target rs_ClassifierDetection
[ 47%] Built target rs_PointCloudClusterExtractor
[ 48%] Built target rs_PointCloudColorSegmentation
[ 51%] Built target rs_PointCloudDownsampler
[ 53%] Built target rs_segmentationResultDisplayer
[ 55%] Built target rs_ClusterMerger
[ 57%] Built target rs_BlurDetectorAnnotator
[ 62%] Built target rs_segmentation
[ 63%] Built target rs_ObjectIdentityResolution
[ 64%] Built target rs_ClusterTracker
[ 67%] Built target rs_ImageSegmentationAnnotator
[ 69%] Built target rs_rotationalSymmetrySegmentation
[ 72%] Built target rs_bilateralSymmetryAnnotator
[ 72%] Built target rs_transparentSegmentationAnnotator
[ 81%] Built target rs_io
[ 82%] Built target rs_rotationalSymmetryAnnotator
[ 82%] Built target rs_bilateralSymmetrySegmentation
[ 85%] Built target rs_overSegmentationAnnotator
[ 86%] Built target rs_ImagePreprocessor
[ 88%] Built target rs_Trigger
[ 92%] Built target rs_StorageWriter
[ 92%] Built target rs_CollectionReader
[ 96%] Built target rs_flowcontrol
[ 98%] Built target test_reconfig
[100%] Built target run
