[  0%] Built target robosherlock_msgs_generate_messages_cpp
searching for annotators...
Searching for files...
Checking for modification...
found 41 annotator...
searching for analysis engines...
found 5 analysis engines...
checking for modification...
[  1%] Built target rs_recognition
Files not modified. Nothing to do.
Files not modified. Nothing to do.
[  1%] Built target robosherlock_generate_type_system
[  1%] Built target robosherlock_update_analysis_engines
[  4%] Built target rs_queryanswering
[ 13%] Built target rs_core
[ 14%] Built target rs_ClusterTFLocationAnnotator
[ 15%] Built target rs_ClusterColorHistogramCalculator
[ 17%] Built target rs_SacModelAnnotator
[ 19%] Built target rs_NormalEstimator
[ 20%] Built target rs_PCLVFHFeatureExtractor
[ 22%] Built target rs_FeatureAnnotator
[ 23%] Built target rs_Cluster3DGeometryAnnotator
[ 25%] Built target rs_PrimitiveShapeAnnotator
[ 26%] Built target rs_BoardDetector
[ 28%] Built target rs_SuperVoxelAnnotator
[ 29%] Built target rs_pclDescriptorExtractor
[ 30%] Built target rs_ClusterFilter
[ 31%] Built target rs_PointCloudFilter
[ 34%] Built target rs_RegionFilter
[ 36%] Built target rs_PlaneAnnotator
[ 42%] Built target rs_utils
[ 43%] Built target rs_TFBroadcaster
[ 45%] Built target rs_LinemodAnnotator
[ 45%] Built target rs_KNNClassifier
[ 46%] Built target rs_ClassifierDetection
[ 47%] Built target rs_PointCloudClusterExtractor
[ 48%] Built target rs_PointCloudColorSegmentation
[ 60%] Built target rs_ClusterMerger
[ 60%] Built target rs_BlurDetectorAnnotator
[ 60%] Built target rs_segmentationResultDisplayer
[ 60%] Built target rs_segmentation
[ 61%] Built target rs_ObjectIdentityResolution
[ 62%] Built target rs_ClusterTracker
[ 64%] Built target rs_PointCloudDownsampler
[ 65%] Built target rs_transparentSegmentationAnnotator
[ 68%] Built target rs_ImageSegmentationAnnotator
[ 69%] Built target rs_bilateralSymmetryAnnotator
[ 70%] Built target rs_rotationalSymmetryAnnotator
[ 72%] Built target rs_rotationalSymmetrySegmentation
[ 73%] Built target rs_bilateralSymmetrySegmentation
[ 76%] Built target rs_overSegmentationAnnotator
[ 77%] Built target rs_ImagePreprocessor
[ 86%] Built target rs_io
[ 87%] Built target rs_StorageWriter
[ 89%] Built target rs_CollectionReader
[ 92%] Built target rs_Trigger
[ 96%] Built target rs_flowcontrol
[ 98%] Built target test_reconfig
[100%] Built target run
