[35m[1mScanning dependencies of target tf_generate_messages_eus[0m
[  0%] Built target tf_generate_messages_eus
[35m[1mScanning dependencies of target visualization_msgs_generate_messages_py[0m
[  0%] Built target visualization_msgs_generate_messages_py
[35m[1mScanning dependencies of target visualization_msgs_generate_messages_nodejs[0m
[  0%] Built target visualization_msgs_generate_messages_nodejs
[35m[1mScanning dependencies of target _navfn_generate_messages_check_deps_MakeNavPlan[0m
[  0%] Built target _navfn_generate_messages_check_deps_MakeNavPlan
[35m[1mScanning dependencies of target _navfn_generate_messages_check_deps_SetCostmap[0m
[  0%] Built target _navfn_generate_messages_check_deps_SetCostmap
[35m[1mScanning dependencies of target geometry_msgs_generate_messages_cpp[0m
[  0%] Built target geometry_msgs_generate_messages_cpp
[35m[1mScanning dependencies of target visualization_msgs_generate_messages_lisp[0m
[  0%] Built target visualization_msgs_generate_messages_lisp
[35m[1mScanning dependencies of target visualization_msgs_generate_messages_cpp[0m
[  0%] Built target visualization_msgs_generate_messages_cpp
[35m[1mScanning dependencies of target tf2_msgs_generate_messages_py[0m
[  0%] Built target tf2_msgs_generate_messages_py
[35m[1mScanning dependencies of target tf2_msgs_generate_messages_cpp[0m
[  0%] Built target tf2_msgs_generate_messages_cpp
[35m[1mScanning dependencies of target actionlib_generate_messages_nodejs[0m
[  0%] Built target actionlib_generate_messages_nodejs
[35m[1mScanning dependencies of target actionlib_generate_messages_lisp[0m
[  0%] Built target actionlib_generate_messages_lisp
[35m[1mScanning dependencies of target nav_msgs_generate_messages_nodejs[0m
[  0%] Built target nav_msgs_generate_messages_nodejs
[35m[1mScanning dependencies of target tf2_msgs_generate_messages_lisp[0m
[  0%] Built target tf2_msgs_generate_messages_lisp
[35m[1mScanning dependencies of target nav_msgs_generate_messages_cpp[0m
[  0%] Built target nav_msgs_generate_messages_cpp
[35m[1mScanning dependencies of target sensor_msgs_generate_messages_eus[0m
[  0%] Built target sensor_msgs_generate_messages_eus
[35m[1mScanning dependencies of target actionlib_msgs_generate_messages_cpp[0m
[  0%] Built target actionlib_msgs_generate_messages_cpp
[35m[1mScanning dependencies of target sensor_msgs_generate_messages_cpp[0m
[  0%] Built target sensor_msgs_generate_messages_cpp
[35m[1mScanning dependencies of target map_msgs_generate_messages_py[0m
[  0%] Built target map_msgs_generate_messages_py
[35m[1mScanning dependencies of target nodelet_generate_messages_cpp[0m
[  0%] Built target nodelet_generate_messages_cpp
[35m[1mScanning dependencies of target map_msgs_generate_messages_nodejs[0m
[  0%] Built target map_msgs_generate_messages_nodejs
[35m[1mScanning dependencies of target map_msgs_generate_messages_lisp[0m
[  0%] Built target map_msgs_generate_messages_lisp
[35m[1mScanning dependencies of target tf_generate_messages_py[0m
[  0%] Built target tf_generate_messages_py
[35m[1mScanning dependencies of target map_msgs_generate_messages_eus[0m
[  0%] Built target map_msgs_generate_messages_eus
[35m[1mScanning dependencies of target map_msgs_generate_messages_cpp[0m
[  0%] Built target map_msgs_generate_messages_cpp
[35m[1mScanning dependencies of target dynamic_reconfigure_generate_messages_nodejs[0m
[  0%] Built target dynamic_reconfigure_generate_messages_nodejs
[35m[1mScanning dependencies of target _catkin_empty_exported_target[0m
[  0%] Built target _catkin_empty_exported_target
[35m[1mScanning dependencies of target std_msgs_generate_messages_nodejs[0m
[  0%] Built target std_msgs_generate_messages_nodejs
[35m[1mScanning dependencies of target visualization_msgs_generate_messages_java[0m
[  0%] Built target visualization_msgs_generate_messages_java
[35m[1mScanning dependencies of target costmap_2d_generate_messages_nodejs[0m
[  0%] Built target costmap_2d_generate_messages_nodejs
[35m[1mScanning dependencies of target nav_msgs_generate_messages_lisp[0m
[  0%] Built target nav_msgs_generate_messages_lisp
[35m[1mScanning dependencies of target sensor_msgs_generate_messages_lisp[0m
[  0%] Built target sensor_msgs_generate_messages_lisp
[35m[1mScanning dependencies of target costmap_2d_generate_messages_cpp[0m
[  0%] Built target costmap_2d_generate_messages_cpp
[35m[1mScanning dependencies of target topic_tools_generate_messages_nodejs[0m
[  0%] Built target topic_tools_generate_messages_nodejs
[35m[1mScanning dependencies of target nav_msgs_generate_messages_py[0m
[  0%] Built target nav_msgs_generate_messages_py
[35m[1mScanning dependencies of target pcl_msgs_generate_messages_nodejs[0m
[  0%] Built target pcl_msgs_generate_messages_nodejs
[35m[1mScanning dependencies of target std_srvs_generate_messages_nodejs[0m
[  0%] Built target std_srvs_generate_messages_nodejs
[35m[1mScanning dependencies of target actionlib_generate_messages_eus[0m
[  0%] Built target actionlib_generate_messages_eus
[35m[1mScanning dependencies of target std_msgs_generate_messages_eus[0m
[  0%] Built target std_msgs_generate_messages_eus
[35m[1mScanning dependencies of target dynamic_reconfigure_generate_messages_lisp[0m
[  0%] Built target dynamic_reconfigure_generate_messages_lisp
[35m[1mScanning dependencies of target geometry_msgs_generate_messages_py[0m
[  0%] Built target geometry_msgs_generate_messages_py
[35m[1mScanning dependencies of target geometry_msgs_generate_messages_lisp[0m
[  0%] Built target geometry_msgs_generate_messages_lisp
[35m[1mScanning dependencies of target bond_generate_messages_py[0m
[  0%] Built target bond_generate_messages_py
[35m[1mScanning dependencies of target std_srvs_generate_messages_lisp[0m
[  0%] Built target std_srvs_generate_messages_lisp
[35m[1mScanning dependencies of target std_msgs_generate_messages_lisp[0m
[  0%] Built target std_msgs_generate_messages_lisp
[35m[1mScanning dependencies of target nav_msgs_generate_messages_java[0m
[  0%] Built target nav_msgs_generate_messages_java
[35m[1mScanning dependencies of target rosgraph_msgs_generate_messages_cpp[0m
[  0%] Built target rosgraph_msgs_generate_messages_cpp
[35m[1mScanning dependencies of target pcl_msgs_generate_messages_eus[0m
[  0%] Built target pcl_msgs_generate_messages_eus
[35m[1mScanning dependencies of target actionlib_msgs_generate_messages_nodejs[0m
[  0%] Built target actionlib_msgs_generate_messages_nodejs
[35m[1mScanning dependencies of target topic_tools_generate_messages_py[0m
[  0%] Built target topic_tools_generate_messages_py
[35m[1mScanning dependencies of target std_srvs_generate_messages_eus[0m
[  0%] Built target std_srvs_generate_messages_eus
[35m[1mScanning dependencies of target tf_generate_messages_cpp[0m
[  0%] Built target tf_generate_messages_cpp
[35m[1mScanning dependencies of target std_msgs_generate_messages_cpp[0m
[  0%] Built target std_msgs_generate_messages_cpp
[35m[1mScanning dependencies of target sensor_msgs_generate_messages_nodejs[0m
[  0%] Built target sensor_msgs_generate_messages_nodejs
[35m[1mScanning dependencies of target costmap_2d_generate_messages_lisp[0m
[  0%] Built target costmap_2d_generate_messages_lisp
[35m[1mScanning dependencies of target costmap_2d_generate_messages_py[0m
[  0%] Built target costmap_2d_generate_messages_py
[35m[1mScanning dependencies of target dynamic_reconfigure_gencfg[0m
[  0%] Built target dynamic_reconfigure_gencfg
[35m[1mScanning dependencies of target nodelet_generate_messages_lisp[0m
[  0%] Built target nodelet_generate_messages_lisp
[35m[1mScanning dependencies of target geometry_msgs_generate_messages_nodejs[0m
[  0%] Built target geometry_msgs_generate_messages_nodejs
[35m[1mScanning dependencies of target geometry_msgs_generate_messages_eus[0m
[  0%] Built target geometry_msgs_generate_messages_eus
[35m[1mScanning dependencies of target dynamic_reconfigure_generate_messages_cpp[0m
[  0%] Built target dynamic_reconfigure_generate_messages_cpp
[35m[1mScanning dependencies of target tf2_msgs_generate_messages_eus[0m
[  0%] Built target tf2_msgs_generate_messages_eus
[35m[1mScanning dependencies of target pcl_ros_gencfg[0m
[  0%] Built target pcl_ros_gencfg
[35m[1mScanning dependencies of target nav_msgs_generate_messages_eus[0m
[  0%] Built target nav_msgs_generate_messages_eus
[35m[1mScanning dependencies of target actionlib_generate_messages_py[0m
[  0%] Built target actionlib_generate_messages_py
[35m[1mScanning dependencies of target dynamic_reconfigure_generate_messages_py[0m
[  0%] Built target dynamic_reconfigure_generate_messages_py
[35m[1mScanning dependencies of target geometry_msgs_generate_messages_java[0m
[  0%] Built target geometry_msgs_generate_messages_java
[35m[1mScanning dependencies of target costmap_2d_gencfg[0m
[  0%] Built target costmap_2d_gencfg
[35m[1mScanning dependencies of target rosgraph_msgs_generate_messages_lisp[0m
[  0%] Built target rosgraph_msgs_generate_messages_lisp
[35m[1mScanning dependencies of target actionlib_msgs_generate_messages_eus[0m
[  0%] Built target actionlib_msgs_generate_messages_eus
[35m[1mScanning dependencies of target tf2_msgs_generate_messages_nodejs[0m
[  0%] Built target tf2_msgs_generate_messages_nodejs
[35m[1mScanning dependencies of target actionlib_msgs_generate_messages_java[0m
[  0%] Built target actionlib_msgs_generate_messages_java
[35m[1mScanning dependencies of target roscpp_generate_messages_eus[0m
[  0%] Built target roscpp_generate_messages_eus
[35m[1mScanning dependencies of target bond_generate_messages_eus[0m
[  0%] Built target bond_generate_messages_eus
[35m[1mScanning dependencies of target actionlib_msgs_generate_messages_lisp[0m
[  0%] Built target actionlib_msgs_generate_messages_lisp
[35m[1mScanning dependencies of target actionlib_msgs_generate_messages_py[0m
[  0%] Built target actionlib_msgs_generate_messages_py
[35m[1mScanning dependencies of target roscpp_generate_messages_cpp[0m
[  0%] Built target roscpp_generate_messages_cpp
[35m[1mScanning dependencies of target nodelet_generate_messages_py[0m
[  0%] Built target nodelet_generate_messages_py
[35m[1mScanning dependencies of target roscpp_generate_messages_lisp[0m
[  0%] Built target roscpp_generate_messages_lisp
[35m[1mScanning dependencies of target sensor_msgs_generate_messages_py[0m
[  0%] Built target sensor_msgs_generate_messages_py
[35m[1mScanning dependencies of target roscpp_generate_messages_nodejs[0m
[  0%] Built target roscpp_generate_messages_nodejs
[35m[1mScanning dependencies of target roscpp_generate_messages_py[0m
[  0%] Built target roscpp_generate_messages_py
[35m[1mScanning dependencies of target std_srvs_generate_messages_py[0m
[  0%] Built target std_srvs_generate_messages_py
[35m[1mScanning dependencies of target tf_generate_messages_nodejs[0m
[  0%] Built target tf_generate_messages_nodejs
[35m[1mScanning dependencies of target std_msgs_generate_messages_py[0m
[  0%] Built target std_msgs_generate_messages_py
[35m[1mScanning dependencies of target rosgraph_msgs_generate_messages_eus[0m
[  0%] Built target rosgraph_msgs_generate_messages_eus
[35m[1mScanning dependencies of target rosgraph_msgs_generate_messages_nodejs[0m
[  0%] Built target rosgraph_msgs_generate_messages_nodejs
[35m[1mScanning dependencies of target actionlib_generate_messages_cpp[0m
[  0%] Built target actionlib_generate_messages_cpp
[35m[1mScanning dependencies of target costmap_2d_generate_messages_eus[0m
[  0%] Built target costmap_2d_generate_messages_eus
[35m[1mScanning dependencies of target rosgraph_msgs_generate_messages_py[0m
[  0%] Built target rosgraph_msgs_generate_messages_py
[35m[1mScanning dependencies of target costmap_2d_generate_messages_java[0m
[  0%] Built target costmap_2d_generate_messages_java
[35m[1mScanning dependencies of target tf_generate_messages_lisp[0m
[  0%] Built target tf_generate_messages_lisp
[35m[1mScanning dependencies of target nodelet_generate_messages_nodejs[0m
[  0%] Built target nodelet_generate_messages_nodejs
[35m[1mScanning dependencies of target bond_generate_messages_cpp[0m
[  0%] Built target bond_generate_messages_cpp
[35m[1mScanning dependencies of target bond_generate_messages_lisp[0m
[  0%] Built target bond_generate_messages_lisp
[35m[1mScanning dependencies of target nodelet_generate_messages_eus[0m
[  0%] Built target nodelet_generate_messages_eus
[35m[1mScanning dependencies of target topic_tools_generate_messages_cpp[0m
[  0%] Built target topic_tools_generate_messages_cpp
[35m[1mScanning dependencies of target sensor_msgs_generate_messages_java[0m
[35m[1mScanning dependencies of target topic_tools_generate_messages_eus[0m
[  0%] Built target sensor_msgs_generate_messages_java
[  0%] Built target topic_tools_generate_messages_eus
[35m[1mScanning dependencies of target nodelet_topic_tools_gencfg[0m
[35m[1mScanning dependencies of target std_srvs_generate_messages_cpp[0m
[  0%] Built target nodelet_topic_tools_gencfg
[  0%] Built target std_srvs_generate_messages_cpp
[35m[1mScanning dependencies of target pcl_msgs_generate_messages_cpp[0m
[35m[1mScanning dependencies of target pcl_msgs_generate_messages_lisp[0m
[  0%] Built target pcl_msgs_generate_messages_cpp
[  0%] Built target pcl_msgs_generate_messages_lisp
[35m[1mScanning dependencies of target visualization_msgs_generate_messages_eus[0m
[35m[1mScanning dependencies of target dynamic_reconfigure_generate_messages_eus[0m
[  0%] Built target dynamic_reconfigure_generate_messages_eus
[  0%] Built target visualization_msgs_generate_messages_eus
[35m[1mScanning dependencies of target bond_generate_messages_nodejs[0m
[35m[1mScanning dependencies of target pcl_msgs_generate_messages_py[0m
[  0%] Built target bond_generate_messages_nodejs
[  0%] Built target pcl_msgs_generate_messages_py
[35m[1mScanning dependencies of target topic_tools_generate_messages_lisp[0m
[  0%] Built target topic_tools_generate_messages_lisp
[35m[1mScanning dependencies of target navfn_generate_messages_java_gradle[0m
[  4%] [34m[1mGenerating Java gradle project from navfn[0m
[35m[1mScanning dependencies of target navfn_generate_messages_py[0m
[  8%] [34m[1mGenerating Python code from SRV navfn/MakeNavPlan[0m
[ 13%] [34m[1mGenerating Python code from SRV navfn/SetCostmap[0m
[ 17%] [34m[1mGenerating Python srv __init__.py for navfn[0m
[ 21%] [34m[1mCompiling Java code for navfn[0m
[ 21%] Built target navfn_generate_messages_py
[35m[1mScanning dependencies of target navfn_generate_messages_eus[0m
[ 26%] [34m[1mGenerating EusLisp code from navfn/MakeNavPlan.srv[0m
[ 30%] [34m[1mGenerating EusLisp code from navfn/SetCostmap.srv[0m
[ 34%] [34m[1mGenerating EusLisp manifest code for navfn[0m
[0m[35m[1mScanning dependencies of target navfn_generate_messages_nodejs[0m
[ 39%] [34m[1mGenerating Javascript code from navfn/MakeNavPlan.srv[0m
[ 43%] [34m[1mGenerating Javascript code from navfn/SetCostmap.srv[0m
[ 43%] Built target navfn_generate_messages_nodejs
[35m[1mScanning dependencies of target navfn_generate_messages_lisp[0m
[ 47%] [34m[1mGenerating Lisp code from navfn/MakeNavPlan.srv[0m
[ 52%] [34m[1mGenerating Lisp code from navfn/SetCostmap.srv[0m
[ 52%] Built target navfn_generate_messages_lisp
[35m[1mScanning dependencies of target navfn_generate_messages_java[0m
[ 56%] Built target navfn_generate_messages_java
[ 56%] Built target navfn_generate_messages_eus
[35m[1mScanning dependencies of target navfn_generate_messages_cpp[0m
[ 60%] [34m[1mGenerating C++ code from navfn/MakeNavPlan.srv[0m
[ 65%] [34m[1mGenerating C++ code from navfn/SetCostmap.srv[0m
[ 65%] Built target navfn_generate_messages_cpp
[35m[1mScanning dependencies of target navfn[0m
[ 69%] [32mBuilding CXX object CMakeFiles/navfn.dir/src/navfn.cpp.o[0m
[ 73%] [32mBuilding CXX object CMakeFiles/navfn.dir/src/navfn_ros.cpp.o[0m

[31mFAILURE: [39m[31mBuild failed with an exception.[39m

* What went wrong:
Could not resolve all dependencies for configuration ':runtime'.
[33m> [39mCould not find org.ros.rosjava_messages:costmap_2d:1.14.3.
  Searched in the following locations:
      file:/home/dtrimoul/PR2-Kinetic-Xenial/devel/.private/navfn/share/maven/org/ros/rosjava_messages/costmap_2d/1.14.3/costmap_2d-1.14.3.pom
      file:/home/dtrimoul/PR2-Kinetic-Xenial/devel/.private/navfn/share/maven/org/ros/rosjava_messages/costmap_2d/1.14.3/costmap_2d-1.14.3.jar
      file:/home/dtrimoul/laas_perception/devel/share/maven/org/ros/rosjava_messages/costmap_2d/1.14.3/costmap_2d-1.14.3.pom
      file:/home/dtrimoul/laas_perception/devel/share/maven/org/ros/rosjava_messages/costmap_2d/1.14.3/costmap_2d-1.14.3.jar
      file:/home/dtrimoul/PR2-Kinetic-Xenial/devel/share/maven/org/ros/rosjava_messages/costmap_2d/1.14.3/costmap_2d-1.14.3.pom
      file:/home/dtrimoul/PR2-Kinetic-Xenial/devel/share/maven/org/ros/rosjava_messages/costmap_2d/1.14.3/costmap_2d-1.14.3.jar
      file:/opt/ros/kinetic/share/maven/org/ros/rosjava_messages/costmap_2d/1.14.3/costmap_2d-1.14.3.pom
      file:/opt/ros/kinetic/share/maven/org/ros/rosjava_messages/costmap_2d/1.14.3/costmap_2d-1.14.3.jar
      https://github.com/rosjava/rosjava_mvn_repo/raw/master/org/ros/rosjava_messages/costmap_2d/1.14.3/costmap_2d-1.14.3.pom
      https://github.com/rosjava/rosjava_mvn_repo/raw/master/org/ros/rosjava_messages/costmap_2d/1.14.3/costmap_2d-1.14.3.jar
      file:/home/dtrimoul/.m2/repository/org/ros/rosjava_messages/costmap_2d/1.14.3/costmap_2d-1.14.3.pom
      file:/home/dtrimoul/.m2/repository/org/ros/rosjava_messages/costmap_2d/1.14.3/costmap_2d-1.14.3.jar
      http://repository.springsource.com/maven/bundles/release/org/ros/rosjava_messages/costmap_2d/1.14.3/costmap_2d-1.14.3.pom
      http://repository.springsource.com/maven/bundles/release/org/ros/rosjava_messages/costmap_2d/1.14.3/costmap_2d-1.14.3.jar
      http://repository.springsource.com/maven/bundles/external/org/ros/rosjava_messages/costmap_2d/1.14.3/costmap_2d-1.14.3.pom
      http://repository.springsource.com/maven/bundles/external/org/ros/rosjava_messages/costmap_2d/1.14.3/costmap_2d-1.14.3.jar
      https://jcenter.bintray.com/org/ros/rosjava_messages/costmap_2d/1.14.3/costmap_2d-1.14.3.pom
      https://jcenter.bintray.com/org/ros/rosjava_messages/costmap_2d/1.14.3/costmap_2d-1.14.3.jar
  Required by:
      org.ros.rosjava_messages:navfn:1.14.3
[33m> [39mCould not find org.ros.rosjava_messages:pcl_ros:1.4.4.
  Searched in the following locations:
      file:/home/dtrimoul/PR2-Kinetic-Xenial/devel/.private/navfn/share/maven/org/ros/rosjava_messages/pcl_ros/1.4.4/pcl_ros-1.4.4.pom
      file:/home/dtrimoul/PR2-Kinetic-Xenial/devel/.private/navfn/share/maven/org/ros/rosjava_messages/pcl_ros/1.4.4/pcl_ros-1.4.4.jar
      file:/home/dtrimoul/laas_perception/devel/share/maven/org/ros/rosjava_messages/pcl_ros/1.4.4/pcl_ros-1.4.4.pom
      file:/home/dtrimoul/laas_perception/devel/share/maven/org/ros/rosjava_messages/pcl_ros/1.4.4/pcl_ros-1.4.4.jar
      file:/home/dtrimoul/PR2-Kinetic-Xenial/devel/share/maven/org/ros/rosjava_messages/pcl_ros/1.4.4/pcl_ros-1.4.4.pom
      file:/home/dtrimoul/PR2-Kinetic-Xenial/devel/share/maven/org/ros/rosjava_messages/pcl_ros/1.4.4/pcl_ros-1.4.4.jar
      file:/opt/ros/kinetic/share/maven/org/ros/rosjava_messages/pcl_ros/1.4.4/pcl_ros-1.4.4.pom
      file:/opt/ros/kinetic/share/maven/org/ros/rosjava_messages/pcl_ros/1.4.4/pcl_ros-1.4.4.jar
      https://github.com/rosjava/rosjava_mvn_repo/raw/master/org/ros/rosjava_messages/pcl_ros/1.4.4/pcl_ros-1.4.4.pom
      https://github.com/rosjava/rosjava_mvn_repo/raw/master/org/ros/rosjava_messages/pcl_ros/1.4.4/pcl_ros-1.4.4.jar
      file:/home/dtrimoul/.m2/repository/org/ros/rosjava_messages/pcl_ros/1.4.4/pcl_ros-1.4.4.pom
      file:/home/dtrimoul/.m2/repository/org/ros/rosjava_messages/pcl_ros/1.4.4/pcl_ros-1.4.4.jar
      http://repository.springsource.com/maven/bundles/release/org/ros/rosjava_messages/pcl_ros/1.4.4/pcl_ros-1.4.4.pom
      http://repository.springsource.com/maven/bundles/release/org/ros/rosjava_messages/pcl_ros/1.4.4/pcl_ros-1.4.4.jar
      http://repository.springsource.com/maven/bundles/external/org/ros/rosjava_messages/pcl_ros/1.4.4/pcl_ros-1.4.4.pom
      http://repository.springsource.com/maven/bundles/external/org/ros/rosjava_messages/pcl_ros/1.4.4/pcl_ros-1.4.4.jar
      https://jcenter.bintray.com/org/ros/rosjava_messages/pcl_ros/1.4.4/pcl_ros-1.4.4.pom
      https://jcenter.bintray.com/org/ros/rosjava_messages/pcl_ros/1.4.4/pcl_ros-1.4.4.jar
  Required by:
      org.ros.rosjava_messages:navfn:1.14.3

* Try:
Run with [1m--stacktrace[22m option to get the stack trace. Run with [1m--info[22m or [1m--debug[22m option to get more log output.
[0m[ 73%] Built target navfn_generate_messages_java_gradle
[35m[1mScanning dependencies of target navfn_generate_messages[0m
[ 73%] Built target navfn_generate_messages
[ 78%] [32m[1mLinking CXX shared library /home/dtrimoul/PR2-Kinetic-Xenial/devel/.private/navfn/lib/libnavfn.so[0m
[ 78%] Built target navfn
[35m[1mScanning dependencies of target navfn_node[0m
[ 82%] [32mBuilding CXX object CMakeFiles/navfn_node.dir/src/navfn_node.cpp.o[0m
[ 86%] [32m[1mLinking CXX executable /home/dtrimoul/PR2-Kinetic-Xenial/devel/.private/navfn/lib/navfn/navfn_node[0m
[ 86%] Built target navfn_node
[35m[1mScanning dependencies of target navtest[0m
[ 91%] [32mBuilding CXX object CMakeFiles/navtest.dir/src/navtest.cpp.o[0m
[ 95%] [32mBuilding CXX object CMakeFiles/navtest.dir/src/navwin.cpp.o[0m
[100%] [32m[1mLinking CXX executable /home/dtrimoul/PR2-Kinetic-Xenial/devel/.private/navfn/lib/navfn/navtest[0m
[100%] Built target navtest
