Linked: (/home/david/PR2-Kinetic-Xenial/devel/.private/robosherlock_msgs/include/robosherlock_msgs/RSActiveAnnotatorList.h, /home/david/PR2-Kinetic-Xenial/devel/include/robosherlock_msgs/RSActiveAnnotatorList.h)
Linked: (/home/david/PR2-Kinetic-Xenial/devel/.private/robosherlock_msgs/include/robosherlock_msgs/RSQueryServiceRequest.h, /home/david/PR2-Kinetic-Xenial/devel/include/robosherlock_msgs/RSQueryServiceRequest.h)
Linked: (/home/david/PR2-Kinetic-Xenial/devel/.private/robosherlock_msgs/include/robosherlock_msgs/RSQueryService.h, /home/david/PR2-Kinetic-Xenial/devel/include/robosherlock_msgs/RSQueryService.h)
Linked: (/home/david/PR2-Kinetic-Xenial/devel/.private/robosherlock_msgs/include/robosherlock_msgs/RSQueryServiceResponse.h, /home/david/PR2-Kinetic-Xenial/devel/include/robosherlock_msgs/RSQueryServiceResponse.h)
Linked: (/home/david/PR2-Kinetic-Xenial/devel/.private/robosherlock_msgs/include/robosherlock_msgs/SetRSContext.h, /home/david/PR2-Kinetic-Xenial/devel/include/robosherlock_msgs/SetRSContext.h)
Linked: (/home/david/PR2-Kinetic-Xenial/devel/.private/robosherlock_msgs/include/robosherlock_msgs/RSVisControlResponse.h, /home/david/PR2-Kinetic-Xenial/devel/include/robosherlock_msgs/RSVisControlResponse.h)
Linked: (/home/david/PR2-Kinetic-Xenial/devel/.private/robosherlock_msgs/include/robosherlock_msgs/UpdateObjects.h, /home/david/PR2-Kinetic-Xenial/devel/include/robosherlock_msgs/UpdateObjects.h)
Linked: (/home/david/PR2-Kinetic-Xenial/devel/.private/robosherlock_msgs/include/robosherlock_msgs/RSObjectDescriptions.h, /home/david/PR2-Kinetic-Xenial/devel/include/robosherlock_msgs/RSObjectDescriptions.h)
Linked: (/home/david/PR2-Kinetic-Xenial/devel/.private/robosherlock_msgs/include/robosherlock_msgs/RSVisControl.h, /home/david/PR2-Kinetic-Xenial/devel/include/robosherlock_msgs/RSVisControl.h)
Linked: (/home/david/PR2-Kinetic-Xenial/devel/.private/robosherlock_msgs/include/robosherlock_msgs/SetRSContextResponse.h, /home/david/PR2-Kinetic-Xenial/devel/include/robosherlock_msgs/SetRSContextResponse.h)
Linked: (/home/david/PR2-Kinetic-Xenial/devel/.private/robosherlock_msgs/include/robosherlock_msgs/UpdateObjectsResponse.h, /home/david/PR2-Kinetic-Xenial/devel/include/robosherlock_msgs/UpdateObjectsResponse.h)
Linked: (/home/david/PR2-Kinetic-Xenial/devel/.private/robosherlock_msgs/include/robosherlock_msgs/UpdateObjectsRequest.h, /home/david/PR2-Kinetic-Xenial/devel/include/robosherlock_msgs/UpdateObjectsRequest.h)
Linked: (/home/david/PR2-Kinetic-Xenial/devel/.private/robosherlock_msgs/include/robosherlock_msgs/SetRSContextRequest.h, /home/david/PR2-Kinetic-Xenial/devel/include/robosherlock_msgs/SetRSContextRequest.h)
Linked: (/home/david/PR2-Kinetic-Xenial/devel/.private/robosherlock_msgs/include/robosherlock_msgs/RSVisControlRequest.h, /home/david/PR2-Kinetic-Xenial/devel/include/robosherlock_msgs/RSVisControlRequest.h)
Linked: (/home/david/PR2-Kinetic-Xenial/devel/.private/robosherlock_msgs/share/common-lisp/ros/robosherlock_msgs/srv/RSVisControl.lisp, /home/david/PR2-Kinetic-Xenial/devel/share/common-lisp/ros/robosherlock_msgs/srv/RSVisControl.lisp)
Linked: (/home/david/PR2-Kinetic-Xenial/devel/.private/robosherlock_msgs/share/common-lisp/ros/robosherlock_msgs/srv/RSQueryService.lisp, /home/david/PR2-Kinetic-Xenial/devel/share/common-lisp/ros/robosherlock_msgs/srv/RSQueryService.lisp)
Linked: (/home/david/PR2-Kinetic-Xenial/devel/.private/robosherlock_msgs/share/common-lisp/ros/robosherlock_msgs/srv/SetRSContext.lisp, /home/david/PR2-Kinetic-Xenial/devel/share/common-lisp/ros/robosherlock_msgs/srv/SetRSContext.lisp)
Linked: (/home/david/PR2-Kinetic-Xenial/devel/.private/robosherlock_msgs/share/common-lisp/ros/robosherlock_msgs/srv/_package.lisp, /home/david/PR2-Kinetic-Xenial/devel/share/common-lisp/ros/robosherlock_msgs/srv/_package.lisp)
Linked: (/home/david/PR2-Kinetic-Xenial/devel/.private/robosherlock_msgs/share/common-lisp/ros/robosherlock_msgs/srv/UpdateObjects.lisp, /home/david/PR2-Kinetic-Xenial/devel/share/common-lisp/ros/robosherlock_msgs/srv/UpdateObjects.lisp)
Linked: (/home/david/PR2-Kinetic-Xenial/devel/.private/robosherlock_msgs/share/common-lisp/ros/robosherlock_msgs/srv/_package_SetRSContext.lisp, /home/david/PR2-Kinetic-Xenial/devel/share/common-lisp/ros/robosherlock_msgs/srv/_package_SetRSContext.lisp)
Linked: (/home/david/PR2-Kinetic-Xenial/devel/.private/robosherlock_msgs/share/common-lisp/ros/robosherlock_msgs/srv/_package_UpdateObjects.lisp, /home/david/PR2-Kinetic-Xenial/devel/share/common-lisp/ros/robosherlock_msgs/srv/_package_UpdateObjects.lisp)
Linked: (/home/david/PR2-Kinetic-Xenial/devel/.private/robosherlock_msgs/share/common-lisp/ros/robosherlock_msgs/srv/_package_RSVisControl.lisp, /home/david/PR2-Kinetic-Xenial/devel/share/common-lisp/ros/robosherlock_msgs/srv/_package_RSVisControl.lisp)
Linked: (/home/david/PR2-Kinetic-Xenial/devel/.private/robosherlock_msgs/share/common-lisp/ros/robosherlock_msgs/srv/robosherlock_msgs-srv.asd, /home/david/PR2-Kinetic-Xenial/devel/share/common-lisp/ros/robosherlock_msgs/srv/robosherlock_msgs-srv.asd)
Linked: (/home/david/PR2-Kinetic-Xenial/devel/.private/robosherlock_msgs/share/common-lisp/ros/robosherlock_msgs/srv/_package_RSQueryService.lisp, /home/david/PR2-Kinetic-Xenial/devel/share/common-lisp/ros/robosherlock_msgs/srv/_package_RSQueryService.lisp)
Linked: (/home/david/PR2-Kinetic-Xenial/devel/.private/robosherlock_msgs/share/common-lisp/ros/robosherlock_msgs/msg/RSObjectDescriptions.lisp, /home/david/PR2-Kinetic-Xenial/devel/share/common-lisp/ros/robosherlock_msgs/msg/RSObjectDescriptions.lisp)
Linked: (/home/david/PR2-Kinetic-Xenial/devel/.private/robosherlock_msgs/share/common-lisp/ros/robosherlock_msgs/msg/_package_RSActiveAnnotatorList.lisp, /home/david/PR2-Kinetic-Xenial/devel/share/common-lisp/ros/robosherlock_msgs/msg/_package_RSActiveAnnotatorList.lisp)
Linked: (/home/david/PR2-Kinetic-Xenial/devel/.private/robosherlock_msgs/share/common-lisp/ros/robosherlock_msgs/msg/_package.lisp, /home/david/PR2-Kinetic-Xenial/devel/share/common-lisp/ros/robosherlock_msgs/msg/_package.lisp)
Linked: (/home/david/PR2-Kinetic-Xenial/devel/.private/robosherlock_msgs/share/common-lisp/ros/robosherlock_msgs/msg/RSActiveAnnotatorList.lisp, /home/david/PR2-Kinetic-Xenial/devel/share/common-lisp/ros/robosherlock_msgs/msg/RSActiveAnnotatorList.lisp)
Linked: (/home/david/PR2-Kinetic-Xenial/devel/.private/robosherlock_msgs/share/common-lisp/ros/robosherlock_msgs/msg/robosherlock_msgs-msg.asd, /home/david/PR2-Kinetic-Xenial/devel/share/common-lisp/ros/robosherlock_msgs/msg/robosherlock_msgs-msg.asd)
Linked: (/home/david/PR2-Kinetic-Xenial/devel/.private/robosherlock_msgs/share/common-lisp/ros/robosherlock_msgs/msg/_package_RSObjectDescriptions.lisp, /home/david/PR2-Kinetic-Xenial/devel/share/common-lisp/ros/robosherlock_msgs/msg/_package_RSObjectDescriptions.lisp)
Linked: (/home/david/PR2-Kinetic-Xenial/devel/.private/robosherlock_msgs/share/roseus/ros/robosherlock_msgs/manifest.l, /home/david/PR2-Kinetic-Xenial/devel/share/roseus/ros/robosherlock_msgs/manifest.l)
Linked: (/home/david/PR2-Kinetic-Xenial/devel/.private/robosherlock_msgs/share/roseus/ros/robosherlock_msgs/srv/SetRSContext.l, /home/david/PR2-Kinetic-Xenial/devel/share/roseus/ros/robosherlock_msgs/srv/SetRSContext.l)
Linked: (/home/david/PR2-Kinetic-Xenial/devel/.private/robosherlock_msgs/share/roseus/ros/robosherlock_msgs/srv/RSVisControl.l, /home/david/PR2-Kinetic-Xenial/devel/share/roseus/ros/robosherlock_msgs/srv/RSVisControl.l)
Linked: (/home/david/PR2-Kinetic-Xenial/devel/.private/robosherlock_msgs/share/roseus/ros/robosherlock_msgs/srv/UpdateObjects.l, /home/david/PR2-Kinetic-Xenial/devel/share/roseus/ros/robosherlock_msgs/srv/UpdateObjects.l)
Linked: (/home/david/PR2-Kinetic-Xenial/devel/.private/robosherlock_msgs/share/roseus/ros/robosherlock_msgs/srv/RSQueryService.l, /home/david/PR2-Kinetic-Xenial/devel/share/roseus/ros/robosherlock_msgs/srv/RSQueryService.l)
Linked: (/home/david/PR2-Kinetic-Xenial/devel/.private/robosherlock_msgs/share/roseus/ros/robosherlock_msgs/msg/RSActiveAnnotatorList.l, /home/david/PR2-Kinetic-Xenial/devel/share/roseus/ros/robosherlock_msgs/msg/RSActiveAnnotatorList.l)
Linked: (/home/david/PR2-Kinetic-Xenial/devel/.private/robosherlock_msgs/share/roseus/ros/robosherlock_msgs/msg/RSObjectDescriptions.l, /home/david/PR2-Kinetic-Xenial/devel/share/roseus/ros/robosherlock_msgs/msg/RSObjectDescriptions.l)
Linked: (/home/david/PR2-Kinetic-Xenial/devel/.private/robosherlock_msgs/share/gennodejs/ros/robosherlock_msgs/_index.js, /home/david/PR2-Kinetic-Xenial/devel/share/gennodejs/ros/robosherlock_msgs/_index.js)
Linked: (/home/david/PR2-Kinetic-Xenial/devel/.private/robosherlock_msgs/share/gennodejs/ros/robosherlock_msgs/srv/SetRSContext.js, /home/david/PR2-Kinetic-Xenial/devel/share/gennodejs/ros/robosherlock_msgs/srv/SetRSContext.js)
Linked: (/home/david/PR2-Kinetic-Xenial/devel/.private/robosherlock_msgs/share/gennodejs/ros/robosherlock_msgs/srv/RSVisControl.js, /home/david/PR2-Kinetic-Xenial/devel/share/gennodejs/ros/robosherlock_msgs/srv/RSVisControl.js)
Linked: (/home/david/PR2-Kinetic-Xenial/devel/.private/robosherlock_msgs/share/gennodejs/ros/robosherlock_msgs/srv/UpdateObjects.js, /home/david/PR2-Kinetic-Xenial/devel/share/gennodejs/ros/robosherlock_msgs/srv/UpdateObjects.js)
Linked: (/home/david/PR2-Kinetic-Xenial/devel/.private/robosherlock_msgs/share/gennodejs/ros/robosherlock_msgs/srv/_index.js, /home/david/PR2-Kinetic-Xenial/devel/share/gennodejs/ros/robosherlock_msgs/srv/_index.js)
Linked: (/home/david/PR2-Kinetic-Xenial/devel/.private/robosherlock_msgs/share/gennodejs/ros/robosherlock_msgs/srv/RSQueryService.js, /home/david/PR2-Kinetic-Xenial/devel/share/gennodejs/ros/robosherlock_msgs/srv/RSQueryService.js)
Linked: (/home/david/PR2-Kinetic-Xenial/devel/.private/robosherlock_msgs/share/gennodejs/ros/robosherlock_msgs/msg/RSObjectDescriptions.js, /home/david/PR2-Kinetic-Xenial/devel/share/gennodejs/ros/robosherlock_msgs/msg/RSObjectDescriptions.js)
Linked: (/home/david/PR2-Kinetic-Xenial/devel/.private/robosherlock_msgs/share/gennodejs/ros/robosherlock_msgs/msg/RSActiveAnnotatorList.js, /home/david/PR2-Kinetic-Xenial/devel/share/gennodejs/ros/robosherlock_msgs/msg/RSActiveAnnotatorList.js)
Linked: (/home/david/PR2-Kinetic-Xenial/devel/.private/robosherlock_msgs/share/gennodejs/ros/robosherlock_msgs/msg/_index.js, /home/david/PR2-Kinetic-Xenial/devel/share/gennodejs/ros/robosherlock_msgs/msg/_index.js)
Linked: (/home/david/PR2-Kinetic-Xenial/devel/.private/robosherlock_msgs/share/robosherlock_msgs/cmake/robosherlock_msgsConfig.cmake, /home/david/PR2-Kinetic-Xenial/devel/share/robosherlock_msgs/cmake/robosherlock_msgsConfig.cmake)
Linked: (/home/david/PR2-Kinetic-Xenial/devel/.private/robosherlock_msgs/share/robosherlock_msgs/cmake/robosherlock_msgs-msg-paths.cmake, /home/david/PR2-Kinetic-Xenial/devel/share/robosherlock_msgs/cmake/robosherlock_msgs-msg-paths.cmake)
Linked: (/home/david/PR2-Kinetic-Xenial/devel/.private/robosherlock_msgs/share/robosherlock_msgs/cmake/robosherlock_msgsConfig-version.cmake, /home/david/PR2-Kinetic-Xenial/devel/share/robosherlock_msgs/cmake/robosherlock_msgsConfig-version.cmake)
Linked: (/home/david/PR2-Kinetic-Xenial/devel/.private/robosherlock_msgs/share/robosherlock_msgs/cmake/robosherlock_msgs-msg-extras.cmake, /home/david/PR2-Kinetic-Xenial/devel/share/robosherlock_msgs/cmake/robosherlock_msgs-msg-extras.cmake)
Linked: (/home/david/PR2-Kinetic-Xenial/devel/.private/robosherlock_msgs/lib/pkgconfig/robosherlock_msgs.pc, /home/david/PR2-Kinetic-Xenial/devel/lib/pkgconfig/robosherlock_msgs.pc)
Linked: (/home/david/PR2-Kinetic-Xenial/devel/.private/robosherlock_msgs/lib/python2.7/dist-packages/robosherlock_msgs/__init__.py, /home/david/PR2-Kinetic-Xenial/devel/lib/python2.7/dist-packages/robosherlock_msgs/__init__.py)
Linked: (/home/david/PR2-Kinetic-Xenial/devel/.private/robosherlock_msgs/lib/python2.7/dist-packages/robosherlock_msgs/srv/_RSVisControl.py, /home/david/PR2-Kinetic-Xenial/devel/lib/python2.7/dist-packages/robosherlock_msgs/srv/_RSVisControl.py)
Linked: (/home/david/PR2-Kinetic-Xenial/devel/.private/robosherlock_msgs/lib/python2.7/dist-packages/robosherlock_msgs/srv/_SetRSContext.py, /home/david/PR2-Kinetic-Xenial/devel/lib/python2.7/dist-packages/robosherlock_msgs/srv/_SetRSContext.py)
Linked: (/home/david/PR2-Kinetic-Xenial/devel/.private/robosherlock_msgs/lib/python2.7/dist-packages/robosherlock_msgs/srv/__init__.py, /home/david/PR2-Kinetic-Xenial/devel/lib/python2.7/dist-packages/robosherlock_msgs/srv/__init__.py)
Linked: (/home/david/PR2-Kinetic-Xenial/devel/.private/robosherlock_msgs/lib/python2.7/dist-packages/robosherlock_msgs/srv/_UpdateObjects.py, /home/david/PR2-Kinetic-Xenial/devel/lib/python2.7/dist-packages/robosherlock_msgs/srv/_UpdateObjects.py)
Linked: (/home/david/PR2-Kinetic-Xenial/devel/.private/robosherlock_msgs/lib/python2.7/dist-packages/robosherlock_msgs/srv/_RSQueryService.py, /home/david/PR2-Kinetic-Xenial/devel/lib/python2.7/dist-packages/robosherlock_msgs/srv/_RSQueryService.py)
Linked: (/home/david/PR2-Kinetic-Xenial/devel/.private/robosherlock_msgs/lib/python2.7/dist-packages/robosherlock_msgs/msg/_RSActiveAnnotatorList.py, /home/david/PR2-Kinetic-Xenial/devel/lib/python2.7/dist-packages/robosherlock_msgs/msg/_RSActiveAnnotatorList.py)
Linked: (/home/david/PR2-Kinetic-Xenial/devel/.private/robosherlock_msgs/lib/python2.7/dist-packages/robosherlock_msgs/msg/_RSObjectDescriptions.py, /home/david/PR2-Kinetic-Xenial/devel/lib/python2.7/dist-packages/robosherlock_msgs/msg/_RSObjectDescriptions.py)
Linked: (/home/david/PR2-Kinetic-Xenial/devel/.private/robosherlock_msgs/lib/python2.7/dist-packages/robosherlock_msgs/msg/__init__.py, /home/david/PR2-Kinetic-Xenial/devel/lib/python2.7/dist-packages/robosherlock_msgs/msg/__init__.py)
