[  0%] Built target _robosherlock_msgs_generate_messages_check_deps_RSQueryService
[  0%] Built target _robosherlock_msgs_generate_messages_check_deps_SetRSContext
[  0%] Built target _robosherlock_msgs_generate_messages_check_deps_RSActiveAnnotatorList
[  0%] Built target shape_msgs_generate_messages_lisp
[  0%] Built target geometry_msgs_generate_messages_lisp
[  0%] Built target _robosherlock_msgs_generate_messages_check_deps_UpdateObjects
[  0%] Built target _robosherlock_msgs_generate_messages_check_deps_RSObjectDescriptions
[  0%] Built target sensor_msgs_generate_messages_lisp
[  0%] Built target visualization_msgs_generate_messages_lisp
[  0%] Built target _robosherlock_msgs_generate_messages_check_deps_RSVisControl
[  0%] Built target shape_msgs_generate_messages_py
[  0%] Built target visualization_msgs_generate_messages_py
[  0%] Built target geometry_msgs_generate_messages_py
[  0%] Built target sensor_msgs_generate_messages_py
[  0%] Built target geometry_msgs_generate_messages_nodejs
[  0%] Built target shape_msgs_generate_messages_nodejs
[  0%] Built target sensor_msgs_generate_messages_nodejs
[  0%] Built target geometry_msgs_generate_messages_java
[  0%] Built target visualization_msgs_generate_messages_nodejs
[  2%] [34m[1mCompiling Java code for robosherlock_msgs[0m
[  2%] Built target sensor_msgs_generate_messages_cpp
[  2%] Built target shape_msgs_generate_messages_cpp
[  2%] Built target geometry_msgs_generate_messages_cpp
[  2%] Built target visualization_msgs_generate_messages_cpp
[  2%] Built target geometry_msgs_generate_messages_eus
[  5%] Built target robosherlock_msgs_generate_messages_java_gradle
[  5%] Built target shape_msgs_generate_messages_eus
[  5%] Built target sensor_msgs_generate_messages_eus
[  5%] Built target visualization_msgs_generate_messages_eus
[ 22%] Built target robosherlock_msgs_generate_messages_lisp
[ 66%] Built target robosherlock_msgs_generate_messages_nodejs
[ 66%] Built target robosherlock_msgs_generate_messages_java
[ 69%] Built target robosherlock_msgs_generate_messages_py
[ 80%] Built target robosherlock_msgs_generate_messages_cpp
[100%] Built target robosherlock_msgs_generate_messages_eus
[100%] Built target robosherlock_msgs_generate_messages
