[  0%] Built target _robosherlock_msgs_generate_messages_check_deps_RSVisControl
[  0%] Built target _robosherlock_msgs_generate_messages_check_deps_SetRSContext
[  0%] Built target _robosherlock_msgs_generate_messages_check_deps_RSActiveAnnotatorList
[  0%] Built target _robosherlock_msgs_generate_messages_check_deps_RSQueryService
[  0%] Built target geometry_msgs_generate_messages_eus
[  0%] Built target shape_msgs_generate_messages_eus
[  0%] Built target _robosherlock_msgs_generate_messages_check_deps_UpdateObjects
[  0%] Built target sensor_msgs_generate_messages_eus
[  0%] Built target _robosherlock_msgs_generate_messages_check_deps_RSObjectDescriptions
[  0%] Built target visualization_msgs_generate_messages_eus
[  0%] Built target shape_msgs_generate_messages_py
[  0%] Built target geometry_msgs_generate_messages_py
[  0%] Built target sensor_msgs_generate_messages_py
[  0%] Built target visualization_msgs_generate_messages_py
[  0%] Built target geometry_msgs_generate_messages_nodejs
[  0%] Built target shape_msgs_generate_messages_nodejs
[  0%] Built target visualization_msgs_generate_messages_nodejs
[  0%] Built target sensor_msgs_generate_messages_nodejs
[  0%] Built target geometry_msgs_generate_messages_lisp
[  0%] Built target shape_msgs_generate_messages_lisp
[  0%] Built target sensor_msgs_generate_messages_lisp
[  0%] Built target visualization_msgs_generate_messages_lisp
[  0%] Built target shape_msgs_generate_messages_java
[  0%] Built target sensor_msgs_generate_messages_java
[  0%] Built target visualization_msgs_generate_messages_java
[  0%] Built target geometry_msgs_generate_messages_java
[  2%] [34m[1mCompiling Java code for robosherlock_msgs[0m
[  5%] Built target robosherlock_msgs_generate_messages_java_gradle
[  5%] Built target geometry_msgs_generate_messages_cpp
[  5%] Built target shape_msgs_generate_messages_cpp
[  5%] Built target visualization_msgs_generate_messages_cpp
[  5%] Built target sensor_msgs_generate_messages_cpp
[ 30%] Built target robosherlock_msgs_generate_messages_eus
[ 61%] Built target robosherlock_msgs_generate_messages_py
[ 61%] Built target robosherlock_msgs_generate_messages_java
[ 83%] Built target robosherlock_msgs_generate_messages_nodejs
[ 83%] Built target robosherlock_msgs_generate_messages_lisp
[100%] Built target robosherlock_msgs_generate_messages_cpp
[100%] Built target robosherlock_msgs_generate_messages
