Symlinking /home/dtrimoul/PR2-Kinetic-Xenial/devel/share/robosherlock_msgs/cmake/robosherlock_msgs-msg-paths.cmake
Symlinking /home/dtrimoul/PR2-Kinetic-Xenial/devel/share/robosherlock_msgs/cmake/robosherlock_msgs-msg-extras.cmake
Symlinking /home/dtrimoul/PR2-Kinetic-Xenial/devel/share/robosherlock_msgs/cmake/robosherlock_msgsConfig.cmake
Symlinking /home/dtrimoul/PR2-Kinetic-Xenial/devel/share/robosherlock_msgs/cmake/robosherlock_msgsConfig-version.cmake
Symlinking /home/dtrimoul/PR2-Kinetic-Xenial/devel/share/roseus/ros/robosherlock_msgs/manifest.l
Symlinking /home/dtrimoul/PR2-Kinetic-Xenial/devel/share/roseus/ros/robosherlock_msgs/msg/RSActiveAnnotatorList.l
Symlinking /home/dtrimoul/PR2-Kinetic-Xenial/devel/share/roseus/ros/robosherlock_msgs/msg/RSObjectDescriptions.l
Symlinking /home/dtrimoul/PR2-Kinetic-Xenial/devel/share/roseus/ros/robosherlock_msgs/srv/SetRSContext.l
Symlinking /home/dtrimoul/PR2-Kinetic-Xenial/devel/share/roseus/ros/robosherlock_msgs/srv/UpdateObjects.l
Symlinking /home/dtrimoul/PR2-Kinetic-Xenial/devel/share/roseus/ros/robosherlock_msgs/srv/RSVisControl.l
Symlinking /home/dtrimoul/PR2-Kinetic-Xenial/devel/share/roseus/ros/robosherlock_msgs/srv/RSQueryService.l
Symlinking /home/dtrimoul/PR2-Kinetic-Xenial/devel/share/common-lisp/ros/robosherlock_msgs/msg/RSActiveAnnotatorList.lisp
Symlinking /home/dtrimoul/PR2-Kinetic-Xenial/devel/share/common-lisp/ros/robosherlock_msgs/msg/_package_RSActiveAnnotatorList.lisp
Symlinking /home/dtrimoul/PR2-Kinetic-Xenial/devel/share/common-lisp/ros/robosherlock_msgs/msg/_package.lisp
Symlinking /home/dtrimoul/PR2-Kinetic-Xenial/devel/share/common-lisp/ros/robosherlock_msgs/msg/RSObjectDescriptions.lisp
Symlinking /home/dtrimoul/PR2-Kinetic-Xenial/devel/share/common-lisp/ros/robosherlock_msgs/msg/robosherlock_msgs-msg.asd
Symlinking /home/dtrimoul/PR2-Kinetic-Xenial/devel/share/common-lisp/ros/robosherlock_msgs/msg/_package_RSObjectDescriptions.lisp
Symlinking /home/dtrimoul/PR2-Kinetic-Xenial/devel/share/common-lisp/ros/robosherlock_msgs/srv/SetRSContext.lisp
Symlinking /home/dtrimoul/PR2-Kinetic-Xenial/devel/share/common-lisp/ros/robosherlock_msgs/srv/_package_SetRSContext.lisp
Symlinking /home/dtrimoul/PR2-Kinetic-Xenial/devel/share/common-lisp/ros/robosherlock_msgs/srv/_package.lisp
Symlinking /home/dtrimoul/PR2-Kinetic-Xenial/devel/share/common-lisp/ros/robosherlock_msgs/srv/robosherlock_msgs-srv.asd
Symlinking /home/dtrimoul/PR2-Kinetic-Xenial/devel/share/common-lisp/ros/robosherlock_msgs/srv/UpdateObjects.lisp
Symlinking /home/dtrimoul/PR2-Kinetic-Xenial/devel/share/common-lisp/ros/robosherlock_msgs/srv/_package_UpdateObjects.lisp
Symlinking /home/dtrimoul/PR2-Kinetic-Xenial/devel/share/common-lisp/ros/robosherlock_msgs/srv/RSVisControl.lisp
Symlinking /home/dtrimoul/PR2-Kinetic-Xenial/devel/share/common-lisp/ros/robosherlock_msgs/srv/_package_RSVisControl.lisp
Symlinking /home/dtrimoul/PR2-Kinetic-Xenial/devel/share/common-lisp/ros/robosherlock_msgs/srv/RSQueryService.lisp
Symlinking /home/dtrimoul/PR2-Kinetic-Xenial/devel/share/common-lisp/ros/robosherlock_msgs/srv/_package_RSQueryService.lisp
Symlinking /home/dtrimoul/PR2-Kinetic-Xenial/devel/share/gennodejs/ros/robosherlock_msgs/_index.js
Symlinking /home/dtrimoul/PR2-Kinetic-Xenial/devel/share/gennodejs/ros/robosherlock_msgs/msg/RSActiveAnnotatorList.js
Symlinking /home/dtrimoul/PR2-Kinetic-Xenial/devel/share/gennodejs/ros/robosherlock_msgs/msg/_index.js
Symlinking /home/dtrimoul/PR2-Kinetic-Xenial/devel/share/gennodejs/ros/robosherlock_msgs/msg/RSObjectDescriptions.js
Symlinking /home/dtrimoul/PR2-Kinetic-Xenial/devel/share/gennodejs/ros/robosherlock_msgs/srv/SetRSContext.js
Symlinking /home/dtrimoul/PR2-Kinetic-Xenial/devel/share/gennodejs/ros/robosherlock_msgs/srv/_index.js
Symlinking /home/dtrimoul/PR2-Kinetic-Xenial/devel/share/gennodejs/ros/robosherlock_msgs/srv/UpdateObjects.js
Symlinking /home/dtrimoul/PR2-Kinetic-Xenial/devel/share/gennodejs/ros/robosherlock_msgs/srv/RSVisControl.js
Symlinking /home/dtrimoul/PR2-Kinetic-Xenial/devel/share/gennodejs/ros/robosherlock_msgs/srv/RSQueryService.js
Symlinking /home/dtrimoul/PR2-Kinetic-Xenial/devel/share/maven/org/ros/rosjava_messages/robosherlock_msgs/maven-metadata.xml
Symlinking /home/dtrimoul/PR2-Kinetic-Xenial/devel/share/maven/org/ros/rosjava_messages/robosherlock_msgs/maven-metadata.xml.sha1
Symlinking /home/dtrimoul/PR2-Kinetic-Xenial/devel/share/maven/org/ros/rosjava_messages/robosherlock_msgs/maven-metadata.xml.md5
Symlinking /home/dtrimoul/PR2-Kinetic-Xenial/devel/share/maven/org/ros/rosjava_messages/robosherlock_msgs/0.0.1/robosherlock_msgs-0.0.1.jar
Symlinking /home/dtrimoul/PR2-Kinetic-Xenial/devel/share/maven/org/ros/rosjava_messages/robosherlock_msgs/0.0.1/robosherlock_msgs-0.0.1.jar.sha1
Symlinking /home/dtrimoul/PR2-Kinetic-Xenial/devel/share/maven/org/ros/rosjava_messages/robosherlock_msgs/0.0.1/robosherlock_msgs-0.0.1.jar.md5
Symlinking /home/dtrimoul/PR2-Kinetic-Xenial/devel/share/maven/org/ros/rosjava_messages/robosherlock_msgs/0.0.1/robosherlock_msgs-0.0.1.pom
Symlinking /home/dtrimoul/PR2-Kinetic-Xenial/devel/share/maven/org/ros/rosjava_messages/robosherlock_msgs/0.0.1/robosherlock_msgs-0.0.1.pom.sha1
Symlinking /home/dtrimoul/PR2-Kinetic-Xenial/devel/share/maven/org/ros/rosjava_messages/robosherlock_msgs/0.0.1/robosherlock_msgs-0.0.1.pom.md5
Symlinking /home/dtrimoul/PR2-Kinetic-Xenial/devel/include/robosherlock_msgs/RSActiveAnnotatorList.h
Symlinking /home/dtrimoul/PR2-Kinetic-Xenial/devel/include/robosherlock_msgs/RSObjectDescriptions.h
Symlinking /home/dtrimoul/PR2-Kinetic-Xenial/devel/include/robosherlock_msgs/SetRSContext.h
Symlinking /home/dtrimoul/PR2-Kinetic-Xenial/devel/include/robosherlock_msgs/SetRSContextRequest.h
Symlinking /home/dtrimoul/PR2-Kinetic-Xenial/devel/include/robosherlock_msgs/SetRSContextResponse.h
Symlinking /home/dtrimoul/PR2-Kinetic-Xenial/devel/include/robosherlock_msgs/UpdateObjects.h
Symlinking /home/dtrimoul/PR2-Kinetic-Xenial/devel/include/robosherlock_msgs/UpdateObjectsRequest.h
Symlinking /home/dtrimoul/PR2-Kinetic-Xenial/devel/include/robosherlock_msgs/RSVisControl.h
Symlinking /home/dtrimoul/PR2-Kinetic-Xenial/devel/include/robosherlock_msgs/RSVisControlRequest.h
Symlinking /home/dtrimoul/PR2-Kinetic-Xenial/devel/include/robosherlock_msgs/UpdateObjectsResponse.h
Symlinking /home/dtrimoul/PR2-Kinetic-Xenial/devel/include/robosherlock_msgs/RSVisControlResponse.h
Symlinking /home/dtrimoul/PR2-Kinetic-Xenial/devel/include/robosherlock_msgs/RSQueryService.h
Symlinking /home/dtrimoul/PR2-Kinetic-Xenial/devel/include/robosherlock_msgs/RSQueryServiceRequest.h
Symlinking /home/dtrimoul/PR2-Kinetic-Xenial/devel/include/robosherlock_msgs/RSQueryServiceResponse.h
Symlinking /home/dtrimoul/PR2-Kinetic-Xenial/devel/lib/python2.7/dist-packages/robosherlock_msgs/__init__.py
Symlinking /home/dtrimoul/PR2-Kinetic-Xenial/devel/lib/python2.7/dist-packages/robosherlock_msgs/msg/_RSActiveAnnotatorList.py
Symlinking /home/dtrimoul/PR2-Kinetic-Xenial/devel/lib/python2.7/dist-packages/robosherlock_msgs/msg/_RSObjectDescriptions.py
Symlinking /home/dtrimoul/PR2-Kinetic-Xenial/devel/lib/python2.7/dist-packages/robosherlock_msgs/msg/__init__.py
Symlinking /home/dtrimoul/PR2-Kinetic-Xenial/devel/lib/python2.7/dist-packages/robosherlock_msgs/srv/_SetRSContext.py
Symlinking /home/dtrimoul/PR2-Kinetic-Xenial/devel/lib/python2.7/dist-packages/robosherlock_msgs/srv/_RSVisControl.py
Symlinking /home/dtrimoul/PR2-Kinetic-Xenial/devel/lib/python2.7/dist-packages/robosherlock_msgs/srv/_UpdateObjects.py
Symlinking /home/dtrimoul/PR2-Kinetic-Xenial/devel/lib/python2.7/dist-packages/robosherlock_msgs/srv/_RSQueryService.py
Symlinking /home/dtrimoul/PR2-Kinetic-Xenial/devel/lib/python2.7/dist-packages/robosherlock_msgs/srv/__init__.py
Symlinking /home/dtrimoul/PR2-Kinetic-Xenial/devel/lib/pkgconfig/robosherlock_msgs.pc
