[  0%] Built target shape_msgs_generate_messages_lisp
[  0%] Built target geometry_msgs_generate_messages_lisp
[  0%] Built target sensor_msgs_generate_messages_lisp
[  0%] Built target _robosherlock_msgs_generate_messages_check_deps_RSQueryService
[  0%] Built target _robosherlock_msgs_generate_messages_check_deps_RSObjectDescriptions
[  0%] Built target _robosherlock_msgs_generate_messages_check_deps_UpdateObjects
[  0%] Built target _robosherlock_msgs_generate_messages_check_deps_SetRSContext
[  0%] Built target visualization_msgs_generate_messages_lisp
[  0%] Built target geometry_msgs_generate_messages_py
[  0%] Built target _robosherlock_msgs_generate_messages_check_deps_RSActiveAnnotatorList
[  0%] Built target visualization_msgs_generate_messages_py
[  0%] Built target sensor_msgs_generate_messages_py
[  0%] Built target shape_msgs_generate_messages_py
[  0%] Built target _robosherlock_msgs_generate_messages_check_deps_RSVisControl
[  0%] Built target sensor_msgs_generate_messages_cpp
[  0%] Built target visualization_msgs_generate_messages_nodejs
[  0%] Built target geometry_msgs_generate_messages_nodejs
[  0%] Built target shape_msgs_generate_messages_nodejs
[  0%] Built target sensor_msgs_generate_messages_nodejs
[  0%] Built target shape_msgs_generate_messages_cpp
[  0%] Built target geometry_msgs_generate_messages_cpp
[  0%] Built target shape_msgs_generate_messages_eus
[  0%] Built target sensor_msgs_generate_messages_eus
[  0%] Built target visualization_msgs_generate_messages_eus
[  0%] Built target geometry_msgs_generate_messages_eus
[  0%] Built target visualization_msgs_generate_messages_cpp
[ 16%] Built target robosherlock_msgs_generate_messages_lisp
[ 19%] [34m[1mCompiling Java code for robosherlock_msgs[0m
[ 38%] Built target robosherlock_msgs_generate_messages_java
[ 52%] Built target robosherlock_msgs_generate_messages_py
[ 75%] Built target robosherlock_msgs_generate_messages_nodejs
[ 88%] Built target robosherlock_msgs_generate_messages_cpp
[ 97%] Built target robosherlock_msgs_generate_messages_eus
[100%] Built target robosherlock_msgs_generate_messages_java_gradle
[100%] Built target robosherlock_msgs_generate_messages
