Linked: (/home/david/PR2-Kinetic-Xenial/devel/.private/control_toolbox/include/control_toolbox/SetPidGains.h, /home/david/PR2-Kinetic-Xenial/devel/include/control_toolbox/SetPidGains.h)
Linked: (/home/david/PR2-Kinetic-Xenial/devel/.private/control_toolbox/include/control_toolbox/SetPidGainsResponse.h, /home/david/PR2-Kinetic-Xenial/devel/include/control_toolbox/SetPidGainsResponse.h)
Linked: (/home/david/PR2-Kinetic-Xenial/devel/.private/control_toolbox/include/control_toolbox/ParametersConfig.h, /home/david/PR2-Kinetic-Xenial/devel/include/control_toolbox/ParametersConfig.h)
Linked: (/home/david/PR2-Kinetic-Xenial/devel/.private/control_toolbox/include/control_toolbox/SetPidGainsRequest.h, /home/david/PR2-Kinetic-Xenial/devel/include/control_toolbox/SetPidGainsRequest.h)
Linked: (/home/david/PR2-Kinetic-Xenial/devel/.private/control_toolbox/share/common-lisp/ros/control_toolbox/srv/SetPidGains.lisp, /home/david/PR2-Kinetic-Xenial/devel/share/common-lisp/ros/control_toolbox/srv/SetPidGains.lisp)
Linked: (/home/david/PR2-Kinetic-Xenial/devel/.private/control_toolbox/share/common-lisp/ros/control_toolbox/srv/_package.lisp, /home/david/PR2-Kinetic-Xenial/devel/share/common-lisp/ros/control_toolbox/srv/_package.lisp)
Linked: (/home/david/PR2-Kinetic-Xenial/devel/.private/control_toolbox/share/common-lisp/ros/control_toolbox/srv/control_toolbox-srv.asd, /home/david/PR2-Kinetic-Xenial/devel/share/common-lisp/ros/control_toolbox/srv/control_toolbox-srv.asd)
Linked: (/home/david/PR2-Kinetic-Xenial/devel/.private/control_toolbox/share/common-lisp/ros/control_toolbox/srv/_package_SetPidGains.lisp, /home/david/PR2-Kinetic-Xenial/devel/share/common-lisp/ros/control_toolbox/srv/_package_SetPidGains.lisp)
Linked: (/home/david/PR2-Kinetic-Xenial/devel/.private/control_toolbox/share/roseus/ros/control_toolbox/manifest.l, /home/david/PR2-Kinetic-Xenial/devel/share/roseus/ros/control_toolbox/manifest.l)
Linked: (/home/david/PR2-Kinetic-Xenial/devel/.private/control_toolbox/share/roseus/ros/control_toolbox/srv/SetPidGains.l, /home/david/PR2-Kinetic-Xenial/devel/share/roseus/ros/control_toolbox/srv/SetPidGains.l)
Linked: (/home/david/PR2-Kinetic-Xenial/devel/.private/control_toolbox/share/control_toolbox/docs/ParametersConfig.wikidoc, /home/david/PR2-Kinetic-Xenial/devel/share/control_toolbox/docs/ParametersConfig.wikidoc)
Linked: (/home/david/PR2-Kinetic-Xenial/devel/.private/control_toolbox/share/control_toolbox/docs/ParametersConfig-usage.dox, /home/david/PR2-Kinetic-Xenial/devel/share/control_toolbox/docs/ParametersConfig-usage.dox)
Linked: (/home/david/PR2-Kinetic-Xenial/devel/.private/control_toolbox/share/control_toolbox/docs/ParametersConfig.dox, /home/david/PR2-Kinetic-Xenial/devel/share/control_toolbox/docs/ParametersConfig.dox)
Linked: (/home/david/PR2-Kinetic-Xenial/devel/.private/control_toolbox/share/control_toolbox/cmake/control_toolboxConfig.cmake, /home/david/PR2-Kinetic-Xenial/devel/share/control_toolbox/cmake/control_toolboxConfig.cmake)
Linked: (/home/david/PR2-Kinetic-Xenial/devel/.private/control_toolbox/share/control_toolbox/cmake/control_toolboxConfig-version.cmake, /home/david/PR2-Kinetic-Xenial/devel/share/control_toolbox/cmake/control_toolboxConfig-version.cmake)
Linked: (/home/david/PR2-Kinetic-Xenial/devel/.private/control_toolbox/share/control_toolbox/cmake/control_toolbox-msg-extras.cmake, /home/david/PR2-Kinetic-Xenial/devel/share/control_toolbox/cmake/control_toolbox-msg-extras.cmake)
Linked: (/home/david/PR2-Kinetic-Xenial/devel/.private/control_toolbox/share/control_toolbox/cmake/control_toolbox-msg-paths.cmake, /home/david/PR2-Kinetic-Xenial/devel/share/control_toolbox/cmake/control_toolbox-msg-paths.cmake)
Linked: (/home/david/PR2-Kinetic-Xenial/devel/.private/control_toolbox/share/gennodejs/ros/control_toolbox/_index.js, /home/david/PR2-Kinetic-Xenial/devel/share/gennodejs/ros/control_toolbox/_index.js)
Linked: (/home/david/PR2-Kinetic-Xenial/devel/.private/control_toolbox/share/gennodejs/ros/control_toolbox/srv/SetPidGains.js, /home/david/PR2-Kinetic-Xenial/devel/share/gennodejs/ros/control_toolbox/srv/SetPidGains.js)
Linked: (/home/david/PR2-Kinetic-Xenial/devel/.private/control_toolbox/share/gennodejs/ros/control_toolbox/srv/_index.js, /home/david/PR2-Kinetic-Xenial/devel/share/gennodejs/ros/control_toolbox/srv/_index.js)
Linked: (/home/david/PR2-Kinetic-Xenial/devel/.private/control_toolbox/lib/libcontrol_toolbox.so, /home/david/PR2-Kinetic-Xenial/devel/lib/libcontrol_toolbox.so)
Linked: (/home/david/PR2-Kinetic-Xenial/devel/.private/control_toolbox/lib/pkgconfig/control_toolbox.pc, /home/david/PR2-Kinetic-Xenial/devel/lib/pkgconfig/control_toolbox.pc)
Linked: (/home/david/PR2-Kinetic-Xenial/devel/.private/control_toolbox/lib/python2.7/dist-packages/control_toolbox/__init__.py, /home/david/PR2-Kinetic-Xenial/devel/lib/python2.7/dist-packages/control_toolbox/__init__.py)
Linked: (/home/david/PR2-Kinetic-Xenial/devel/.private/control_toolbox/lib/python2.7/dist-packages/control_toolbox/cfg/ParametersConfig.py, /home/david/PR2-Kinetic-Xenial/devel/lib/python2.7/dist-packages/control_toolbox/cfg/ParametersConfig.py)
Linked: (/home/david/PR2-Kinetic-Xenial/devel/.private/control_toolbox/lib/python2.7/dist-packages/control_toolbox/cfg/__init__.py, /home/david/PR2-Kinetic-Xenial/devel/lib/python2.7/dist-packages/control_toolbox/cfg/__init__.py)
Linked: (/home/david/PR2-Kinetic-Xenial/devel/.private/control_toolbox/lib/python2.7/dist-packages/control_toolbox/srv/__init__.py, /home/david/PR2-Kinetic-Xenial/devel/lib/python2.7/dist-packages/control_toolbox/srv/__init__.py)
Linked: (/home/david/PR2-Kinetic-Xenial/devel/.private/control_toolbox/lib/python2.7/dist-packages/control_toolbox/srv/_SetPidGains.py, /home/david/PR2-Kinetic-Xenial/devel/lib/python2.7/dist-packages/control_toolbox/srv/_SetPidGains.py)
