[35m[1mScanning dependencies of target _control_toolbox_generate_messages_check_deps_SetPidGains[0m
[  0%] Built target _control_toolbox_generate_messages_check_deps_SetPidGains
[35m[1mScanning dependencies of target std_msgs_generate_messages_lisp[0m
[  0%] Built target std_msgs_generate_messages_lisp
[35m[1mScanning dependencies of target control_toolbox_generate_messages_java_gradle[0m
[  5%] [34m[1mGenerating Java gradle project from control_toolbox[0m
WARNING: Package name "gazebo_moveIT_objects_synchroniser" does not follow the naming conventions. It should start with a lower case letter and only contain lower case letters, digits, underscores, and dashes.
[35m[1mScanning dependencies of target std_msgs_generate_messages_eus[0m
[  5%] Built target std_msgs_generate_messages_eus
[ 11%] [34m[1mCompiling Java code for control_toolbox[0m
[0mwarning: [options] bootstrap class path not set in conjunction with -source 1.7
1 warning
Uploading: org/ros/rosjava_messages/control_toolbox/1.16.0/control_toolbox-1.16.0.jar to repository remote at file:/home/dtrimoul/PR2-Kinetic-Xenial/devel/.private/control_toolbox/share/maven
Transferring 2K from remote
Uploaded 2K
[0m[35m[1mScanning dependencies of target std_msgs_generate_messages_cpp[0m
[ 11%] Built target std_msgs_generate_messages_cpp
[35m[1mScanning dependencies of target std_msgs_generate_messages_py[0m
[ 11%] Built target std_msgs_generate_messages_py
[35m[1mScanning dependencies of target std_msgs_generate_messages_nodejs[0m
[ 11%] Built target std_msgs_generate_messages_nodejs
[35m[1mScanning dependencies of target control_toolbox_gencfg[0m
[ 16%] [34m[1mGenerating dynamic reconfigure files from cfg/Parameters.cfg: /home/dtrimoul/PR2-Kinetic-Xenial/devel/.private/control_toolbox/include/control_toolbox/ParametersConfig.h /home/dtrimoul/PR2-Kinetic-Xenial/devel/.private/control_toolbox/lib/python2.7/dist-packages/control_toolbox/cfg/ParametersConfig.py[0m
Generating reconfiguration files for Parameters in control_toolbox
Wrote header file in /home/dtrimoul/PR2-Kinetic-Xenial/devel/.private/control_toolbox/include/control_toolbox/ParametersConfig.h
[ 16%] Built target control_toolbox_generate_messages_java_gradle
[ 16%] Built target control_toolbox_gencfg
[35m[1mScanning dependencies of target dynamic_reconfigure_generate_messages_eus[0m
[35m[1mScanning dependencies of target dynamic_reconfigure_gencfg[0m
[ 16%] Built target dynamic_reconfigure_generate_messages_eus
[ 16%] Built target dynamic_reconfigure_gencfg
[35m[1mScanning dependencies of target control_msgs_generate_messages_cpp[0m
[ 16%] Built target control_msgs_generate_messages_cpp
[35m[1mScanning dependencies of target roscpp_generate_messages_lisp[0m
[ 16%] Built target roscpp_generate_messages_lisp
[35m[1mScanning dependencies of target dynamic_reconfigure_generate_messages_lisp[0m
[35m[1mScanning dependencies of target actionlib_msgs_generate_messages_py[0m
[ 16%] Built target dynamic_reconfigure_generate_messages_lisp
[ 16%] Built target actionlib_msgs_generate_messages_py
[35m[1mScanning dependencies of target geometry_msgs_generate_messages_eus[0m
[35m[1mScanning dependencies of target roscpp_generate_messages_cpp[0m
[ 16%] Built target geometry_msgs_generate_messages_eus
[ 16%] Built target roscpp_generate_messages_cpp
[35m[1mScanning dependencies of target rosgraph_msgs_generate_messages_cpp[0m
[35m[1mScanning dependencies of target actionlib_msgs_generate_messages_eus[0m
[ 16%] Built target rosgraph_msgs_generate_messages_cpp
[ 16%] Built target actionlib_msgs_generate_messages_eus
[35m[1mScanning dependencies of target trajectory_msgs_generate_messages_py[0m
[35m[1mScanning dependencies of target trajectory_msgs_generate_messages_eus[0m
[ 16%] Built target trajectory_msgs_generate_messages_eus
[ 16%] Built target trajectory_msgs_generate_messages_py
[35m[1mScanning dependencies of target actionlib_msgs_generate_messages_cpp[0m
[35m[1mScanning dependencies of target rosgraph_msgs_generate_messages_nodejs[0m
[ 16%] Built target actionlib_msgs_generate_messages_cpp
[ 16%] Built target rosgraph_msgs_generate_messages_nodejs
[35m[1mScanning dependencies of target geometry_msgs_generate_messages_nodejs[0m
[35m[1mScanning dependencies of target control_msgs_generate_messages_eus[0m
[ 16%] Built target control_msgs_generate_messages_eus
[ 16%] Built target geometry_msgs_generate_messages_nodejs
[35m[1mScanning dependencies of target _catkin_empty_exported_target[0m
[35m[1mScanning dependencies of target dynamic_reconfigure_generate_messages_nodejs[0m
[ 16%] Built target _catkin_empty_exported_target
[ 16%] Built target dynamic_reconfigure_generate_messages_nodejs
[35m[1mScanning dependencies of target geometry_msgs_generate_messages_lisp[0m
[35m[1mScanning dependencies of target actionlib_msgs_generate_messages_lisp[0m
[ 16%] Built target geometry_msgs_generate_messages_lisp
[35m[1mScanning dependencies of target roscpp_generate_messages_nodejs[0m
[ 16%] Built target actionlib_msgs_generate_messages_lisp
[35m[1mScanning dependencies of target rosgraph_msgs_generate_messages_lisp[0m
[ 16%] Built target roscpp_generate_messages_nodejs
[ 16%] Built target rosgraph_msgs_generate_messages_lisp
[35m[1mScanning dependencies of target rosgraph_msgs_generate_messages_py[0m
[35m[1mScanning dependencies of target actionlib_msgs_generate_messages_nodejs[0m
[ 16%] Built target rosgraph_msgs_generate_messages_py
[35m[1mScanning dependencies of target control_msgs_generate_messages_nodejs[0m
[ 16%] Built target actionlib_msgs_generate_messages_nodejs
[35m[1mScanning dependencies of target control_msgs_generate_messages_py[0m
[ 16%] Built target control_msgs_generate_messages_nodejs
[35m[1mScanning dependencies of target geometry_msgs_generate_messages_py[0m
[ 16%] Built target control_msgs_generate_messages_py
[35m[1mScanning dependencies of target geometry_msgs_generate_messages_cpp[0m
[ 16%] Built target geometry_msgs_generate_messages_py
[35m[1mScanning dependencies of target trajectory_msgs_generate_messages_cpp[0m
[ 16%] Built target geometry_msgs_generate_messages_cpp
[35m[1mScanning dependencies of target control_msgs_generate_messages_lisp[0m
[ 16%] Built target trajectory_msgs_generate_messages_cpp
[35m[1mScanning dependencies of target trajectory_msgs_generate_messages_lisp[0m
[ 16%] Built target control_msgs_generate_messages_lisp
[35m[1mScanning dependencies of target trajectory_msgs_generate_messages_nodejs[0m
[ 16%] Built target trajectory_msgs_generate_messages_lisp
[35m[1mScanning dependencies of target roscpp_generate_messages_eus[0m
[ 16%] Built target trajectory_msgs_generate_messages_nodejs
[35m[1mScanning dependencies of target dynamic_reconfigure_generate_messages_cpp[0m
[ 16%] Built target roscpp_generate_messages_eus
[35m[1mScanning dependencies of target roscpp_generate_messages_py[0m
[ 16%] Built target dynamic_reconfigure_generate_messages_cpp
[35m[1mScanning dependencies of target dynamic_reconfigure_generate_messages_py[0m
[ 16%] Built target roscpp_generate_messages_py
[35m[1mScanning dependencies of target rosgraph_msgs_generate_messages_eus[0m
[ 16%] Built target dynamic_reconfigure_generate_messages_py
[35m[1mScanning dependencies of target control_toolbox_generate_messages_java[0m
[ 16%] Built target rosgraph_msgs_generate_messages_eus
[35m[1mScanning dependencies of target control_toolbox_generate_messages_lisp[0m
[ 22%] Built target control_toolbox_generate_messages_java
[35m[1mScanning dependencies of target control_toolbox_generate_messages_eus[0m
[ 27%] [34m[1mGenerating Lisp code from control_toolbox/SetPidGains.srv[0m
[35m[1mScanning dependencies of target control_toolbox_generate_messages_cpp[0m
[ 33%] [34m[1mGenerating EusLisp code from control_toolbox/SetPidGains.srv[0m
[ 38%] [34m[1mGenerating C++ code from control_toolbox/SetPidGains.srv[0m
[ 38%] Built target control_toolbox_generate_messages_lisp
[35m[1mScanning dependencies of target control_toolbox_generate_messages_py[0m
[ 44%] [34m[1mGenerating EusLisp manifest code for control_toolbox[0m
[ 50%] [34m[1mGenerating Python code from SRV control_toolbox/SetPidGains[0m
[ 55%] [34m[1mGenerating Python srv __init__.py for control_toolbox[0m
[ 55%] Built target control_toolbox_generate_messages_cpp
[35m[1mScanning dependencies of target control_toolbox_generate_messages_nodejs[0m
[ 61%] [34m[1mGenerating Javascript code from control_toolbox/SetPidGains.srv[0m
[ 61%] Built target control_toolbox_generate_messages_py
[ 61%] Built target control_toolbox_generate_messages_nodejs
WARNING: Package name "gazebo_moveIT_objects_synchroniser" does not follow the naming conventions. It should start with a lower case letter and only contain lower case letters, digits, underscores, and dashes.
WARNING: Package name "gazebo_moveIT_objects_synchroniser" does not follow the naming conventions. It should start with a lower case letter and only contain lower case letters, digits, underscores, and dashes.
[ 61%] Built target control_toolbox_generate_messages_eus
[35m[1mScanning dependencies of target control_toolbox_generate_messages[0m
[ 61%] Built target control_toolbox_generate_messages
[35m[1mScanning dependencies of target control_toolbox[0m
[ 66%] [32mBuilding CXX object CMakeFiles/control_toolbox.dir/src/pid.cpp.o[0m
[ 72%] [32mBuilding CXX object CMakeFiles/control_toolbox.dir/src/pid_gains_setter.cpp.o[0m
[ 77%] [32mBuilding CXX object CMakeFiles/control_toolbox.dir/src/sine_sweep.cpp.o[0m
[ 83%] [32mBuilding CXX object CMakeFiles/control_toolbox.dir/src/dither.cpp.o[0m
[ 88%] [32mBuilding CXX object CMakeFiles/control_toolbox.dir/src/sinusoid.cpp.o[0m
[ 94%] [32mBuilding CXX object CMakeFiles/control_toolbox.dir/src/limited_proxy.cpp.o[0m
[100%] [32m[1mLinking CXX shared library /home/dtrimoul/PR2-Kinetic-Xenial/devel/.private/control_toolbox/lib/libcontrol_toolbox.so[0m
[100%] Built target control_toolbox
