[  5%] Built target control_toolbox_gencfg
[  5%] Built target std_msgs_generate_messages_cpp
[  5%] Built target std_msgs_generate_messages_py
[ 11%] [34m[1mCompiling Java code for control_toolbox[0m
[ 11%] Built target std_msgs_generate_messages_lisp
[ 11%] Built target std_msgs_generate_messages_nodejs
[ 11%] Built target dynamic_reconfigure_generate_messages_eus
[ 11%] Built target std_msgs_generate_messages_eus
[ 11%] Built target _control_toolbox_generate_messages_check_deps_SetPidGains
[ 11%] Built target dynamic_reconfigure_gencfg
[ 11%] Built target dynamic_reconfigure_generate_messages_nodejs
[ 11%] Built target control_msgs_generate_messages_cpp
[ 11%] Built target dynamic_reconfigure_generate_messages_py
[ 11%] Built target roscpp_generate_messages_lisp
[ 11%] Built target _catkin_empty_exported_target
[ 11%] Built target dynamic_reconfigure_generate_messages_lisp
[ 11%] Built target geometry_msgs_generate_messages_eus
[ 11%] Built target roscpp_generate_messages_cpp
[ 11%] Built target actionlib_msgs_generate_messages_eus
[ 11%] Built target trajectory_msgs_generate_messages_py
[ 11%] Built target rosgraph_msgs_generate_messages_cpp
[ 11%] Built target actionlib_msgs_generate_messages_py
[ 11%] Built target actionlib_msgs_generate_messages_cpp
[ 11%] Built target geometry_msgs_generate_messages_nodejs
[ 11%] Built target trajectory_msgs_generate_messages_eus
[ 11%] Built target control_msgs_generate_messages_eus
[ 11%] Built target actionlib_msgs_generate_messages_lisp
[ 11%] Built target roscpp_generate_messages_nodejs
[ 11%] Built target geometry_msgs_generate_messages_lisp
[ 11%] Built target actionlib_msgs_generate_messages_nodejs
[ 11%] Built target rosgraph_msgs_generate_messages_nodejs
[ 16%] Built target control_toolbox_generate_messages_java_gradle
[ 16%] Built target rosgraph_msgs_generate_messages_lisp
[ 16%] Built target rosgraph_msgs_generate_messages_py
[ 16%] Built target control_msgs_generate_messages_nodejs
[ 16%] Built target geometry_msgs_generate_messages_py
[ 16%] Built target control_msgs_generate_messages_py
[ 16%] Built target trajectory_msgs_generate_messages_cpp
[ 16%] Built target trajectory_msgs_generate_messages_nodejs
[ 16%] Built target trajectory_msgs_generate_messages_lisp
[ 16%] Built target control_msgs_generate_messages_lisp
[ 16%] Built target geometry_msgs_generate_messages_cpp
[ 16%] Built target roscpp_generate_messages_eus
[ 16%] Built target dynamic_reconfigure_generate_messages_cpp
[ 16%] Built target geometry_msgs_generate_messages_java
[ 16%] Built target actionlib_msgs_generate_messages_java
[ 16%] Built target roscpp_generate_messages_py
[ 16%] Built target rosgraph_msgs_generate_messages_eus
[ 22%] Built target control_toolbox_generate_messages_lisp
[ 27%] Built target control_toolbox_generate_messages_java
[ 33%] Built target control_toolbox_generate_messages_cpp
[ 44%] Built target control_toolbox_generate_messages_eus
[ 50%] Built target control_toolbox_generate_messages_nodejs
[ 61%] Built target control_toolbox_generate_messages_py
[ 61%] Built target control_toolbox_generate_messages
[100%] Built target control_toolbox
