[  5%] Built target control_toolbox_gencfg
[  5%] Built target std_msgs_generate_messages_nodejs
[  5%] Built target _control_toolbox_generate_messages_check_deps_SetPidGains
[  5%] Built target std_msgs_generate_messages_lisp
[ 11%] [34m[1mCompiling Java code for control_toolbox[0m
[ 11%] Built target std_msgs_generate_messages_eus
[ 16%] Built target control_toolbox_generate_messages_java
[ 22%] Built target control_toolbox_generate_messages_java_gradle
[ 22%] Built target std_msgs_generate_messages_cpp
[ 22%] Built target std_msgs_generate_messages_py
[ 22%] Built target dynamic_reconfigure_generate_messages_eus
[ 22%] Built target dynamic_reconfigure_gencfg
[ 22%] Built target dynamic_reconfigure_generate_messages_nodejs
[ 22%] Built target dynamic_reconfigure_generate_messages_py
[ 22%] Built target _catkin_empty_exported_target
[ 22%] Built target control_msgs_generate_messages_cpp
[ 22%] Built target roscpp_generate_messages_lisp
[ 22%] Built target dynamic_reconfigure_generate_messages_lisp
[ 22%] Built target actionlib_msgs_generate_messages_py
[ 22%] Built target geometry_msgs_generate_messages_eus
[ 22%] Built target roscpp_generate_messages_cpp
[ 22%] Built target rosgraph_msgs_generate_messages_cpp
[ 22%] Built target actionlib_msgs_generate_messages_eus
[ 22%] Built target trajectory_msgs_generate_messages_py
[ 22%] Built target trajectory_msgs_generate_messages_eus
[ 22%] Built target actionlib_msgs_generate_messages_cpp
[ 22%] Built target rosgraph_msgs_generate_messages_nodejs
[ 22%] Built target control_msgs_generate_messages_eus
[ 22%] Built target geometry_msgs_generate_messages_lisp
[ 22%] Built target geometry_msgs_generate_messages_nodejs
[ 22%] Built target actionlib_msgs_generate_messages_lisp
[ 22%] Built target roscpp_generate_messages_nodejs
[ 22%] Built target rosgraph_msgs_generate_messages_lisp
[ 22%] Built target rosgraph_msgs_generate_messages_py
[ 22%] Built target actionlib_msgs_generate_messages_nodejs
[ 22%] Built target control_msgs_generate_messages_nodejs
[ 22%] Built target control_msgs_generate_messages_py
[ 22%] Built target geometry_msgs_generate_messages_java
[ 22%] Built target geometry_msgs_generate_messages_py
[ 22%] Built target geometry_msgs_generate_messages_cpp
[ 22%] Built target trajectory_msgs_generate_messages_cpp
[ 22%] Built target control_msgs_generate_messages_lisp
[ 22%] Built target trajectory_msgs_generate_messages_lisp
[ 22%] Built target actionlib_msgs_generate_messages_java
[ 22%] Built target trajectory_msgs_generate_messages_nodejs
[ 22%] Built target roscpp_generate_messages_eus
[ 22%] Built target rosgraph_msgs_generate_messages_eus
[ 22%] Built target roscpp_generate_messages_py
[ 22%] Built target dynamic_reconfigure_generate_messages_cpp
[ 50%] Built target control_toolbox_generate_messages_nodejs
[ 55%] Built target control_toolbox_generate_messages_py
[ 55%] Built target control_toolbox_generate_messages_cpp
[ 55%] Built target control_toolbox_generate_messages_lisp
[ 61%] Built target control_toolbox_generate_messages_eus
[ 61%] Built target control_toolbox_generate_messages
[100%] Built target control_toolbox
