[  0%] Built target _controller_manager_msgs_generate_messages_check_deps_ControllerStatistics
[  0%] Built target _controller_manager_msgs_generate_messages_check_deps_ControllerState
[  0%] Built target _controller_manager_msgs_generate_messages_check_deps_SwitchController
[  0%] Built target _controller_manager_msgs_generate_messages_check_deps_ListControllerTypes
[  0%] Built target _controller_manager_msgs_generate_messages_check_deps_ReloadControllerLibraries
[  0%] Built target _controller_manager_msgs_generate_messages_check_deps_UnloadController
[  0%] Built target _controller_manager_msgs_generate_messages_check_deps_ListControllers
[  0%] Built target std_msgs_generate_messages_eus
[  0%] Built target std_msgs_generate_messages_lisp
[  0%] Built target std_msgs_generate_messages_cpp
[  0%] Built target _controller_manager_msgs_generate_messages_check_deps_ControllersStatistics
[  0%] Built target _controller_manager_msgs_generate_messages_check_deps_LoadController
[  0%] Built target _controller_manager_msgs_generate_messages_check_deps_HardwareInterfaceResources
[  0%] Built target std_msgs_generate_messages_nodejs
[  0%] Built target std_msgs_generate_messages_py
[  1%] [34m[1mCompiling Java code for controller_manager_msgs[0m
[  3%] Built target controller_manager_msgs_generate_messages_java
[ 76%] Built target controller_manager_msgs_generate_messages_cpp
[ 76%] Built target controller_manager_msgs_generate_messages_nodejs
[ 82%] Built target controller_manager_msgs_generate_messages_lisp
[ 87%] Built target controller_manager_msgs_generate_messages_eus
[ 98%] Built target controller_manager_msgs_generate_messages_py
[100%] Built target controller_manager_msgs_generate_messages_java_gradle
[100%] Built target controller_manager_msgs_generate_messages
