[35m[1mScanning dependencies of target _controller_manager_msgs_generate_messages_check_deps_ControllerStatistics[0m
[  0%] Built target _controller_manager_msgs_generate_messages_check_deps_ControllerStatistics
[35m[1mScanning dependencies of target _controller_manager_msgs_generate_messages_check_deps_ControllerState[0m
[  0%] Built target _controller_manager_msgs_generate_messages_check_deps_ControllerState
[35m[1mScanning dependencies of target _controller_manager_msgs_generate_messages_check_deps_SwitchController[0m
[  0%] Built target _controller_manager_msgs_generate_messages_check_deps_SwitchController
[35m[1mScanning dependencies of target _controller_manager_msgs_generate_messages_check_deps_UnloadController[0m
[  0%] Built target _controller_manager_msgs_generate_messages_check_deps_UnloadController
[35m[1mScanning dependencies of target _controller_manager_msgs_generate_messages_check_deps_ListControllerTypes[0m
[  0%] Built target _controller_manager_msgs_generate_messages_check_deps_ListControllerTypes
[35m[1mScanning dependencies of target _controller_manager_msgs_generate_messages_check_deps_ReloadControllerLibraries[0m
[  0%] Built target _controller_manager_msgs_generate_messages_check_deps_ReloadControllerLibraries
[35m[1mScanning dependencies of target _controller_manager_msgs_generate_messages_check_deps_ListControllers[0m
[35m[1mScanning dependencies of target _controller_manager_msgs_generate_messages_check_deps_LoadController[0m
[  0%] Built target _controller_manager_msgs_generate_messages_check_deps_LoadController
[  0%] Built target _controller_manager_msgs_generate_messages_check_deps_ListControllers
[35m[1mScanning dependencies of target _controller_manager_msgs_generate_messages_check_deps_ControllersStatistics[0m
[  0%] Built target _controller_manager_msgs_generate_messages_check_deps_ControllersStatistics
[35m[1mScanning dependencies of target _controller_manager_msgs_generate_messages_check_deps_HardwareInterfaceResources[0m
[  0%] Built target _controller_manager_msgs_generate_messages_check_deps_HardwareInterfaceResources
[35m[1mScanning dependencies of target std_msgs_generate_messages_lisp[0m
[  0%] Built target std_msgs_generate_messages_lisp
[35m[1mScanning dependencies of target std_msgs_generate_messages_eus[0m
[  0%] Built target std_msgs_generate_messages_eus
[35m[1mScanning dependencies of target std_msgs_generate_messages_cpp[0m
[  0%] Built target std_msgs_generate_messages_cpp
[35m[1mScanning dependencies of target controller_manager_msgs_generate_messages_java_gradle[0m
[  1%] [34m[1mGenerating Java gradle project from controller_manager_msgs[0m
WARNING: Package name "gazebo_moveIT_objects_synchroniser" does not follow the naming conventions. It should start with a lower case letter and only contain lower case letters, digits, underscores, and dashes.
[  3%] [34m[1mCompiling Java code for controller_manager_msgs[0m
[0mwarning: [options] bootstrap class path not set in conjunction with -source 1.7
1 warning
Uploading: org/ros/rosjava_messages/controller_manager_msgs/0.9.4/controller_manager_msgs-0.9.4.jar to repository remote at file:/home/dtrimoul/PR2-Kinetic-Xenial/devel/.private/controller_manager_msgs/share/maven
Transferring 13K from remote
Uploaded 13K
[0m[  3%] Built target controller_manager_msgs_generate_messages_java_gradle
[35m[1mScanning dependencies of target std_msgs_generate_messages_py[0m
[  3%] Built target std_msgs_generate_messages_py
[35m[1mScanning dependencies of target std_msgs_generate_messages_nodejs[0m
[  3%] Built target std_msgs_generate_messages_nodejs
[35m[1mScanning dependencies of target controller_manager_msgs_generate_messages_java[0m
[  5%] Built target controller_manager_msgs_generate_messages_java
[35m[1mScanning dependencies of target controller_manager_msgs_generate_messages_lisp[0m
[  7%] [34m[1mGenerating Lisp code from controller_manager_msgs/ControllersStatistics.msg[0m
[  8%] [34m[1mGenerating Lisp code from controller_manager_msgs/HardwareInterfaceResources.msg[0m
[ 10%] [34m[1mGenerating Lisp code from controller_manager_msgs/ControllerStatistics.msg[0m
[ 12%] [34m[1mGenerating Lisp code from controller_manager_msgs/ControllerState.msg[0m
[ 14%] [34m[1mGenerating Lisp code from controller_manager_msgs/SwitchController.srv[0m
[ 16%] [34m[1mGenerating Lisp code from controller_manager_msgs/ListControllers.srv[0m
[ 17%] [34m[1mGenerating Lisp code from controller_manager_msgs/ListControllerTypes.srv[0m
[ 19%] [34m[1mGenerating Lisp code from controller_manager_msgs/UnloadController.srv[0m
[ 21%] [34m[1mGenerating Lisp code from controller_manager_msgs/LoadController.srv[0m
[ 23%] [34m[1mGenerating Lisp code from controller_manager_msgs/ReloadControllerLibraries.srv[0m
[ 23%] Built target controller_manager_msgs_generate_messages_lisp
[35m[1mScanning dependencies of target controller_manager_msgs_generate_messages_eus[0m
[ 25%] [34m[1mGenerating EusLisp code from controller_manager_msgs/ControllersStatistics.msg[0m
[ 26%] [34m[1mGenerating EusLisp code from controller_manager_msgs/HardwareInterfaceResources.msg[0m
[ 28%] [34m[1mGenerating EusLisp code from controller_manager_msgs/ControllerStatistics.msg[0m
[ 30%] [34m[1mGenerating EusLisp code from controller_manager_msgs/ControllerState.msg[0m
[ 32%] [34m[1mGenerating EusLisp code from controller_manager_msgs/SwitchController.srv[0m
[ 33%] [34m[1mGenerating EusLisp code from controller_manager_msgs/ListControllers.srv[0m
[ 35%] [34m[1mGenerating EusLisp code from controller_manager_msgs/ListControllerTypes.srv[0m
[ 37%] [34m[1mGenerating EusLisp code from controller_manager_msgs/UnloadController.srv[0m
[ 39%] [34m[1mGenerating EusLisp code from controller_manager_msgs/LoadController.srv[0m
[ 41%] [34m[1mGenerating EusLisp code from controller_manager_msgs/ReloadControllerLibraries.srv[0m
[ 42%] [34m[1mGenerating EusLisp manifest code for controller_manager_msgs[0m
WARNING: Package name "gazebo_moveIT_objects_synchroniser" does not follow the naming conventions. It should start with a lower case letter and only contain lower case letters, digits, underscores, and dashes.
WARNING: Package name "gazebo_moveIT_objects_synchroniser" does not follow the naming conventions. It should start with a lower case letter and only contain lower case letters, digits, underscores, and dashes.
[ 42%] Built target controller_manager_msgs_generate_messages_eus
[35m[1mScanning dependencies of target controller_manager_msgs_generate_messages_cpp[0m
[ 44%] [34m[1mGenerating C++ code from controller_manager_msgs/ControllersStatistics.msg[0m
[35m[1mScanning dependencies of target controller_manager_msgs_generate_messages_py[0m
[ 46%] [34m[1mGenerating Python from MSG controller_manager_msgs/ControllersStatistics[0m
[ 48%] [34m[1mGenerating Python from MSG controller_manager_msgs/HardwareInterfaceResources[0m
[ 50%] [34m[1mGenerating C++ code from controller_manager_msgs/HardwareInterfaceResources.msg[0m
[ 51%] [34m[1mGenerating Python from MSG controller_manager_msgs/ControllerStatistics[0m
[ 53%] [34m[1mGenerating C++ code from controller_manager_msgs/ControllerStatistics.msg[0m
[ 55%] [34m[1mGenerating Python from MSG controller_manager_msgs/ControllerState[0m
[ 57%] [34m[1mGenerating Python code from SRV controller_manager_msgs/SwitchController[0m
[ 58%] [34m[1mGenerating C++ code from controller_manager_msgs/ControllerState.msg[0m
[ 60%] [34m[1mGenerating Python code from SRV controller_manager_msgs/ListControllers[0m
[ 62%] [34m[1mGenerating C++ code from controller_manager_msgs/SwitchController.srv[0m
[ 64%] [34m[1mGenerating Python code from SRV controller_manager_msgs/ListControllerTypes[0m
[ 66%] [34m[1mGenerating Python code from SRV controller_manager_msgs/UnloadController[0m
[ 67%] [34m[1mGenerating C++ code from controller_manager_msgs/ListControllers.srv[0m
[ 69%] [34m[1mGenerating Python code from SRV controller_manager_msgs/LoadController[0m
[ 71%] [34m[1mGenerating Python code from SRV controller_manager_msgs/ReloadControllerLibraries[0m
[ 75%] [34m[1mGenerating C++ code from controller_manager_msgs/ListControllerTypes.srv[0m
[ 75%] [34m[1mGenerating Python msg __init__.py for controller_manager_msgs[0m
[ 76%] [34m[1mGenerating Python srv __init__.py for controller_manager_msgs[0m
[ 76%] Built target controller_manager_msgs_generate_messages_py
[ 78%] [34m[1mGenerating C++ code from controller_manager_msgs/UnloadController.srv[0m
[35m[1mScanning dependencies of target controller_manager_msgs_generate_messages_nodejs[0m
[ 80%] [34m[1mGenerating Javascript code from controller_manager_msgs/ControllersStatistics.msg[0m
[ 82%] [34m[1mGenerating Javascript code from controller_manager_msgs/HardwareInterfaceResources.msg[0m
[ 83%] [34m[1mGenerating C++ code from controller_manager_msgs/LoadController.srv[0m
[ 85%] [34m[1mGenerating Javascript code from controller_manager_msgs/ControllerStatistics.msg[0m
[ 87%] [34m[1mGenerating Javascript code from controller_manager_msgs/ControllerState.msg[0m
[ 89%] [34m[1mGenerating Javascript code from controller_manager_msgs/SwitchController.srv[0m
[ 91%] [34m[1mGenerating Javascript code from controller_manager_msgs/ListControllers.srv[0m
[ 92%] [34m[1mGenerating Javascript code from controller_manager_msgs/ListControllerTypes.srv[0m
[ 94%] [34m[1mGenerating C++ code from controller_manager_msgs/ReloadControllerLibraries.srv[0m
[ 96%] [34m[1mGenerating Javascript code from controller_manager_msgs/UnloadController.srv[0m
[ 98%] [34m[1mGenerating Javascript code from controller_manager_msgs/LoadController.srv[0m
[100%] [34m[1mGenerating Javascript code from controller_manager_msgs/ReloadControllerLibraries.srv[0m
[100%] Built target controller_manager_msgs_generate_messages_nodejs
[100%] Built target controller_manager_msgs_generate_messages_cpp
[35m[1mScanning dependencies of target controller_manager_msgs_generate_messages[0m
[100%] Built target controller_manager_msgs_generate_messages
