Determining if the pthread_create exist failed with the following output:
Change Dir: /home/dtrimoul/PR2-Kinetic-Xenial/src/pickplacedemo/src/gazebo_moveIT_objects_synchroniser/cmake-build-debug/CMakeFiles/CMakeTmp

Run Build Command:"/usr/bin/make" "cmTC_50d48/fast"
/usr/bin/make -f CMakeFiles/cmTC_50d48.dir/build.make CMakeFiles/cmTC_50d48.dir/build
make[1]: Entering directory '/home/dtrimoul/PR2-Kinetic-Xenial/src/pickplacedemo/src/gazebo_moveIT_objects_synchroniser/cmake-build-debug/CMakeFiles/CMakeTmp'
Building C object CMakeFiles/cmTC_50d48.dir/CheckSymbolExists.c.o
/usr/bin/cc    -o CMakeFiles/cmTC_50d48.dir/CheckSymbolExists.c.o   -c /home/dtrimoul/PR2-Kinetic-Xenial/src/pickplacedemo/src/gazebo_moveIT_objects_synchroniser/cmake-build-debug/CMakeFiles/CMakeTmp/CheckSymbolExists.c
Linking C executable cmTC_50d48
/home/dtrimoul/clion-2018.2/bin/cmake/linux/bin/cmake -E cmake_link_script CMakeFiles/cmTC_50d48.dir/link.txt --verbose=1
/usr/bin/cc      -rdynamic CMakeFiles/cmTC_50d48.dir/CheckSymbolExists.c.o  -o cmTC_50d48 
CMakeFiles/cmTC_50d48.dir/CheckSymbolExists.c.o: In function `main':
CheckSymbolExists.c:(.text+0x16): undefined reference to `pthread_create'
collect2: error: ld returned 1 exit status
CMakeFiles/cmTC_50d48.dir/build.make:86: recipe for target 'cmTC_50d48' failed
make[1]: *** [cmTC_50d48] Error 1
make[1]: Leaving directory '/home/dtrimoul/PR2-Kinetic-Xenial/src/pickplacedemo/src/gazebo_moveIT_objects_synchroniser/cmake-build-debug/CMakeFiles/CMakeTmp'
Makefile:121: recipe for target 'cmTC_50d48/fast' failed
make: *** [cmTC_50d48/fast] Error 2

File /home/dtrimoul/PR2-Kinetic-Xenial/src/pickplacedemo/src/gazebo_moveIT_objects_synchroniser/cmake-build-debug/CMakeFiles/CMakeTmp/CheckSymbolExists.c:
/* */
#include <pthread.h>

int main(int argc, char** argv)
{
  (void)argv;
#ifndef pthread_create
  return ((int*)(&pthread_create))[argc];
#else
  (void)argc;
  return 0;
#endif
}

Determining if the function pthread_create exists in the pthreads failed with the following output:
Change Dir: /home/dtrimoul/PR2-Kinetic-Xenial/src/pickplacedemo/src/gazebo_moveIT_objects_synchroniser/cmake-build-debug/CMakeFiles/CMakeTmp

Run Build Command:"/usr/bin/make" "cmTC_2e62f/fast"
/usr/bin/make -f CMakeFiles/cmTC_2e62f.dir/build.make CMakeFiles/cmTC_2e62f.dir/build
make[1]: Entering directory '/home/dtrimoul/PR2-Kinetic-Xenial/src/pickplacedemo/src/gazebo_moveIT_objects_synchroniser/cmake-build-debug/CMakeFiles/CMakeTmp'
Building C object CMakeFiles/cmTC_2e62f.dir/CheckFunctionExists.c.o
/usr/bin/cc   -DCHECK_FUNCTION_EXISTS=pthread_create   -o CMakeFiles/cmTC_2e62f.dir/CheckFunctionExists.c.o   -c /home/dtrimoul/clion-2018.2/bin/cmake/linux/share/cmake-3.12/Modules/CheckFunctionExists.c
Linking C executable cmTC_2e62f
/home/dtrimoul/clion-2018.2/bin/cmake/linux/bin/cmake -E cmake_link_script CMakeFiles/cmTC_2e62f.dir/link.txt --verbose=1
/usr/bin/cc  -DCHECK_FUNCTION_EXISTS=pthread_create    -rdynamic CMakeFiles/cmTC_2e62f.dir/CheckFunctionExists.c.o  -o cmTC_2e62f -lpthreads 
/usr/bin/ld: cannot find -lpthreads
collect2: error: ld returned 1 exit status
CMakeFiles/cmTC_2e62f.dir/build.make:86: recipe for target 'cmTC_2e62f' failed
make[1]: *** [cmTC_2e62f] Error 1
make[1]: Leaving directory '/home/dtrimoul/PR2-Kinetic-Xenial/src/pickplacedemo/src/gazebo_moveIT_objects_synchroniser/cmake-build-debug/CMakeFiles/CMakeTmp'
Makefile:121: recipe for target 'cmTC_2e62f/fast' failed
make: *** [cmTC_2e62f/fast] Error 2


