[  0%] Built target pr2_msgs_generate_messages_cpp
[ 20%] Built target power_monitor_gencfg
[ 20%] Built target dynamic_reconfigure_gencfg
[ 20%] Built target geometry_msgs_generate_messages_py
[ 20%] Built target geometry_msgs_generate_messages_cpp
[ 20%] Built target pr2_msgs_generate_messages_nodejs
[ 20%] Built target pr2_msgs_generate_messages_lisp
[ 20%] Built target dynamic_reconfigure_generate_messages_py
[ 20%] Built target roscpp_generate_messages_py
[ 20%] Built target rosgraph_msgs_generate_messages_eus
[ 20%] Built target pr2_msgs_generate_messages_eus
[ 20%] Built target geometry_msgs_generate_messages_nodejs
[ 20%] Built target std_msgs_generate_messages_nodejs
[ 20%] Built target geometry_msgs_generate_messages_eus
[ 20%] Built target roscpp_generate_messages_cpp
[ 20%] Built target dynamic_reconfigure_generate_messages_cpp
[ 20%] Built target roscpp_generate_messages_eus
[ 20%] Built target geometry_msgs_generate_messages_lisp
[ 20%] Built target std_msgs_generate_messages_lisp
[ 20%] Built target std_msgs_generate_messages_cpp
[ 20%] Built target rosgraph_msgs_generate_messages_cpp
[ 20%] Built target rosgraph_msgs_generate_messages_nodejs
[ 20%] Built target roscpp_generate_messages_nodejs
[ 20%] Built target rosgraph_msgs_generate_messages_lisp
[ 20%] Built target rosgraph_msgs_generate_messages_py
[ 20%] Built target dynamic_reconfigure_generate_messages_nodejs
[ 20%] Built target std_msgs_generate_messages_py
[ 20%] Built target dynamic_reconfigure_generate_messages_lisp
[ 20%] Built target pr2_msgs_generate_messages_py
[ 20%] Built target roscpp_generate_messages_lisp
[ 20%] Built target std_msgs_generate_messages_eus
[ 20%] Built target dynamic_reconfigure_generate_messages_eus
[100%] Built target power_monitor
