[35m[1mScanning dependencies of target pr2_msgs_generate_messages_cpp[0m
[  0%] Built target pr2_msgs_generate_messages_cpp
[35m[1mScanning dependencies of target power_monitor_gencfg[0m
[ 20%] [34m[1mGenerating dynamic reconfigure files from cfg/PowerMonitor.cfg: /home/dtrimoul/PR2-Kinetic-Xenial/devel/.private/power_monitor/include/power_monitor/PowerMonitorConfig.h /home/dtrimoul/PR2-Kinetic-Xenial/devel/.private/power_monitor/lib/python2.7/dist-packages/power_monitor/cfg/PowerMonitorConfig.py[0m
Generating reconfiguration files for PowerMonitor in power_monitor
Wrote header file in /home/dtrimoul/PR2-Kinetic-Xenial/devel/.private/power_monitor/include/power_monitor/PowerMonitorConfig.h
[ 20%] Built target power_monitor_gencfg
[35m[1mScanning dependencies of target dynamic_reconfigure_gencfg[0m
[ 20%] Built target dynamic_reconfigure_gencfg
[35m[1mScanning dependencies of target geometry_msgs_generate_messages_py[0m
[ 20%] Built target geometry_msgs_generate_messages_py
[35m[1mScanning dependencies of target geometry_msgs_generate_messages_cpp[0m
[ 20%] Built target geometry_msgs_generate_messages_cpp
[35m[1mScanning dependencies of target pr2_msgs_generate_messages_nodejs[0m
[ 20%] Built target pr2_msgs_generate_messages_nodejs
[35m[1mScanning dependencies of target pr2_msgs_generate_messages_lisp[0m
[ 20%] Built target pr2_msgs_generate_messages_lisp
[35m[1mScanning dependencies of target dynamic_reconfigure_generate_messages_py[0m
[ 20%] Built target dynamic_reconfigure_generate_messages_py
[35m[1mScanning dependencies of target roscpp_generate_messages_py[0m
[ 20%] Built target roscpp_generate_messages_py
[35m[1mScanning dependencies of target rosgraph_msgs_generate_messages_eus[0m
[ 20%] Built target rosgraph_msgs_generate_messages_eus
[35m[1mScanning dependencies of target pr2_msgs_generate_messages_eus[0m
[ 20%] Built target pr2_msgs_generate_messages_eus
[35m[1mScanning dependencies of target geometry_msgs_generate_messages_nodejs[0m
[ 20%] Built target geometry_msgs_generate_messages_nodejs
[35m[1mScanning dependencies of target std_msgs_generate_messages_nodejs[0m
[ 20%] Built target std_msgs_generate_messages_nodejs
[35m[1mScanning dependencies of target geometry_msgs_generate_messages_eus[0m
[ 20%] Built target geometry_msgs_generate_messages_eus
[35m[1mScanning dependencies of target roscpp_generate_messages_cpp[0m
[ 20%] Built target roscpp_generate_messages_cpp
[35m[1mScanning dependencies of target dynamic_reconfigure_generate_messages_cpp[0m
[ 20%] Built target dynamic_reconfigure_generate_messages_cpp
[35m[1mScanning dependencies of target roscpp_generate_messages_eus[0m
[ 20%] Built target roscpp_generate_messages_eus
[35m[1mScanning dependencies of target geometry_msgs_generate_messages_lisp[0m
[ 20%] Built target geometry_msgs_generate_messages_lisp
[35m[1mScanning dependencies of target std_msgs_generate_messages_lisp[0m
[ 20%] Built target std_msgs_generate_messages_lisp
[35m[1mScanning dependencies of target std_msgs_generate_messages_cpp[0m
[ 20%] Built target std_msgs_generate_messages_cpp
[35m[1mScanning dependencies of target rosgraph_msgs_generate_messages_cpp[0m
[ 20%] Built target rosgraph_msgs_generate_messages_cpp
[35m[1mScanning dependencies of target rosgraph_msgs_generate_messages_nodejs[0m
[ 20%] Built target rosgraph_msgs_generate_messages_nodejs
[35m[1mScanning dependencies of target roscpp_generate_messages_nodejs[0m
[ 20%] Built target roscpp_generate_messages_nodejs
[35m[1mScanning dependencies of target rosgraph_msgs_generate_messages_lisp[0m
[ 20%] Built target rosgraph_msgs_generate_messages_lisp
[35m[1mScanning dependencies of target rosgraph_msgs_generate_messages_py[0m
[ 20%] Built target rosgraph_msgs_generate_messages_py
[35m[1mScanning dependencies of target dynamic_reconfigure_generate_messages_nodejs[0m
[ 20%] Built target dynamic_reconfigure_generate_messages_nodejs
[35m[1mScanning dependencies of target std_msgs_generate_messages_py[0m
[ 20%] Built target std_msgs_generate_messages_py
[35m[1mScanning dependencies of target dynamic_reconfigure_generate_messages_lisp[0m
[ 20%] Built target dynamic_reconfigure_generate_messages_lisp
[35m[1mScanning dependencies of target pr2_msgs_generate_messages_py[0m
[ 20%] Built target pr2_msgs_generate_messages_py
[35m[1mScanning dependencies of target roscpp_generate_messages_lisp[0m
[ 20%] Built target roscpp_generate_messages_lisp
[35m[1mScanning dependencies of target std_msgs_generate_messages_eus[0m
[ 20%] Built target std_msgs_generate_messages_eus
[35m[1mScanning dependencies of target dynamic_reconfigure_generate_messages_eus[0m
[ 20%] Built target dynamic_reconfigure_generate_messages_eus
[35m[1mScanning dependencies of target power_monitor[0m
[ 40%] [32mBuilding CXX object CMakeFiles/power_monitor.dir/src/power_monitor.cpp.o[0m
[ 60%] [32mBuilding CXX object CMakeFiles/power_monitor.dir/src/power_state_estimator.cpp.o[0m
[ 80%] [32mBuilding CXX object CMakeFiles/power_monitor.dir/src/observation.cpp.o[0m
[100%] [32m[1mLinking CXX executable /home/dtrimoul/PR2-Kinetic-Xenial/devel/.private/power_monitor/lib/power_monitor/power_monitor[0m
[100%] Built target power_monitor
