[  0%] Built target std_msgs_generate_messages_lisp
[  0%] Built target _visualization_msgs_generate_messages_check_deps_MenuEntry
[  0%] Built target _visualization_msgs_generate_messages_check_deps_InteractiveMarker
[  0%] Built target _visualization_msgs_generate_messages_check_deps_InteractiveMarkerInit
[  0%] Built target _visualization_msgs_generate_messages_check_deps_InteractiveMarkerPose
[  0%] Built target _visualization_msgs_generate_messages_check_deps_InteractiveMarkerFeedback
[  0%] Built target geometry_msgs_generate_messages_lisp
[  0%] Built target _visualization_msgs_generate_messages_check_deps_InteractiveMarkerUpdate
[  0%] Built target _visualization_msgs_generate_messages_check_deps_Marker
[  0%] Built target _visualization_msgs_generate_messages_check_deps_MarkerArray
[  0%] Built target _visualization_msgs_generate_messages_check_deps_InteractiveMarkerControl
[  0%] Built target _visualization_msgs_generate_messages_check_deps_ImageMarker
[  1%] [34m[1mCompiling Java code for visualization_msgs[0m
[  1%] Built target std_msgs_generate_messages_cpp
[  1%] Built target geometry_msgs_generate_messages_cpp
[  1%] Built target geometry_msgs_generate_messages_java
[  1%] Built target std_msgs_generate_messages_py
[  1%] Built target geometry_msgs_generate_messages_py
[  1%] Built target std_msgs_generate_messages_eus
[  1%] Built target geometry_msgs_generate_messages_eus
[  3%] Built target visualization_msgs_generate_messages_java_gradle
[  3%] Built target geometry_msgs_generate_messages_nodejs
[  3%] Built target std_msgs_generate_messages_nodejs
[ 25%] Built target visualization_msgs_generate_messages_java
[ 41%] Built target visualization_msgs_generate_messages_lisp
[ 41%] Built target visualization_msgs_generate_messages_cpp
[ 67%] Built target visualization_msgs_generate_messages_py
[ 81%] Built target visualization_msgs_generate_messages_eus
[100%] Built target visualization_msgs_generate_messages_nodejs
[100%] Built target visualization_msgs_generate_messages
