[35m[1mScanning dependencies of target std_msgs_generate_messages_lisp[0m
[  0%] Built target std_msgs_generate_messages_lisp
[35m[1mScanning dependencies of target _visualization_msgs_generate_messages_check_deps_MenuEntry[0m
[  0%] Built target _visualization_msgs_generate_messages_check_deps_MenuEntry
[35m[1mScanning dependencies of target _visualization_msgs_generate_messages_check_deps_InteractiveMarker[0m
[  0%] Built target _visualization_msgs_generate_messages_check_deps_InteractiveMarker
[35m[1mScanning dependencies of target _visualization_msgs_generate_messages_check_deps_InteractiveMarkerInit[0m
[  0%] Built target _visualization_msgs_generate_messages_check_deps_InteractiveMarkerInit
[35m[1mScanning dependencies of target _visualization_msgs_generate_messages_check_deps_InteractiveMarkerPose[0m
[  0%] Built target _visualization_msgs_generate_messages_check_deps_InteractiveMarkerPose
[35m[1mScanning dependencies of target _visualization_msgs_generate_messages_check_deps_InteractiveMarkerFeedback[0m
[  0%] Built target _visualization_msgs_generate_messages_check_deps_InteractiveMarkerFeedback
[35m[1mScanning dependencies of target geometry_msgs_generate_messages_lisp[0m
[  0%] Built target geometry_msgs_generate_messages_lisp
[35m[1mScanning dependencies of target _visualization_msgs_generate_messages_check_deps_InteractiveMarkerUpdate[0m
[  0%] Built target _visualization_msgs_generate_messages_check_deps_InteractiveMarkerUpdate
[35m[1mScanning dependencies of target _visualization_msgs_generate_messages_check_deps_Marker[0m
[  0%] Built target _visualization_msgs_generate_messages_check_deps_Marker
[35m[1mScanning dependencies of target _visualization_msgs_generate_messages_check_deps_MarkerArray[0m
[  0%] Built target _visualization_msgs_generate_messages_check_deps_MarkerArray
[35m[1mScanning dependencies of target _visualization_msgs_generate_messages_check_deps_InteractiveMarkerControl[0m
[  0%] Built target _visualization_msgs_generate_messages_check_deps_InteractiveMarkerControl
[35m[1mScanning dependencies of target _visualization_msgs_generate_messages_check_deps_ImageMarker[0m
[  0%] Built target _visualization_msgs_generate_messages_check_deps_ImageMarker
[35m[1mScanning dependencies of target visualization_msgs_generate_messages_java_gradle[0m
[  1%] [34m[1mGenerating Java gradle project from visualization_msgs[0m
[  3%] [34m[1mCompiling Java code for visualization_msgs[0m
[0mwarning: [options] bootstrap class path not set in conjunction with -source 1.7
1 warning
Uploading: org/ros/rosjava_messages/visualization_msgs/1.12.5/visualization_msgs-1.12.5.jar to repository remote at file:/home/dtrimoul/PR2-Kinetic-Xenial/devel/.private/visualization_msgs/share/maven
Transferring 12K from remote
Uploaded 12K
[0m[  3%] Built target visualization_msgs_generate_messages_java_gradle
[35m[1mScanning dependencies of target std_msgs_generate_messages_cpp[0m
[  3%] Built target std_msgs_generate_messages_cpp
[35m[1mScanning dependencies of target geometry_msgs_generate_messages_cpp[0m
[  3%] Built target geometry_msgs_generate_messages_cpp
[35m[1mScanning dependencies of target geometry_msgs_generate_messages_java[0m
[  3%] Built target geometry_msgs_generate_messages_java
[35m[1mScanning dependencies of target std_msgs_generate_messages_py[0m
[  3%] Built target std_msgs_generate_messages_py
[35m[1mScanning dependencies of target geometry_msgs_generate_messages_py[0m
[  3%] Built target geometry_msgs_generate_messages_py
[35m[1mScanning dependencies of target std_msgs_generate_messages_eus[0m
[  3%] Built target std_msgs_generate_messages_eus
[35m[1mScanning dependencies of target geometry_msgs_generate_messages_eus[0m
[  3%] Built target geometry_msgs_generate_messages_eus
[35m[1mScanning dependencies of target geometry_msgs_generate_messages_nodejs[0m
[  3%] Built target geometry_msgs_generate_messages_nodejs
[35m[1mScanning dependencies of target std_msgs_generate_messages_nodejs[0m
[  3%] Built target std_msgs_generate_messages_nodejs
[35m[1mScanning dependencies of target visualization_msgs_generate_messages_lisp[0m
[  5%] [34m[1mGenerating Lisp code from visualization_msgs/InteractiveMarkerPose.msg[0m
[  7%] [34m[1mGenerating Lisp code from visualization_msgs/InteractiveMarker.msg[0m
[  9%] [34m[1mGenerating Lisp code from visualization_msgs/InteractiveMarkerUpdate.msg[0m
[ 10%] [34m[1mGenerating Lisp code from visualization_msgs/MenuEntry.msg[0m
[ 12%] [34m[1mGenerating Lisp code from visualization_msgs/InteractiveMarkerFeedback.msg[0m
[ 14%] [34m[1mGenerating Lisp code from visualization_msgs/Marker.msg[0m
[35m[1mScanning dependencies of target visualization_msgs_generate_messages_cpp[0m
[ 16%] [34m[1mGenerating C++ code from visualization_msgs/InteractiveMarkerPose.msg[0m
[ 18%] [34m[1mGenerating Lisp code from visualization_msgs/MarkerArray.msg[0m
[ 20%] [34m[1mGenerating Lisp code from visualization_msgs/InteractiveMarkerControl.msg[0m
[ 21%] [34m[1mGenerating C++ code from visualization_msgs/InteractiveMarker.msg[0m
[ 23%] [34m[1mGenerating Lisp code from visualization_msgs/ImageMarker.msg[0m
[ 25%] [34m[1mGenerating C++ code from visualization_msgs/InteractiveMarkerUpdate.msg[0m
[ 27%] [34m[1mGenerating Lisp code from visualization_msgs/InteractiveMarkerInit.msg[0m
[ 27%] Built target visualization_msgs_generate_messages_lisp
[35m[1mScanning dependencies of target visualization_msgs_generate_messages_java[0m
[ 29%] Built target visualization_msgs_generate_messages_java
[ 30%] [34m[1mGenerating C++ code from visualization_msgs/MenuEntry.msg[0m
[ 32%] [34m[1mGenerating C++ code from visualization_msgs/InteractiveMarkerFeedback.msg[0m
[ 34%] [34m[1mGenerating C++ code from visualization_msgs/Marker.msg[0m
[ 36%] [34m[1mGenerating C++ code from visualization_msgs/MarkerArray.msg[0m
[ 38%] [34m[1mGenerating C++ code from visualization_msgs/InteractiveMarkerControl.msg[0m
[ 40%] [34m[1mGenerating C++ code from visualization_msgs/ImageMarker.msg[0m
[ 41%] [34m[1mGenerating C++ code from visualization_msgs/InteractiveMarkerInit.msg[0m
[ 41%] Built target visualization_msgs_generate_messages_cpp
[35m[1mScanning dependencies of target visualization_msgs_generate_messages_py[0m
[ 43%] [34m[1mGenerating Python from MSG visualization_msgs/InteractiveMarkerPose[0m
[ 45%] [34m[1mGenerating Python from MSG visualization_msgs/InteractiveMarker[0m
[ 47%] [34m[1mGenerating Python from MSG visualization_msgs/InteractiveMarkerUpdate[0m
[ 49%] [34m[1mGenerating Python from MSG visualization_msgs/MenuEntry[0m
[ 50%] [34m[1mGenerating Python from MSG visualization_msgs/InteractiveMarkerFeedback[0m
[ 52%] [34m[1mGenerating Python from MSG visualization_msgs/MarkerArray[0m
[ 54%] [34m[1mGenerating Python from MSG visualization_msgs/Marker[0m
[ 56%] [34m[1mGenerating Python from MSG visualization_msgs/InteractiveMarkerControl[0m
[ 58%] [34m[1mGenerating Python from MSG visualization_msgs/ImageMarker[0m
[ 60%] [34m[1mGenerating Python from MSG visualization_msgs/InteractiveMarkerInit[0m
[ 61%] [34m[1mGenerating Python msg __init__.py for visualization_msgs[0m
[ 61%] Built target visualization_msgs_generate_messages_py
[35m[1mScanning dependencies of target visualization_msgs_generate_messages_eus[0m
[ 63%] [34m[1mGenerating EusLisp code from visualization_msgs/InteractiveMarkerPose.msg[0m
[ 65%] [34m[1mGenerating EusLisp code from visualization_msgs/InteractiveMarker.msg[0m
[ 67%] [34m[1mGenerating EusLisp code from visualization_msgs/InteractiveMarkerUpdate.msg[0m
[ 69%] [34m[1mGenerating EusLisp code from visualization_msgs/MenuEntry.msg[0m
[ 70%] [34m[1mGenerating EusLisp code from visualization_msgs/InteractiveMarkerFeedback.msg[0m
[ 72%] [34m[1mGenerating EusLisp code from visualization_msgs/Marker.msg[0m
[ 74%] [34m[1mGenerating EusLisp code from visualization_msgs/MarkerArray.msg[0m
[ 76%] [34m[1mGenerating EusLisp code from visualization_msgs/InteractiveMarkerControl.msg[0m
[ 78%] [34m[1mGenerating EusLisp code from visualization_msgs/ImageMarker.msg[0m
[ 80%] [34m[1mGenerating EusLisp code from visualization_msgs/InteractiveMarkerInit.msg[0m
[ 81%] [34m[1mGenerating EusLisp manifest code for visualization_msgs[0m
[35m[1mScanning dependencies of target visualization_msgs_generate_messages_nodejs[0m
[ 83%] [34m[1mGenerating Javascript code from visualization_msgs/InteractiveMarkerPose.msg[0m
[ 87%] [34m[1mGenerating Javascript code from visualization_msgs/InteractiveMarker.msg[0m
[ 87%] [34m[1mGenerating Javascript code from visualization_msgs/InteractiveMarkerUpdate.msg[0m
[ 89%] [34m[1mGenerating Javascript code from visualization_msgs/MenuEntry.msg[0m
[ 90%] [34m[1mGenerating Javascript code from visualization_msgs/InteractiveMarkerFeedback.msg[0m
[ 92%] [34m[1mGenerating Javascript code from visualization_msgs/Marker.msg[0m
[ 94%] [34m[1mGenerating Javascript code from visualization_msgs/MarkerArray.msg[0m
[ 96%] [34m[1mGenerating Javascript code from visualization_msgs/InteractiveMarkerControl.msg[0m
[ 98%] [34m[1mGenerating Javascript code from visualization_msgs/ImageMarker.msg[0m
[100%] [34m[1mGenerating Javascript code from visualization_msgs/InteractiveMarkerInit.msg[0m
[100%] Built target visualization_msgs_generate_messages_nodejs
[100%] Built target visualization_msgs_generate_messages_eus
[35m[1mScanning dependencies of target visualization_msgs_generate_messages[0m
[100%] Built target visualization_msgs_generate_messages
