Symlinking /home/dtrimoul/PR2-Kinetic-Xenial/devel/share/visualization_msgs/cmake/visualization_msgs-msg-paths.cmake
Symlinking /home/dtrimoul/PR2-Kinetic-Xenial/devel/share/visualization_msgs/cmake/visualization_msgs-msg-extras.cmake
Symlinking /home/dtrimoul/PR2-Kinetic-Xenial/devel/share/visualization_msgs/cmake/visualization_msgsConfig.cmake
Symlinking /home/dtrimoul/PR2-Kinetic-Xenial/devel/share/visualization_msgs/cmake/visualization_msgsConfig-version.cmake
Symlinking /home/dtrimoul/PR2-Kinetic-Xenial/devel/share/roseus/ros/visualization_msgs/manifest.l
Symlinking /home/dtrimoul/PR2-Kinetic-Xenial/devel/share/roseus/ros/visualization_msgs/msg/InteractiveMarkerPose.l
Symlinking /home/dtrimoul/PR2-Kinetic-Xenial/devel/share/roseus/ros/visualization_msgs/msg/InteractiveMarker.l
Symlinking /home/dtrimoul/PR2-Kinetic-Xenial/devel/share/roseus/ros/visualization_msgs/msg/InteractiveMarkerUpdate.l
Symlinking /home/dtrimoul/PR2-Kinetic-Xenial/devel/share/roseus/ros/visualization_msgs/msg/MenuEntry.l
Symlinking /home/dtrimoul/PR2-Kinetic-Xenial/devel/share/roseus/ros/visualization_msgs/msg/InteractiveMarkerFeedback.l
Symlinking /home/dtrimoul/PR2-Kinetic-Xenial/devel/share/roseus/ros/visualization_msgs/msg/Marker.l
Symlinking /home/dtrimoul/PR2-Kinetic-Xenial/devel/share/roseus/ros/visualization_msgs/msg/MarkerArray.l
Symlinking /home/dtrimoul/PR2-Kinetic-Xenial/devel/share/roseus/ros/visualization_msgs/msg/InteractiveMarkerControl.l
Symlinking /home/dtrimoul/PR2-Kinetic-Xenial/devel/share/roseus/ros/visualization_msgs/msg/ImageMarker.l
Symlinking /home/dtrimoul/PR2-Kinetic-Xenial/devel/share/roseus/ros/visualization_msgs/msg/InteractiveMarkerInit.l
Symlinking /home/dtrimoul/PR2-Kinetic-Xenial/devel/share/common-lisp/ros/visualization_msgs/msg/InteractiveMarkerPose.lisp
Symlinking /home/dtrimoul/PR2-Kinetic-Xenial/devel/share/common-lisp/ros/visualization_msgs/msg/_package_InteractiveMarkerPose.lisp
Symlinking /home/dtrimoul/PR2-Kinetic-Xenial/devel/share/common-lisp/ros/visualization_msgs/msg/_package.lisp
Symlinking /home/dtrimoul/PR2-Kinetic-Xenial/devel/share/common-lisp/ros/visualization_msgs/msg/visualization_msgs-msg.asd
Symlinking /home/dtrimoul/PR2-Kinetic-Xenial/devel/share/common-lisp/ros/visualization_msgs/msg/InteractiveMarker.lisp
Symlinking /home/dtrimoul/PR2-Kinetic-Xenial/devel/share/common-lisp/ros/visualization_msgs/msg/_package_InteractiveMarker.lisp
Symlinking /home/dtrimoul/PR2-Kinetic-Xenial/devel/share/common-lisp/ros/visualization_msgs/msg/InteractiveMarkerUpdate.lisp
Symlinking /home/dtrimoul/PR2-Kinetic-Xenial/devel/share/common-lisp/ros/visualization_msgs/msg/_package_InteractiveMarkerUpdate.lisp
Symlinking /home/dtrimoul/PR2-Kinetic-Xenial/devel/share/common-lisp/ros/visualization_msgs/msg/MenuEntry.lisp
Symlinking /home/dtrimoul/PR2-Kinetic-Xenial/devel/share/common-lisp/ros/visualization_msgs/msg/_package_MenuEntry.lisp
Symlinking /home/dtrimoul/PR2-Kinetic-Xenial/devel/share/common-lisp/ros/visualization_msgs/msg/InteractiveMarkerFeedback.lisp
Symlinking /home/dtrimoul/PR2-Kinetic-Xenial/devel/share/common-lisp/ros/visualization_msgs/msg/_package_InteractiveMarkerFeedback.lisp
Symlinking /home/dtrimoul/PR2-Kinetic-Xenial/devel/share/common-lisp/ros/visualization_msgs/msg/Marker.lisp
Symlinking /home/dtrimoul/PR2-Kinetic-Xenial/devel/share/common-lisp/ros/visualization_msgs/msg/_package_Marker.lisp
Symlinking /home/dtrimoul/PR2-Kinetic-Xenial/devel/share/common-lisp/ros/visualization_msgs/msg/MarkerArray.lisp
Symlinking /home/dtrimoul/PR2-Kinetic-Xenial/devel/share/common-lisp/ros/visualization_msgs/msg/_package_MarkerArray.lisp
Symlinking /home/dtrimoul/PR2-Kinetic-Xenial/devel/share/common-lisp/ros/visualization_msgs/msg/InteractiveMarkerControl.lisp
Symlinking /home/dtrimoul/PR2-Kinetic-Xenial/devel/share/common-lisp/ros/visualization_msgs/msg/_package_InteractiveMarkerControl.lisp
Symlinking /home/dtrimoul/PR2-Kinetic-Xenial/devel/share/common-lisp/ros/visualization_msgs/msg/ImageMarker.lisp
Symlinking /home/dtrimoul/PR2-Kinetic-Xenial/devel/share/common-lisp/ros/visualization_msgs/msg/_package_ImageMarker.lisp
Symlinking /home/dtrimoul/PR2-Kinetic-Xenial/devel/share/common-lisp/ros/visualization_msgs/msg/InteractiveMarkerInit.lisp
Symlinking /home/dtrimoul/PR2-Kinetic-Xenial/devel/share/common-lisp/ros/visualization_msgs/msg/_package_InteractiveMarkerInit.lisp
Symlinking /home/dtrimoul/PR2-Kinetic-Xenial/devel/share/gennodejs/ros/visualization_msgs/_index.js
Symlinking /home/dtrimoul/PR2-Kinetic-Xenial/devel/share/gennodejs/ros/visualization_msgs/msg/InteractiveMarkerPose.js
Symlinking /home/dtrimoul/PR2-Kinetic-Xenial/devel/share/gennodejs/ros/visualization_msgs/msg/_index.js
Symlinking /home/dtrimoul/PR2-Kinetic-Xenial/devel/share/gennodejs/ros/visualization_msgs/msg/InteractiveMarkerUpdate.js
Symlinking /home/dtrimoul/PR2-Kinetic-Xenial/devel/share/gennodejs/ros/visualization_msgs/msg/InteractiveMarker.js
Symlinking /home/dtrimoul/PR2-Kinetic-Xenial/devel/share/gennodejs/ros/visualization_msgs/msg/MenuEntry.js
Symlinking /home/dtrimoul/PR2-Kinetic-Xenial/devel/share/gennodejs/ros/visualization_msgs/msg/InteractiveMarkerFeedback.js
Symlinking /home/dtrimoul/PR2-Kinetic-Xenial/devel/share/gennodejs/ros/visualization_msgs/msg/Marker.js
Symlinking /home/dtrimoul/PR2-Kinetic-Xenial/devel/share/gennodejs/ros/visualization_msgs/msg/MarkerArray.js
Symlinking /home/dtrimoul/PR2-Kinetic-Xenial/devel/share/gennodejs/ros/visualization_msgs/msg/InteractiveMarkerControl.js
Symlinking /home/dtrimoul/PR2-Kinetic-Xenial/devel/share/gennodejs/ros/visualization_msgs/msg/ImageMarker.js
Symlinking /home/dtrimoul/PR2-Kinetic-Xenial/devel/share/gennodejs/ros/visualization_msgs/msg/InteractiveMarkerInit.js
Symlinking /home/dtrimoul/PR2-Kinetic-Xenial/devel/share/maven/org/ros/rosjava_messages/visualization_msgs/maven-metadata.xml
Symlinking /home/dtrimoul/PR2-Kinetic-Xenial/devel/share/maven/org/ros/rosjava_messages/visualization_msgs/maven-metadata.xml.sha1
Symlinking /home/dtrimoul/PR2-Kinetic-Xenial/devel/share/maven/org/ros/rosjava_messages/visualization_msgs/maven-metadata.xml.md5
Symlinking /home/dtrimoul/PR2-Kinetic-Xenial/devel/share/maven/org/ros/rosjava_messages/visualization_msgs/1.12.5/visualization_msgs-1.12.5.jar
Symlinking /home/dtrimoul/PR2-Kinetic-Xenial/devel/share/maven/org/ros/rosjava_messages/visualization_msgs/1.12.5/visualization_msgs-1.12.5.jar.sha1
Symlinking /home/dtrimoul/PR2-Kinetic-Xenial/devel/share/maven/org/ros/rosjava_messages/visualization_msgs/1.12.5/visualization_msgs-1.12.5.jar.md5
Symlinking /home/dtrimoul/PR2-Kinetic-Xenial/devel/share/maven/org/ros/rosjava_messages/visualization_msgs/1.12.5/visualization_msgs-1.12.5.pom
Symlinking /home/dtrimoul/PR2-Kinetic-Xenial/devel/share/maven/org/ros/rosjava_messages/visualization_msgs/1.12.5/visualization_msgs-1.12.5.pom.sha1
Symlinking /home/dtrimoul/PR2-Kinetic-Xenial/devel/share/maven/org/ros/rosjava_messages/visualization_msgs/1.12.5/visualization_msgs-1.12.5.pom.md5
Symlinking /home/dtrimoul/PR2-Kinetic-Xenial/devel/include/visualization_msgs/InteractiveMarkerPose.h
Symlinking /home/dtrimoul/PR2-Kinetic-Xenial/devel/include/visualization_msgs/InteractiveMarker.h
Symlinking /home/dtrimoul/PR2-Kinetic-Xenial/devel/include/visualization_msgs/InteractiveMarkerUpdate.h
Symlinking /home/dtrimoul/PR2-Kinetic-Xenial/devel/include/visualization_msgs/MenuEntry.h
Symlinking /home/dtrimoul/PR2-Kinetic-Xenial/devel/include/visualization_msgs/InteractiveMarkerFeedback.h
Symlinking /home/dtrimoul/PR2-Kinetic-Xenial/devel/include/visualization_msgs/Marker.h
Symlinking /home/dtrimoul/PR2-Kinetic-Xenial/devel/include/visualization_msgs/MarkerArray.h
Symlinking /home/dtrimoul/PR2-Kinetic-Xenial/devel/include/visualization_msgs/InteractiveMarkerControl.h
Symlinking /home/dtrimoul/PR2-Kinetic-Xenial/devel/include/visualization_msgs/ImageMarker.h
Symlinking /home/dtrimoul/PR2-Kinetic-Xenial/devel/include/visualization_msgs/InteractiveMarkerInit.h
Symlinking /home/dtrimoul/PR2-Kinetic-Xenial/devel/lib/python2.7/dist-packages/visualization_msgs/__init__.py
Symlinking /home/dtrimoul/PR2-Kinetic-Xenial/devel/lib/python2.7/dist-packages/visualization_msgs/msg/_InteractiveMarkerPose.py
Symlinking /home/dtrimoul/PR2-Kinetic-Xenial/devel/lib/python2.7/dist-packages/visualization_msgs/msg/_InteractiveMarker.py
Symlinking /home/dtrimoul/PR2-Kinetic-Xenial/devel/lib/python2.7/dist-packages/visualization_msgs/msg/_InteractiveMarkerUpdate.py
Symlinking /home/dtrimoul/PR2-Kinetic-Xenial/devel/lib/python2.7/dist-packages/visualization_msgs/msg/_MenuEntry.py
Symlinking /home/dtrimoul/PR2-Kinetic-Xenial/devel/lib/python2.7/dist-packages/visualization_msgs/msg/_InteractiveMarkerFeedback.py
Symlinking /home/dtrimoul/PR2-Kinetic-Xenial/devel/lib/python2.7/dist-packages/visualization_msgs/msg/_MarkerArray.py
Symlinking /home/dtrimoul/PR2-Kinetic-Xenial/devel/lib/python2.7/dist-packages/visualization_msgs/msg/_Marker.py
Symlinking /home/dtrimoul/PR2-Kinetic-Xenial/devel/lib/python2.7/dist-packages/visualization_msgs/msg/_InteractiveMarkerControl.py
Symlinking /home/dtrimoul/PR2-Kinetic-Xenial/devel/lib/python2.7/dist-packages/visualization_msgs/msg/_ImageMarker.py
Symlinking /home/dtrimoul/PR2-Kinetic-Xenial/devel/lib/python2.7/dist-packages/visualization_msgs/msg/_InteractiveMarkerInit.py
Symlinking /home/dtrimoul/PR2-Kinetic-Xenial/devel/lib/python2.7/dist-packages/visualization_msgs/msg/__init__.py
Symlinking /home/dtrimoul/PR2-Kinetic-Xenial/devel/lib/pkgconfig/visualization_msgs.pc
