[35m[1mScanning dependencies of target _shape_msgs_generate_messages_check_deps_SolidPrimitive[0m
[  0%] Built target _shape_msgs_generate_messages_check_deps_SolidPrimitive
[35m[1mScanning dependencies of target _shape_msgs_generate_messages_check_deps_MeshTriangle[0m
[  0%] Built target _shape_msgs_generate_messages_check_deps_MeshTriangle
[35m[1mScanning dependencies of target geometry_msgs_generate_messages_cpp[0m
[  0%] Built target geometry_msgs_generate_messages_cpp
[35m[1mScanning dependencies of target std_msgs_generate_messages_cpp[0m
[  0%] Built target std_msgs_generate_messages_cpp
[35m[1mScanning dependencies of target _shape_msgs_generate_messages_check_deps_Plane[0m
[  0%] Built target _shape_msgs_generate_messages_check_deps_Plane
[35m[1mScanning dependencies of target _shape_msgs_generate_messages_check_deps_Mesh[0m
[  0%] Built target _shape_msgs_generate_messages_check_deps_Mesh
[35m[1mScanning dependencies of target geometry_msgs_generate_messages_nodejs[0m
[  0%] Built target geometry_msgs_generate_messages_nodejs
[35m[1mScanning dependencies of target std_msgs_generate_messages_nodejs[0m
[  0%] Built target std_msgs_generate_messages_nodejs
[35m[1mScanning dependencies of target geometry_msgs_generate_messages_lisp[0m
[  0%] Built target geometry_msgs_generate_messages_lisp
[35m[1mScanning dependencies of target std_msgs_generate_messages_lisp[0m
[  0%] Built target std_msgs_generate_messages_lisp
[35m[1mScanning dependencies of target geometry_msgs_generate_messages_java[0m
[  0%] Built target geometry_msgs_generate_messages_java
[35m[1mScanning dependencies of target shape_msgs_generate_messages_java_gradle[0m
[  4%] [34m[1mGenerating Java gradle project from shape_msgs[0m
[  8%] [34m[1mCompiling Java code for shape_msgs[0m
[0mwarning: [options] bootstrap class path not set in conjunction with -source 1.7
1 warning
Uploading: org/ros/rosjava_messages/shape_msgs/1.12.5/shape_msgs-1.12.5.jar to repository remote at file:/home/dtrimoul/PR2-Kinetic-Xenial/devel/.private/shape_msgs/share/maven
Transferring 3K from remote
Uploaded 3K
[0m[  8%] Built target shape_msgs_generate_messages_java_gradle
[35m[1mScanning dependencies of target geometry_msgs_generate_messages_eus[0m
[  8%] Built target geometry_msgs_generate_messages_eus
[35m[1mScanning dependencies of target std_msgs_generate_messages_eus[0m
[  8%] Built target std_msgs_generate_messages_eus
[35m[1mScanning dependencies of target std_msgs_generate_messages_py[0m
[  8%] Built target std_msgs_generate_messages_py
[35m[1mScanning dependencies of target geometry_msgs_generate_messages_py[0m
[  8%] Built target geometry_msgs_generate_messages_py
[35m[1mScanning dependencies of target shape_msgs_generate_messages_cpp[0m
[ 12%] [34m[1mGenerating C++ code from shape_msgs/Plane.msg[0m
[ 16%] [34m[1mGenerating C++ code from shape_msgs/MeshTriangle.msg[0m
[ 20%] [34m[1mGenerating C++ code from shape_msgs/SolidPrimitive.msg[0m
[ 24%] [34m[1mGenerating C++ code from shape_msgs/Mesh.msg[0m
[ 24%] Built target shape_msgs_generate_messages_cpp
[35m[1mScanning dependencies of target shape_msgs_generate_messages_nodejs[0m
[ 28%] [34m[1mGenerating Javascript code from shape_msgs/Plane.msg[0m
[ 32%] [34m[1mGenerating Javascript code from shape_msgs/MeshTriangle.msg[0m
[ 36%] [34m[1mGenerating Javascript code from shape_msgs/SolidPrimitive.msg[0m
[ 40%] [34m[1mGenerating Javascript code from shape_msgs/Mesh.msg[0m
[ 40%] Built target shape_msgs_generate_messages_nodejs
[35m[1mScanning dependencies of target shape_msgs_generate_messages_lisp[0m
[ 44%] [34m[1mGenerating Lisp code from shape_msgs/Plane.msg[0m
[ 48%] [34m[1mGenerating Lisp code from shape_msgs/MeshTriangle.msg[0m
[ 52%] [34m[1mGenerating Lisp code from shape_msgs/SolidPrimitive.msg[0m
[ 56%] [34m[1mGenerating Lisp code from shape_msgs/Mesh.msg[0m
[ 56%] Built target shape_msgs_generate_messages_lisp
[35m[1mScanning dependencies of target shape_msgs_generate_messages_java[0m
[ 60%] Built target shape_msgs_generate_messages_java
[35m[1mScanning dependencies of target shape_msgs_generate_messages_eus[0m
[ 64%] [34m[1mGenerating EusLisp code from shape_msgs/Plane.msg[0m
[ 68%] [34m[1mGenerating EusLisp code from shape_msgs/MeshTriangle.msg[0m
[ 72%] [34m[1mGenerating EusLisp code from shape_msgs/SolidPrimitive.msg[0m
[ 76%] [34m[1mGenerating EusLisp code from shape_msgs/Mesh.msg[0m
[ 80%] [34m[1mGenerating EusLisp manifest code for shape_msgs[0m
[35m[1mScanning dependencies of target shape_msgs_generate_messages_py[0m
[ 84%] [34m[1mGenerating Python from MSG shape_msgs/Plane[0m
[ 88%] [34m[1mGenerating Python from MSG shape_msgs/MeshTriangle[0m
[ 88%] Built target shape_msgs_generate_messages_eus
[ 92%] [34m[1mGenerating Python from MSG shape_msgs/SolidPrimitive[0m
[ 96%] [34m[1mGenerating Python from MSG shape_msgs/Mesh[0m
[100%] [34m[1mGenerating Python msg __init__.py for shape_msgs[0m
[100%] Built target shape_msgs_generate_messages_py
[35m[1mScanning dependencies of target shape_msgs_generate_messages[0m
[100%] Built target shape_msgs_generate_messages
