Symlinking /home/dtrimoul/PR2-Kinetic-Xenial/devel/share/shape_msgs/cmake/shape_msgsConfig-version.cmake
Symlinking /home/dtrimoul/PR2-Kinetic-Xenial/devel/share/shape_msgs/cmake/shape_msgs-msg-paths.cmake
Symlinking /home/dtrimoul/PR2-Kinetic-Xenial/devel/share/shape_msgs/cmake/shape_msgs-msg-extras.cmake
Symlinking /home/dtrimoul/PR2-Kinetic-Xenial/devel/share/shape_msgs/cmake/shape_msgsConfig.cmake
Symlinking /home/dtrimoul/PR2-Kinetic-Xenial/devel/share/roseus/ros/shape_msgs/manifest.l
Symlinking /home/dtrimoul/PR2-Kinetic-Xenial/devel/share/roseus/ros/shape_msgs/msg/Plane.l
Symlinking /home/dtrimoul/PR2-Kinetic-Xenial/devel/share/roseus/ros/shape_msgs/msg/MeshTriangle.l
Symlinking /home/dtrimoul/PR2-Kinetic-Xenial/devel/share/roseus/ros/shape_msgs/msg/SolidPrimitive.l
Symlinking /home/dtrimoul/PR2-Kinetic-Xenial/devel/share/roseus/ros/shape_msgs/msg/Mesh.l
Symlinking /home/dtrimoul/PR2-Kinetic-Xenial/devel/share/common-lisp/ros/shape_msgs/msg/Plane.lisp
Symlinking /home/dtrimoul/PR2-Kinetic-Xenial/devel/share/common-lisp/ros/shape_msgs/msg/_package_Plane.lisp
Symlinking /home/dtrimoul/PR2-Kinetic-Xenial/devel/share/common-lisp/ros/shape_msgs/msg/_package.lisp
Symlinking /home/dtrimoul/PR2-Kinetic-Xenial/devel/share/common-lisp/ros/shape_msgs/msg/shape_msgs-msg.asd
Symlinking /home/dtrimoul/PR2-Kinetic-Xenial/devel/share/common-lisp/ros/shape_msgs/msg/MeshTriangle.lisp
Symlinking /home/dtrimoul/PR2-Kinetic-Xenial/devel/share/common-lisp/ros/shape_msgs/msg/_package_MeshTriangle.lisp
Symlinking /home/dtrimoul/PR2-Kinetic-Xenial/devel/share/common-lisp/ros/shape_msgs/msg/SolidPrimitive.lisp
Symlinking /home/dtrimoul/PR2-Kinetic-Xenial/devel/share/common-lisp/ros/shape_msgs/msg/_package_SolidPrimitive.lisp
Symlinking /home/dtrimoul/PR2-Kinetic-Xenial/devel/share/common-lisp/ros/shape_msgs/msg/Mesh.lisp
Symlinking /home/dtrimoul/PR2-Kinetic-Xenial/devel/share/common-lisp/ros/shape_msgs/msg/_package_Mesh.lisp
Symlinking /home/dtrimoul/PR2-Kinetic-Xenial/devel/share/gennodejs/ros/shape_msgs/_index.js
Symlinking /home/dtrimoul/PR2-Kinetic-Xenial/devel/share/gennodejs/ros/shape_msgs/msg/Plane.js
Symlinking /home/dtrimoul/PR2-Kinetic-Xenial/devel/share/gennodejs/ros/shape_msgs/msg/_index.js
Symlinking /home/dtrimoul/PR2-Kinetic-Xenial/devel/share/gennodejs/ros/shape_msgs/msg/MeshTriangle.js
Symlinking /home/dtrimoul/PR2-Kinetic-Xenial/devel/share/gennodejs/ros/shape_msgs/msg/SolidPrimitive.js
Symlinking /home/dtrimoul/PR2-Kinetic-Xenial/devel/share/gennodejs/ros/shape_msgs/msg/Mesh.js
Symlinking /home/dtrimoul/PR2-Kinetic-Xenial/devel/share/maven/org/ros/rosjava_messages/shape_msgs/maven-metadata.xml
Symlinking /home/dtrimoul/PR2-Kinetic-Xenial/devel/share/maven/org/ros/rosjava_messages/shape_msgs/maven-metadata.xml.sha1
Symlinking /home/dtrimoul/PR2-Kinetic-Xenial/devel/share/maven/org/ros/rosjava_messages/shape_msgs/maven-metadata.xml.md5
Symlinking /home/dtrimoul/PR2-Kinetic-Xenial/devel/share/maven/org/ros/rosjava_messages/shape_msgs/1.12.5/shape_msgs-1.12.5.jar
Symlinking /home/dtrimoul/PR2-Kinetic-Xenial/devel/share/maven/org/ros/rosjava_messages/shape_msgs/1.12.5/shape_msgs-1.12.5.jar.sha1
Symlinking /home/dtrimoul/PR2-Kinetic-Xenial/devel/share/maven/org/ros/rosjava_messages/shape_msgs/1.12.5/shape_msgs-1.12.5.jar.md5
Symlinking /home/dtrimoul/PR2-Kinetic-Xenial/devel/share/maven/org/ros/rosjava_messages/shape_msgs/1.12.5/shape_msgs-1.12.5.pom
Symlinking /home/dtrimoul/PR2-Kinetic-Xenial/devel/share/maven/org/ros/rosjava_messages/shape_msgs/1.12.5/shape_msgs-1.12.5.pom.sha1
Symlinking /home/dtrimoul/PR2-Kinetic-Xenial/devel/share/maven/org/ros/rosjava_messages/shape_msgs/1.12.5/shape_msgs-1.12.5.pom.md5
Symlinking /home/dtrimoul/PR2-Kinetic-Xenial/devel/include/shape_msgs/Plane.h
Symlinking /home/dtrimoul/PR2-Kinetic-Xenial/devel/include/shape_msgs/MeshTriangle.h
Symlinking /home/dtrimoul/PR2-Kinetic-Xenial/devel/include/shape_msgs/SolidPrimitive.h
Symlinking /home/dtrimoul/PR2-Kinetic-Xenial/devel/include/shape_msgs/Mesh.h
Symlinking /home/dtrimoul/PR2-Kinetic-Xenial/devel/lib/python2.7/dist-packages/shape_msgs/__init__.py
Symlinking /home/dtrimoul/PR2-Kinetic-Xenial/devel/lib/python2.7/dist-packages/shape_msgs/msg/_Plane.py
Symlinking /home/dtrimoul/PR2-Kinetic-Xenial/devel/lib/python2.7/dist-packages/shape_msgs/msg/_MeshTriangle.py
Symlinking /home/dtrimoul/PR2-Kinetic-Xenial/devel/lib/python2.7/dist-packages/shape_msgs/msg/_SolidPrimitive.py
Symlinking /home/dtrimoul/PR2-Kinetic-Xenial/devel/lib/python2.7/dist-packages/shape_msgs/msg/_Mesh.py
Symlinking /home/dtrimoul/PR2-Kinetic-Xenial/devel/lib/python2.7/dist-packages/shape_msgs/msg/__init__.py
Symlinking /home/dtrimoul/PR2-Kinetic-Xenial/devel/lib/pkgconfig/shape_msgs.pc
