[  0%] Built target _shape_msgs_generate_messages_check_deps_SolidPrimitive
[  0%] Built target _shape_msgs_generate_messages_check_deps_MeshTriangle
[  0%] Built target geometry_msgs_generate_messages_cpp
[  0%] Built target std_msgs_generate_messages_cpp
[  0%] Built target _shape_msgs_generate_messages_check_deps_Plane
[  0%] Built target _shape_msgs_generate_messages_check_deps_Mesh
[  0%] Built target geometry_msgs_generate_messages_nodejs
[  0%] Built target std_msgs_generate_messages_nodejs
[  0%] Built target geometry_msgs_generate_messages_lisp
[  0%] Built target std_msgs_generate_messages_lisp
[  0%] Built target geometry_msgs_generate_messages_java
[  4%] [34m[1mCompiling Java code for shape_msgs[0m
[  4%] Built target geometry_msgs_generate_messages_eus
[  4%] Built target std_msgs_generate_messages_eus
[  8%] Built target shape_msgs_generate_messages_java_gradle
[  8%] Built target std_msgs_generate_messages_py
[  8%] Built target geometry_msgs_generate_messages_py
[ 24%] Built target shape_msgs_generate_messages_cpp
[ 40%] Built target shape_msgs_generate_messages_nodejs
[ 56%] Built target shape_msgs_generate_messages_lisp
[ 60%] Built target shape_msgs_generate_messages_java
[ 80%] Built target shape_msgs_generate_messages_eus
[100%] Built target shape_msgs_generate_messages_py
[100%] Built target shape_msgs_generate_messages
