[  0%] Built target moveit_msgs_generate_messages_nodejs
[  0%] Built target moveit_msgs_generate_messages_py
[  7%] [34m[1mCompiling Java code for gazebo_moveit_objects_synchroniser[0m
[  7%] Built target std_msgs_generate_messages_nodejs
[  7%] Built target std_msgs_generate_messages_py
[  7%] Built target std_msgs_generate_messages_lisp
[  7%] Built target moveit_msgs_generate_messages_lisp
[  7%] Built target moveit_msgs_generate_messages_java
[  7%] Built target std_msgs_generate_messages_eus
[  7%] Built target std_msgs_generate_messages_cpp
[  7%] Built target moveit_msgs_generate_messages_eus
[  7%] Built target _gazebo_moveit_objects_synchroniser_generate_messages_check_deps_CollisionObjectArray
[  7%] Built target moveit_msgs_generate_messages_cpp
[ 15%] Built target gazebo_moveit_objects_synchroniser_generate_messages_nodejs
[ 23%] Built target gazebo_moveit_objects_synchroniser_generate_messages_lisp
[ 38%] Built target gazebo_moveit_objects_synchroniser_generate_messages_eus
[ 46%] Built target gazebo_moveit_objects_synchroniser_generate_messages_java_gradle
[ 61%] Built target gazebo_moveit_objects_synchroniser_generate_messages_java
[ 69%] Built target gazebo_moveit_objects_synchroniser_generate_messages_py
[ 76%] Built target gazebo_moveit_objects_synchroniser_generate_messages_cpp
[ 76%] Built target gazebo_moveit_objects_synchroniser_generate_messages
[100%] Built target gazebo_moveit_objects_synchroniser
