[  0%] Built target std_msgs_generate_messages_cpp
[  0%] Built target moveit_msgs_generate_messages_nodejs
[  0%] Built target moveit_msgs_generate_messages_cpp
[  0%] Built target moveit_msgs_generate_messages_py
[  0%] Built target std_msgs_generate_messages_nodejs
[  0%] Built target std_msgs_generate_messages_py
[  6%] [34m[1mCompiling Java code for gazebo_moveIT_objects_synchroniser[0m
[  6%] Built target std_msgs_generate_messages_eus
[  6%] Built target std_msgs_generate_messages_lisp
[  6%] Built target moveit_msgs_generate_messages_lisp
[  6%] Built target _gazebo_moveIT_objects_synchroniser_generate_messages_check_deps_CollisionObjectArray
[  6%] Built target moveit_msgs_generate_messages_eus
[ 13%] Built target gazebo_moveIT_objects_synchroniser_generate_messages_cpp
[ 26%] Built target gazebo_moveIT_objects_synchroniser_generate_messages_py
[ 33%] Built target gazebo_moveIT_objects_synchroniser_generate_messages_lisp
[ 40%] Built target gazebo_moveIT_objects_synchroniser_generate_messages_nodejs
[ 46%] Built target gazebo_moveIT_objects_synchroniser_generate_messages_java
[ 60%] Built target gazebo_moveIT_objects_synchroniser_generate_messages_eus
[35m[1mScanning dependencies of target gazebo_moveIT_objects_synchroniser[0m
[ 66%] Built target gazebo_moveIT_objects_synchroniser_generate_messages_java_gradle
[ 66%] Built target gazebo_moveIT_objects_synchroniser_generate_messages
[ 73%] [32mBuilding CXX object CMakeFiles/gazebo_moveIT_objects_synchroniser.dir/src/gazebo_moveIT_objects_synchroniser.cpp.o[0m
In file included from [01m[K/opt/ros/kinetic/include/ros/ros.h:40:0[m[K,
                 from [01m[K/home/dtrimoul/PR2-Kinetic-Xenial/src/gazebo_moveIT_objects_synchroniser/src/gazebo_moveIT_objects_synchroniser.cpp:6[m[K:
[01m[K/home/dtrimoul/PR2-Kinetic-Xenial/src/gazebo_moveIT_objects_synchroniser/src/gazebo_moveIT_objects_synchroniser.cpp:[m[K In function ‘[01m[Kint main(int, char**)[m[K’:
[01m[K/opt/ros/kinetic/include/ros/console.h:346:176:[m[K [01;35m[Kwarning: [m[Kformat not a string literal and no format arguments [-Wformat-security]
     ::ros::console::print(filter, __rosconsole_define_location__loc.logger_, __rosconsole_define_location__loc.level_, __FILE__, __LINE__, __ROSCONSOLE_FUNCTION__, __VA_ARGS__)
[01;32m[K                                                                                                                                                                                ^[m[K
[01m[K/opt/ros/kinetic/include/ros/console.h:349:5:[m[K [01;36m[Knote: [m[Kin expansion of macro ‘[01m[KROSCONSOLE_PRINT_AT_LOCATION_WITH_FILTER[m[K’
     ROSCONSOLE_PRINT_AT_LOCATION_WITH_FILTER(0, __VA_ARGS__)
[01;32m[K     ^[m[K
[01m[K/opt/ros/kinetic/include/ros/console.h:379:7:[m[K [01;36m[Knote: [m[Kin expansion of macro ‘[01m[KROSCONSOLE_PRINT_AT_LOCATION[m[K’
       ROSCONSOLE_PRINT_AT_LOCATION(__VA_ARGS__); \
[01;32m[K       ^[m[K
[01m[K/opt/ros/kinetic/include/ros/console.h:561:35:[m[K [01;36m[Knote: [m[Kin expansion of macro ‘[01m[KROS_LOG_COND[m[K’
 #define ROS_LOG(level, name, ...) ROS_LOG_COND(true, level, name, __VA_ARGS__)
[01;32m[K                                   ^[m[K
[01m[K/opt/ros/kinetic/include/rosconsole/macros_generated.h:110:23:[m[K [01;36m[Knote: [m[Kin expansion of macro ‘[01m[KROS_LOG[m[K’
 #define ROS_INFO(...) ROS_LOG(::ros::console::levels::Info, ROSCONSOLE_DEFAULT_NAME, __VA_ARGS__)
[01;32m[K                       ^[m[K
[01m[K/home/dtrimoul/PR2-Kinetic-Xenial/src/gazebo_moveIT_objects_synchroniser/src/gazebo_moveIT_objects_synchroniser.cpp:44:21:[m[K [01;36m[Knote: [m[Kin expansion of macro ‘[01m[KROS_INFO[m[K’
                     ROS_INFO(exc.c_str());
[01;32m[K                     ^[m[K
[01m[K/opt/ros/kinetic/include/ros/console.h:346:176:[m[K [01;35m[Kwarning: [m[Kformat ‘[01m[K%i[m[K’ expects argument of type ‘[01m[Kint[m[K’, but argument 8 has type ‘[01m[Kstd::vector<std::shared_ptr<shapes::Mesh> >::size_type {aka long unsigned int}[m[K’ [-Wformat=]
     ::ros::console::print(filter, __rosconsole_define_location__loc.logger_, __rosconsole_define_location__loc.level_, __FILE__, __LINE__, __ROSCONSOLE_FUNCTION__, __VA_ARGS__)
[01;32m[K                                                                                                                                                                                ^[m[K
[01m[K/opt/ros/kinetic/include/ros/console.h:349:5:[m[K [01;36m[Knote: [m[Kin expansion of macro ‘[01m[KROSCONSOLE_PRINT_AT_LOCATION_WITH_FILTER[m[K’
     ROSCONSOLE_PRINT_AT_LOCATION_WITH_FILTER(0, __VA_ARGS__)
[01;32m[K     ^[m[K
[01m[K/opt/ros/kinetic/include/ros/console.h:379:7:[m[K [01;36m[Knote: [m[Kin expansion of macro ‘[01m[KROSCONSOLE_PRINT_AT_LOCATION[m[K’
       ROSCONSOLE_PRINT_AT_LOCATION(__VA_ARGS__); \
[01;32m[K       ^[m[K
[01m[K/opt/ros/kinetic/include/ros/console.h:561:35:[m[K [01;36m[Knote: [m[Kin expansion of macro ‘[01m[KROS_LOG_COND[m[K’
 #define ROS_LOG(level, name, ...) ROS_LOG_COND(true, level, name, __VA_ARGS__)
[01;32m[K                                   ^[m[K
[01m[K/opt/ros/kinetic/include/rosconsole/macros_generated.h:110:23:[m[K [01;36m[Knote: [m[Kin expansion of macro ‘[01m[KROS_LOG[m[K’
 #define ROS_INFO(...) ROS_LOG(::ros::console::levels::Info, ROSCONSOLE_DEFAULT_NAME, __VA_ARGS__)
[01;32m[K                       ^[m[K
[01m[K/home/dtrimoul/PR2-Kinetic-Xenial/src/gazebo_moveIT_objects_synchroniser/src/gazebo_moveIT_objects_synchroniser.cpp:60:13:[m[K [01;36m[Knote: [m[Kin expansion of macro ‘[01m[KROS_INFO[m[K’
             ROS_INFO("size of mesh vector %i", currentMesh.size());
[01;32m[K             ^[m[K
[ 80%] [32m[1mLinking CXX executable /home/dtrimoul/PR2-Kinetic-Xenial/devel/.private/gazebo_moveIT_objects_synchroniser/lib/gazebo_moveIT_objects_synchroniser/gazebo_moveIT_objects_synchroniser[0m
[100%] Built target gazebo_moveIT_objects_synchroniser
