[  6%] [34m[1mCompiling Java code for gazebo_moveit_objects_synchroniser[0m
[  6%] Built target std_msgs_generate_messages_nodejs
[  6%] Built target moveit_msgs_generate_messages_lisp
[  6%] Built target moveit_msgs_generate_messages_nodejs
[  6%] Built target moveit_msgs_generate_messages_py
[  6%] Built target std_msgs_generate_messages_lisp
[  6%] Built target std_msgs_generate_messages_py
[  6%] Built target _gazebo_moveit_objects_synchroniser_generate_messages_check_deps_CollisionObjectArray
[  6%] Built target moveit_msgs_generate_messages_eus
[  6%] Built target std_msgs_generate_messages_eus
[  6%] Built target moveit_msgs_generate_messages_cpp
[  6%] Built target std_msgs_generate_messages_cpp
[ 13%] Built target gazebo_moveit_objects_synchroniser_generate_messages_nodejs
[ 33%] Built target gazebo_moveit_objects_synchroniser_generate_messages_java
[ 33%] Built target gazebo_moveit_objects_synchroniser_generate_messages_py
[ 40%] Built target gazebo_moveit_objects_synchroniser_generate_messages_lisp
[ 53%] Built target gazebo_moveit_objects_synchroniser_generate_messages_eus
[ 60%] Built target gazebo_moveit_objects_synchroniser_generate_messages_cpp
[ 93%] Built target gazebo_moveit_objects_synchroniser
[100%] Built target gazebo_moveit_objects_synchroniser_generate_messages_java_gradle
[100%] Built target gazebo_moveit_objects_synchroniser_generate_messages
