[  0%] Built target std_msgs_generate_messages_cpp
[  0%] Built target _gazebo_moveIT_objects_synchroniser_generate_messages_check_deps_CollisionObjectArray
[  0%] Built target moveit_msgs_generate_messages_cpp
[  0%] Built target moveit_msgs_generate_messages_nodejs
[  0%] Built target std_msgs_generate_messages_nodejs
[  0%] Built target std_msgs_generate_messages_py
[  0%] Built target moveit_msgs_generate_messages_py
[  6%] [34m[1mCompiling Java code for gazebo_moveIT_objects_synchroniser[0m
[ 13%] Built target gazebo_moveIT_objects_synchroniser_generate_messages_java_gradle
[ 13%] Built target std_msgs_generate_messages_eus
[ 13%] Built target moveit_msgs_generate_messages_eus
[ 13%] Built target moveit_msgs_generate_messages_lisp
[ 13%] Built target std_msgs_generate_messages_lisp
[ 20%] Built target gazebo_moveIT_objects_synchroniser_generate_messages_java
[ 26%] Built target gazebo_moveIT_objects_synchroniser_generate_messages_cpp
[ 33%] Built target gazebo_moveIT_objects_synchroniser_generate_messages_nodejs
[ 46%] Built target gazebo_moveIT_objects_synchroniser_generate_messages_py
[ 60%] Built target gazebo_moveIT_objects_synchroniser_generate_messages_eus
[ 66%] Built target gazebo_moveIT_objects_synchroniser_generate_messages_lisp
[ 66%] Built target gazebo_moveIT_objects_synchroniser_generate_messages
[100%] Built target gazebo_moveIT_objects_synchroniser
