[  1%] [34m[1mAutomatic moc for target moveit_motion_planning_rviz_plugin_core[0m
[  3%] [34m[1mAutomatic moc for target moveit_robot_state_rviz_plugin[0m
[  9%] [34m[1mAutomatic moc for target moveit_robot_state_rviz_plugin_core[0m
[  9%] [34m[1mAutomatic moc for target moveit_rviz_plugin_render_tools[0m
[  9%] [34m[1mAutomatic moc for target moveit_planning_scene_rviz_plugin[0m
[ 11%] [34m[1mAutomatic moc for target moveit_planning_scene_rviz_plugin_core[0m
[ 11%] Built target moveit_robot_state_rviz_plugin_automoc
[ 11%] Built target moveit_planning_scene_rviz_plugin_automoc
[ 11%] Built target moveit_planning_scene_rviz_plugin_core_automoc
[ 11%] Built target moveit_robot_state_rviz_plugin_core_automoc
[ 11%] Built target moveit_motion_planning_rviz_plugin_core_automoc
[ 11%] Built target moveit_rviz_plugin_render_tools_automoc
[ 13%] [34m[1mAutomatic moc for target moveit_motion_planning_rviz_plugin[0m
[ 17%] [34m[1mAutomatic moc for target moveit_trajectory_rviz_plugin_core[0m
[ 17%] [34m[1mAutomatic moc for target moveit_trajectory_rviz_plugin[0m
[ 35%] Built target moveit_rviz_plugin_render_tools
[ 35%] Built target moveit_motion_planning_rviz_plugin_automoc
[ 35%] Built target moveit_trajectory_rviz_plugin_automoc
[ 35%] Built target moveit_trajectory_rviz_plugin_core_automoc
[ 41%] Built target moveit_robot_state_rviz_plugin_core
[ 47%] Built target moveit_planning_scene_rviz_plugin_core
[ 52%] Built target moveit_robot_state_rviz_plugin
[ 60%] Built target moveit_planning_scene_rviz_plugin
[ 64%] Built target moveit_trajectory_rviz_plugin_core
[ 70%] Built target moveit_trajectory_rviz_plugin
[ 94%] Built target moveit_motion_planning_rviz_plugin_core
[100%] Built target moveit_motion_planning_rviz_plugin
