Linked: (/home/david/PR2-Kinetic-Xenial/devel/.private/moveit_ros_visualization/share/moveit_ros_visualization/cmake/moveit_ros_visualizationConfig-version.cmake, /home/david/PR2-Kinetic-Xenial/devel/share/moveit_ros_visualization/cmake/moveit_ros_visualizationConfig-version.cmake)
Linked: (/home/david/PR2-Kinetic-Xenial/devel/.private/moveit_ros_visualization/share/moveit_ros_visualization/cmake/moveit_ros_visualizationConfig.cmake, /home/david/PR2-Kinetic-Xenial/devel/share/moveit_ros_visualization/cmake/moveit_ros_visualizationConfig.cmake)
Linked: (/home/david/PR2-Kinetic-Xenial/devel/.private/moveit_ros_visualization/lib/libmoveit_planning_scene_rviz_plugin_core.so.0.9.7, /home/david/PR2-Kinetic-Xenial/devel/lib/libmoveit_planning_scene_rviz_plugin_core.so.0.9.7)
Linked: (/home/david/PR2-Kinetic-Xenial/devel/.private/moveit_ros_visualization/lib/libmoveit_planning_scene_rviz_plugin.so.0.9.7, /home/david/PR2-Kinetic-Xenial/devel/lib/libmoveit_planning_scene_rviz_plugin.so.0.9.7)
Linked: (/home/david/PR2-Kinetic-Xenial/devel/.private/moveit_ros_visualization/lib/libmoveit_robot_state_rviz_plugin_core.so.0.9.7, /home/david/PR2-Kinetic-Xenial/devel/lib/libmoveit_robot_state_rviz_plugin_core.so.0.9.7)
Linked: (/home/david/PR2-Kinetic-Xenial/devel/.private/moveit_ros_visualization/lib/libmoveit_motion_planning_rviz_plugin.so.0.9.7, /home/david/PR2-Kinetic-Xenial/devel/lib/libmoveit_motion_planning_rviz_plugin.so.0.9.7)
Linked: (/home/david/PR2-Kinetic-Xenial/devel/.private/moveit_ros_visualization/lib/libmoveit_robot_state_rviz_plugin.so, /home/david/PR2-Kinetic-Xenial/devel/lib/libmoveit_robot_state_rviz_plugin.so)
Linked: (/home/david/PR2-Kinetic-Xenial/devel/.private/moveit_ros_visualization/lib/libmoveit_robot_state_rviz_plugin_core.so, /home/david/PR2-Kinetic-Xenial/devel/lib/libmoveit_robot_state_rviz_plugin_core.so)
Linked: (/home/david/PR2-Kinetic-Xenial/devel/.private/moveit_ros_visualization/lib/libmoveit_trajectory_rviz_plugin.so.0.9.7, /home/david/PR2-Kinetic-Xenial/devel/lib/libmoveit_trajectory_rviz_plugin.so.0.9.7)
Linked: (/home/david/PR2-Kinetic-Xenial/devel/.private/moveit_ros_visualization/lib/libmoveit_rviz_plugin_render_tools.so, /home/david/PR2-Kinetic-Xenial/devel/lib/libmoveit_rviz_plugin_render_tools.so)
Linked: (/home/david/PR2-Kinetic-Xenial/devel/.private/moveit_ros_visualization/lib/libmoveit_motion_planning_rviz_plugin.so, /home/david/PR2-Kinetic-Xenial/devel/lib/libmoveit_motion_planning_rviz_plugin.so)
Linked: (/home/david/PR2-Kinetic-Xenial/devel/.private/moveit_ros_visualization/lib/libmoveit_trajectory_rviz_plugin_core.so.0.9.7, /home/david/PR2-Kinetic-Xenial/devel/lib/libmoveit_trajectory_rviz_plugin_core.so.0.9.7)
Linked: (/home/david/PR2-Kinetic-Xenial/devel/.private/moveit_ros_visualization/lib/libmoveit_motion_planning_rviz_plugin_core.so, /home/david/PR2-Kinetic-Xenial/devel/lib/libmoveit_motion_planning_rviz_plugin_core.so)
Linked: (/home/david/PR2-Kinetic-Xenial/devel/.private/moveit_ros_visualization/lib/libmoveit_trajectory_rviz_plugin.so, /home/david/PR2-Kinetic-Xenial/devel/lib/libmoveit_trajectory_rviz_plugin.so)
Linked: (/home/david/PR2-Kinetic-Xenial/devel/.private/moveit_ros_visualization/lib/libmoveit_planning_scene_rviz_plugin.so, /home/david/PR2-Kinetic-Xenial/devel/lib/libmoveit_planning_scene_rviz_plugin.so)
Linked: (/home/david/PR2-Kinetic-Xenial/devel/.private/moveit_ros_visualization/lib/libmoveit_robot_state_rviz_plugin.so.0.9.7, /home/david/PR2-Kinetic-Xenial/devel/lib/libmoveit_robot_state_rviz_plugin.so.0.9.7)
Linked: (/home/david/PR2-Kinetic-Xenial/devel/.private/moveit_ros_visualization/lib/libmoveit_motion_planning_rviz_plugin_core.so.0.9.7, /home/david/PR2-Kinetic-Xenial/devel/lib/libmoveit_motion_planning_rviz_plugin_core.so.0.9.7)
Linked: (/home/david/PR2-Kinetic-Xenial/devel/.private/moveit_ros_visualization/lib/libmoveit_rviz_plugin_render_tools.so.0.9.7, /home/david/PR2-Kinetic-Xenial/devel/lib/libmoveit_rviz_plugin_render_tools.so.0.9.7)
Linked: (/home/david/PR2-Kinetic-Xenial/devel/.private/moveit_ros_visualization/lib/libmoveit_trajectory_rviz_plugin_core.so, /home/david/PR2-Kinetic-Xenial/devel/lib/libmoveit_trajectory_rviz_plugin_core.so)
Linked: (/home/david/PR2-Kinetic-Xenial/devel/.private/moveit_ros_visualization/lib/libmoveit_planning_scene_rviz_plugin_core.so, /home/david/PR2-Kinetic-Xenial/devel/lib/libmoveit_planning_scene_rviz_plugin_core.so)
Linked: (/home/david/PR2-Kinetic-Xenial/devel/.private/moveit_ros_visualization/lib/pkgconfig/moveit_ros_visualization.pc, /home/david/PR2-Kinetic-Xenial/devel/lib/pkgconfig/moveit_ros_visualization.pc)
Linked: (/home/david/PR2-Kinetic-Xenial/devel/.private/moveit_ros_visualization/lib/python2.7/dist-packages/moveit_ros_visualization/__init__.py, /home/david/PR2-Kinetic-Xenial/devel/lib/python2.7/dist-packages/moveit_ros_visualization/__init__.py)
