[  0%] Built target _pr2_mechanism_msgs_generate_messages_check_deps_UnloadController
[  0%] Built target _pr2_mechanism_msgs_generate_messages_check_deps_LoadController
[  0%] Built target _pr2_mechanism_msgs_generate_messages_check_deps_SwitchControllerActionFeedback
[  0%] Built target _pr2_mechanism_msgs_generate_messages_check_deps_SwitchControllerAction
[  0%] Built target _pr2_mechanism_msgs_generate_messages_check_deps_SwitchController
[  0%] Built target _pr2_mechanism_msgs_generate_messages_check_deps_ReloadControllerLibraries
[  0%] Built target _pr2_mechanism_msgs_generate_messages_check_deps_SwitchControllerActionGoal
[  0%] Built target _pr2_mechanism_msgs_generate_messages_check_deps_SwitchControllerGoal
[  0%] Built target _pr2_mechanism_msgs_generate_messages_check_deps_SwitchControllerActionResult
[  0%] Built target actionlib_msgs_generate_messages_py
[  0%] Built target _pr2_mechanism_msgs_generate_messages_check_deps_MechanismStatistics
[  0%] Built target _pr2_mechanism_msgs_generate_messages_check_deps_ActuatorStatistics
[  0%] Built target std_msgs_generate_messages_py
[  0%] Built target _pr2_mechanism_msgs_generate_messages_check_deps_JointStatistics
[  0%] Built target _pr2_mechanism_msgs_generate_messages_check_deps_SwitchControllerFeedback
[  0%] Built target _pr2_mechanism_msgs_generate_messages_check_deps_SwitchControllerResult
[  0%] Built target _pr2_mechanism_msgs_generate_messages_check_deps_ControllerStatistics
[  0%] Built target _pr2_mechanism_msgs_generate_messages_check_deps_ListControllers
[  0%] Built target _pr2_mechanism_msgs_generate_messages_check_deps_ListControllerTypes
[  0%] Built target actionlib_msgs_generate_messages_nodejs
[  0%] Built target std_msgs_generate_messages_nodejs
[  0%] Built target actionlib_msgs_generate_messages_cpp
[  1%] [34m[1mCompiling Java code for pr2_mechanism_msgs[0m
[  1%] Built target std_msgs_generate_messages_cpp
[  1%] Built target actionlib_msgs_generate_messages_eus
[  1%] Built target std_msgs_generate_messages_eus
[  2%] Built target std_msgs_generate_messages_lisp
[  2%] Built target pr2_mechanism_msgs_generate_messages_java
[  2%] Built target actionlib_msgs_generate_messages_lisp
[ 50%] Built target pr2_mechanism_msgs_generate_messages_py
[ 73%] Built target pr2_mechanism_msgs_generate_messages_nodejs
[ 73%] Built target pr2_mechanism_msgs_generate_messages_java_gradle
[ 82%] Built target pr2_mechanism_msgs_generate_messages_cpp
[ 82%] Built target pr2_mechanism_msgs_generate_messages_eus
[100%] Built target pr2_mechanism_msgs_generate_messages_lisp
[100%] Built target pr2_mechanism_msgs_generate_messages
