Linked: (/home/david/PR2-Kinetic-Xenial/devel/.private/pr2_mechanism_msgs/include/pr2_mechanism_msgs/SwitchControllerRequest.h, /home/david/PR2-Kinetic-Xenial/devel/include/pr2_mechanism_msgs/SwitchControllerRequest.h)
Linked: (/home/david/PR2-Kinetic-Xenial/devel/.private/pr2_mechanism_msgs/include/pr2_mechanism_msgs/ReloadControllerLibrariesResponse.h, /home/david/PR2-Kinetic-Xenial/devel/include/pr2_mechanism_msgs/ReloadControllerLibrariesResponse.h)
Linked: (/home/david/PR2-Kinetic-Xenial/devel/.private/pr2_mechanism_msgs/include/pr2_mechanism_msgs/ListControllers.h, /home/david/PR2-Kinetic-Xenial/devel/include/pr2_mechanism_msgs/ListControllers.h)
Linked: (/home/david/PR2-Kinetic-Xenial/devel/.private/pr2_mechanism_msgs/include/pr2_mechanism_msgs/ReloadControllerLibrariesRequest.h, /home/david/PR2-Kinetic-Xenial/devel/include/pr2_mechanism_msgs/ReloadControllerLibrariesRequest.h)
Linked: (/home/david/PR2-Kinetic-Xenial/devel/.private/pr2_mechanism_msgs/include/pr2_mechanism_msgs/ControllerStatistics.h, /home/david/PR2-Kinetic-Xenial/devel/include/pr2_mechanism_msgs/ControllerStatistics.h)
Linked: (/home/david/PR2-Kinetic-Xenial/devel/.private/pr2_mechanism_msgs/include/pr2_mechanism_msgs/SwitchControllerActionFeedback.h, /home/david/PR2-Kinetic-Xenial/devel/include/pr2_mechanism_msgs/SwitchControllerActionFeedback.h)
Linked: (/home/david/PR2-Kinetic-Xenial/devel/.private/pr2_mechanism_msgs/include/pr2_mechanism_msgs/MechanismStatistics.h, /home/david/PR2-Kinetic-Xenial/devel/include/pr2_mechanism_msgs/MechanismStatistics.h)
Linked: (/home/david/PR2-Kinetic-Xenial/devel/.private/pr2_mechanism_msgs/include/pr2_mechanism_msgs/SwitchControllerActionGoal.h, /home/david/PR2-Kinetic-Xenial/devel/include/pr2_mechanism_msgs/SwitchControllerActionGoal.h)
Linked: (/home/david/PR2-Kinetic-Xenial/devel/.private/pr2_mechanism_msgs/include/pr2_mechanism_msgs/LoadController.h, /home/david/PR2-Kinetic-Xenial/devel/include/pr2_mechanism_msgs/LoadController.h)
Linked: (/home/david/PR2-Kinetic-Xenial/devel/.private/pr2_mechanism_msgs/include/pr2_mechanism_msgs/ListControllerTypesRequest.h, /home/david/PR2-Kinetic-Xenial/devel/include/pr2_mechanism_msgs/ListControllerTypesRequest.h)
Linked: (/home/david/PR2-Kinetic-Xenial/devel/.private/pr2_mechanism_msgs/include/pr2_mechanism_msgs/SwitchControllerActionResult.h, /home/david/PR2-Kinetic-Xenial/devel/include/pr2_mechanism_msgs/SwitchControllerActionResult.h)
Linked: (/home/david/PR2-Kinetic-Xenial/devel/.private/pr2_mechanism_msgs/include/pr2_mechanism_msgs/SwitchControllerAction.h, /home/david/PR2-Kinetic-Xenial/devel/include/pr2_mechanism_msgs/SwitchControllerAction.h)
Linked: (/home/david/PR2-Kinetic-Xenial/devel/.private/pr2_mechanism_msgs/include/pr2_mechanism_msgs/SwitchControllerGoal.h, /home/david/PR2-Kinetic-Xenial/devel/include/pr2_mechanism_msgs/SwitchControllerGoal.h)
Linked: (/home/david/PR2-Kinetic-Xenial/devel/.private/pr2_mechanism_msgs/include/pr2_mechanism_msgs/SwitchControllerResponse.h, /home/david/PR2-Kinetic-Xenial/devel/include/pr2_mechanism_msgs/SwitchControllerResponse.h)
Linked: (/home/david/PR2-Kinetic-Xenial/devel/.private/pr2_mechanism_msgs/include/pr2_mechanism_msgs/LoadControllerRequest.h, /home/david/PR2-Kinetic-Xenial/devel/include/pr2_mechanism_msgs/LoadControllerRequest.h)
Linked: (/home/david/PR2-Kinetic-Xenial/devel/.private/pr2_mechanism_msgs/include/pr2_mechanism_msgs/SwitchController.h, /home/david/PR2-Kinetic-Xenial/devel/include/pr2_mechanism_msgs/SwitchController.h)
Linked: (/home/david/PR2-Kinetic-Xenial/devel/.private/pr2_mechanism_msgs/include/pr2_mechanism_msgs/UnloadController.h, /home/david/PR2-Kinetic-Xenial/devel/include/pr2_mechanism_msgs/UnloadController.h)
Linked: (/home/david/PR2-Kinetic-Xenial/devel/.private/pr2_mechanism_msgs/include/pr2_mechanism_msgs/ReloadControllerLibraries.h, /home/david/PR2-Kinetic-Xenial/devel/include/pr2_mechanism_msgs/ReloadControllerLibraries.h)
Linked: (/home/david/PR2-Kinetic-Xenial/devel/.private/pr2_mechanism_msgs/include/pr2_mechanism_msgs/JointStatistics.h, /home/david/PR2-Kinetic-Xenial/devel/include/pr2_mechanism_msgs/JointStatistics.h)
Linked: (/home/david/PR2-Kinetic-Xenial/devel/.private/pr2_mechanism_msgs/include/pr2_mechanism_msgs/ListControllerTypesResponse.h, /home/david/PR2-Kinetic-Xenial/devel/include/pr2_mechanism_msgs/ListControllerTypesResponse.h)
Linked: (/home/david/PR2-Kinetic-Xenial/devel/.private/pr2_mechanism_msgs/include/pr2_mechanism_msgs/UnloadControllerRequest.h, /home/david/PR2-Kinetic-Xenial/devel/include/pr2_mechanism_msgs/UnloadControllerRequest.h)
Linked: (/home/david/PR2-Kinetic-Xenial/devel/.private/pr2_mechanism_msgs/include/pr2_mechanism_msgs/ListControllerTypes.h, /home/david/PR2-Kinetic-Xenial/devel/include/pr2_mechanism_msgs/ListControllerTypes.h)
Linked: (/home/david/PR2-Kinetic-Xenial/devel/.private/pr2_mechanism_msgs/include/pr2_mechanism_msgs/UnloadControllerResponse.h, /home/david/PR2-Kinetic-Xenial/devel/include/pr2_mechanism_msgs/UnloadControllerResponse.h)
Linked: (/home/david/PR2-Kinetic-Xenial/devel/.private/pr2_mechanism_msgs/include/pr2_mechanism_msgs/LoadControllerResponse.h, /home/david/PR2-Kinetic-Xenial/devel/include/pr2_mechanism_msgs/LoadControllerResponse.h)
Linked: (/home/david/PR2-Kinetic-Xenial/devel/.private/pr2_mechanism_msgs/include/pr2_mechanism_msgs/SwitchControllerResult.h, /home/david/PR2-Kinetic-Xenial/devel/include/pr2_mechanism_msgs/SwitchControllerResult.h)
Linked: (/home/david/PR2-Kinetic-Xenial/devel/.private/pr2_mechanism_msgs/include/pr2_mechanism_msgs/SwitchControllerFeedback.h, /home/david/PR2-Kinetic-Xenial/devel/include/pr2_mechanism_msgs/SwitchControllerFeedback.h)
Linked: (/home/david/PR2-Kinetic-Xenial/devel/.private/pr2_mechanism_msgs/include/pr2_mechanism_msgs/ListControllersResponse.h, /home/david/PR2-Kinetic-Xenial/devel/include/pr2_mechanism_msgs/ListControllersResponse.h)
Linked: (/home/david/PR2-Kinetic-Xenial/devel/.private/pr2_mechanism_msgs/include/pr2_mechanism_msgs/ListControllersRequest.h, /home/david/PR2-Kinetic-Xenial/devel/include/pr2_mechanism_msgs/ListControllersRequest.h)
Linked: (/home/david/PR2-Kinetic-Xenial/devel/.private/pr2_mechanism_msgs/include/pr2_mechanism_msgs/ActuatorStatistics.h, /home/david/PR2-Kinetic-Xenial/devel/include/pr2_mechanism_msgs/ActuatorStatistics.h)
Linked: (/home/david/PR2-Kinetic-Xenial/devel/.private/pr2_mechanism_msgs/share/common-lisp/ros/pr2_mechanism_msgs/srv/_package_ListControllerTypes.lisp, /home/david/PR2-Kinetic-Xenial/devel/share/common-lisp/ros/pr2_mechanism_msgs/srv/_package_ListControllerTypes.lisp)
Linked: (/home/david/PR2-Kinetic-Xenial/devel/.private/pr2_mechanism_msgs/share/common-lisp/ros/pr2_mechanism_msgs/srv/ListControllers.lisp, /home/david/PR2-Kinetic-Xenial/devel/share/common-lisp/ros/pr2_mechanism_msgs/srv/ListControllers.lisp)
Linked: (/home/david/PR2-Kinetic-Xenial/devel/.private/pr2_mechanism_msgs/share/common-lisp/ros/pr2_mechanism_msgs/srv/_package_UnloadController.lisp, /home/david/PR2-Kinetic-Xenial/devel/share/common-lisp/ros/pr2_mechanism_msgs/srv/_package_UnloadController.lisp)
Linked: (/home/david/PR2-Kinetic-Xenial/devel/.private/pr2_mechanism_msgs/share/common-lisp/ros/pr2_mechanism_msgs/srv/ReloadControllerLibraries.lisp, /home/david/PR2-Kinetic-Xenial/devel/share/common-lisp/ros/pr2_mechanism_msgs/srv/ReloadControllerLibraries.lisp)
Linked: (/home/david/PR2-Kinetic-Xenial/devel/.private/pr2_mechanism_msgs/share/common-lisp/ros/pr2_mechanism_msgs/srv/ListControllerTypes.lisp, /home/david/PR2-Kinetic-Xenial/devel/share/common-lisp/ros/pr2_mechanism_msgs/srv/ListControllerTypes.lisp)
Linked: (/home/david/PR2-Kinetic-Xenial/devel/.private/pr2_mechanism_msgs/share/common-lisp/ros/pr2_mechanism_msgs/srv/LoadController.lisp, /home/david/PR2-Kinetic-Xenial/devel/share/common-lisp/ros/pr2_mechanism_msgs/srv/LoadController.lisp)
Linked: (/home/david/PR2-Kinetic-Xenial/devel/.private/pr2_mechanism_msgs/share/common-lisp/ros/pr2_mechanism_msgs/srv/_package_ListControllers.lisp, /home/david/PR2-Kinetic-Xenial/devel/share/common-lisp/ros/pr2_mechanism_msgs/srv/_package_ListControllers.lisp)
Linked: (/home/david/PR2-Kinetic-Xenial/devel/.private/pr2_mechanism_msgs/share/common-lisp/ros/pr2_mechanism_msgs/srv/UnloadController.lisp, /home/david/PR2-Kinetic-Xenial/devel/share/common-lisp/ros/pr2_mechanism_msgs/srv/UnloadController.lisp)
Linked: (/home/david/PR2-Kinetic-Xenial/devel/.private/pr2_mechanism_msgs/share/common-lisp/ros/pr2_mechanism_msgs/srv/SwitchController.lisp, /home/david/PR2-Kinetic-Xenial/devel/share/common-lisp/ros/pr2_mechanism_msgs/srv/SwitchController.lisp)
Linked: (/home/david/PR2-Kinetic-Xenial/devel/.private/pr2_mechanism_msgs/share/common-lisp/ros/pr2_mechanism_msgs/srv/_package_SwitchController.lisp, /home/david/PR2-Kinetic-Xenial/devel/share/common-lisp/ros/pr2_mechanism_msgs/srv/_package_SwitchController.lisp)
Linked: (/home/david/PR2-Kinetic-Xenial/devel/.private/pr2_mechanism_msgs/share/common-lisp/ros/pr2_mechanism_msgs/srv/_package.lisp, /home/david/PR2-Kinetic-Xenial/devel/share/common-lisp/ros/pr2_mechanism_msgs/srv/_package.lisp)
Linked: (/home/david/PR2-Kinetic-Xenial/devel/.private/pr2_mechanism_msgs/share/common-lisp/ros/pr2_mechanism_msgs/srv/pr2_mechanism_msgs-srv.asd, /home/david/PR2-Kinetic-Xenial/devel/share/common-lisp/ros/pr2_mechanism_msgs/srv/pr2_mechanism_msgs-srv.asd)
Linked: (/home/david/PR2-Kinetic-Xenial/devel/.private/pr2_mechanism_msgs/share/common-lisp/ros/pr2_mechanism_msgs/srv/_package_LoadController.lisp, /home/david/PR2-Kinetic-Xenial/devel/share/common-lisp/ros/pr2_mechanism_msgs/srv/_package_LoadController.lisp)
Linked: (/home/david/PR2-Kinetic-Xenial/devel/.private/pr2_mechanism_msgs/share/common-lisp/ros/pr2_mechanism_msgs/srv/_package_ReloadControllerLibraries.lisp, /home/david/PR2-Kinetic-Xenial/devel/share/common-lisp/ros/pr2_mechanism_msgs/srv/_package_ReloadControllerLibraries.lisp)
Linked: (/home/david/PR2-Kinetic-Xenial/devel/.private/pr2_mechanism_msgs/share/common-lisp/ros/pr2_mechanism_msgs/msg/SwitchControllerGoal.lisp, /home/david/PR2-Kinetic-Xenial/devel/share/common-lisp/ros/pr2_mechanism_msgs/msg/SwitchControllerGoal.lisp)
Linked: (/home/david/PR2-Kinetic-Xenial/devel/.private/pr2_mechanism_msgs/share/common-lisp/ros/pr2_mechanism_msgs/msg/SwitchControllerResult.lisp, /home/david/PR2-Kinetic-Xenial/devel/share/common-lisp/ros/pr2_mechanism_msgs/msg/SwitchControllerResult.lisp)
Linked: (/home/david/PR2-Kinetic-Xenial/devel/.private/pr2_mechanism_msgs/share/common-lisp/ros/pr2_mechanism_msgs/msg/_package_ActuatorStatistics.lisp, /home/david/PR2-Kinetic-Xenial/devel/share/common-lisp/ros/pr2_mechanism_msgs/msg/_package_ActuatorStatistics.lisp)
Linked: (/home/david/PR2-Kinetic-Xenial/devel/.private/pr2_mechanism_msgs/share/common-lisp/ros/pr2_mechanism_msgs/msg/_package_SwitchControllerGoal.lisp, /home/david/PR2-Kinetic-Xenial/devel/share/common-lisp/ros/pr2_mechanism_msgs/msg/_package_SwitchControllerGoal.lisp)
Linked: (/home/david/PR2-Kinetic-Xenial/devel/.private/pr2_mechanism_msgs/share/common-lisp/ros/pr2_mechanism_msgs/msg/SwitchControllerActionResult.lisp, /home/david/PR2-Kinetic-Xenial/devel/share/common-lisp/ros/pr2_mechanism_msgs/msg/SwitchControllerActionResult.lisp)
Linked: (/home/david/PR2-Kinetic-Xenial/devel/.private/pr2_mechanism_msgs/share/common-lisp/ros/pr2_mechanism_msgs/msg/_package_ControllerStatistics.lisp, /home/david/PR2-Kinetic-Xenial/devel/share/common-lisp/ros/pr2_mechanism_msgs/msg/_package_ControllerStatistics.lisp)
Linked: (/home/david/PR2-Kinetic-Xenial/devel/.private/pr2_mechanism_msgs/share/common-lisp/ros/pr2_mechanism_msgs/msg/_package_SwitchControllerResult.lisp, /home/david/PR2-Kinetic-Xenial/devel/share/common-lisp/ros/pr2_mechanism_msgs/msg/_package_SwitchControllerResult.lisp)
Linked: (/home/david/PR2-Kinetic-Xenial/devel/.private/pr2_mechanism_msgs/share/common-lisp/ros/pr2_mechanism_msgs/msg/JointStatistics.lisp, /home/david/PR2-Kinetic-Xenial/devel/share/common-lisp/ros/pr2_mechanism_msgs/msg/JointStatistics.lisp)
Linked: (/home/david/PR2-Kinetic-Xenial/devel/.private/pr2_mechanism_msgs/share/common-lisp/ros/pr2_mechanism_msgs/msg/pr2_mechanism_msgs-msg.asd, /home/david/PR2-Kinetic-Xenial/devel/share/common-lisp/ros/pr2_mechanism_msgs/msg/pr2_mechanism_msgs-msg.asd)
Linked: (/home/david/PR2-Kinetic-Xenial/devel/.private/pr2_mechanism_msgs/share/common-lisp/ros/pr2_mechanism_msgs/msg/SwitchControllerAction.lisp, /home/david/PR2-Kinetic-Xenial/devel/share/common-lisp/ros/pr2_mechanism_msgs/msg/SwitchControllerAction.lisp)
Linked: (/home/david/PR2-Kinetic-Xenial/devel/.private/pr2_mechanism_msgs/share/common-lisp/ros/pr2_mechanism_msgs/msg/MechanismStatistics.lisp, /home/david/PR2-Kinetic-Xenial/devel/share/common-lisp/ros/pr2_mechanism_msgs/msg/MechanismStatistics.lisp)
Linked: (/home/david/PR2-Kinetic-Xenial/devel/.private/pr2_mechanism_msgs/share/common-lisp/ros/pr2_mechanism_msgs/msg/_package_MechanismStatistics.lisp, /home/david/PR2-Kinetic-Xenial/devel/share/common-lisp/ros/pr2_mechanism_msgs/msg/_package_MechanismStatistics.lisp)
Linked: (/home/david/PR2-Kinetic-Xenial/devel/.private/pr2_mechanism_msgs/share/common-lisp/ros/pr2_mechanism_msgs/msg/_package.lisp, /home/david/PR2-Kinetic-Xenial/devel/share/common-lisp/ros/pr2_mechanism_msgs/msg/_package.lisp)
Linked: (/home/david/PR2-Kinetic-Xenial/devel/.private/pr2_mechanism_msgs/share/common-lisp/ros/pr2_mechanism_msgs/msg/_package_SwitchControllerAction.lisp, /home/david/PR2-Kinetic-Xenial/devel/share/common-lisp/ros/pr2_mechanism_msgs/msg/_package_SwitchControllerAction.lisp)
Linked: (/home/david/PR2-Kinetic-Xenial/devel/.private/pr2_mechanism_msgs/share/common-lisp/ros/pr2_mechanism_msgs/msg/_package_JointStatistics.lisp, /home/david/PR2-Kinetic-Xenial/devel/share/common-lisp/ros/pr2_mechanism_msgs/msg/_package_JointStatistics.lisp)
Linked: (/home/david/PR2-Kinetic-Xenial/devel/.private/pr2_mechanism_msgs/share/common-lisp/ros/pr2_mechanism_msgs/msg/SwitchControllerActionGoal.lisp, /home/david/PR2-Kinetic-Xenial/devel/share/common-lisp/ros/pr2_mechanism_msgs/msg/SwitchControllerActionGoal.lisp)
Linked: (/home/david/PR2-Kinetic-Xenial/devel/.private/pr2_mechanism_msgs/share/common-lisp/ros/pr2_mechanism_msgs/msg/_package_SwitchControllerActionResult.lisp, /home/david/PR2-Kinetic-Xenial/devel/share/common-lisp/ros/pr2_mechanism_msgs/msg/_package_SwitchControllerActionResult.lisp)
Linked: (/home/david/PR2-Kinetic-Xenial/devel/.private/pr2_mechanism_msgs/share/common-lisp/ros/pr2_mechanism_msgs/msg/SwitchControllerActionFeedback.lisp, /home/david/PR2-Kinetic-Xenial/devel/share/common-lisp/ros/pr2_mechanism_msgs/msg/SwitchControllerActionFeedback.lisp)
Linked: (/home/david/PR2-Kinetic-Xenial/devel/.private/pr2_mechanism_msgs/share/common-lisp/ros/pr2_mechanism_msgs/msg/_package_SwitchControllerActionFeedback.lisp, /home/david/PR2-Kinetic-Xenial/devel/share/common-lisp/ros/pr2_mechanism_msgs/msg/_package_SwitchControllerActionFeedback.lisp)
Linked: (/home/david/PR2-Kinetic-Xenial/devel/.private/pr2_mechanism_msgs/share/common-lisp/ros/pr2_mechanism_msgs/msg/ControllerStatistics.lisp, /home/david/PR2-Kinetic-Xenial/devel/share/common-lisp/ros/pr2_mechanism_msgs/msg/ControllerStatistics.lisp)
Linked: (/home/david/PR2-Kinetic-Xenial/devel/.private/pr2_mechanism_msgs/share/common-lisp/ros/pr2_mechanism_msgs/msg/_package_SwitchControllerFeedback.lisp, /home/david/PR2-Kinetic-Xenial/devel/share/common-lisp/ros/pr2_mechanism_msgs/msg/_package_SwitchControllerFeedback.lisp)
Linked: (/home/david/PR2-Kinetic-Xenial/devel/.private/pr2_mechanism_msgs/share/common-lisp/ros/pr2_mechanism_msgs/msg/ActuatorStatistics.lisp, /home/david/PR2-Kinetic-Xenial/devel/share/common-lisp/ros/pr2_mechanism_msgs/msg/ActuatorStatistics.lisp)
Linked: (/home/david/PR2-Kinetic-Xenial/devel/.private/pr2_mechanism_msgs/share/common-lisp/ros/pr2_mechanism_msgs/msg/_package_SwitchControllerActionGoal.lisp, /home/david/PR2-Kinetic-Xenial/devel/share/common-lisp/ros/pr2_mechanism_msgs/msg/_package_SwitchControllerActionGoal.lisp)
Linked: (/home/david/PR2-Kinetic-Xenial/devel/.private/pr2_mechanism_msgs/share/common-lisp/ros/pr2_mechanism_msgs/msg/SwitchControllerFeedback.lisp, /home/david/PR2-Kinetic-Xenial/devel/share/common-lisp/ros/pr2_mechanism_msgs/msg/SwitchControllerFeedback.lisp)
Linked: (/home/david/PR2-Kinetic-Xenial/devel/.private/pr2_mechanism_msgs/share/roseus/ros/pr2_mechanism_msgs/manifest.l, /home/david/PR2-Kinetic-Xenial/devel/share/roseus/ros/pr2_mechanism_msgs/manifest.l)
Linked: (/home/david/PR2-Kinetic-Xenial/devel/.private/pr2_mechanism_msgs/share/roseus/ros/pr2_mechanism_msgs/srv/UnloadController.l, /home/david/PR2-Kinetic-Xenial/devel/share/roseus/ros/pr2_mechanism_msgs/srv/UnloadController.l)
Linked: (/home/david/PR2-Kinetic-Xenial/devel/.private/pr2_mechanism_msgs/share/roseus/ros/pr2_mechanism_msgs/srv/ListControllers.l, /home/david/PR2-Kinetic-Xenial/devel/share/roseus/ros/pr2_mechanism_msgs/srv/ListControllers.l)
Linked: (/home/david/PR2-Kinetic-Xenial/devel/.private/pr2_mechanism_msgs/share/roseus/ros/pr2_mechanism_msgs/srv/ListControllerTypes.l, /home/david/PR2-Kinetic-Xenial/devel/share/roseus/ros/pr2_mechanism_msgs/srv/ListControllerTypes.l)
Linked: (/home/david/PR2-Kinetic-Xenial/devel/.private/pr2_mechanism_msgs/share/roseus/ros/pr2_mechanism_msgs/srv/ReloadControllerLibraries.l, /home/david/PR2-Kinetic-Xenial/devel/share/roseus/ros/pr2_mechanism_msgs/srv/ReloadControllerLibraries.l)
Linked: (/home/david/PR2-Kinetic-Xenial/devel/.private/pr2_mechanism_msgs/share/roseus/ros/pr2_mechanism_msgs/srv/SwitchController.l, /home/david/PR2-Kinetic-Xenial/devel/share/roseus/ros/pr2_mechanism_msgs/srv/SwitchController.l)
Linked: (/home/david/PR2-Kinetic-Xenial/devel/.private/pr2_mechanism_msgs/share/roseus/ros/pr2_mechanism_msgs/srv/LoadController.l, /home/david/PR2-Kinetic-Xenial/devel/share/roseus/ros/pr2_mechanism_msgs/srv/LoadController.l)
Linked: (/home/david/PR2-Kinetic-Xenial/devel/.private/pr2_mechanism_msgs/share/roseus/ros/pr2_mechanism_msgs/msg/SwitchControllerFeedback.l, /home/david/PR2-Kinetic-Xenial/devel/share/roseus/ros/pr2_mechanism_msgs/msg/SwitchControllerFeedback.l)
Linked: (/home/david/PR2-Kinetic-Xenial/devel/.private/pr2_mechanism_msgs/share/roseus/ros/pr2_mechanism_msgs/msg/SwitchControllerResult.l, /home/david/PR2-Kinetic-Xenial/devel/share/roseus/ros/pr2_mechanism_msgs/msg/SwitchControllerResult.l)
Linked: (/home/david/PR2-Kinetic-Xenial/devel/.private/pr2_mechanism_msgs/share/roseus/ros/pr2_mechanism_msgs/msg/SwitchControllerGoal.l, /home/david/PR2-Kinetic-Xenial/devel/share/roseus/ros/pr2_mechanism_msgs/msg/SwitchControllerGoal.l)
Linked: (/home/david/PR2-Kinetic-Xenial/devel/.private/pr2_mechanism_msgs/share/roseus/ros/pr2_mechanism_msgs/msg/SwitchControllerAction.l, /home/david/PR2-Kinetic-Xenial/devel/share/roseus/ros/pr2_mechanism_msgs/msg/SwitchControllerAction.l)
Linked: (/home/david/PR2-Kinetic-Xenial/devel/.private/pr2_mechanism_msgs/share/roseus/ros/pr2_mechanism_msgs/msg/SwitchControllerActionFeedback.l, /home/david/PR2-Kinetic-Xenial/devel/share/roseus/ros/pr2_mechanism_msgs/msg/SwitchControllerActionFeedback.l)
Linked: (/home/david/PR2-Kinetic-Xenial/devel/.private/pr2_mechanism_msgs/share/roseus/ros/pr2_mechanism_msgs/msg/ActuatorStatistics.l, /home/david/PR2-Kinetic-Xenial/devel/share/roseus/ros/pr2_mechanism_msgs/msg/ActuatorStatistics.l)
Linked: (/home/david/PR2-Kinetic-Xenial/devel/.private/pr2_mechanism_msgs/share/roseus/ros/pr2_mechanism_msgs/msg/ControllerStatistics.l, /home/david/PR2-Kinetic-Xenial/devel/share/roseus/ros/pr2_mechanism_msgs/msg/ControllerStatistics.l)
Linked: (/home/david/PR2-Kinetic-Xenial/devel/.private/pr2_mechanism_msgs/share/roseus/ros/pr2_mechanism_msgs/msg/MechanismStatistics.l, /home/david/PR2-Kinetic-Xenial/devel/share/roseus/ros/pr2_mechanism_msgs/msg/MechanismStatistics.l)
Linked: (/home/david/PR2-Kinetic-Xenial/devel/.private/pr2_mechanism_msgs/share/roseus/ros/pr2_mechanism_msgs/msg/JointStatistics.l, /home/david/PR2-Kinetic-Xenial/devel/share/roseus/ros/pr2_mechanism_msgs/msg/JointStatistics.l)
Linked: (/home/david/PR2-Kinetic-Xenial/devel/.private/pr2_mechanism_msgs/share/roseus/ros/pr2_mechanism_msgs/msg/SwitchControllerActionResult.l, /home/david/PR2-Kinetic-Xenial/devel/share/roseus/ros/pr2_mechanism_msgs/msg/SwitchControllerActionResult.l)
Linked: (/home/david/PR2-Kinetic-Xenial/devel/.private/pr2_mechanism_msgs/share/roseus/ros/pr2_mechanism_msgs/msg/SwitchControllerActionGoal.l, /home/david/PR2-Kinetic-Xenial/devel/share/roseus/ros/pr2_mechanism_msgs/msg/SwitchControllerActionGoal.l)
Linked: (/home/david/PR2-Kinetic-Xenial/devel/.private/pr2_mechanism_msgs/share/pr2_mechanism_msgs/cmake/pr2_mechanism_msgs-msg-paths.cmake, /home/david/PR2-Kinetic-Xenial/devel/share/pr2_mechanism_msgs/cmake/pr2_mechanism_msgs-msg-paths.cmake)
Linked: (/home/david/PR2-Kinetic-Xenial/devel/.private/pr2_mechanism_msgs/share/pr2_mechanism_msgs/cmake/pr2_mechanism_msgsConfig.cmake, /home/david/PR2-Kinetic-Xenial/devel/share/pr2_mechanism_msgs/cmake/pr2_mechanism_msgsConfig.cmake)
Linked: (/home/david/PR2-Kinetic-Xenial/devel/.private/pr2_mechanism_msgs/share/pr2_mechanism_msgs/cmake/pr2_mechanism_msgs-msg-extras.cmake, /home/david/PR2-Kinetic-Xenial/devel/share/pr2_mechanism_msgs/cmake/pr2_mechanism_msgs-msg-extras.cmake)
Linked: (/home/david/PR2-Kinetic-Xenial/devel/.private/pr2_mechanism_msgs/share/pr2_mechanism_msgs/cmake/pr2_mechanism_msgsConfig-version.cmake, /home/david/PR2-Kinetic-Xenial/devel/share/pr2_mechanism_msgs/cmake/pr2_mechanism_msgsConfig-version.cmake)
Linked: (/home/david/PR2-Kinetic-Xenial/devel/.private/pr2_mechanism_msgs/share/pr2_mechanism_msgs/msg/SwitchControllerAction.msg, /home/david/PR2-Kinetic-Xenial/devel/share/pr2_mechanism_msgs/msg/SwitchControllerAction.msg)
Linked: (/home/david/PR2-Kinetic-Xenial/devel/.private/pr2_mechanism_msgs/share/pr2_mechanism_msgs/msg/SwitchControllerActionFeedback.msg, /home/david/PR2-Kinetic-Xenial/devel/share/pr2_mechanism_msgs/msg/SwitchControllerActionFeedback.msg)
Linked: (/home/david/PR2-Kinetic-Xenial/devel/.private/pr2_mechanism_msgs/share/pr2_mechanism_msgs/msg/SwitchControllerResult.msg, /home/david/PR2-Kinetic-Xenial/devel/share/pr2_mechanism_msgs/msg/SwitchControllerResult.msg)
Linked: (/home/david/PR2-Kinetic-Xenial/devel/.private/pr2_mechanism_msgs/share/pr2_mechanism_msgs/msg/SwitchControllerActionGoal.msg, /home/david/PR2-Kinetic-Xenial/devel/share/pr2_mechanism_msgs/msg/SwitchControllerActionGoal.msg)
Linked: (/home/david/PR2-Kinetic-Xenial/devel/.private/pr2_mechanism_msgs/share/pr2_mechanism_msgs/msg/SwitchControllerGoal.msg, /home/david/PR2-Kinetic-Xenial/devel/share/pr2_mechanism_msgs/msg/SwitchControllerGoal.msg)
Linked: (/home/david/PR2-Kinetic-Xenial/devel/.private/pr2_mechanism_msgs/share/pr2_mechanism_msgs/msg/SwitchControllerFeedback.msg, /home/david/PR2-Kinetic-Xenial/devel/share/pr2_mechanism_msgs/msg/SwitchControllerFeedback.msg)
Linked: (/home/david/PR2-Kinetic-Xenial/devel/.private/pr2_mechanism_msgs/share/pr2_mechanism_msgs/msg/SwitchControllerActionResult.msg, /home/david/PR2-Kinetic-Xenial/devel/share/pr2_mechanism_msgs/msg/SwitchControllerActionResult.msg)
Linked: (/home/david/PR2-Kinetic-Xenial/devel/.private/pr2_mechanism_msgs/share/gennodejs/ros/pr2_mechanism_msgs/_index.js, /home/david/PR2-Kinetic-Xenial/devel/share/gennodejs/ros/pr2_mechanism_msgs/_index.js)
Linked: (/home/david/PR2-Kinetic-Xenial/devel/.private/pr2_mechanism_msgs/share/gennodejs/ros/pr2_mechanism_msgs/srv/ReloadControllerLibraries.js, /home/david/PR2-Kinetic-Xenial/devel/share/gennodejs/ros/pr2_mechanism_msgs/srv/ReloadControllerLibraries.js)
Linked: (/home/david/PR2-Kinetic-Xenial/devel/.private/pr2_mechanism_msgs/share/gennodejs/ros/pr2_mechanism_msgs/srv/ListControllers.js, /home/david/PR2-Kinetic-Xenial/devel/share/gennodejs/ros/pr2_mechanism_msgs/srv/ListControllers.js)
Linked: (/home/david/PR2-Kinetic-Xenial/devel/.private/pr2_mechanism_msgs/share/gennodejs/ros/pr2_mechanism_msgs/srv/LoadController.js, /home/david/PR2-Kinetic-Xenial/devel/share/gennodejs/ros/pr2_mechanism_msgs/srv/LoadController.js)
Linked: (/home/david/PR2-Kinetic-Xenial/devel/.private/pr2_mechanism_msgs/share/gennodejs/ros/pr2_mechanism_msgs/srv/ListControllerTypes.js, /home/david/PR2-Kinetic-Xenial/devel/share/gennodejs/ros/pr2_mechanism_msgs/srv/ListControllerTypes.js)
Linked: (/home/david/PR2-Kinetic-Xenial/devel/.private/pr2_mechanism_msgs/share/gennodejs/ros/pr2_mechanism_msgs/srv/SwitchController.js, /home/david/PR2-Kinetic-Xenial/devel/share/gennodejs/ros/pr2_mechanism_msgs/srv/SwitchController.js)
Linked: (/home/david/PR2-Kinetic-Xenial/devel/.private/pr2_mechanism_msgs/share/gennodejs/ros/pr2_mechanism_msgs/srv/UnloadController.js, /home/david/PR2-Kinetic-Xenial/devel/share/gennodejs/ros/pr2_mechanism_msgs/srv/UnloadController.js)
Linked: (/home/david/PR2-Kinetic-Xenial/devel/.private/pr2_mechanism_msgs/share/gennodejs/ros/pr2_mechanism_msgs/srv/_index.js, /home/david/PR2-Kinetic-Xenial/devel/share/gennodejs/ros/pr2_mechanism_msgs/srv/_index.js)
Linked: (/home/david/PR2-Kinetic-Xenial/devel/.private/pr2_mechanism_msgs/share/gennodejs/ros/pr2_mechanism_msgs/msg/SwitchControllerActionGoal.js, /home/david/PR2-Kinetic-Xenial/devel/share/gennodejs/ros/pr2_mechanism_msgs/msg/SwitchControllerActionGoal.js)
Linked: (/home/david/PR2-Kinetic-Xenial/devel/.private/pr2_mechanism_msgs/share/gennodejs/ros/pr2_mechanism_msgs/msg/SwitchControllerAction.js, /home/david/PR2-Kinetic-Xenial/devel/share/gennodejs/ros/pr2_mechanism_msgs/msg/SwitchControllerAction.js)
Linked: (/home/david/PR2-Kinetic-Xenial/devel/.private/pr2_mechanism_msgs/share/gennodejs/ros/pr2_mechanism_msgs/msg/SwitchControllerFeedback.js, /home/david/PR2-Kinetic-Xenial/devel/share/gennodejs/ros/pr2_mechanism_msgs/msg/SwitchControllerFeedback.js)
Linked: (/home/david/PR2-Kinetic-Xenial/devel/.private/pr2_mechanism_msgs/share/gennodejs/ros/pr2_mechanism_msgs/msg/JointStatistics.js, /home/david/PR2-Kinetic-Xenial/devel/share/gennodejs/ros/pr2_mechanism_msgs/msg/JointStatistics.js)
Linked: (/home/david/PR2-Kinetic-Xenial/devel/.private/pr2_mechanism_msgs/share/gennodejs/ros/pr2_mechanism_msgs/msg/SwitchControllerActionFeedback.js, /home/david/PR2-Kinetic-Xenial/devel/share/gennodejs/ros/pr2_mechanism_msgs/msg/SwitchControllerActionFeedback.js)
Linked: (/home/david/PR2-Kinetic-Xenial/devel/.private/pr2_mechanism_msgs/share/gennodejs/ros/pr2_mechanism_msgs/msg/ActuatorStatistics.js, /home/david/PR2-Kinetic-Xenial/devel/share/gennodejs/ros/pr2_mechanism_msgs/msg/ActuatorStatistics.js)
Linked: (/home/david/PR2-Kinetic-Xenial/devel/.private/pr2_mechanism_msgs/share/gennodejs/ros/pr2_mechanism_msgs/msg/SwitchControllerActionResult.js, /home/david/PR2-Kinetic-Xenial/devel/share/gennodejs/ros/pr2_mechanism_msgs/msg/SwitchControllerActionResult.js)
Linked: (/home/david/PR2-Kinetic-Xenial/devel/.private/pr2_mechanism_msgs/share/gennodejs/ros/pr2_mechanism_msgs/msg/SwitchControllerGoal.js, /home/david/PR2-Kinetic-Xenial/devel/share/gennodejs/ros/pr2_mechanism_msgs/msg/SwitchControllerGoal.js)
Linked: (/home/david/PR2-Kinetic-Xenial/devel/.private/pr2_mechanism_msgs/share/gennodejs/ros/pr2_mechanism_msgs/msg/SwitchControllerResult.js, /home/david/PR2-Kinetic-Xenial/devel/share/gennodejs/ros/pr2_mechanism_msgs/msg/SwitchControllerResult.js)
Linked: (/home/david/PR2-Kinetic-Xenial/devel/.private/pr2_mechanism_msgs/share/gennodejs/ros/pr2_mechanism_msgs/msg/MechanismStatistics.js, /home/david/PR2-Kinetic-Xenial/devel/share/gennodejs/ros/pr2_mechanism_msgs/msg/MechanismStatistics.js)
Linked: (/home/david/PR2-Kinetic-Xenial/devel/.private/pr2_mechanism_msgs/share/gennodejs/ros/pr2_mechanism_msgs/msg/ControllerStatistics.js, /home/david/PR2-Kinetic-Xenial/devel/share/gennodejs/ros/pr2_mechanism_msgs/msg/ControllerStatistics.js)
Linked: (/home/david/PR2-Kinetic-Xenial/devel/.private/pr2_mechanism_msgs/share/gennodejs/ros/pr2_mechanism_msgs/msg/_index.js, /home/david/PR2-Kinetic-Xenial/devel/share/gennodejs/ros/pr2_mechanism_msgs/msg/_index.js)
Linked: (/home/david/PR2-Kinetic-Xenial/devel/.private/pr2_mechanism_msgs/lib/pkgconfig/pr2_mechanism_msgs.pc, /home/david/PR2-Kinetic-Xenial/devel/lib/pkgconfig/pr2_mechanism_msgs.pc)
Linked: (/home/david/PR2-Kinetic-Xenial/devel/.private/pr2_mechanism_msgs/lib/python2.7/dist-packages/pr2_mechanism_msgs/__init__.py, /home/david/PR2-Kinetic-Xenial/devel/lib/python2.7/dist-packages/pr2_mechanism_msgs/__init__.py)
Linked: (/home/david/PR2-Kinetic-Xenial/devel/.private/pr2_mechanism_msgs/lib/python2.7/dist-packages/pr2_mechanism_msgs/srv/_ListControllers.py, /home/david/PR2-Kinetic-Xenial/devel/lib/python2.7/dist-packages/pr2_mechanism_msgs/srv/_ListControllers.py)
Linked: (/home/david/PR2-Kinetic-Xenial/devel/.private/pr2_mechanism_msgs/lib/python2.7/dist-packages/pr2_mechanism_msgs/srv/_UnloadController.py, /home/david/PR2-Kinetic-Xenial/devel/lib/python2.7/dist-packages/pr2_mechanism_msgs/srv/_UnloadController.py)
Linked: (/home/david/PR2-Kinetic-Xenial/devel/.private/pr2_mechanism_msgs/lib/python2.7/dist-packages/pr2_mechanism_msgs/srv/_LoadController.py, /home/david/PR2-Kinetic-Xenial/devel/lib/python2.7/dist-packages/pr2_mechanism_msgs/srv/_LoadController.py)
Linked: (/home/david/PR2-Kinetic-Xenial/devel/.private/pr2_mechanism_msgs/lib/python2.7/dist-packages/pr2_mechanism_msgs/srv/_ReloadControllerLibraries.py, /home/david/PR2-Kinetic-Xenial/devel/lib/python2.7/dist-packages/pr2_mechanism_msgs/srv/_ReloadControllerLibraries.py)
Linked: (/home/david/PR2-Kinetic-Xenial/devel/.private/pr2_mechanism_msgs/lib/python2.7/dist-packages/pr2_mechanism_msgs/srv/_SwitchController.py, /home/david/PR2-Kinetic-Xenial/devel/lib/python2.7/dist-packages/pr2_mechanism_msgs/srv/_SwitchController.py)
Linked: (/home/david/PR2-Kinetic-Xenial/devel/.private/pr2_mechanism_msgs/lib/python2.7/dist-packages/pr2_mechanism_msgs/srv/_ListControllerTypes.py, /home/david/PR2-Kinetic-Xenial/devel/lib/python2.7/dist-packages/pr2_mechanism_msgs/srv/_ListControllerTypes.py)
Linked: (/home/david/PR2-Kinetic-Xenial/devel/.private/pr2_mechanism_msgs/lib/python2.7/dist-packages/pr2_mechanism_msgs/srv/__init__.py, /home/david/PR2-Kinetic-Xenial/devel/lib/python2.7/dist-packages/pr2_mechanism_msgs/srv/__init__.py)
Linked: (/home/david/PR2-Kinetic-Xenial/devel/.private/pr2_mechanism_msgs/lib/python2.7/dist-packages/pr2_mechanism_msgs/msg/_SwitchControllerActionFeedback.py, /home/david/PR2-Kinetic-Xenial/devel/lib/python2.7/dist-packages/pr2_mechanism_msgs/msg/_SwitchControllerActionFeedback.py)
Linked: (/home/david/PR2-Kinetic-Xenial/devel/.private/pr2_mechanism_msgs/lib/python2.7/dist-packages/pr2_mechanism_msgs/msg/_SwitchControllerActionGoal.py, /home/david/PR2-Kinetic-Xenial/devel/lib/python2.7/dist-packages/pr2_mechanism_msgs/msg/_SwitchControllerActionGoal.py)
Linked: (/home/david/PR2-Kinetic-Xenial/devel/.private/pr2_mechanism_msgs/lib/python2.7/dist-packages/pr2_mechanism_msgs/msg/_JointStatistics.py, /home/david/PR2-Kinetic-Xenial/devel/lib/python2.7/dist-packages/pr2_mechanism_msgs/msg/_JointStatistics.py)
Linked: (/home/david/PR2-Kinetic-Xenial/devel/.private/pr2_mechanism_msgs/lib/python2.7/dist-packages/pr2_mechanism_msgs/msg/_SwitchControllerFeedback.py, /home/david/PR2-Kinetic-Xenial/devel/lib/python2.7/dist-packages/pr2_mechanism_msgs/msg/_SwitchControllerFeedback.py)
Linked: (/home/david/PR2-Kinetic-Xenial/devel/.private/pr2_mechanism_msgs/lib/python2.7/dist-packages/pr2_mechanism_msgs/msg/_SwitchControllerResult.py, /home/david/PR2-Kinetic-Xenial/devel/lib/python2.7/dist-packages/pr2_mechanism_msgs/msg/_SwitchControllerResult.py)
Linked: (/home/david/PR2-Kinetic-Xenial/devel/.private/pr2_mechanism_msgs/lib/python2.7/dist-packages/pr2_mechanism_msgs/msg/_ControllerStatistics.py, /home/david/PR2-Kinetic-Xenial/devel/lib/python2.7/dist-packages/pr2_mechanism_msgs/msg/_ControllerStatistics.py)
Linked: (/home/david/PR2-Kinetic-Xenial/devel/.private/pr2_mechanism_msgs/lib/python2.7/dist-packages/pr2_mechanism_msgs/msg/_ActuatorStatistics.py, /home/david/PR2-Kinetic-Xenial/devel/lib/python2.7/dist-packages/pr2_mechanism_msgs/msg/_ActuatorStatistics.py)
Linked: (/home/david/PR2-Kinetic-Xenial/devel/.private/pr2_mechanism_msgs/lib/python2.7/dist-packages/pr2_mechanism_msgs/msg/_SwitchControllerActionResult.py, /home/david/PR2-Kinetic-Xenial/devel/lib/python2.7/dist-packages/pr2_mechanism_msgs/msg/_SwitchControllerActionResult.py)
Linked: (/home/david/PR2-Kinetic-Xenial/devel/.private/pr2_mechanism_msgs/lib/python2.7/dist-packages/pr2_mechanism_msgs/msg/_SwitchControllerAction.py, /home/david/PR2-Kinetic-Xenial/devel/lib/python2.7/dist-packages/pr2_mechanism_msgs/msg/_SwitchControllerAction.py)
Linked: (/home/david/PR2-Kinetic-Xenial/devel/.private/pr2_mechanism_msgs/lib/python2.7/dist-packages/pr2_mechanism_msgs/msg/__init__.py, /home/david/PR2-Kinetic-Xenial/devel/lib/python2.7/dist-packages/pr2_mechanism_msgs/msg/__init__.py)
Linked: (/home/david/PR2-Kinetic-Xenial/devel/.private/pr2_mechanism_msgs/lib/python2.7/dist-packages/pr2_mechanism_msgs/msg/_SwitchControllerGoal.py, /home/david/PR2-Kinetic-Xenial/devel/lib/python2.7/dist-packages/pr2_mechanism_msgs/msg/_SwitchControllerGoal.py)
Linked: (/home/david/PR2-Kinetic-Xenial/devel/.private/pr2_mechanism_msgs/lib/python2.7/dist-packages/pr2_mechanism_msgs/msg/_MechanismStatistics.py, /home/david/PR2-Kinetic-Xenial/devel/lib/python2.7/dist-packages/pr2_mechanism_msgs/msg/_MechanismStatistics.py)
