[35m[1mScanning dependencies of target _pr2_mechanism_msgs_generate_messages_check_deps_UnloadController[0m
[  0%] Built target _pr2_mechanism_msgs_generate_messages_check_deps_UnloadController
[35m[1mScanning dependencies of target _pr2_mechanism_msgs_generate_messages_check_deps_LoadController[0m
[  0%] Built target _pr2_mechanism_msgs_generate_messages_check_deps_LoadController
[35m[1mScanning dependencies of target _pr2_mechanism_msgs_generate_messages_check_deps_SwitchControllerActionFeedback[0m
[  0%] Built target _pr2_mechanism_msgs_generate_messages_check_deps_SwitchControllerActionFeedback
[35m[1mScanning dependencies of target _pr2_mechanism_msgs_generate_messages_check_deps_SwitchControllerAction[0m
[  0%] Built target _pr2_mechanism_msgs_generate_messages_check_deps_SwitchControllerAction
[35m[1mScanning dependencies of target _pr2_mechanism_msgs_generate_messages_check_deps_SwitchController[0m
[  0%] Built target _pr2_mechanism_msgs_generate_messages_check_deps_SwitchController
[35m[1mScanning dependencies of target _pr2_mechanism_msgs_generate_messages_check_deps_ReloadControllerLibraries[0m
[  0%] Built target _pr2_mechanism_msgs_generate_messages_check_deps_ReloadControllerLibraries
[35m[1mScanning dependencies of target _pr2_mechanism_msgs_generate_messages_check_deps_SwitchControllerGoal[0m
[  0%] Built target _pr2_mechanism_msgs_generate_messages_check_deps_SwitchControllerGoal
[35m[1mScanning dependencies of target _pr2_mechanism_msgs_generate_messages_check_deps_SwitchControllerActionGoal[0m
[  0%] Built target _pr2_mechanism_msgs_generate_messages_check_deps_SwitchControllerActionGoal
[35m[1mScanning dependencies of target _pr2_mechanism_msgs_generate_messages_check_deps_SwitchControllerActionResult[0m
[  0%] Built target _pr2_mechanism_msgs_generate_messages_check_deps_SwitchControllerActionResult
[35m[1mScanning dependencies of target _pr2_mechanism_msgs_generate_messages_check_deps_MechanismStatistics[0m
[  0%] Built target _pr2_mechanism_msgs_generate_messages_check_deps_MechanismStatistics
[35m[1mScanning dependencies of target _pr2_mechanism_msgs_generate_messages_check_deps_ActuatorStatistics[0m
[  0%] Built target _pr2_mechanism_msgs_generate_messages_check_deps_ActuatorStatistics
[35m[1mScanning dependencies of target actionlib_msgs_generate_messages_py[0m
[  0%] Built target actionlib_msgs_generate_messages_py
[35m[1mScanning dependencies of target _pr2_mechanism_msgs_generate_messages_check_deps_JointStatistics[0m
[  0%] Built target _pr2_mechanism_msgs_generate_messages_check_deps_JointStatistics
[35m[1mScanning dependencies of target std_msgs_generate_messages_py[0m
[  0%] Built target std_msgs_generate_messages_py
[35m[1mScanning dependencies of target _pr2_mechanism_msgs_generate_messages_check_deps_SwitchControllerFeedback[0m
[  0%] Built target _pr2_mechanism_msgs_generate_messages_check_deps_SwitchControllerFeedback
[35m[1mScanning dependencies of target _pr2_mechanism_msgs_generate_messages_check_deps_SwitchControllerResult[0m
[35m[1mScanning dependencies of target _pr2_mechanism_msgs_generate_messages_check_deps_ControllerStatistics[0m
[  0%] Built target _pr2_mechanism_msgs_generate_messages_check_deps_SwitchControllerResult
[  0%] Built target _pr2_mechanism_msgs_generate_messages_check_deps_ControllerStatistics
[35m[1mScanning dependencies of target _pr2_mechanism_msgs_generate_messages_check_deps_ListControllers[0m
[  0%] Built target _pr2_mechanism_msgs_generate_messages_check_deps_ListControllers
[35m[1mScanning dependencies of target actionlib_msgs_generate_messages_nodejs[0m
[35m[1mScanning dependencies of target _pr2_mechanism_msgs_generate_messages_check_deps_ListControllerTypes[0m
[  0%] Built target actionlib_msgs_generate_messages_nodejs
[  0%] Built target _pr2_mechanism_msgs_generate_messages_check_deps_ListControllerTypes
[35m[1mScanning dependencies of target std_msgs_generate_messages_nodejs[0m
[  0%] Built target std_msgs_generate_messages_nodejs
[35m[1mScanning dependencies of target actionlib_msgs_generate_messages_cpp[0m
[35m[1mScanning dependencies of target pr2_mechanism_msgs_generate_messages_java_gradle[0m
[  0%] Built target actionlib_msgs_generate_messages_cpp
[  1%] [34m[1mGenerating Java gradle project from pr2_mechanism_msgs[0m
WARNING: Package name "gazebo_moveIT_objects_synchroniser" does not follow the naming conventions. It should start with a lower case letter and only contain lower case letters, digits, underscores, and dashes.
[35m[1mScanning dependencies of target std_msgs_generate_messages_cpp[0m
[  1%] Built target std_msgs_generate_messages_cpp
[  2%] [34m[1mCompiling Java code for pr2_mechanism_msgs[0m
[0mwarning: [options] bootstrap class path not set in conjunction with -source 1.7
1 warning
[35m[1mScanning dependencies of target std_msgs_generate_messages_eus[0m
[  2%] Built target std_msgs_generate_messages_eus
Uploading: org/ros/rosjava_messages/pr2_mechanism_msgs/1.8.2/pr2_mechanism_msgs-1.8.2.jar to repository remote at file:/home/dtrimoul/PR2-Kinetic-Xenial/devel/.private/pr2_mechanism_msgs/share/maven
Transferring 15K from remote
Uploaded 15K
[0m[  2%] Built target pr2_mechanism_msgs_generate_messages_java_gradle
[35m[1mScanning dependencies of target actionlib_msgs_generate_messages_eus[0m
[  2%] Built target actionlib_msgs_generate_messages_eus
[35m[1mScanning dependencies of target pr2_mechanism_msgs_generate_messages_java[0m
[35m[1mScanning dependencies of target std_msgs_generate_messages_lisp[0m
[  3%] Built target pr2_mechanism_msgs_generate_messages_java
[  3%] Built target std_msgs_generate_messages_lisp
[35m[1mScanning dependencies of target actionlib_msgs_generate_messages_lisp[0m
[  3%] Built target actionlib_msgs_generate_messages_lisp
[35m[1mScanning dependencies of target pr2_mechanism_msgs_generate_messages_py[0m
[  4%] [34m[1mGenerating Python from MSG pr2_mechanism_msgs/JointStatistics[0m
[  5%] [34m[1mGenerating Python from MSG pr2_mechanism_msgs/SwitchControllerResult[0m
[35m[1mScanning dependencies of target pr2_mechanism_msgs_generate_messages_nodejs[0m
[  7%] [34m[1mGenerating Python from MSG pr2_mechanism_msgs/ActuatorStatistics[0m
[  7%] [34m[1mGenerating Javascript code from pr2_mechanism_msgs/JointStatistics.msg[0m
[  8%] [34m[1mGenerating Javascript code from pr2_mechanism_msgs/SwitchControllerResult.msg[0m
[ 10%] [34m[1mGenerating Python from MSG pr2_mechanism_msgs/SwitchControllerFeedback[0m
[ 11%] [34m[1mGenerating Javascript code from pr2_mechanism_msgs/ActuatorStatistics.msg[0m
[ 12%] [34m[1mGenerating Javascript code from pr2_mechanism_msgs/SwitchControllerFeedback.msg[0m
[ 13%] [34m[1mGenerating Python from MSG pr2_mechanism_msgs/MechanismStatistics[0m
[ 14%] [34m[1mGenerating Javascript code from pr2_mechanism_msgs/MechanismStatistics.msg[0m
[ 15%] [34m[1mGenerating Javascript code from pr2_mechanism_msgs/SwitchControllerAction.msg[0m
[ 16%] [34m[1mGenerating Python from MSG pr2_mechanism_msgs/SwitchControllerAction[0m
[ 17%] [34m[1mGenerating Javascript code from pr2_mechanism_msgs/SwitchControllerActionFeedback.msg[0m
[ 18%] [34m[1mGenerating Python from MSG pr2_mechanism_msgs/SwitchControllerActionFeedback[0m
[ 20%] [34m[1mGenerating Python from MSG pr2_mechanism_msgs/SwitchControllerGoal[0m
[ 21%] [34m[1mGenerating Javascript code from pr2_mechanism_msgs/SwitchControllerGoal.msg[0m
[ 23%] [34m[1mGenerating Python from MSG pr2_mechanism_msgs/ControllerStatistics[0m
[ 23%] [34m[1mGenerating Javascript code from pr2_mechanism_msgs/ControllerStatistics.msg[0m
[ 24%] [34m[1mGenerating Javascript code from pr2_mechanism_msgs/SwitchControllerActionGoal.msg[0m
[ 25%] [34m[1mGenerating Javascript code from pr2_mechanism_msgs/SwitchControllerActionResult.msg[0m
[ 26%] [34m[1mGenerating Python from MSG pr2_mechanism_msgs/SwitchControllerActionGoal[0m
[ 27%] [34m[1mGenerating Javascript code from pr2_mechanism_msgs/UnloadController.srv[0m
[ 28%] [34m[1mGenerating Python from MSG pr2_mechanism_msgs/SwitchControllerActionResult[0m
[ 30%] [34m[1mGenerating Python code from SRV pr2_mechanism_msgs/UnloadController[0m
[ 31%] [34m[1mGenerating Javascript code from pr2_mechanism_msgs/ReloadControllerLibraries.srv[0m
[ 32%] [34m[1mGenerating Javascript code from pr2_mechanism_msgs/ListControllerTypes.srv[0m
[ 33%] [34m[1mGenerating Python code from SRV pr2_mechanism_msgs/ReloadControllerLibraries[0m
[ 34%] [34m[1mGenerating Javascript code from pr2_mechanism_msgs/ListControllers.srv[0m
[ 35%] [34m[1mGenerating Javascript code from pr2_mechanism_msgs/SwitchController.srv[0m
[ 36%] [34m[1mGenerating Javascript code from pr2_mechanism_msgs/LoadController.srv[0m
[ 37%] [34m[1mGenerating Python code from SRV pr2_mechanism_msgs/ListControllerTypes[0m
[ 37%] Built target pr2_mechanism_msgs_generate_messages_nodejs
[ 38%] [34m[1mGenerating Python code from SRV pr2_mechanism_msgs/ListControllers[0m
[35m[1mScanning dependencies of target pr2_mechanism_msgs_generate_messages_cpp[0m
[ 40%] [34m[1mGenerating C++ code from pr2_mechanism_msgs/JointStatistics.msg[0m
[ 41%] [34m[1mGenerating Python code from SRV pr2_mechanism_msgs/SwitchController[0m
[ 42%] [34m[1mGenerating C++ code from pr2_mechanism_msgs/SwitchControllerResult.msg[0m
[ 43%] [34m[1mGenerating Python code from SRV pr2_mechanism_msgs/LoadController[0m
[ 44%] [34m[1mGenerating C++ code from pr2_mechanism_msgs/ActuatorStatistics.msg[0m
[ 45%] [34m[1mGenerating Python msg __init__.py for pr2_mechanism_msgs[0m
[ 47%] [34m[1mGenerating C++ code from pr2_mechanism_msgs/SwitchControllerFeedback.msg[0m
[ 47%] [34m[1mGenerating C++ code from pr2_mechanism_msgs/MechanismStatistics.msg[0m
[ 48%] [34m[1mGenerating Python srv __init__.py for pr2_mechanism_msgs[0m
[ 50%] [34m[1mGenerating C++ code from pr2_mechanism_msgs/SwitchControllerAction.msg[0m
[ 51%] [34m[1mGenerating C++ code from pr2_mechanism_msgs/SwitchControllerActionFeedback.msg[0m
[ 51%] Built target pr2_mechanism_msgs_generate_messages_py
[ 52%] [34m[1mGenerating C++ code from pr2_mechanism_msgs/SwitchControllerGoal.msg[0m
[35m[1mScanning dependencies of target pr2_mechanism_msgs_generate_messages_eus[0m
[35m[1mScanning dependencies of target pr2_mechanism_msgs_generate_messages_lisp[0m
[ 53%] [34m[1mGenerating EusLisp code from pr2_mechanism_msgs/JointStatistics.msg[0m
[ 54%] [34m[1mGenerating Lisp code from pr2_mechanism_msgs/JointStatistics.msg[0m
[ 55%] [34m[1mGenerating Lisp code from pr2_mechanism_msgs/SwitchControllerResult.msg[0m
[ 56%] [34m[1mGenerating EusLisp code from pr2_mechanism_msgs/SwitchControllerResult.msg[0m
[ 58%] [34m[1mGenerating C++ code from pr2_mechanism_msgs/ControllerStatistics.msg[0m
[ 58%] [34m[1mGenerating C++ code from pr2_mechanism_msgs/SwitchControllerActionGoal.msg[0m
[ 60%] [34m[1mGenerating C++ code from pr2_mechanism_msgs/SwitchControllerActionResult.msg[0m
[ 61%] [34m[1mGenerating EusLisp code from pr2_mechanism_msgs/ActuatorStatistics.msg[0m
[ 61%] [34m[1mGenerating Lisp code from pr2_mechanism_msgs/ActuatorStatistics.msg[0m
[ 62%] [34m[1mGenerating Lisp code from pr2_mechanism_msgs/SwitchControllerFeedback.msg[0m
[ 63%] [34m[1mGenerating EusLisp code from pr2_mechanism_msgs/SwitchControllerFeedback.msg[0m
[ 64%] [34m[1mGenerating Lisp code from pr2_mechanism_msgs/MechanismStatistics.msg[0m
[ 65%] [34m[1mGenerating C++ code from pr2_mechanism_msgs/UnloadController.srv[0m
[ 66%] [34m[1mGenerating EusLisp code from pr2_mechanism_msgs/MechanismStatistics.msg[0m
[ 67%] [34m[1mGenerating Lisp code from pr2_mechanism_msgs/SwitchControllerAction.msg[0m
[ 68%] [34m[1mGenerating EusLisp code from pr2_mechanism_msgs/SwitchControllerAction.msg[0m
[ 70%] [34m[1mGenerating Lisp code from pr2_mechanism_msgs/SwitchControllerActionFeedback.msg[0m
[ 71%] [34m[1mGenerating EusLisp code from pr2_mechanism_msgs/SwitchControllerActionFeedback.msg[0m
[ 72%] [34m[1mGenerating Lisp code from pr2_mechanism_msgs/SwitchControllerGoal.msg[0m
[ 73%] [34m[1mGenerating EusLisp code from pr2_mechanism_msgs/SwitchControllerGoal.msg[0m
[ 74%] [34m[1mGenerating C++ code from pr2_mechanism_msgs/ReloadControllerLibraries.srv[0m
[ 75%] [34m[1mGenerating Lisp code from pr2_mechanism_msgs/ControllerStatistics.msg[0m
[ 76%] [34m[1mGenerating EusLisp code from pr2_mechanism_msgs/ControllerStatistics.msg[0m
[ 77%] [34m[1mGenerating Lisp code from pr2_mechanism_msgs/SwitchControllerActionGoal.msg[0m
[ 78%] [34m[1mGenerating EusLisp code from pr2_mechanism_msgs/SwitchControllerActionGoal.msg[0m
[ 80%] [34m[1mGenerating Lisp code from pr2_mechanism_msgs/SwitchControllerActionResult.msg[0m
[ 81%] [34m[1mGenerating EusLisp code from pr2_mechanism_msgs/SwitchControllerActionResult.msg[0m
[ 82%] [34m[1mGenerating Lisp code from pr2_mechanism_msgs/UnloadController.srv[0m
[ 83%] [34m[1mGenerating C++ code from pr2_mechanism_msgs/ListControllerTypes.srv[0m
[ 84%] [34m[1mGenerating EusLisp code from pr2_mechanism_msgs/UnloadController.srv[0m
[ 85%] [34m[1mGenerating Lisp code from pr2_mechanism_msgs/ReloadControllerLibraries.srv[0m
[ 86%] [34m[1mGenerating Lisp code from pr2_mechanism_msgs/ListControllerTypes.srv[0m
[ 87%] [34m[1mGenerating EusLisp code from pr2_mechanism_msgs/ReloadControllerLibraries.srv[0m
[ 88%] [34m[1mGenerating Lisp code from pr2_mechanism_msgs/ListControllers.srv[0m
[ 90%] [34m[1mGenerating EusLisp code from pr2_mechanism_msgs/ListControllerTypes.srv[0m
[ 91%] [34m[1mGenerating Lisp code from pr2_mechanism_msgs/SwitchController.srv[0m
[ 92%] [34m[1mGenerating C++ code from pr2_mechanism_msgs/ListControllers.srv[0m
[ 93%] [34m[1mGenerating EusLisp code from pr2_mechanism_msgs/ListControllers.srv[0m
[ 94%] [34m[1mGenerating Lisp code from pr2_mechanism_msgs/LoadController.srv[0m
[ 95%] [34m[1mGenerating EusLisp code from pr2_mechanism_msgs/SwitchController.srv[0m
[ 96%] [34m[1mGenerating EusLisp code from pr2_mechanism_msgs/LoadController.srv[0m
[ 96%] Built target pr2_mechanism_msgs_generate_messages_lisp
[ 97%] [34m[1mGenerating EusLisp manifest code for pr2_mechanism_msgs[0m
[ 98%] [34m[1mGenerating C++ code from pr2_mechanism_msgs/SwitchController.srv[0m
[100%] [34m[1mGenerating C++ code from pr2_mechanism_msgs/LoadController.srv[0m
[100%] Built target pr2_mechanism_msgs_generate_messages_cpp
WARNING: Package name "gazebo_moveIT_objects_synchroniser" does not follow the naming conventions. It should start with a lower case letter and only contain lower case letters, digits, underscores, and dashes.
WARNING: Package name "gazebo_moveIT_objects_synchroniser" does not follow the naming conventions. It should start with a lower case letter and only contain lower case letters, digits, underscores, and dashes.
[100%] Built target pr2_mechanism_msgs_generate_messages_eus
[35m[1mScanning dependencies of target pr2_mechanism_msgs_generate_messages[0m
[100%] Built target pr2_mechanism_msgs_generate_messages
