[  0%] Built target _pr2_power_board_generate_messages_check_deps_PowerBoardCommand
[  0%] Built target _pr2_power_board_generate_messages_check_deps_PowerBoardCommand2
[  0%] Built target roscpp_generate_messages_lisp
[  0%] Built target std_msgs_generate_messages_eus
[  0%] Built target pr2_msgs_generate_messages_py
[  0%] Built target std_msgs_generate_messages_py
[  0%] Built target rosgraph_msgs_generate_messages_lisp
[  0%] Built target roscpp_generate_messages_nodejs
[  0%] Built target rosgraph_msgs_generate_messages_nodejs
[  0%] Built target diagnostic_msgs_generate_messages_eus
[  0%] Built target rosgraph_msgs_generate_messages_cpp
[ 10%] Built target pr2_power_board_generate_messages_nodejs
[ 10%] Built target std_msgs_generate_messages_cpp
[ 21%] Built target pr2_power_board_generate_messages_lisp
[ 21%] Built target std_msgs_generate_messages_lisp
[ 21%] Built target geometry_msgs_generate_messages_lisp
[ 21%] Built target geometry_msgs_generate_messages_eus
[ 21%] Built target roscpp_generate_messages_cpp
[ 21%] Built target geometry_msgs_generate_messages_nodejs
[ 21%] Built target rosgraph_msgs_generate_messages_eus
[ 21%] Built target diagnostic_msgs_generate_messages_java
[ 21%] Built target diagnostic_msgs_generate_messages_nodejs
[ 21%] Built target rosgraph_msgs_generate_messages_py
[ 21%] Built target diagnostic_msgs_generate_messages_py
[ 21%] Built target pr2_msgs_generate_messages_cpp
[ 31%] Built target pr2_power_board_generate_messages_cpp
[ 31%] Built target roscpp_generate_messages_eus
[ 31%] Built target diagnostic_msgs_generate_messages_lisp
[ 31%] Built target pr2_msgs_generate_messages_eus
[ 31%] Built target roscpp_generate_messages_py
[ 31%] Built target pr2_msgs_generate_messages_java
[ 31%] Built target pr2_msgs_generate_messages_lisp
[ 31%] Built target diagnostic_msgs_generate_messages_cpp
[ 31%] Built target pr2_msgs_generate_messages_nodejs
[ 31%] Built target geometry_msgs_generate_messages_cpp
[ 31%] Built target geometry_msgs_generate_messages_java
[ 31%] Built target std_msgs_generate_messages_nodejs
[ 31%] Built target geometry_msgs_generate_messages_py
[ 36%] [34m[1mCompiling Java code for pr2_power_board[0m
[ 57%] Built target pr2_power_board_generate_messages_eus
[ 68%] Built target pr2_power_board_generate_messages_py
[ 73%] Built target pr2_power_board_generate_messages_java
[ 89%] Built target power_node2
[ 94%] Built target power_node
[100%] Built target pr2_power_board_generate_messages_java_gradle
[100%] Built target pr2_power_board_generate_messages
