[  0%] Built target std_msgs_generate_messages_eus
[  0%] Built target std_msgs_generate_messages_py
[  0%] Built target roscpp_generate_messages_lisp
[  0%] Built target roscpp_generate_messages_nodejs
[  0%] Built target rosgraph_msgs_generate_messages_lisp
[  0%] Built target pr2_msgs_generate_messages_py
[  0%] Built target _pr2_power_board_generate_messages_check_deps_PowerBoardCommand
[  0%] Built target diagnostic_msgs_generate_messages_eus
[  0%] Built target rosgraph_msgs_generate_messages_nodejs
[  0%] Built target _pr2_power_board_generate_messages_check_deps_PowerBoardCommand2
[  0%] Built target std_msgs_generate_messages_cpp
[  0%] Built target std_msgs_generate_messages_lisp
[  0%] Built target rosgraph_msgs_generate_messages_cpp
[  0%] Built target geometry_msgs_generate_messages_nodejs
[  0%] Built target geometry_msgs_generate_messages_eus
[  0%] Built target geometry_msgs_generate_messages_lisp
[  0%] Built target roscpp_generate_messages_cpp
[  0%] Built target rosgraph_msgs_generate_messages_py
[  0%] Built target rosgraph_msgs_generate_messages_eus
[  0%] Built target diagnostic_msgs_generate_messages_java
[  0%] Built target diagnostic_msgs_generate_messages_nodejs
[  0%] Built target pr2_msgs_generate_messages_cpp
[  0%] Built target diagnostic_msgs_generate_messages_py
[ 10%] Built target pr2_power_board_generate_messages_cpp
[ 10%] Built target pr2_msgs_generate_messages_eus
[ 10%] Built target diagnostic_msgs_generate_messages_lisp
[ 10%] Built target pr2_msgs_generate_messages_java
[ 10%] Built target roscpp_generate_messages_eus
[ 10%] Built target pr2_msgs_generate_messages_lisp
[ 10%] Built target pr2_msgs_generate_messages_nodejs
[ 10%] Built target diagnostic_msgs_generate_messages_cpp
[ 10%] Built target geometry_msgs_generate_messages_cpp
[ 10%] Built target geometry_msgs_generate_messages_py
[ 10%] Built target geometry_msgs_generate_messages_java
[ 10%] Built target roscpp_generate_messages_py
[ 10%] Built target std_msgs_generate_messages_nodejs
[ 15%] [34m[1mCompiling Java code for pr2_power_board[0m
[ 36%] Built target pr2_power_board_generate_messages_lisp
[ 47%] Built target pr2_power_board_generate_messages_py
[ 63%] Built target pr2_power_board_generate_messages_java
[ 63%] Built target pr2_power_board_generate_messages_eus
[ 73%] Built target pr2_power_board_generate_messages_nodejs
[ 84%] Built target power_node2
[ 94%] Built target power_node
[100%] Built target pr2_power_board_generate_messages_java_gradle
[100%] Built target pr2_power_board_generate_messages
