Linked: (/home/dtrimoul/PR2-Kinetic-Xenial/devel/.private/pr2_power_board/lib/python2.7/dist-packages/pr2_power_board/__init__.py, /home/dtrimoul/PR2-Kinetic-Xenial/devel/lib/python2.7/dist-packages/pr2_power_board/__init__.py)
Linked: (/home/dtrimoul/PR2-Kinetic-Xenial/devel/.private/pr2_power_board/lib/python2.7/dist-packages/pr2_power_board/srv/_PowerBoardCommand2.py, /home/dtrimoul/PR2-Kinetic-Xenial/devel/lib/python2.7/dist-packages/pr2_power_board/srv/_PowerBoardCommand2.py)
Linked: (/home/dtrimoul/PR2-Kinetic-Xenial/devel/.private/pr2_power_board/lib/python2.7/dist-packages/pr2_power_board/srv/_PowerBoardCommand.py, /home/dtrimoul/PR2-Kinetic-Xenial/devel/lib/python2.7/dist-packages/pr2_power_board/srv/_PowerBoardCommand.py)
Linked: (/home/dtrimoul/PR2-Kinetic-Xenial/devel/.private/pr2_power_board/lib/python2.7/dist-packages/pr2_power_board/srv/__init__.py, /home/dtrimoul/PR2-Kinetic-Xenial/devel/lib/python2.7/dist-packages/pr2_power_board/srv/__init__.py)
Linked: (/home/dtrimoul/PR2-Kinetic-Xenial/devel/.private/pr2_power_board/lib/pkgconfig/pr2_power_board.pc, /home/dtrimoul/PR2-Kinetic-Xenial/devel/lib/pkgconfig/pr2_power_board.pc)
Linked: (/home/dtrimoul/PR2-Kinetic-Xenial/devel/.private/pr2_power_board/lib/pr2_power_board/power_node, /home/dtrimoul/PR2-Kinetic-Xenial/devel/lib/pr2_power_board/power_node)
Linked: (/home/dtrimoul/PR2-Kinetic-Xenial/devel/.private/pr2_power_board/lib/pr2_power_board/power_node2, /home/dtrimoul/PR2-Kinetic-Xenial/devel/lib/pr2_power_board/power_node2)
Linked: (/home/dtrimoul/PR2-Kinetic-Xenial/devel/.private/pr2_power_board/share/pr2_power_board/cmake/pr2_power_board-msg-paths.cmake, /home/dtrimoul/PR2-Kinetic-Xenial/devel/share/pr2_power_board/cmake/pr2_power_board-msg-paths.cmake)
Linked: (/home/dtrimoul/PR2-Kinetic-Xenial/devel/.private/pr2_power_board/share/pr2_power_board/cmake/pr2_power_board-msg-extras.cmake, /home/dtrimoul/PR2-Kinetic-Xenial/devel/share/pr2_power_board/cmake/pr2_power_board-msg-extras.cmake)
Linked: (/home/dtrimoul/PR2-Kinetic-Xenial/devel/.private/pr2_power_board/share/pr2_power_board/cmake/pr2_power_boardConfig.cmake, /home/dtrimoul/PR2-Kinetic-Xenial/devel/share/pr2_power_board/cmake/pr2_power_boardConfig.cmake)
Linked: (/home/dtrimoul/PR2-Kinetic-Xenial/devel/.private/pr2_power_board/share/pr2_power_board/cmake/pr2_power_boardConfig-version.cmake, /home/dtrimoul/PR2-Kinetic-Xenial/devel/share/pr2_power_board/cmake/pr2_power_boardConfig-version.cmake)
Linked: (/home/dtrimoul/PR2-Kinetic-Xenial/devel/.private/pr2_power_board/share/roseus/ros/pr2_power_board/manifest.l, /home/dtrimoul/PR2-Kinetic-Xenial/devel/share/roseus/ros/pr2_power_board/manifest.l)
Linked: (/home/dtrimoul/PR2-Kinetic-Xenial/devel/.private/pr2_power_board/share/roseus/ros/pr2_power_board/srv/PowerBoardCommand2.l, /home/dtrimoul/PR2-Kinetic-Xenial/devel/share/roseus/ros/pr2_power_board/srv/PowerBoardCommand2.l)
Linked: (/home/dtrimoul/PR2-Kinetic-Xenial/devel/.private/pr2_power_board/share/roseus/ros/pr2_power_board/srv/PowerBoardCommand.l, /home/dtrimoul/PR2-Kinetic-Xenial/devel/share/roseus/ros/pr2_power_board/srv/PowerBoardCommand.l)
Linked: (/home/dtrimoul/PR2-Kinetic-Xenial/devel/.private/pr2_power_board/share/common-lisp/ros/pr2_power_board/srv/PowerBoardCommand2.lisp, /home/dtrimoul/PR2-Kinetic-Xenial/devel/share/common-lisp/ros/pr2_power_board/srv/PowerBoardCommand2.lisp)
Linked: (/home/dtrimoul/PR2-Kinetic-Xenial/devel/.private/pr2_power_board/share/common-lisp/ros/pr2_power_board/srv/_package_PowerBoardCommand2.lisp, /home/dtrimoul/PR2-Kinetic-Xenial/devel/share/common-lisp/ros/pr2_power_board/srv/_package_PowerBoardCommand2.lisp)
Linked: (/home/dtrimoul/PR2-Kinetic-Xenial/devel/.private/pr2_power_board/share/common-lisp/ros/pr2_power_board/srv/_package.lisp, /home/dtrimoul/PR2-Kinetic-Xenial/devel/share/common-lisp/ros/pr2_power_board/srv/_package.lisp)
Linked: (/home/dtrimoul/PR2-Kinetic-Xenial/devel/.private/pr2_power_board/share/common-lisp/ros/pr2_power_board/srv/pr2_power_board-srv.asd, /home/dtrimoul/PR2-Kinetic-Xenial/devel/share/common-lisp/ros/pr2_power_board/srv/pr2_power_board-srv.asd)
Linked: (/home/dtrimoul/PR2-Kinetic-Xenial/devel/.private/pr2_power_board/share/common-lisp/ros/pr2_power_board/srv/PowerBoardCommand.lisp, /home/dtrimoul/PR2-Kinetic-Xenial/devel/share/common-lisp/ros/pr2_power_board/srv/PowerBoardCommand.lisp)
Linked: (/home/dtrimoul/PR2-Kinetic-Xenial/devel/.private/pr2_power_board/share/common-lisp/ros/pr2_power_board/srv/_package_PowerBoardCommand.lisp, /home/dtrimoul/PR2-Kinetic-Xenial/devel/share/common-lisp/ros/pr2_power_board/srv/_package_PowerBoardCommand.lisp)
Linked: (/home/dtrimoul/PR2-Kinetic-Xenial/devel/.private/pr2_power_board/share/gennodejs/ros/pr2_power_board/_index.js, /home/dtrimoul/PR2-Kinetic-Xenial/devel/share/gennodejs/ros/pr2_power_board/_index.js)
Linked: (/home/dtrimoul/PR2-Kinetic-Xenial/devel/.private/pr2_power_board/share/gennodejs/ros/pr2_power_board/srv/PowerBoardCommand2.js, /home/dtrimoul/PR2-Kinetic-Xenial/devel/share/gennodejs/ros/pr2_power_board/srv/PowerBoardCommand2.js)
Linked: (/home/dtrimoul/PR2-Kinetic-Xenial/devel/.private/pr2_power_board/share/gennodejs/ros/pr2_power_board/srv/_index.js, /home/dtrimoul/PR2-Kinetic-Xenial/devel/share/gennodejs/ros/pr2_power_board/srv/_index.js)
Linked: (/home/dtrimoul/PR2-Kinetic-Xenial/devel/.private/pr2_power_board/share/gennodejs/ros/pr2_power_board/srv/PowerBoardCommand.js, /home/dtrimoul/PR2-Kinetic-Xenial/devel/share/gennodejs/ros/pr2_power_board/srv/PowerBoardCommand.js)
Linked: (/home/dtrimoul/PR2-Kinetic-Xenial/devel/.private/pr2_power_board/share/maven/org/ros/rosjava_messages/pr2_power_board/maven-metadata.xml, /home/dtrimoul/PR2-Kinetic-Xenial/devel/share/maven/org/ros/rosjava_messages/pr2_power_board/maven-metadata.xml)
Linked: (/home/dtrimoul/PR2-Kinetic-Xenial/devel/.private/pr2_power_board/share/maven/org/ros/rosjava_messages/pr2_power_board/maven-metadata.xml.sha1, /home/dtrimoul/PR2-Kinetic-Xenial/devel/share/maven/org/ros/rosjava_messages/pr2_power_board/maven-metadata.xml.sha1)
Linked: (/home/dtrimoul/PR2-Kinetic-Xenial/devel/.private/pr2_power_board/share/maven/org/ros/rosjava_messages/pr2_power_board/maven-metadata.xml.md5, /home/dtrimoul/PR2-Kinetic-Xenial/devel/share/maven/org/ros/rosjava_messages/pr2_power_board/maven-metadata.xml.md5)
Linked: (/home/dtrimoul/PR2-Kinetic-Xenial/devel/.private/pr2_power_board/share/maven/org/ros/rosjava_messages/pr2_power_board/1.1.2/pr2_power_board-1.1.2.jar, /home/dtrimoul/PR2-Kinetic-Xenial/devel/share/maven/org/ros/rosjava_messages/pr2_power_board/1.1.2/pr2_power_board-1.1.2.jar)
Linked: (/home/dtrimoul/PR2-Kinetic-Xenial/devel/.private/pr2_power_board/share/maven/org/ros/rosjava_messages/pr2_power_board/1.1.2/pr2_power_board-1.1.2.jar.sha1, /home/dtrimoul/PR2-Kinetic-Xenial/devel/share/maven/org/ros/rosjava_messages/pr2_power_board/1.1.2/pr2_power_board-1.1.2.jar.sha1)
Linked: (/home/dtrimoul/PR2-Kinetic-Xenial/devel/.private/pr2_power_board/share/maven/org/ros/rosjava_messages/pr2_power_board/1.1.2/pr2_power_board-1.1.2.jar.md5, /home/dtrimoul/PR2-Kinetic-Xenial/devel/share/maven/org/ros/rosjava_messages/pr2_power_board/1.1.2/pr2_power_board-1.1.2.jar.md5)
Linked: (/home/dtrimoul/PR2-Kinetic-Xenial/devel/.private/pr2_power_board/share/maven/org/ros/rosjava_messages/pr2_power_board/1.1.2/pr2_power_board-1.1.2.pom, /home/dtrimoul/PR2-Kinetic-Xenial/devel/share/maven/org/ros/rosjava_messages/pr2_power_board/1.1.2/pr2_power_board-1.1.2.pom)
Linked: (/home/dtrimoul/PR2-Kinetic-Xenial/devel/.private/pr2_power_board/share/maven/org/ros/rosjava_messages/pr2_power_board/1.1.2/pr2_power_board-1.1.2.pom.sha1, /home/dtrimoul/PR2-Kinetic-Xenial/devel/share/maven/org/ros/rosjava_messages/pr2_power_board/1.1.2/pr2_power_board-1.1.2.pom.sha1)
Linked: (/home/dtrimoul/PR2-Kinetic-Xenial/devel/.private/pr2_power_board/share/maven/org/ros/rosjava_messages/pr2_power_board/1.1.2/pr2_power_board-1.1.2.pom.md5, /home/dtrimoul/PR2-Kinetic-Xenial/devel/share/maven/org/ros/rosjava_messages/pr2_power_board/1.1.2/pr2_power_board-1.1.2.pom.md5)
Linked: (/home/dtrimoul/PR2-Kinetic-Xenial/devel/.private/pr2_power_board/include/pr2_power_board/PowerBoardCommand2.h, /home/dtrimoul/PR2-Kinetic-Xenial/devel/include/pr2_power_board/PowerBoardCommand2.h)
Linked: (/home/dtrimoul/PR2-Kinetic-Xenial/devel/.private/pr2_power_board/include/pr2_power_board/PowerBoardCommand2Request.h, /home/dtrimoul/PR2-Kinetic-Xenial/devel/include/pr2_power_board/PowerBoardCommand2Request.h)
Linked: (/home/dtrimoul/PR2-Kinetic-Xenial/devel/.private/pr2_power_board/include/pr2_power_board/PowerBoardCommand2Response.h, /home/dtrimoul/PR2-Kinetic-Xenial/devel/include/pr2_power_board/PowerBoardCommand2Response.h)
Linked: (/home/dtrimoul/PR2-Kinetic-Xenial/devel/.private/pr2_power_board/include/pr2_power_board/PowerBoardCommand.h, /home/dtrimoul/PR2-Kinetic-Xenial/devel/include/pr2_power_board/PowerBoardCommand.h)
Linked: (/home/dtrimoul/PR2-Kinetic-Xenial/devel/.private/pr2_power_board/include/pr2_power_board/PowerBoardCommandRequest.h, /home/dtrimoul/PR2-Kinetic-Xenial/devel/include/pr2_power_board/PowerBoardCommandRequest.h)
Linked: (/home/dtrimoul/PR2-Kinetic-Xenial/devel/.private/pr2_power_board/include/pr2_power_board/PowerBoardCommandResponse.h, /home/dtrimoul/PR2-Kinetic-Xenial/devel/include/pr2_power_board/PowerBoardCommandResponse.h)
