[  0%] Built target _pr2_power_board_generate_messages_check_deps_PowerBoardCommand2
[  0%] Built target std_msgs_generate_messages_eus
[  0%] Built target _pr2_power_board_generate_messages_check_deps_PowerBoardCommand
[  0%] Built target roscpp_generate_messages_lisp
[  0%] Built target pr2_msgs_generate_messages_py
[  0%] Built target std_msgs_generate_messages_py
[  0%] Built target roscpp_generate_messages_nodejs
[  0%] Built target rosgraph_msgs_generate_messages_lisp
[  0%] Built target rosgraph_msgs_generate_messages_nodejs
[  0%] Built target diagnostic_msgs_generate_messages_eus
[  0%] Built target rosgraph_msgs_generate_messages_cpp
[  0%] Built target std_msgs_generate_messages_lisp
[  0%] Built target geometry_msgs_generate_messages_eus
[  0%] Built target geometry_msgs_generate_messages_lisp
[  0%] Built target geometry_msgs_generate_messages_nodejs
[  0%] Built target rosgraph_msgs_generate_messages_eus
[  0%] Built target roscpp_generate_messages_py
[  0%] Built target diagnostic_msgs_generate_messages_nodejs
[  0%] Built target roscpp_generate_messages_cpp
[  0%] Built target rosgraph_msgs_generate_messages_py
[  0%] Built target diagnostic_msgs_generate_messages_py
[  0%] Built target pr2_msgs_generate_messages_cpp
[ 12%] Built target pr2_power_board_generate_messages_cpp
[ 12%] Built target roscpp_generate_messages_eus
[ 12%] Built target diagnostic_msgs_generate_messages_lisp
[ 12%] Built target pr2_msgs_generate_messages_eus
[ 12%] Built target pr2_msgs_generate_messages_lisp
[ 12%] Built target diagnostic_msgs_generate_messages_cpp
[ 12%] Built target pr2_msgs_generate_messages_nodejs
[ 12%] Built target geometry_msgs_generate_messages_cpp
[ 12%] Built target std_msgs_generate_messages_nodejs
[ 18%] Built target geometry_msgs_generate_messages_py
[ 31%] Built target pr2_power_board_generate_messages_eus
[ 31%] Built target std_msgs_generate_messages_cpp
[ 43%] Built target pr2_power_board_generate_messages_lisp
[ 56%] Built target pr2_power_board_generate_messages_nodejs
[ 75%] Built target pr2_power_board_generate_messages_py
[ 75%] Built target pr2_power_board_generate_messages
[ 87%] Built target power_node2
[100%] Built target power_node
