[  0%] Built target _pr2_power_board_generate_messages_check_deps_PowerBoardCommand
[  0%] Built target _pr2_power_board_generate_messages_check_deps_PowerBoardCommand2
[  0%] Built target std_msgs_generate_messages_eus
[  0%] Built target roscpp_generate_messages_lisp
[  0%] Built target pr2_msgs_generate_messages_py
[  0%] Built target std_msgs_generate_messages_py
[  0%] Built target rosgraph_msgs_generate_messages_lisp
[  0%] Built target roscpp_generate_messages_nodejs
[  0%] Built target rosgraph_msgs_generate_messages_nodejs
[  5%] Built target pr2_power_board_generate_messages_java
[  5%] Built target diagnostic_msgs_generate_messages_eus
[  5%] Built target rosgraph_msgs_generate_messages_cpp
[  5%] Built target std_msgs_generate_messages_lisp
[  5%] Built target roscpp_generate_messages_cpp
[  5%] Built target geometry_msgs_generate_messages_eus
[  5%] Built target geometry_msgs_generate_messages_nodejs
[  5%] Built target rosgraph_msgs_generate_messages_eus
[  5%] Built target roscpp_generate_messages_py
[  5%] Built target diagnostic_msgs_generate_messages_nodejs
[  5%] Built target rosgraph_msgs_generate_messages_py
[  5%] Built target diagnostic_msgs_generate_messages_py
[  5%] Built target pr2_msgs_generate_messages_cpp
[ 15%] Built target pr2_power_board_generate_messages_cpp
[ 15%] Built target roscpp_generate_messages_eus
[ 15%] Built target diagnostic_msgs_generate_messages_lisp
[ 15%] Built target pr2_msgs_generate_messages_eus
[ 15%] Built target pr2_msgs_generate_messages_lisp
[ 15%] Built target diagnostic_msgs_generate_messages_cpp
[ 15%] Built target pr2_msgs_generate_messages_nodejs
[ 15%] Built target geometry_msgs_generate_messages_cpp
[ 15%] Built target std_msgs_generate_messages_nodejs
[ 15%] Built target geometry_msgs_generate_messages_py
[ 15%] Built target geometry_msgs_generate_messages_lisp
[ 15%] Built target std_msgs_generate_messages_cpp
[ 36%] Built target pr2_power_board_generate_messages_eus
[ 42%] Built target pr2_power_board_generate_messages_nodejs
[ 47%] [34m[1mCompiling Java code for pr2_power_board[0m
[ 57%] Built target pr2_power_board_generate_messages_lisp
[ 73%] Built target pr2_power_board_generate_messages_py
[ 84%] Built target power_node2
[ 94%] Built target power_node
[100%] Built target pr2_power_board_generate_messages_java_gradle
[100%] Built target pr2_power_board_generate_messages
