Symlinking /home/dtrimoul/PR2-Kinetic-Xenial/devel/lib/python2.7/dist-packages/pr2_power_board/__init__.py
Symlinking /home/dtrimoul/PR2-Kinetic-Xenial/devel/lib/python2.7/dist-packages/pr2_power_board/srv/_PowerBoardCommand2.py
Symlinking /home/dtrimoul/PR2-Kinetic-Xenial/devel/lib/python2.7/dist-packages/pr2_power_board/srv/_PowerBoardCommand.py
Symlinking /home/dtrimoul/PR2-Kinetic-Xenial/devel/lib/python2.7/dist-packages/pr2_power_board/srv/__init__.py
Symlinking /home/dtrimoul/PR2-Kinetic-Xenial/devel/lib/pkgconfig/pr2_power_board.pc
Symlinking /home/dtrimoul/PR2-Kinetic-Xenial/devel/lib/pr2_power_board/power_node
Symlinking /home/dtrimoul/PR2-Kinetic-Xenial/devel/lib/pr2_power_board/power_node2
Symlinking /home/dtrimoul/PR2-Kinetic-Xenial/devel/share/pr2_power_board/cmake/pr2_power_board-msg-paths.cmake
Symlinking /home/dtrimoul/PR2-Kinetic-Xenial/devel/share/pr2_power_board/cmake/pr2_power_board-msg-extras.cmake
Symlinking /home/dtrimoul/PR2-Kinetic-Xenial/devel/share/pr2_power_board/cmake/pr2_power_boardConfig.cmake
Symlinking /home/dtrimoul/PR2-Kinetic-Xenial/devel/share/pr2_power_board/cmake/pr2_power_boardConfig-version.cmake
Symlinking /home/dtrimoul/PR2-Kinetic-Xenial/devel/share/roseus/ros/pr2_power_board/manifest.l
Symlinking /home/dtrimoul/PR2-Kinetic-Xenial/devel/share/roseus/ros/pr2_power_board/srv/PowerBoardCommand2.l
Symlinking /home/dtrimoul/PR2-Kinetic-Xenial/devel/share/roseus/ros/pr2_power_board/srv/PowerBoardCommand.l
Symlinking /home/dtrimoul/PR2-Kinetic-Xenial/devel/share/common-lisp/ros/pr2_power_board/srv/PowerBoardCommand2.lisp
Symlinking /home/dtrimoul/PR2-Kinetic-Xenial/devel/share/common-lisp/ros/pr2_power_board/srv/_package_PowerBoardCommand2.lisp
Symlinking /home/dtrimoul/PR2-Kinetic-Xenial/devel/share/common-lisp/ros/pr2_power_board/srv/_package.lisp
Symlinking /home/dtrimoul/PR2-Kinetic-Xenial/devel/share/common-lisp/ros/pr2_power_board/srv/pr2_power_board-srv.asd
Symlinking /home/dtrimoul/PR2-Kinetic-Xenial/devel/share/common-lisp/ros/pr2_power_board/srv/PowerBoardCommand.lisp
Symlinking /home/dtrimoul/PR2-Kinetic-Xenial/devel/share/common-lisp/ros/pr2_power_board/srv/_package_PowerBoardCommand.lisp
Symlinking /home/dtrimoul/PR2-Kinetic-Xenial/devel/share/gennodejs/ros/pr2_power_board/_index.js
Symlinking /home/dtrimoul/PR2-Kinetic-Xenial/devel/share/gennodejs/ros/pr2_power_board/srv/PowerBoardCommand2.js
Symlinking /home/dtrimoul/PR2-Kinetic-Xenial/devel/share/gennodejs/ros/pr2_power_board/srv/_index.js
Symlinking /home/dtrimoul/PR2-Kinetic-Xenial/devel/share/gennodejs/ros/pr2_power_board/srv/PowerBoardCommand.js
Symlinking /home/dtrimoul/PR2-Kinetic-Xenial/devel/share/maven/org/ros/rosjava_messages/pr2_power_board/maven-metadata.xml
Symlinking /home/dtrimoul/PR2-Kinetic-Xenial/devel/share/maven/org/ros/rosjava_messages/pr2_power_board/maven-metadata.xml.sha1
Symlinking /home/dtrimoul/PR2-Kinetic-Xenial/devel/share/maven/org/ros/rosjava_messages/pr2_power_board/maven-metadata.xml.md5
Symlinking /home/dtrimoul/PR2-Kinetic-Xenial/devel/share/maven/org/ros/rosjava_messages/pr2_power_board/1.1.2/pr2_power_board-1.1.2.jar
Symlinking /home/dtrimoul/PR2-Kinetic-Xenial/devel/share/maven/org/ros/rosjava_messages/pr2_power_board/1.1.2/pr2_power_board-1.1.2.jar.sha1
Symlinking /home/dtrimoul/PR2-Kinetic-Xenial/devel/share/maven/org/ros/rosjava_messages/pr2_power_board/1.1.2/pr2_power_board-1.1.2.jar.md5
Symlinking /home/dtrimoul/PR2-Kinetic-Xenial/devel/share/maven/org/ros/rosjava_messages/pr2_power_board/1.1.2/pr2_power_board-1.1.2.pom
Symlinking /home/dtrimoul/PR2-Kinetic-Xenial/devel/share/maven/org/ros/rosjava_messages/pr2_power_board/1.1.2/pr2_power_board-1.1.2.pom.sha1
Symlinking /home/dtrimoul/PR2-Kinetic-Xenial/devel/share/maven/org/ros/rosjava_messages/pr2_power_board/1.1.2/pr2_power_board-1.1.2.pom.md5
Symlinking /home/dtrimoul/PR2-Kinetic-Xenial/devel/include/pr2_power_board/PowerBoardCommand2.h
Symlinking /home/dtrimoul/PR2-Kinetic-Xenial/devel/include/pr2_power_board/PowerBoardCommand2Request.h
Symlinking /home/dtrimoul/PR2-Kinetic-Xenial/devel/include/pr2_power_board/PowerBoardCommand2Response.h
Symlinking /home/dtrimoul/PR2-Kinetic-Xenial/devel/include/pr2_power_board/PowerBoardCommand.h
Symlinking /home/dtrimoul/PR2-Kinetic-Xenial/devel/include/pr2_power_board/PowerBoardCommandRequest.h
Symlinking /home/dtrimoul/PR2-Kinetic-Xenial/devel/include/pr2_power_board/PowerBoardCommandResponse.h
