[  0%] Built target _pr2_tilt_laser_interface_generate_messages_check_deps_GetSnapshotActionFeedback
[  0%] Built target _pr2_tilt_laser_interface_generate_messages_check_deps_GetSnapshotActionGoal
[  0%] Built target _pr2_tilt_laser_interface_generate_messages_check_deps_GetSnapshotResult
[  0%] Built target actionlib_msgs_generate_messages_cpp
[  0%] Built target sensor_msgs_generate_messages_cpp
[  0%] Built target pr2_msgs_generate_messages_cpp
[  0%] Built target _pr2_tilt_laser_interface_generate_messages_check_deps_GetSnapshotAction
[  0%] Built target _pr2_tilt_laser_interface_generate_messages_check_deps_GetSnapshotGoal
[  0%] Built target _pr2_tilt_laser_interface_generate_messages_check_deps_GetSnapshotActionResult
[  0%] Built target actionlib_msgs_generate_messages_java
[  0%] Built target _pr2_tilt_laser_interface_generate_messages_check_deps_GetSnapshotFeedback
[  0%] Built target pr2_msgs_generate_messages_java
[  0%] Built target sensor_msgs_generate_messages_java
[  0%] Built target actionlib_msgs_generate_messages_py
[  0%] Built target sensor_msgs_generate_messages_py
[  0%] Built target pr2_msgs_generate_messages_py
[  2%] [34m[1mCompiling Java code for pr2_tilt_laser_interface[0m
[  2%] Built target sensor_msgs_generate_messages_eus
[  2%] Built target actionlib_msgs_generate_messages_eus
[  2%] Built target pr2_msgs_generate_messages_eus
[  2%] Built target pr2_msgs_generate_messages_nodejs
[  2%] Built target actionlib_msgs_generate_messages_nodejs
[  2%] Built target sensor_msgs_generate_messages_nodejs
[  2%] Built target pr2_msgs_generate_messages_lisp
[  2%] Built target actionlib_msgs_generate_messages_lisp
[  2%] Built target sensor_msgs_generate_messages_lisp
[ 19%] Built target pr2_tilt_laser_interface_generate_messages_cpp
[ 21%] Built target pr2_tilt_laser_interface_generate_messages_java
[ 40%] Built target pr2_tilt_laser_interface_generate_messages_py
[0m[ 59%] Built target pr2_tilt_laser_interface_generate_messages_eus
[ 76%] Built target pr2_tilt_laser_interface_generate_messages_nodejs
[ 92%] Built target pr2_tilt_laser_interface_generate_messages_lisp
[ 92%] Built target pr2_tilt_laser_interface_gencpp
[ 97%] Built target grab_result

[31mFAILURE: [39m[31mBuild failed with an exception.[39m

* What went wrong:
Could not resolve all dependencies for configuration ':runtime'.
[33m> [39mCould not find org.ros.rosjava_messages:pcl_ros:1.4.4.
  Searched in the following locations:
      file:/home/dtrimoul/PR2-Kinetic-Xenial/devel/.private/pr2_tilt_laser_interface/share/maven/org/ros/rosjava_messages/pcl_ros/1.4.4/pcl_ros-1.4.4.pom
      file:/home/dtrimoul/PR2-Kinetic-Xenial/devel/.private/pr2_tilt_laser_interface/share/maven/org/ros/rosjava_messages/pcl_ros/1.4.4/pcl_ros-1.4.4.jar
      file:/home/dtrimoul/laas_perception/devel/share/maven/org/ros/rosjava_messages/pcl_ros/1.4.4/pcl_ros-1.4.4.pom
      file:/home/dtrimoul/laas_perception/devel/share/maven/org/ros/rosjava_messages/pcl_ros/1.4.4/pcl_ros-1.4.4.jar
      file:/home/dtrimoul/PR2-Kinetic-Xenial/devel/share/maven/org/ros/rosjava_messages/pcl_ros/1.4.4/pcl_ros-1.4.4.pom
      file:/home/dtrimoul/PR2-Kinetic-Xenial/devel/share/maven/org/ros/rosjava_messages/pcl_ros/1.4.4/pcl_ros-1.4.4.jar
      file:/opt/ros/kinetic/share/maven/org/ros/rosjava_messages/pcl_ros/1.4.4/pcl_ros-1.4.4.pom
      file:/opt/ros/kinetic/share/maven/org/ros/rosjava_messages/pcl_ros/1.4.4/pcl_ros-1.4.4.jar
      https://github.com/rosjava/rosjava_mvn_repo/raw/master/org/ros/rosjava_messages/pcl_ros/1.4.4/pcl_ros-1.4.4.pom
      https://github.com/rosjava/rosjava_mvn_repo/raw/master/org/ros/rosjava_messages/pcl_ros/1.4.4/pcl_ros-1.4.4.jar
      file:/home/dtrimoul/.m2/repository/org/ros/rosjava_messages/pcl_ros/1.4.4/pcl_ros-1.4.4.pom
      file:/home/dtrimoul/.m2/repository/org/ros/rosjava_messages/pcl_ros/1.4.4/pcl_ros-1.4.4.jar
      http://repository.springsource.com/maven/bundles/release/org/ros/rosjava_messages/pcl_ros/1.4.4/pcl_ros-1.4.4.pom
      http://repository.springsource.com/maven/bundles/release/org/ros/rosjava_messages/pcl_ros/1.4.4/pcl_ros-1.4.4.jar
      http://repository.springsource.com/maven/bundles/external/org/ros/rosjava_messages/pcl_ros/1.4.4/pcl_ros-1.4.4.pom
      http://repository.springsource.com/maven/bundles/external/org/ros/rosjava_messages/pcl_ros/1.4.4/pcl_ros-1.4.4.jar
      https://jcenter.bintray.com/org/ros/rosjava_messages/pcl_ros/1.4.4/pcl_ros-1.4.4.pom
      https://jcenter.bintray.com/org/ros/rosjava_messages/pcl_ros/1.4.4/pcl_ros-1.4.4.jar
  Required by:
      org.ros.rosjava_messages:pr2_tilt_laser_interface:0.0.10

* Try:
Run with [1m--stacktrace[22m option to get the stack trace. Run with [1m--info[22m or [1m--debug[22m option to get more log output.
[0m[100%] Built target pr2_tilt_laser_interface_generate_messages_java_gradle
[100%] Built target pr2_tilt_laser_interface_generate_messages
