Symlinking /home/dtrimoul/PR2-Kinetic-Xenial/devel/share/pr2_tilt_laser_interface/msg/GetSnapshotAction.msg
Symlinking /home/dtrimoul/PR2-Kinetic-Xenial/devel/share/pr2_tilt_laser_interface/msg/GetSnapshotGoal.msg
Symlinking /home/dtrimoul/PR2-Kinetic-Xenial/devel/share/pr2_tilt_laser_interface/msg/GetSnapshotActionGoal.msg
Symlinking /home/dtrimoul/PR2-Kinetic-Xenial/devel/share/pr2_tilt_laser_interface/msg/GetSnapshotResult.msg
Symlinking /home/dtrimoul/PR2-Kinetic-Xenial/devel/share/pr2_tilt_laser_interface/msg/GetSnapshotActionResult.msg
Symlinking /home/dtrimoul/PR2-Kinetic-Xenial/devel/share/pr2_tilt_laser_interface/msg/GetSnapshotFeedback.msg
Symlinking /home/dtrimoul/PR2-Kinetic-Xenial/devel/share/pr2_tilt_laser_interface/msg/GetSnapshotActionFeedback.msg
Symlinking /home/dtrimoul/PR2-Kinetic-Xenial/devel/share/pr2_tilt_laser_interface/cmake/pr2_tilt_laser_interface-msg-paths.cmake
Symlinking /home/dtrimoul/PR2-Kinetic-Xenial/devel/share/pr2_tilt_laser_interface/cmake/pr2_tilt_laser_interface-msg-extras.cmake
Symlinking /home/dtrimoul/PR2-Kinetic-Xenial/devel/share/pr2_tilt_laser_interface/cmake/pr2_tilt_laser_interfaceConfig.cmake
Symlinking /home/dtrimoul/PR2-Kinetic-Xenial/devel/share/pr2_tilt_laser_interface/cmake/pr2_tilt_laser_interfaceConfig-version.cmake
Symlinking /home/dtrimoul/PR2-Kinetic-Xenial/devel/share/roseus/ros/pr2_tilt_laser_interface/manifest.l
Symlinking /home/dtrimoul/PR2-Kinetic-Xenial/devel/share/roseus/ros/pr2_tilt_laser_interface/msg/GetSnapshotActionResult.l
Symlinking /home/dtrimoul/PR2-Kinetic-Xenial/devel/share/roseus/ros/pr2_tilt_laser_interface/msg/GetSnapshotFeedback.l
Symlinking /home/dtrimoul/PR2-Kinetic-Xenial/devel/share/roseus/ros/pr2_tilt_laser_interface/msg/GetSnapshotActionFeedback.l
Symlinking /home/dtrimoul/PR2-Kinetic-Xenial/devel/share/roseus/ros/pr2_tilt_laser_interface/msg/GetSnapshotGoal.l
Symlinking /home/dtrimoul/PR2-Kinetic-Xenial/devel/share/roseus/ros/pr2_tilt_laser_interface/msg/GetSnapshotResult.l
Symlinking /home/dtrimoul/PR2-Kinetic-Xenial/devel/share/roseus/ros/pr2_tilt_laser_interface/msg/GetSnapshotActionGoal.l
Symlinking /home/dtrimoul/PR2-Kinetic-Xenial/devel/share/roseus/ros/pr2_tilt_laser_interface/msg/GetSnapshotAction.l
Symlinking /home/dtrimoul/PR2-Kinetic-Xenial/devel/share/common-lisp/ros/pr2_tilt_laser_interface/msg/GetSnapshotActionResult.lisp
Symlinking /home/dtrimoul/PR2-Kinetic-Xenial/devel/share/common-lisp/ros/pr2_tilt_laser_interface/msg/_package_GetSnapshotActionResult.lisp
Symlinking /home/dtrimoul/PR2-Kinetic-Xenial/devel/share/common-lisp/ros/pr2_tilt_laser_interface/msg/_package.lisp
Symlinking /home/dtrimoul/PR2-Kinetic-Xenial/devel/share/common-lisp/ros/pr2_tilt_laser_interface/msg/pr2_tilt_laser_interface-msg.asd
Symlinking /home/dtrimoul/PR2-Kinetic-Xenial/devel/share/common-lisp/ros/pr2_tilt_laser_interface/msg/GetSnapshotFeedback.lisp
Symlinking /home/dtrimoul/PR2-Kinetic-Xenial/devel/share/common-lisp/ros/pr2_tilt_laser_interface/msg/_package_GetSnapshotFeedback.lisp
Symlinking /home/dtrimoul/PR2-Kinetic-Xenial/devel/share/common-lisp/ros/pr2_tilt_laser_interface/msg/GetSnapshotActionFeedback.lisp
Symlinking /home/dtrimoul/PR2-Kinetic-Xenial/devel/share/common-lisp/ros/pr2_tilt_laser_interface/msg/_package_GetSnapshotActionFeedback.lisp
Symlinking /home/dtrimoul/PR2-Kinetic-Xenial/devel/share/common-lisp/ros/pr2_tilt_laser_interface/msg/GetSnapshotGoal.lisp
Symlinking /home/dtrimoul/PR2-Kinetic-Xenial/devel/share/common-lisp/ros/pr2_tilt_laser_interface/msg/_package_GetSnapshotGoal.lisp
Symlinking /home/dtrimoul/PR2-Kinetic-Xenial/devel/share/common-lisp/ros/pr2_tilt_laser_interface/msg/GetSnapshotResult.lisp
Symlinking /home/dtrimoul/PR2-Kinetic-Xenial/devel/share/common-lisp/ros/pr2_tilt_laser_interface/msg/_package_GetSnapshotResult.lisp
Symlinking /home/dtrimoul/PR2-Kinetic-Xenial/devel/share/common-lisp/ros/pr2_tilt_laser_interface/msg/GetSnapshotActionGoal.lisp
Symlinking /home/dtrimoul/PR2-Kinetic-Xenial/devel/share/common-lisp/ros/pr2_tilt_laser_interface/msg/_package_GetSnapshotActionGoal.lisp
Symlinking /home/dtrimoul/PR2-Kinetic-Xenial/devel/share/common-lisp/ros/pr2_tilt_laser_interface/msg/GetSnapshotAction.lisp
Symlinking /home/dtrimoul/PR2-Kinetic-Xenial/devel/share/common-lisp/ros/pr2_tilt_laser_interface/msg/_package_GetSnapshotAction.lisp
Symlinking /home/dtrimoul/PR2-Kinetic-Xenial/devel/share/gennodejs/ros/pr2_tilt_laser_interface/_index.js
Symlinking /home/dtrimoul/PR2-Kinetic-Xenial/devel/share/gennodejs/ros/pr2_tilt_laser_interface/msg/GetSnapshotActionResult.js
Symlinking /home/dtrimoul/PR2-Kinetic-Xenial/devel/share/gennodejs/ros/pr2_tilt_laser_interface/msg/_index.js
Symlinking /home/dtrimoul/PR2-Kinetic-Xenial/devel/share/gennodejs/ros/pr2_tilt_laser_interface/msg/GetSnapshotFeedback.js
Symlinking /home/dtrimoul/PR2-Kinetic-Xenial/devel/share/gennodejs/ros/pr2_tilt_laser_interface/msg/GetSnapshotActionFeedback.js
Symlinking /home/dtrimoul/PR2-Kinetic-Xenial/devel/share/gennodejs/ros/pr2_tilt_laser_interface/msg/GetSnapshotGoal.js
Symlinking /home/dtrimoul/PR2-Kinetic-Xenial/devel/share/gennodejs/ros/pr2_tilt_laser_interface/msg/GetSnapshotResult.js
Symlinking /home/dtrimoul/PR2-Kinetic-Xenial/devel/share/gennodejs/ros/pr2_tilt_laser_interface/msg/GetSnapshotActionGoal.js
Symlinking /home/dtrimoul/PR2-Kinetic-Xenial/devel/share/gennodejs/ros/pr2_tilt_laser_interface/msg/GetSnapshotAction.js
Symlinking /home/dtrimoul/PR2-Kinetic-Xenial/devel/include/pr2_tilt_laser_interface/GetSnapshotActionResult.h
Symlinking /home/dtrimoul/PR2-Kinetic-Xenial/devel/include/pr2_tilt_laser_interface/GetSnapshotFeedback.h
Symlinking /home/dtrimoul/PR2-Kinetic-Xenial/devel/include/pr2_tilt_laser_interface/GetSnapshotActionFeedback.h
Symlinking /home/dtrimoul/PR2-Kinetic-Xenial/devel/include/pr2_tilt_laser_interface/GetSnapshotGoal.h
Symlinking /home/dtrimoul/PR2-Kinetic-Xenial/devel/include/pr2_tilt_laser_interface/GetSnapshotResult.h
Symlinking /home/dtrimoul/PR2-Kinetic-Xenial/devel/include/pr2_tilt_laser_interface/GetSnapshotActionGoal.h
Symlinking /home/dtrimoul/PR2-Kinetic-Xenial/devel/include/pr2_tilt_laser_interface/GetSnapshotAction.h
Symlinking /home/dtrimoul/PR2-Kinetic-Xenial/devel/lib/python2.7/dist-packages/pr2_tilt_laser_interface/__init__.py
Symlinking /home/dtrimoul/PR2-Kinetic-Xenial/devel/lib/python2.7/dist-packages/pr2_tilt_laser_interface/msg/_GetSnapshotActionResult.py
Symlinking /home/dtrimoul/PR2-Kinetic-Xenial/devel/lib/python2.7/dist-packages/pr2_tilt_laser_interface/msg/_GetSnapshotFeedback.py
Symlinking /home/dtrimoul/PR2-Kinetic-Xenial/devel/lib/python2.7/dist-packages/pr2_tilt_laser_interface/msg/_GetSnapshotActionFeedback.py
Symlinking /home/dtrimoul/PR2-Kinetic-Xenial/devel/lib/python2.7/dist-packages/pr2_tilt_laser_interface/msg/_GetSnapshotGoal.py
Symlinking /home/dtrimoul/PR2-Kinetic-Xenial/devel/lib/python2.7/dist-packages/pr2_tilt_laser_interface/msg/_GetSnapshotResult.py
Symlinking /home/dtrimoul/PR2-Kinetic-Xenial/devel/lib/python2.7/dist-packages/pr2_tilt_laser_interface/msg/_GetSnapshotActionGoal.py
Symlinking /home/dtrimoul/PR2-Kinetic-Xenial/devel/lib/python2.7/dist-packages/pr2_tilt_laser_interface/msg/_GetSnapshotAction.py
Symlinking /home/dtrimoul/PR2-Kinetic-Xenial/devel/lib/python2.7/dist-packages/pr2_tilt_laser_interface/msg/__init__.py
Symlinking /home/dtrimoul/PR2-Kinetic-Xenial/devel/lib/pkgconfig/pr2_tilt_laser_interface.pc
Symlinking /home/dtrimoul/PR2-Kinetic-Xenial/devel/lib/pr2_tilt_laser_interface/grab_result
