Linked: (/home/dtrimoul/PR2-Kinetic-Xenial/devel/.private/pr2_tilt_laser_interface/share/pr2_tilt_laser_interface/msg/GetSnapshotAction.msg, /home/dtrimoul/PR2-Kinetic-Xenial/devel/share/pr2_tilt_laser_interface/msg/GetSnapshotAction.msg)
Linked: (/home/dtrimoul/PR2-Kinetic-Xenial/devel/.private/pr2_tilt_laser_interface/share/pr2_tilt_laser_interface/msg/GetSnapshotGoal.msg, /home/dtrimoul/PR2-Kinetic-Xenial/devel/share/pr2_tilt_laser_interface/msg/GetSnapshotGoal.msg)
Linked: (/home/dtrimoul/PR2-Kinetic-Xenial/devel/.private/pr2_tilt_laser_interface/share/pr2_tilt_laser_interface/msg/GetSnapshotActionGoal.msg, /home/dtrimoul/PR2-Kinetic-Xenial/devel/share/pr2_tilt_laser_interface/msg/GetSnapshotActionGoal.msg)
Linked: (/home/dtrimoul/PR2-Kinetic-Xenial/devel/.private/pr2_tilt_laser_interface/share/pr2_tilt_laser_interface/msg/GetSnapshotResult.msg, /home/dtrimoul/PR2-Kinetic-Xenial/devel/share/pr2_tilt_laser_interface/msg/GetSnapshotResult.msg)
Linked: (/home/dtrimoul/PR2-Kinetic-Xenial/devel/.private/pr2_tilt_laser_interface/share/pr2_tilt_laser_interface/msg/GetSnapshotActionResult.msg, /home/dtrimoul/PR2-Kinetic-Xenial/devel/share/pr2_tilt_laser_interface/msg/GetSnapshotActionResult.msg)
Linked: (/home/dtrimoul/PR2-Kinetic-Xenial/devel/.private/pr2_tilt_laser_interface/share/pr2_tilt_laser_interface/msg/GetSnapshotFeedback.msg, /home/dtrimoul/PR2-Kinetic-Xenial/devel/share/pr2_tilt_laser_interface/msg/GetSnapshotFeedback.msg)
Linked: (/home/dtrimoul/PR2-Kinetic-Xenial/devel/.private/pr2_tilt_laser_interface/share/pr2_tilt_laser_interface/msg/GetSnapshotActionFeedback.msg, /home/dtrimoul/PR2-Kinetic-Xenial/devel/share/pr2_tilt_laser_interface/msg/GetSnapshotActionFeedback.msg)
Linked: (/home/dtrimoul/PR2-Kinetic-Xenial/devel/.private/pr2_tilt_laser_interface/share/pr2_tilt_laser_interface/cmake/pr2_tilt_laser_interface-msg-paths.cmake, /home/dtrimoul/PR2-Kinetic-Xenial/devel/share/pr2_tilt_laser_interface/cmake/pr2_tilt_laser_interface-msg-paths.cmake)
Linked: (/home/dtrimoul/PR2-Kinetic-Xenial/devel/.private/pr2_tilt_laser_interface/share/pr2_tilt_laser_interface/cmake/pr2_tilt_laser_interface-msg-extras.cmake, /home/dtrimoul/PR2-Kinetic-Xenial/devel/share/pr2_tilt_laser_interface/cmake/pr2_tilt_laser_interface-msg-extras.cmake)
Linked: (/home/dtrimoul/PR2-Kinetic-Xenial/devel/.private/pr2_tilt_laser_interface/share/pr2_tilt_laser_interface/cmake/pr2_tilt_laser_interfaceConfig.cmake, /home/dtrimoul/PR2-Kinetic-Xenial/devel/share/pr2_tilt_laser_interface/cmake/pr2_tilt_laser_interfaceConfig.cmake)
Linked: (/home/dtrimoul/PR2-Kinetic-Xenial/devel/.private/pr2_tilt_laser_interface/share/pr2_tilt_laser_interface/cmake/pr2_tilt_laser_interfaceConfig-version.cmake, /home/dtrimoul/PR2-Kinetic-Xenial/devel/share/pr2_tilt_laser_interface/cmake/pr2_tilt_laser_interfaceConfig-version.cmake)
Linked: (/home/dtrimoul/PR2-Kinetic-Xenial/devel/.private/pr2_tilt_laser_interface/share/roseus/ros/pr2_tilt_laser_interface/manifest.l, /home/dtrimoul/PR2-Kinetic-Xenial/devel/share/roseus/ros/pr2_tilt_laser_interface/manifest.l)
Linked: (/home/dtrimoul/PR2-Kinetic-Xenial/devel/.private/pr2_tilt_laser_interface/share/roseus/ros/pr2_tilt_laser_interface/msg/GetSnapshotActionResult.l, /home/dtrimoul/PR2-Kinetic-Xenial/devel/share/roseus/ros/pr2_tilt_laser_interface/msg/GetSnapshotActionResult.l)
Linked: (/home/dtrimoul/PR2-Kinetic-Xenial/devel/.private/pr2_tilt_laser_interface/share/roseus/ros/pr2_tilt_laser_interface/msg/GetSnapshotFeedback.l, /home/dtrimoul/PR2-Kinetic-Xenial/devel/share/roseus/ros/pr2_tilt_laser_interface/msg/GetSnapshotFeedback.l)
Linked: (/home/dtrimoul/PR2-Kinetic-Xenial/devel/.private/pr2_tilt_laser_interface/share/roseus/ros/pr2_tilt_laser_interface/msg/GetSnapshotActionFeedback.l, /home/dtrimoul/PR2-Kinetic-Xenial/devel/share/roseus/ros/pr2_tilt_laser_interface/msg/GetSnapshotActionFeedback.l)
Linked: (/home/dtrimoul/PR2-Kinetic-Xenial/devel/.private/pr2_tilt_laser_interface/share/roseus/ros/pr2_tilt_laser_interface/msg/GetSnapshotGoal.l, /home/dtrimoul/PR2-Kinetic-Xenial/devel/share/roseus/ros/pr2_tilt_laser_interface/msg/GetSnapshotGoal.l)
Linked: (/home/dtrimoul/PR2-Kinetic-Xenial/devel/.private/pr2_tilt_laser_interface/share/roseus/ros/pr2_tilt_laser_interface/msg/GetSnapshotResult.l, /home/dtrimoul/PR2-Kinetic-Xenial/devel/share/roseus/ros/pr2_tilt_laser_interface/msg/GetSnapshotResult.l)
Linked: (/home/dtrimoul/PR2-Kinetic-Xenial/devel/.private/pr2_tilt_laser_interface/share/roseus/ros/pr2_tilt_laser_interface/msg/GetSnapshotActionGoal.l, /home/dtrimoul/PR2-Kinetic-Xenial/devel/share/roseus/ros/pr2_tilt_laser_interface/msg/GetSnapshotActionGoal.l)
Linked: (/home/dtrimoul/PR2-Kinetic-Xenial/devel/.private/pr2_tilt_laser_interface/share/roseus/ros/pr2_tilt_laser_interface/msg/GetSnapshotAction.l, /home/dtrimoul/PR2-Kinetic-Xenial/devel/share/roseus/ros/pr2_tilt_laser_interface/msg/GetSnapshotAction.l)
Linked: (/home/dtrimoul/PR2-Kinetic-Xenial/devel/.private/pr2_tilt_laser_interface/share/common-lisp/ros/pr2_tilt_laser_interface/msg/GetSnapshotActionResult.lisp, /home/dtrimoul/PR2-Kinetic-Xenial/devel/share/common-lisp/ros/pr2_tilt_laser_interface/msg/GetSnapshotActionResult.lisp)
Linked: (/home/dtrimoul/PR2-Kinetic-Xenial/devel/.private/pr2_tilt_laser_interface/share/common-lisp/ros/pr2_tilt_laser_interface/msg/_package_GetSnapshotActionResult.lisp, /home/dtrimoul/PR2-Kinetic-Xenial/devel/share/common-lisp/ros/pr2_tilt_laser_interface/msg/_package_GetSnapshotActionResult.lisp)
Linked: (/home/dtrimoul/PR2-Kinetic-Xenial/devel/.private/pr2_tilt_laser_interface/share/common-lisp/ros/pr2_tilt_laser_interface/msg/_package.lisp, /home/dtrimoul/PR2-Kinetic-Xenial/devel/share/common-lisp/ros/pr2_tilt_laser_interface/msg/_package.lisp)
Linked: (/home/dtrimoul/PR2-Kinetic-Xenial/devel/.private/pr2_tilt_laser_interface/share/common-lisp/ros/pr2_tilt_laser_interface/msg/pr2_tilt_laser_interface-msg.asd, /home/dtrimoul/PR2-Kinetic-Xenial/devel/share/common-lisp/ros/pr2_tilt_laser_interface/msg/pr2_tilt_laser_interface-msg.asd)
Linked: (/home/dtrimoul/PR2-Kinetic-Xenial/devel/.private/pr2_tilt_laser_interface/share/common-lisp/ros/pr2_tilt_laser_interface/msg/GetSnapshotFeedback.lisp, /home/dtrimoul/PR2-Kinetic-Xenial/devel/share/common-lisp/ros/pr2_tilt_laser_interface/msg/GetSnapshotFeedback.lisp)
Linked: (/home/dtrimoul/PR2-Kinetic-Xenial/devel/.private/pr2_tilt_laser_interface/share/common-lisp/ros/pr2_tilt_laser_interface/msg/_package_GetSnapshotFeedback.lisp, /home/dtrimoul/PR2-Kinetic-Xenial/devel/share/common-lisp/ros/pr2_tilt_laser_interface/msg/_package_GetSnapshotFeedback.lisp)
Linked: (/home/dtrimoul/PR2-Kinetic-Xenial/devel/.private/pr2_tilt_laser_interface/share/common-lisp/ros/pr2_tilt_laser_interface/msg/GetSnapshotActionFeedback.lisp, /home/dtrimoul/PR2-Kinetic-Xenial/devel/share/common-lisp/ros/pr2_tilt_laser_interface/msg/GetSnapshotActionFeedback.lisp)
Linked: (/home/dtrimoul/PR2-Kinetic-Xenial/devel/.private/pr2_tilt_laser_interface/share/common-lisp/ros/pr2_tilt_laser_interface/msg/_package_GetSnapshotActionFeedback.lisp, /home/dtrimoul/PR2-Kinetic-Xenial/devel/share/common-lisp/ros/pr2_tilt_laser_interface/msg/_package_GetSnapshotActionFeedback.lisp)
Linked: (/home/dtrimoul/PR2-Kinetic-Xenial/devel/.private/pr2_tilt_laser_interface/share/common-lisp/ros/pr2_tilt_laser_interface/msg/GetSnapshotGoal.lisp, /home/dtrimoul/PR2-Kinetic-Xenial/devel/share/common-lisp/ros/pr2_tilt_laser_interface/msg/GetSnapshotGoal.lisp)
Linked: (/home/dtrimoul/PR2-Kinetic-Xenial/devel/.private/pr2_tilt_laser_interface/share/common-lisp/ros/pr2_tilt_laser_interface/msg/_package_GetSnapshotGoal.lisp, /home/dtrimoul/PR2-Kinetic-Xenial/devel/share/common-lisp/ros/pr2_tilt_laser_interface/msg/_package_GetSnapshotGoal.lisp)
Linked: (/home/dtrimoul/PR2-Kinetic-Xenial/devel/.private/pr2_tilt_laser_interface/share/common-lisp/ros/pr2_tilt_laser_interface/msg/GetSnapshotResult.lisp, /home/dtrimoul/PR2-Kinetic-Xenial/devel/share/common-lisp/ros/pr2_tilt_laser_interface/msg/GetSnapshotResult.lisp)
Linked: (/home/dtrimoul/PR2-Kinetic-Xenial/devel/.private/pr2_tilt_laser_interface/share/common-lisp/ros/pr2_tilt_laser_interface/msg/_package_GetSnapshotResult.lisp, /home/dtrimoul/PR2-Kinetic-Xenial/devel/share/common-lisp/ros/pr2_tilt_laser_interface/msg/_package_GetSnapshotResult.lisp)
Linked: (/home/dtrimoul/PR2-Kinetic-Xenial/devel/.private/pr2_tilt_laser_interface/share/common-lisp/ros/pr2_tilt_laser_interface/msg/GetSnapshotActionGoal.lisp, /home/dtrimoul/PR2-Kinetic-Xenial/devel/share/common-lisp/ros/pr2_tilt_laser_interface/msg/GetSnapshotActionGoal.lisp)
Linked: (/home/dtrimoul/PR2-Kinetic-Xenial/devel/.private/pr2_tilt_laser_interface/share/common-lisp/ros/pr2_tilt_laser_interface/msg/_package_GetSnapshotActionGoal.lisp, /home/dtrimoul/PR2-Kinetic-Xenial/devel/share/common-lisp/ros/pr2_tilt_laser_interface/msg/_package_GetSnapshotActionGoal.lisp)
Linked: (/home/dtrimoul/PR2-Kinetic-Xenial/devel/.private/pr2_tilt_laser_interface/share/common-lisp/ros/pr2_tilt_laser_interface/msg/GetSnapshotAction.lisp, /home/dtrimoul/PR2-Kinetic-Xenial/devel/share/common-lisp/ros/pr2_tilt_laser_interface/msg/GetSnapshotAction.lisp)
Linked: (/home/dtrimoul/PR2-Kinetic-Xenial/devel/.private/pr2_tilt_laser_interface/share/common-lisp/ros/pr2_tilt_laser_interface/msg/_package_GetSnapshotAction.lisp, /home/dtrimoul/PR2-Kinetic-Xenial/devel/share/common-lisp/ros/pr2_tilt_laser_interface/msg/_package_GetSnapshotAction.lisp)
Linked: (/home/dtrimoul/PR2-Kinetic-Xenial/devel/.private/pr2_tilt_laser_interface/share/gennodejs/ros/pr2_tilt_laser_interface/_index.js, /home/dtrimoul/PR2-Kinetic-Xenial/devel/share/gennodejs/ros/pr2_tilt_laser_interface/_index.js)
Linked: (/home/dtrimoul/PR2-Kinetic-Xenial/devel/.private/pr2_tilt_laser_interface/share/gennodejs/ros/pr2_tilt_laser_interface/msg/GetSnapshotActionResult.js, /home/dtrimoul/PR2-Kinetic-Xenial/devel/share/gennodejs/ros/pr2_tilt_laser_interface/msg/GetSnapshotActionResult.js)
Linked: (/home/dtrimoul/PR2-Kinetic-Xenial/devel/.private/pr2_tilt_laser_interface/share/gennodejs/ros/pr2_tilt_laser_interface/msg/_index.js, /home/dtrimoul/PR2-Kinetic-Xenial/devel/share/gennodejs/ros/pr2_tilt_laser_interface/msg/_index.js)
Linked: (/home/dtrimoul/PR2-Kinetic-Xenial/devel/.private/pr2_tilt_laser_interface/share/gennodejs/ros/pr2_tilt_laser_interface/msg/GetSnapshotFeedback.js, /home/dtrimoul/PR2-Kinetic-Xenial/devel/share/gennodejs/ros/pr2_tilt_laser_interface/msg/GetSnapshotFeedback.js)
Linked: (/home/dtrimoul/PR2-Kinetic-Xenial/devel/.private/pr2_tilt_laser_interface/share/gennodejs/ros/pr2_tilt_laser_interface/msg/GetSnapshotActionFeedback.js, /home/dtrimoul/PR2-Kinetic-Xenial/devel/share/gennodejs/ros/pr2_tilt_laser_interface/msg/GetSnapshotActionFeedback.js)
Linked: (/home/dtrimoul/PR2-Kinetic-Xenial/devel/.private/pr2_tilt_laser_interface/share/gennodejs/ros/pr2_tilt_laser_interface/msg/GetSnapshotGoal.js, /home/dtrimoul/PR2-Kinetic-Xenial/devel/share/gennodejs/ros/pr2_tilt_laser_interface/msg/GetSnapshotGoal.js)
Linked: (/home/dtrimoul/PR2-Kinetic-Xenial/devel/.private/pr2_tilt_laser_interface/share/gennodejs/ros/pr2_tilt_laser_interface/msg/GetSnapshotResult.js, /home/dtrimoul/PR2-Kinetic-Xenial/devel/share/gennodejs/ros/pr2_tilt_laser_interface/msg/GetSnapshotResult.js)
Linked: (/home/dtrimoul/PR2-Kinetic-Xenial/devel/.private/pr2_tilt_laser_interface/share/gennodejs/ros/pr2_tilt_laser_interface/msg/GetSnapshotActionGoal.js, /home/dtrimoul/PR2-Kinetic-Xenial/devel/share/gennodejs/ros/pr2_tilt_laser_interface/msg/GetSnapshotActionGoal.js)
Linked: (/home/dtrimoul/PR2-Kinetic-Xenial/devel/.private/pr2_tilt_laser_interface/share/gennodejs/ros/pr2_tilt_laser_interface/msg/GetSnapshotAction.js, /home/dtrimoul/PR2-Kinetic-Xenial/devel/share/gennodejs/ros/pr2_tilt_laser_interface/msg/GetSnapshotAction.js)
Linked: (/home/dtrimoul/PR2-Kinetic-Xenial/devel/.private/pr2_tilt_laser_interface/include/pr2_tilt_laser_interface/GetSnapshotActionResult.h, /home/dtrimoul/PR2-Kinetic-Xenial/devel/include/pr2_tilt_laser_interface/GetSnapshotActionResult.h)
Linked: (/home/dtrimoul/PR2-Kinetic-Xenial/devel/.private/pr2_tilt_laser_interface/include/pr2_tilt_laser_interface/GetSnapshotFeedback.h, /home/dtrimoul/PR2-Kinetic-Xenial/devel/include/pr2_tilt_laser_interface/GetSnapshotFeedback.h)
Linked: (/home/dtrimoul/PR2-Kinetic-Xenial/devel/.private/pr2_tilt_laser_interface/include/pr2_tilt_laser_interface/GetSnapshotActionFeedback.h, /home/dtrimoul/PR2-Kinetic-Xenial/devel/include/pr2_tilt_laser_interface/GetSnapshotActionFeedback.h)
Linked: (/home/dtrimoul/PR2-Kinetic-Xenial/devel/.private/pr2_tilt_laser_interface/include/pr2_tilt_laser_interface/GetSnapshotGoal.h, /home/dtrimoul/PR2-Kinetic-Xenial/devel/include/pr2_tilt_laser_interface/GetSnapshotGoal.h)
Linked: (/home/dtrimoul/PR2-Kinetic-Xenial/devel/.private/pr2_tilt_laser_interface/include/pr2_tilt_laser_interface/GetSnapshotResult.h, /home/dtrimoul/PR2-Kinetic-Xenial/devel/include/pr2_tilt_laser_interface/GetSnapshotResult.h)
Linked: (/home/dtrimoul/PR2-Kinetic-Xenial/devel/.private/pr2_tilt_laser_interface/include/pr2_tilt_laser_interface/GetSnapshotActionGoal.h, /home/dtrimoul/PR2-Kinetic-Xenial/devel/include/pr2_tilt_laser_interface/GetSnapshotActionGoal.h)
Linked: (/home/dtrimoul/PR2-Kinetic-Xenial/devel/.private/pr2_tilt_laser_interface/include/pr2_tilt_laser_interface/GetSnapshotAction.h, /home/dtrimoul/PR2-Kinetic-Xenial/devel/include/pr2_tilt_laser_interface/GetSnapshotAction.h)
Linked: (/home/dtrimoul/PR2-Kinetic-Xenial/devel/.private/pr2_tilt_laser_interface/lib/python2.7/dist-packages/pr2_tilt_laser_interface/__init__.py, /home/dtrimoul/PR2-Kinetic-Xenial/devel/lib/python2.7/dist-packages/pr2_tilt_laser_interface/__init__.py)
Linked: (/home/dtrimoul/PR2-Kinetic-Xenial/devel/.private/pr2_tilt_laser_interface/lib/python2.7/dist-packages/pr2_tilt_laser_interface/msg/_GetSnapshotActionResult.py, /home/dtrimoul/PR2-Kinetic-Xenial/devel/lib/python2.7/dist-packages/pr2_tilt_laser_interface/msg/_GetSnapshotActionResult.py)
Linked: (/home/dtrimoul/PR2-Kinetic-Xenial/devel/.private/pr2_tilt_laser_interface/lib/python2.7/dist-packages/pr2_tilt_laser_interface/msg/_GetSnapshotFeedback.py, /home/dtrimoul/PR2-Kinetic-Xenial/devel/lib/python2.7/dist-packages/pr2_tilt_laser_interface/msg/_GetSnapshotFeedback.py)
Linked: (/home/dtrimoul/PR2-Kinetic-Xenial/devel/.private/pr2_tilt_laser_interface/lib/python2.7/dist-packages/pr2_tilt_laser_interface/msg/_GetSnapshotActionFeedback.py, /home/dtrimoul/PR2-Kinetic-Xenial/devel/lib/python2.7/dist-packages/pr2_tilt_laser_interface/msg/_GetSnapshotActionFeedback.py)
Linked: (/home/dtrimoul/PR2-Kinetic-Xenial/devel/.private/pr2_tilt_laser_interface/lib/python2.7/dist-packages/pr2_tilt_laser_interface/msg/_GetSnapshotGoal.py, /home/dtrimoul/PR2-Kinetic-Xenial/devel/lib/python2.7/dist-packages/pr2_tilt_laser_interface/msg/_GetSnapshotGoal.py)
Linked: (/home/dtrimoul/PR2-Kinetic-Xenial/devel/.private/pr2_tilt_laser_interface/lib/python2.7/dist-packages/pr2_tilt_laser_interface/msg/_GetSnapshotResult.py, /home/dtrimoul/PR2-Kinetic-Xenial/devel/lib/python2.7/dist-packages/pr2_tilt_laser_interface/msg/_GetSnapshotResult.py)
Linked: (/home/dtrimoul/PR2-Kinetic-Xenial/devel/.private/pr2_tilt_laser_interface/lib/python2.7/dist-packages/pr2_tilt_laser_interface/msg/_GetSnapshotActionGoal.py, /home/dtrimoul/PR2-Kinetic-Xenial/devel/lib/python2.7/dist-packages/pr2_tilt_laser_interface/msg/_GetSnapshotActionGoal.py)
Linked: (/home/dtrimoul/PR2-Kinetic-Xenial/devel/.private/pr2_tilt_laser_interface/lib/python2.7/dist-packages/pr2_tilt_laser_interface/msg/_GetSnapshotAction.py, /home/dtrimoul/PR2-Kinetic-Xenial/devel/lib/python2.7/dist-packages/pr2_tilt_laser_interface/msg/_GetSnapshotAction.py)
Linked: (/home/dtrimoul/PR2-Kinetic-Xenial/devel/.private/pr2_tilt_laser_interface/lib/python2.7/dist-packages/pr2_tilt_laser_interface/msg/__init__.py, /home/dtrimoul/PR2-Kinetic-Xenial/devel/lib/python2.7/dist-packages/pr2_tilt_laser_interface/msg/__init__.py)
Linked: (/home/dtrimoul/PR2-Kinetic-Xenial/devel/.private/pr2_tilt_laser_interface/lib/pkgconfig/pr2_tilt_laser_interface.pc, /home/dtrimoul/PR2-Kinetic-Xenial/devel/lib/pkgconfig/pr2_tilt_laser_interface.pc)
Linked: (/home/dtrimoul/PR2-Kinetic-Xenial/devel/.private/pr2_tilt_laser_interface/lib/pr2_tilt_laser_interface/grab_result, /home/dtrimoul/PR2-Kinetic-Xenial/devel/lib/pr2_tilt_laser_interface/grab_result)
