[  0%] Built target _pr2_tilt_laser_interface_generate_messages_check_deps_GetSnapshotActionFeedback
[  0%] Built target _pr2_tilt_laser_interface_generate_messages_check_deps_GetSnapshotActionGoal
[  0%] Built target _pr2_tilt_laser_interface_generate_messages_check_deps_GetSnapshotResult
[  0%] Built target actionlib_msgs_generate_messages_cpp
[  0%] Built target sensor_msgs_generate_messages_cpp
[  0%] Built target pr2_msgs_generate_messages_cpp
[  0%] Built target _pr2_tilt_laser_interface_generate_messages_check_deps_GetSnapshotAction
[  0%] Built target _pr2_tilt_laser_interface_generate_messages_check_deps_GetSnapshotGoal
[  0%] Built target _pr2_tilt_laser_interface_generate_messages_check_deps_GetSnapshotActionResult
[  0%] Built target _pr2_tilt_laser_interface_generate_messages_check_deps_GetSnapshotFeedback
[  0%] Built target actionlib_msgs_generate_messages_java
[  0%] Built target pr2_msgs_generate_messages_java
[  0%] Built target sensor_msgs_generate_messages_java
[  0%] Built target actionlib_msgs_generate_messages_py
[  0%] Built target sensor_msgs_generate_messages_py
[  0%] Built target pr2_msgs_generate_messages_py
[  2%] [34m[1mCompiling Java code for pr2_tilt_laser_interface[0m
[  2%] Built target sensor_msgs_generate_messages_eus
[  4%] Built target pr2_tilt_laser_interface_generate_messages_java_gradle
[  4%] Built target actionlib_msgs_generate_messages_eus
[  4%] Built target pr2_msgs_generate_messages_eus
[  4%] Built target pr2_msgs_generate_messages_nodejs
[  4%] Built target actionlib_msgs_generate_messages_nodejs
[  4%] Built target sensor_msgs_generate_messages_nodejs
[  4%] Built target pr2_msgs_generate_messages_lisp
[  4%] Built target actionlib_msgs_generate_messages_lisp
[  4%] Built target sensor_msgs_generate_messages_lisp
[ 21%] Built target pr2_tilt_laser_interface_generate_messages_cpp
[ 23%] Built target pr2_tilt_laser_interface_generate_messages_java
[ 42%] Built target pr2_tilt_laser_interface_generate_messages_py
[ 61%] Built target pr2_tilt_laser_interface_generate_messages_eus
[ 85%] Built target pr2_tilt_laser_interface_gencpp
[ 92%] Built target pr2_tilt_laser_interface_generate_messages_nodejs
[ 95%] Built target pr2_tilt_laser_interface_generate_messages_lisp
[ 95%] Built target pr2_tilt_laser_interface_generate_messages
[100%] Built target grab_result
