[35m[1mScanning dependencies of target _pr2_tilt_laser_interface_generate_messages_check_deps_GetSnapshotFeedback[0m
[  0%] Built target _pr2_tilt_laser_interface_generate_messages_check_deps_GetSnapshotFeedback
[35m[1mScanning dependencies of target actionlib_msgs_generate_messages_cpp[0m
[  0%] Built target actionlib_msgs_generate_messages_cpp
[35m[1mScanning dependencies of target sensor_msgs_generate_messages_cpp[0m
[  0%] Built target sensor_msgs_generate_messages_cpp
[35m[1mScanning dependencies of target pr2_msgs_generate_messages_cpp[0m
[  0%] Built target pr2_msgs_generate_messages_cpp
[35m[1mScanning dependencies of target _pr2_tilt_laser_interface_generate_messages_check_deps_GetSnapshotActionResult[0m
[  0%] Built target _pr2_tilt_laser_interface_generate_messages_check_deps_GetSnapshotActionResult
[35m[1mScanning dependencies of target _pr2_tilt_laser_interface_generate_messages_check_deps_GetSnapshotActionGoal[0m
[  0%] Built target _pr2_tilt_laser_interface_generate_messages_check_deps_GetSnapshotActionGoal
[35m[1mScanning dependencies of target _pr2_tilt_laser_interface_generate_messages_check_deps_GetSnapshotGoal[0m
[  0%] Built target _pr2_tilt_laser_interface_generate_messages_check_deps_GetSnapshotGoal
[35m[1mScanning dependencies of target _pr2_tilt_laser_interface_generate_messages_check_deps_GetSnapshotActionFeedback[0m
[  0%] Built target _pr2_tilt_laser_interface_generate_messages_check_deps_GetSnapshotActionFeedback
[35m[1mScanning dependencies of target _pr2_tilt_laser_interface_generate_messages_check_deps_GetSnapshotAction[0m
[  0%] Built target _pr2_tilt_laser_interface_generate_messages_check_deps_GetSnapshotAction
[35m[1mScanning dependencies of target _pr2_tilt_laser_interface_generate_messages_check_deps_GetSnapshotResult[0m
[  0%] Built target _pr2_tilt_laser_interface_generate_messages_check_deps_GetSnapshotResult
[35m[1mScanning dependencies of target sensor_msgs_generate_messages_nodejs[0m
[  0%] Built target sensor_msgs_generate_messages_nodejs
[35m[1mScanning dependencies of target pr2_msgs_generate_messages_nodejs[0m
[  0%] Built target pr2_msgs_generate_messages_nodejs
[35m[1mScanning dependencies of target actionlib_msgs_generate_messages_nodejs[0m
[  0%] Built target actionlib_msgs_generate_messages_nodejs
[35m[1mScanning dependencies of target actionlib_msgs_generate_messages_py[0m
[  0%] Built target actionlib_msgs_generate_messages_py
[35m[1mScanning dependencies of target sensor_msgs_generate_messages_py[0m
[  0%] Built target sensor_msgs_generate_messages_py
[35m[1mScanning dependencies of target pr2_msgs_generate_messages_py[0m
[  0%] Built target pr2_msgs_generate_messages_py
[35m[1mScanning dependencies of target sensor_msgs_generate_messages_eus[0m
[  0%] Built target sensor_msgs_generate_messages_eus
[35m[1mScanning dependencies of target actionlib_msgs_generate_messages_eus[0m
[  0%] Built target actionlib_msgs_generate_messages_eus
[35m[1mScanning dependencies of target pr2_msgs_generate_messages_eus[0m
[  0%] Built target pr2_msgs_generate_messages_eus
[35m[1mScanning dependencies of target pr2_msgs_generate_messages_lisp[0m
[  0%] Built target pr2_msgs_generate_messages_lisp
[35m[1mScanning dependencies of target actionlib_msgs_generate_messages_lisp[0m
[  0%] Built target actionlib_msgs_generate_messages_lisp
[35m[1mScanning dependencies of target sensor_msgs_generate_messages_lisp[0m
[  0%] Built target sensor_msgs_generate_messages_lisp
[35m[1mScanning dependencies of target pr2_tilt_laser_interface_generate_messages_cpp[0m
[  2%] [34m[1mGenerating C++ code from pr2_tilt_laser_interface/GetSnapshotGoal.msg[0m
[  5%] [34m[1mGenerating C++ code from pr2_tilt_laser_interface/GetSnapshotActionFeedback.msg[0m
[  7%] [34m[1mGenerating C++ code from pr2_tilt_laser_interface/GetSnapshotAction.msg[0m
[ 10%] [34m[1mGenerating C++ code from pr2_tilt_laser_interface/GetSnapshotActionGoal.msg[0m
[ 12%] [34m[1mGenerating C++ code from pr2_tilt_laser_interface/GetSnapshotResult.msg[0m
[ 15%] [34m[1mGenerating C++ code from pr2_tilt_laser_interface/GetSnapshotActionResult.msg[0m
[ 17%] [34m[1mGenerating C++ code from pr2_tilt_laser_interface/GetSnapshotFeedback.msg[0m
[ 17%] Built target pr2_tilt_laser_interface_generate_messages_cpp
[35m[1mScanning dependencies of target pr2_tilt_laser_interface_generate_messages_nodejs[0m
[ 20%] [34m[1mGenerating Javascript code from pr2_tilt_laser_interface/GetSnapshotGoal.msg[0m
[ 23%] [34m[1mGenerating Javascript code from pr2_tilt_laser_interface/GetSnapshotActionFeedback.msg[0m
[ 25%] [34m[1mGenerating Javascript code from pr2_tilt_laser_interface/GetSnapshotAction.msg[0m
[ 28%] [34m[1mGenerating Javascript code from pr2_tilt_laser_interface/GetSnapshotActionGoal.msg[0m
[35m[1mScanning dependencies of target pr2_tilt_laser_interface_generate_messages_py[0m
[ 30%] [34m[1mGenerating Javascript code from pr2_tilt_laser_interface/GetSnapshotResult.msg[0m
[ 33%] [34m[1mGenerating Python from MSG pr2_tilt_laser_interface/GetSnapshotGoal[0m
[ 35%] [34m[1mGenerating Javascript code from pr2_tilt_laser_interface/GetSnapshotActionResult.msg[0m
[ 38%] [34m[1mGenerating Javascript code from pr2_tilt_laser_interface/GetSnapshotFeedback.msg[0m
[ 41%] [34m[1mGenerating Python from MSG pr2_tilt_laser_interface/GetSnapshotActionFeedback[0m
[ 41%] Built target pr2_tilt_laser_interface_generate_messages_nodejs
[35m[1mScanning dependencies of target pr2_tilt_laser_interface_generate_messages_eus[0m
[ 43%] [34m[1mGenerating EusLisp code from pr2_tilt_laser_interface/GetSnapshotGoal.msg[0m
[ 46%] [34m[1mGenerating EusLisp code from pr2_tilt_laser_interface/GetSnapshotActionFeedback.msg[0m
[ 48%] [34m[1mGenerating Python from MSG pr2_tilt_laser_interface/GetSnapshotAction[0m
[ 51%] [34m[1mGenerating EusLisp code from pr2_tilt_laser_interface/GetSnapshotAction.msg[0m
[ 53%] [34m[1mGenerating Python from MSG pr2_tilt_laser_interface/GetSnapshotActionGoal[0m
[ 56%] [34m[1mGenerating EusLisp code from pr2_tilt_laser_interface/GetSnapshotActionGoal.msg[0m
[ 58%] [34m[1mGenerating EusLisp code from pr2_tilt_laser_interface/GetSnapshotResult.msg[0m
[ 61%] [34m[1mGenerating Python from MSG pr2_tilt_laser_interface/GetSnapshotResult[0m
[ 64%] [34m[1mGenerating EusLisp code from pr2_tilt_laser_interface/GetSnapshotActionResult.msg[0m
[ 66%] [34m[1mGenerating Python from MSG pr2_tilt_laser_interface/GetSnapshotActionResult[0m
[ 69%] [34m[1mGenerating EusLisp code from pr2_tilt_laser_interface/GetSnapshotFeedback.msg[0m
[ 71%] [34m[1mGenerating EusLisp manifest code for pr2_tilt_laser_interface[0m
[ 74%] [34m[1mGenerating Python from MSG pr2_tilt_laser_interface/GetSnapshotFeedback[0m
[ 76%] [34m[1mGenerating Python msg __init__.py for pr2_tilt_laser_interface[0m
[ 76%] Built target pr2_tilt_laser_interface_generate_messages_py
[35m[1mScanning dependencies of target pr2_tilt_laser_interface_generate_messages_lisp[0m
[ 79%] [34m[1mGenerating Lisp code from pr2_tilt_laser_interface/GetSnapshotGoal.msg[0m
[ 82%] [34m[1mGenerating Lisp code from pr2_tilt_laser_interface/GetSnapshotActionFeedback.msg[0m
[ 84%] [34m[1mGenerating Lisp code from pr2_tilt_laser_interface/GetSnapshotAction.msg[0m
[ 87%] [34m[1mGenerating Lisp code from pr2_tilt_laser_interface/GetSnapshotActionGoal.msg[0m
[ 89%] [34m[1mGenerating Lisp code from pr2_tilt_laser_interface/GetSnapshotResult.msg[0m
[ 92%] [34m[1mGenerating Lisp code from pr2_tilt_laser_interface/GetSnapshotActionResult.msg[0m
[ 94%] [34m[1mGenerating Lisp code from pr2_tilt_laser_interface/GetSnapshotFeedback.msg[0m
[ 94%] Built target pr2_tilt_laser_interface_generate_messages_lisp
[35m[1mScanning dependencies of target pr2_tilt_laser_interface_gencpp[0m
[ 94%] Built target pr2_tilt_laser_interface_gencpp
[35m[1mScanning dependencies of target grab_result[0m
[ 97%] [32mBuilding CXX object CMakeFiles/grab_result.dir/src/grab_result.cpp.o[0m
[ 97%] Built target pr2_tilt_laser_interface_generate_messages_eus
[35m[1mScanning dependencies of target pr2_tilt_laser_interface_generate_messages[0m
[ 97%] Built target pr2_tilt_laser_interface_generate_messages
[100%] [32m[1mLinking CXX executable /home/david/PR2-Kinetic-Xenial/devel/.private/pr2_tilt_laser_interface/lib/pr2_tilt_laser_interface/grab_result[0m
[100%] Built target grab_result
