[35m[1mScanning dependencies of target laas_sherlock_generate_type_system[0m
Searching for files...
Checking for modification...
Files modified. Updating type system...
Reading typesystem...
Reading file: annotation_types.xml
[35m[1mScanning dependencies of target laas_sherlock_update_analysis_engines[0m
Reading file: core_types.xml
Reading file: cv_types.xml
searching for annotators...
Reading file: human_types.xml
Reading file: pcl_types.xml
Reading file: ros_types.xml
found 42 annotator...
searching for analysis engines...
found 1 analysis engines...
checking for modification...
Reading file: scene_types.xml
Files modified. Updating annotators...
extracting annotator names...
Reading file: tf_types.xml
checking type system...
Writing typesystem...
Writing file: all_types.h
Writing file: type_definitions.h
writing all_types.xml
[  0%] Built target laas_sherlock_generate_type_system
found 42 annotators...
creating xml for annotators...
updating analysis engines...
0 updated, 1 already up to date.
update finished!
[  0%] Built target laas_sherlock_update_analysis_engines
[35m[1mScanning dependencies of target rs_BananaAnnotator[0m
[ 50%] [32mBuilding CXX object CMakeFiles/rs_BananaAnnotator.dir/src/BananaAnnotator.cpp.o[0m
[100%] [32m[1mLinking CXX shared library /home/dtrimoul/PR2-Kinetic-Xenial/devel/.private/laas_sherlock/lib/rs_BananaAnnotator.so[0m
[100%] Built target rs_BananaAnnotator
