[35m[1mScanning dependencies of target laas_sherlock_generate_type_system[0m
[35m[1mScanning dependencies of target laas_sherlock_update_analysis_engines[0m
searching for annotators...
Searching for files...
Checking for modification...
Files modified. Updating type system...
Reading typesystem...
Reading file: annotation_types.xml
Reading file: core_types.xml
Reading file: cv_types.xml
found 42 annotator...
searching for analysis engines...
Reading file: human_types.xml
found 1 analysis engines...
checking for modification...
Files modified. Updating annotators...
extracting annotator names...
Reading file: pcl_types.xml
Reading file: ros_types.xml
Reading file: scene_types.xml
Reading file: tf_types.xml
checking type system...
Writing typesystem...
Writing file: all_types.h
found 42 annotators...
creating xml for annotators...
updating analysis engines...
0 updated, 1 already up to date.
update finished!
Built target laas_sherlock_update_analysis_engines
Writing file: type_definitions.h
writing all_types.xml
Built target laas_sherlock_generate_type_system
