[  0%] Built target dynamic_reconfigure_generate_messages_lisp
[  0%] Built target std_msgs_generate_messages_lisp
[  0%] Built target geometry_msgs_generate_messages_lisp
[  0%] Built target actionlib_msgs_generate_messages_lisp
[  0%] Built target roscpp_generate_messages_eus
[  0%] Built target _robot_mechanism_controllers_generate_messages_check_deps_JTCartesianControllerState
[  0%] Built target diagnostic_msgs_generate_messages_lisp
[  0%] Built target geometry_msgs_generate_messages_eus
[  0%] Built target geometry_msgs_generate_messages_java
[  0%] Built target std_msgs_generate_messages_eus
[  0%] Built target sensor_msgs_generate_messages_eus
[  0%] Built target actionlib_msgs_generate_messages_eus
[  0%] Built target actionlib_generate_messages_lisp
[  0%] Built target control_toolbox_generate_messages_nodejs
[  0%] Built target control_toolbox_generate_messages_py
[  0%] Built target actionlib_msgs_generate_messages_cpp
[  0%] Built target pr2_controllers_msgs_generate_messages_lisp
[  0%] Built target sensor_msgs_generate_messages_lisp
[  0%] Built target sensor_msgs_generate_messages_cpp
[  0%] Built target std_msgs_generate_messages_cpp
[  0%] Built target std_msgs_generate_messages_nodejs
[  0%] Built target sensor_msgs_generate_messages_nodejs
[  0%] Built target tf_generate_messages_py
[  0%] Built target tf_generate_messages_nodejs
[  0%] Built target roscpp_generate_messages_py
[  0%] Built target tf_generate_messages_lisp
[  0%] Built target rosgraph_msgs_generate_messages_py
[  0%] Built target actionlib_generate_messages_cpp
[  0%] Built target diagnostic_msgs_generate_messages_py
[  0%] Built target pr2_mechanism_msgs_generate_messages_py
[  0%] Built target geometry_msgs_generate_messages_nodejs
[  0%] Built target actionlib_msgs_generate_messages_nodejs
[  0%] Built target tf2_msgs_generate_messages_py
[  0%] Built target tf_generate_messages_cpp
[  0%] Built target rosgraph_msgs_generate_messages_cpp
[  0%] Built target diagnostic_msgs_generate_messages_eus
[  0%] Built target geometry_msgs_generate_messages_py
[  0%] Built target control_toolbox_generate_messages_cpp
[  0%] Built target rosgraph_msgs_generate_messages_nodejs
[  0%] Built target tf_generate_messages_eus
[  0%] Built target pr2_controllers_msgs_generate_messages_eus
[  0%] Built target sensor_msgs_generate_messages_py
[  0%] Built target roscpp_generate_messages_nodejs
[  0%] Built target rosgraph_msgs_generate_messages_lisp
[  0%] Built target sensor_msgs_generate_messages_java
[  0%] Built target rosgraph_msgs_generate_messages_eus
[  0%] Built target std_msgs_generate_messages_py
[  0%] Built target roscpp_generate_messages_lisp
[  0%] Built target actionlib_generate_messages_eus
[  0%] Built target pr2_controllers_msgs_generate_messages_cpp
[  0%] Built target tf2_msgs_generate_messages_cpp
[  0%] Built target actionlib_msgs_generate_messages_py
[  0%] Built target tf2_msgs_generate_messages_eus
[ 10%] Built target tf2_msgs_generate_messages_lisp
[ 10%] Built target robot_mechanism_controllers_generate_messages_py
[ 10%] Built target actionlib_msgs_generate_messages_java
[ 10%] Built target diagnostic_msgs_generate_messages_cpp
[ 10%] Built target tf2_msgs_generate_messages_nodejs
[ 10%] Built target diagnostic_msgs_generate_messages_java
[ 10%] Built target roscpp_generate_messages_cpp
[ 10%] Built target control_msgs_generate_messages_cpp
[ 10%] Built target trajectory_msgs_generate_messages_java
[ 10%] Built target trajectory_msgs_generate_messages_lisp
[ 10%] Built target trajectory_msgs_generate_messages_eus
[ 10%] Built target diagnostic_msgs_generate_messages_nodejs
[ 10%] Built target geometry_msgs_generate_messages_cpp
[ 15%] Built target trajectory_msgs_generate_messages_nodejs
[ 15%] Built target robot_mechanism_controllers_generate_messages_nodejs
[ 15%] Built target control_msgs_generate_messages_lisp
[ 15%] Built target pr2_controllers_msgs_generate_messages_nodejs
[ 15%] Built target trajectory_msgs_generate_messages_py
[ 15%] Built target pr2_mechanism_msgs_generate_messages_cpp
[ 15%] Built target pr2_controllers_msgs_generate_messages_py
[ 15%] Built target dynamic_reconfigure_gencfg
[ 15%] Built target pr2_mechanism_msgs_generate_messages_java
[ 15%] Built target pr2_controllers_msgs_generate_messages_java
[ 15%] Built target pr2_mechanism_msgs_generate_messages_lisp
[ 15%] Built target pr2_mechanism_msgs_generate_messages_nodejs
[ 15%] Built target control_toolbox_gencfg
[ 15%] Built target control_msgs_generate_messages_nodejs
[ 15%] Built target dynamic_reconfigure_generate_messages_nodejs
[ 15%] Built target control_toolbox_generate_messages_java
[ 15%] Built target trajectory_msgs_generate_messages_cpp
[ 15%] Built target dynamic_reconfigure_generate_messages_py
[ 15%] Built target control_toolbox_generate_messages_lisp
[ 15%] Built target actionlib_generate_messages_py
[ 15%] Built target control_msgs_generate_messages_eus
[ 15%] Built target actionlib_generate_messages_nodejs
[ 15%] Built target control_msgs_generate_messages_py
[ 15%] Built target dynamic_reconfigure_generate_messages_cpp
[ 20%] Built target pr2_mechanism_msgs_generate_messages_eus
[ 20%] Built target robot_mechanism_controllers_generate_messages_cpp
[ 20%] Built target dynamic_reconfigure_generate_messages_eus
[ 20%] Built target control_toolbox_generate_messages_eus
[ 25%] [34m[1mCompiling Java code for robot_mechanism_controllers[0m
[ 25%] Built target robot_mechanism_controllers_xacro_generated_to_devel_space_
[ 30%] Built target robot_mechanism_controllers_generate_messages_java
[ 40%] Built target robot_mechanism_controllers_generate_messages_lisp
[ 45%] Built target robot_mechanism_controllers_generate_messages_eus
[100%] Built target robot_mechanism_controllers_generate_messages_java_gradle
[100%] Built target robot_mechanism_controllers
[100%] Built target robot_mechanism_controllers_generate_messages
