Symlinking /home/dtrimoul/PR2-Kinetic-Xenial/devel/share/robot_mechanism_controllers/cmake/robot_mechanism_controllersConfig-version.cmake
Symlinking /home/dtrimoul/PR2-Kinetic-Xenial/devel/share/robot_mechanism_controllers/cmake/robot_mechanism_controllers-msg-paths.cmake
Symlinking /home/dtrimoul/PR2-Kinetic-Xenial/devel/share/robot_mechanism_controllers/cmake/robot_mechanism_controllers-msg-extras.cmake
Symlinking /home/dtrimoul/PR2-Kinetic-Xenial/devel/share/robot_mechanism_controllers/cmake/robot_mechanism_controllersConfig.cmake
Symlinking /home/dtrimoul/PR2-Kinetic-Xenial/devel/share/roseus/ros/robot_mechanism_controllers/manifest.l
Symlinking /home/dtrimoul/PR2-Kinetic-Xenial/devel/share/roseus/ros/robot_mechanism_controllers/msg/JTCartesianControllerState.l
Symlinking /home/dtrimoul/PR2-Kinetic-Xenial/devel/share/common-lisp/ros/robot_mechanism_controllers/msg/JTCartesianControllerState.lisp
Symlinking /home/dtrimoul/PR2-Kinetic-Xenial/devel/share/common-lisp/ros/robot_mechanism_controllers/msg/_package_JTCartesianControllerState.lisp
Symlinking /home/dtrimoul/PR2-Kinetic-Xenial/devel/share/common-lisp/ros/robot_mechanism_controllers/msg/_package.lisp
Symlinking /home/dtrimoul/PR2-Kinetic-Xenial/devel/share/common-lisp/ros/robot_mechanism_controllers/msg/robot_mechanism_controllers-msg.asd
Symlinking /home/dtrimoul/PR2-Kinetic-Xenial/devel/share/gennodejs/ros/robot_mechanism_controllers/_index.js
Symlinking /home/dtrimoul/PR2-Kinetic-Xenial/devel/share/gennodejs/ros/robot_mechanism_controllers/msg/JTCartesianControllerState.js
Symlinking /home/dtrimoul/PR2-Kinetic-Xenial/devel/share/gennodejs/ros/robot_mechanism_controllers/msg/_index.js
Symlinking /home/dtrimoul/PR2-Kinetic-Xenial/devel/share/maven/org/ros/rosjava_messages/robot_mechanism_controllers/maven-metadata.xml
Symlinking /home/dtrimoul/PR2-Kinetic-Xenial/devel/share/maven/org/ros/rosjava_messages/robot_mechanism_controllers/maven-metadata.xml.sha1
Symlinking /home/dtrimoul/PR2-Kinetic-Xenial/devel/share/maven/org/ros/rosjava_messages/robot_mechanism_controllers/maven-metadata.xml.md5
Symlinking /home/dtrimoul/PR2-Kinetic-Xenial/devel/share/maven/org/ros/rosjava_messages/robot_mechanism_controllers/1.10.14/robot_mechanism_controllers-1.10.14.jar
Symlinking /home/dtrimoul/PR2-Kinetic-Xenial/devel/share/maven/org/ros/rosjava_messages/robot_mechanism_controllers/1.10.14/robot_mechanism_controllers-1.10.14.jar.sha1
Symlinking /home/dtrimoul/PR2-Kinetic-Xenial/devel/share/maven/org/ros/rosjava_messages/robot_mechanism_controllers/1.10.14/robot_mechanism_controllers-1.10.14.jar.md5
Symlinking /home/dtrimoul/PR2-Kinetic-Xenial/devel/share/maven/org/ros/rosjava_messages/robot_mechanism_controllers/1.10.14/robot_mechanism_controllers-1.10.14.pom
Symlinking /home/dtrimoul/PR2-Kinetic-Xenial/devel/share/maven/org/ros/rosjava_messages/robot_mechanism_controllers/1.10.14/robot_mechanism_controllers-1.10.14.pom.sha1
Symlinking /home/dtrimoul/PR2-Kinetic-Xenial/devel/share/maven/org/ros/rosjava_messages/robot_mechanism_controllers/1.10.14/robot_mechanism_controllers-1.10.14.pom.md5
Symlinking /home/dtrimoul/PR2-Kinetic-Xenial/devel/include/robot_mechanism_controllers/JTCartesianControllerState.h
Symlinking /home/dtrimoul/PR2-Kinetic-Xenial/devel/lib/librobot_mechanism_controllers.so
Symlinking /home/dtrimoul/PR2-Kinetic-Xenial/devel/lib/python2.7/dist-packages/robot_mechanism_controllers/__init__.py
Symlinking /home/dtrimoul/PR2-Kinetic-Xenial/devel/lib/python2.7/dist-packages/robot_mechanism_controllers/msg/_JTCartesianControllerState.py
Symlinking /home/dtrimoul/PR2-Kinetic-Xenial/devel/lib/python2.7/dist-packages/robot_mechanism_controllers/msg/__init__.py
Symlinking /home/dtrimoul/PR2-Kinetic-Xenial/devel/lib/pkgconfig/robot_mechanism_controllers.pc
