Linked: (/home/dtrimoul/PR2-Kinetic-Xenial/devel/.private/robot_mechanism_controllers/share/robot_mechanism_controllers/cmake/robot_mechanism_controllersConfig-version.cmake, /home/dtrimoul/PR2-Kinetic-Xenial/devel/share/robot_mechanism_controllers/cmake/robot_mechanism_controllersConfig-version.cmake)
Linked: (/home/dtrimoul/PR2-Kinetic-Xenial/devel/.private/robot_mechanism_controllers/share/robot_mechanism_controllers/cmake/robot_mechanism_controllers-msg-paths.cmake, /home/dtrimoul/PR2-Kinetic-Xenial/devel/share/robot_mechanism_controllers/cmake/robot_mechanism_controllers-msg-paths.cmake)
Linked: (/home/dtrimoul/PR2-Kinetic-Xenial/devel/.private/robot_mechanism_controllers/share/robot_mechanism_controllers/cmake/robot_mechanism_controllers-msg-extras.cmake, /home/dtrimoul/PR2-Kinetic-Xenial/devel/share/robot_mechanism_controllers/cmake/robot_mechanism_controllers-msg-extras.cmake)
Linked: (/home/dtrimoul/PR2-Kinetic-Xenial/devel/.private/robot_mechanism_controllers/share/robot_mechanism_controllers/cmake/robot_mechanism_controllersConfig.cmake, /home/dtrimoul/PR2-Kinetic-Xenial/devel/share/robot_mechanism_controllers/cmake/robot_mechanism_controllersConfig.cmake)
Linked: (/home/dtrimoul/PR2-Kinetic-Xenial/devel/.private/robot_mechanism_controllers/share/roseus/ros/robot_mechanism_controllers/manifest.l, /home/dtrimoul/PR2-Kinetic-Xenial/devel/share/roseus/ros/robot_mechanism_controllers/manifest.l)
Linked: (/home/dtrimoul/PR2-Kinetic-Xenial/devel/.private/robot_mechanism_controllers/share/roseus/ros/robot_mechanism_controllers/msg/JTCartesianControllerState.l, /home/dtrimoul/PR2-Kinetic-Xenial/devel/share/roseus/ros/robot_mechanism_controllers/msg/JTCartesianControllerState.l)
Linked: (/home/dtrimoul/PR2-Kinetic-Xenial/devel/.private/robot_mechanism_controllers/share/common-lisp/ros/robot_mechanism_controllers/msg/JTCartesianControllerState.lisp, /home/dtrimoul/PR2-Kinetic-Xenial/devel/share/common-lisp/ros/robot_mechanism_controllers/msg/JTCartesianControllerState.lisp)
Linked: (/home/dtrimoul/PR2-Kinetic-Xenial/devel/.private/robot_mechanism_controllers/share/common-lisp/ros/robot_mechanism_controllers/msg/_package_JTCartesianControllerState.lisp, /home/dtrimoul/PR2-Kinetic-Xenial/devel/share/common-lisp/ros/robot_mechanism_controllers/msg/_package_JTCartesianControllerState.lisp)
Linked: (/home/dtrimoul/PR2-Kinetic-Xenial/devel/.private/robot_mechanism_controllers/share/common-lisp/ros/robot_mechanism_controllers/msg/_package.lisp, /home/dtrimoul/PR2-Kinetic-Xenial/devel/share/common-lisp/ros/robot_mechanism_controllers/msg/_package.lisp)
Linked: (/home/dtrimoul/PR2-Kinetic-Xenial/devel/.private/robot_mechanism_controllers/share/common-lisp/ros/robot_mechanism_controllers/msg/robot_mechanism_controllers-msg.asd, /home/dtrimoul/PR2-Kinetic-Xenial/devel/share/common-lisp/ros/robot_mechanism_controllers/msg/robot_mechanism_controllers-msg.asd)
Linked: (/home/dtrimoul/PR2-Kinetic-Xenial/devel/.private/robot_mechanism_controllers/share/gennodejs/ros/robot_mechanism_controllers/_index.js, /home/dtrimoul/PR2-Kinetic-Xenial/devel/share/gennodejs/ros/robot_mechanism_controllers/_index.js)
Linked: (/home/dtrimoul/PR2-Kinetic-Xenial/devel/.private/robot_mechanism_controllers/share/gennodejs/ros/robot_mechanism_controllers/msg/JTCartesianControllerState.js, /home/dtrimoul/PR2-Kinetic-Xenial/devel/share/gennodejs/ros/robot_mechanism_controllers/msg/JTCartesianControllerState.js)
Linked: (/home/dtrimoul/PR2-Kinetic-Xenial/devel/.private/robot_mechanism_controllers/share/gennodejs/ros/robot_mechanism_controllers/msg/_index.js, /home/dtrimoul/PR2-Kinetic-Xenial/devel/share/gennodejs/ros/robot_mechanism_controllers/msg/_index.js)
Linked: (/home/dtrimoul/PR2-Kinetic-Xenial/devel/.private/robot_mechanism_controllers/share/maven/org/ros/rosjava_messages/robot_mechanism_controllers/maven-metadata.xml, /home/dtrimoul/PR2-Kinetic-Xenial/devel/share/maven/org/ros/rosjava_messages/robot_mechanism_controllers/maven-metadata.xml)
Linked: (/home/dtrimoul/PR2-Kinetic-Xenial/devel/.private/robot_mechanism_controllers/share/maven/org/ros/rosjava_messages/robot_mechanism_controllers/maven-metadata.xml.sha1, /home/dtrimoul/PR2-Kinetic-Xenial/devel/share/maven/org/ros/rosjava_messages/robot_mechanism_controllers/maven-metadata.xml.sha1)
Linked: (/home/dtrimoul/PR2-Kinetic-Xenial/devel/.private/robot_mechanism_controllers/share/maven/org/ros/rosjava_messages/robot_mechanism_controllers/maven-metadata.xml.md5, /home/dtrimoul/PR2-Kinetic-Xenial/devel/share/maven/org/ros/rosjava_messages/robot_mechanism_controllers/maven-metadata.xml.md5)
Linked: (/home/dtrimoul/PR2-Kinetic-Xenial/devel/.private/robot_mechanism_controllers/share/maven/org/ros/rosjava_messages/robot_mechanism_controllers/1.10.14/robot_mechanism_controllers-1.10.14.jar, /home/dtrimoul/PR2-Kinetic-Xenial/devel/share/maven/org/ros/rosjava_messages/robot_mechanism_controllers/1.10.14/robot_mechanism_controllers-1.10.14.jar)
Linked: (/home/dtrimoul/PR2-Kinetic-Xenial/devel/.private/robot_mechanism_controllers/share/maven/org/ros/rosjava_messages/robot_mechanism_controllers/1.10.14/robot_mechanism_controllers-1.10.14.jar.sha1, /home/dtrimoul/PR2-Kinetic-Xenial/devel/share/maven/org/ros/rosjava_messages/robot_mechanism_controllers/1.10.14/robot_mechanism_controllers-1.10.14.jar.sha1)
Linked: (/home/dtrimoul/PR2-Kinetic-Xenial/devel/.private/robot_mechanism_controllers/share/maven/org/ros/rosjava_messages/robot_mechanism_controllers/1.10.14/robot_mechanism_controllers-1.10.14.jar.md5, /home/dtrimoul/PR2-Kinetic-Xenial/devel/share/maven/org/ros/rosjava_messages/robot_mechanism_controllers/1.10.14/robot_mechanism_controllers-1.10.14.jar.md5)
Linked: (/home/dtrimoul/PR2-Kinetic-Xenial/devel/.private/robot_mechanism_controllers/share/maven/org/ros/rosjava_messages/robot_mechanism_controllers/1.10.14/robot_mechanism_controllers-1.10.14.pom, /home/dtrimoul/PR2-Kinetic-Xenial/devel/share/maven/org/ros/rosjava_messages/robot_mechanism_controllers/1.10.14/robot_mechanism_controllers-1.10.14.pom)
Linked: (/home/dtrimoul/PR2-Kinetic-Xenial/devel/.private/robot_mechanism_controllers/share/maven/org/ros/rosjava_messages/robot_mechanism_controllers/1.10.14/robot_mechanism_controllers-1.10.14.pom.sha1, /home/dtrimoul/PR2-Kinetic-Xenial/devel/share/maven/org/ros/rosjava_messages/robot_mechanism_controllers/1.10.14/robot_mechanism_controllers-1.10.14.pom.sha1)
Linked: (/home/dtrimoul/PR2-Kinetic-Xenial/devel/.private/robot_mechanism_controllers/share/maven/org/ros/rosjava_messages/robot_mechanism_controllers/1.10.14/robot_mechanism_controllers-1.10.14.pom.md5, /home/dtrimoul/PR2-Kinetic-Xenial/devel/share/maven/org/ros/rosjava_messages/robot_mechanism_controllers/1.10.14/robot_mechanism_controllers-1.10.14.pom.md5)
Linked: (/home/dtrimoul/PR2-Kinetic-Xenial/devel/.private/robot_mechanism_controllers/include/robot_mechanism_controllers/JTCartesianControllerState.h, /home/dtrimoul/PR2-Kinetic-Xenial/devel/include/robot_mechanism_controllers/JTCartesianControllerState.h)
Linked: (/home/dtrimoul/PR2-Kinetic-Xenial/devel/.private/robot_mechanism_controllers/lib/librobot_mechanism_controllers.so, /home/dtrimoul/PR2-Kinetic-Xenial/devel/lib/librobot_mechanism_controllers.so)
Linked: (/home/dtrimoul/PR2-Kinetic-Xenial/devel/.private/robot_mechanism_controllers/lib/python2.7/dist-packages/robot_mechanism_controllers/__init__.py, /home/dtrimoul/PR2-Kinetic-Xenial/devel/lib/python2.7/dist-packages/robot_mechanism_controllers/__init__.py)
Linked: (/home/dtrimoul/PR2-Kinetic-Xenial/devel/.private/robot_mechanism_controllers/lib/python2.7/dist-packages/robot_mechanism_controllers/msg/_JTCartesianControllerState.py, /home/dtrimoul/PR2-Kinetic-Xenial/devel/lib/python2.7/dist-packages/robot_mechanism_controllers/msg/_JTCartesianControllerState.py)
Linked: (/home/dtrimoul/PR2-Kinetic-Xenial/devel/.private/robot_mechanism_controllers/lib/python2.7/dist-packages/robot_mechanism_controllers/msg/__init__.py, /home/dtrimoul/PR2-Kinetic-Xenial/devel/lib/python2.7/dist-packages/robot_mechanism_controllers/msg/__init__.py)
Linked: (/home/dtrimoul/PR2-Kinetic-Xenial/devel/.private/robot_mechanism_controllers/lib/pkgconfig/robot_mechanism_controllers.pc, /home/dtrimoul/PR2-Kinetic-Xenial/devel/lib/pkgconfig/robot_mechanism_controllers.pc)
