[  0%] Built target sensor_msgs_generate_messages_nodejs
[  0%] Built target std_msgs_generate_messages_nodejs
[  0%] Built target sensor_msgs_generate_messages_py
[  0%] Built target sensor_msgs_generate_messages_java
[  0%] Built target geometry_msgs_generate_messages_nodejs
[  0%] Built target sensor_msgs_generate_messages_eus
[  0%] Built target sensor_msgs_generate_messages_cpp
[  0%] Built target std_msgs_generate_messages_eus
[  0%] Built target geometry_msgs_generate_messages_eus
[  0%] Built target geometry_msgs_generate_messages_py
[  0%] Built target std_msgs_generate_messages_cpp
[  0%] Built target std_msgs_generate_messages_py
[ 12%] Built target sensor_msgs_generate_messages_lisp
[ 12%] Built target moveit_occupancy_map_monitor
[ 12%] Built target geometry_msgs_generate_messages_lisp
[ 12%] Built target geometry_msgs_generate_messages_java
[ 12%] Built target geometry_msgs_generate_messages_cpp
[ 12%] Built target std_msgs_generate_messages_lisp
[ 12%] Built target moveit_msgs_generate_messages_py
[ 12%] Built target tf2_msgs_generate_messages_eus
[ 12%] Built target tf2_msgs_generate_messages_lisp
[ 12%] Built target tf2_msgs_generate_messages_nodejs
[ 20%] Built target moveit_point_containment_filter
[ 20%] Built target tf2_msgs_generate_messages_cpp
[ 32%] Built target octomap_msgs_generate_messages_lisp
[ 44%] Built target moveit_mesh_filter
[ 44%] Built target tf_generate_messages_eus
[ 44%] Built target actionlib_generate_messages_eus
[ 44%] Built target tf_generate_messages_py
[ 44%] Built target actionlib_generate_messages_py
[ 44%] Built target octomap_msgs_generate_messages_py
[ 44%] Built target object_recognition_msgs_generate_messages_nodejs
[ 44%] Built target octomap_msgs_generate_messages_eus
[ 44%] Built target object_recognition_msgs_generate_messages_eus
[ 44%] Built target trajectory_msgs_generate_messages_nodejs
[ 44%] Built target object_recognition_msgs_generate_messages_cpp
[ 44%] Built target trajectory_msgs_generate_messages_lisp
[ 44%] Built target trajectory_msgs_generate_messages_py
[ 44%] Built target trajectory_msgs_generate_messages_java
[ 44%] Built target tf2_msgs_generate_messages_py
[ 44%] Built target actionlib_generate_messages_cpp
[ 44%] Built target actionlib_msgs_generate_messages_lisp
[ 44%] Built target actionlib_msgs_generate_messages_nodejs
[ 44%] Built target trajectory_msgs_generate_messages_eus
[ 44%] Built target actionlib_msgs_generate_messages_py
[ 44%] Built target shape_msgs_generate_messages_java
[ 44%] Built target shape_msgs_generate_messages_py
[ 44%] Built target roscpp_generate_messages_lisp
[ 44%] Built target octomap_msgs_generate_messages_cpp
[ 44%] Built target tf_generate_messages_cpp
[ 44%] Built target shape_msgs_generate_messages_nodejs
[ 44%] Built target actionlib_generate_messages_lisp
[ 44%] Built target moveit_msgs_generate_messages_java
[ 44%] Built target shape_msgs_generate_messages_cpp
[ 44%] Built target actionlib_msgs_generate_messages_eus
[ 44%] Built target moveit_msgs_generate_messages_lisp
[ 44%] Built target rosgraph_msgs_generate_messages_lisp
[ 44%] Built target moveit_msgs_generate_messages_cpp
[ 44%] Built target roscpp_generate_messages_nodejs
[ 44%] Built target rosgraph_msgs_generate_messages_nodejs
[ 44%] Built target roscpp_generate_messages_cpp
[ 44%] Built target moveit_msgs_generate_messages_nodejs
[ 44%] Built target shape_msgs_generate_messages_lisp
[ 44%] Built target actionlib_generate_messages_nodejs
[ 44%] Built target actionlib_msgs_generate_messages_cpp
[ 44%] Built target object_recognition_msgs_generate_messages_lisp
[ 44%] Built target object_recognition_msgs_generate_messages_py
[ 44%] Built target shape_msgs_generate_messages_eus
[ 44%] Built target rosgraph_msgs_generate_messages_cpp
[ 44%] Built target trajectory_msgs_generate_messages_cpp
[ 44%] Built target octomap_msgs_generate_messages_nodejs
[ 44%] Built target _catkin_empty_exported_target
[ 44%] Built target visualization_msgs_generate_messages_eus
[ 44%] Built target visualization_msgs_generate_messages_py
[ 44%] Built target visualization_msgs_generate_messages_lisp
[ 44%] Built target visualization_msgs_generate_messages_cpp
[ 44%] Built target visualization_msgs_generate_messages_java
[ 44%] Built target visualization_msgs_generate_messages_nodejs
[ 44%] Built target roscpp_generate_messages_py
[ 44%] Built target tf_generate_messages_nodejs
[ 44%] Built target roscpp_generate_messages_eus
[ 44%] Built target actionlib_msgs_generate_messages_java
[ 44%] Built target rosgraph_msgs_generate_messages_eus
[ 44%] Built target moveit_msgs_generate_messages_eus
[ 44%] Built target tf_generate_messages_lisp
[ 44%] Built target rosgraph_msgs_generate_messages_py
[ 52%] Built target moveit_lazy_free_space_updater
[ 60%] Built target moveit_occupancy_map_server
[ 68%] Built target moveit_pointcloud_octomap_updater_core
[ 76%] Built target moveit_depth_image_octomap_updater_core
[ 84%] Built target moveit_semantic_world
[ 92%] Built target moveit_pointcloud_octomap_updater
[100%] Built target moveit_depth_image_octomap_updater
