Symlinking /home/dtrimoul/PR2-Kinetic-Xenial/devel/lib/libmoveit_occupancy_map_monitor.so.0.9.7
Symlinking /home/dtrimoul/PR2-Kinetic-Xenial/devel/lib/libmoveit_occupancy_map_monitor.so
Symlinking /home/dtrimoul/PR2-Kinetic-Xenial/devel/lib/libmoveit_point_containment_filter.so.0.9.7
Symlinking /home/dtrimoul/PR2-Kinetic-Xenial/devel/lib/libmoveit_point_containment_filter.so
Symlinking /home/dtrimoul/PR2-Kinetic-Xenial/devel/lib/libmoveit_pointcloud_octomap_updater_core.so.0.9.7
Symlinking /home/dtrimoul/PR2-Kinetic-Xenial/devel/lib/libmoveit_pointcloud_octomap_updater_core.so
Symlinking /home/dtrimoul/PR2-Kinetic-Xenial/devel/lib/libmoveit_mesh_filter.so.0.9.7
Symlinking /home/dtrimoul/PR2-Kinetic-Xenial/devel/lib/libmoveit_mesh_filter.so
Symlinking /home/dtrimoul/PR2-Kinetic-Xenial/devel/lib/libmoveit_lazy_free_space_updater.so.0.9.7
Symlinking /home/dtrimoul/PR2-Kinetic-Xenial/devel/lib/libmoveit_lazy_free_space_updater.so
Symlinking /home/dtrimoul/PR2-Kinetic-Xenial/devel/lib/libmoveit_pointcloud_octomap_updater.so.0.9.7
Symlinking /home/dtrimoul/PR2-Kinetic-Xenial/devel/lib/libmoveit_pointcloud_octomap_updater.so
Symlinking /home/dtrimoul/PR2-Kinetic-Xenial/devel/lib/libmoveit_depth_image_octomap_updater_core.so.0.9.7
Symlinking /home/dtrimoul/PR2-Kinetic-Xenial/devel/lib/libmoveit_depth_image_octomap_updater_core.so
Symlinking /home/dtrimoul/PR2-Kinetic-Xenial/devel/lib/libmoveit_semantic_world.so.0.9.7
Symlinking /home/dtrimoul/PR2-Kinetic-Xenial/devel/lib/libmoveit_semantic_world.so
Symlinking /home/dtrimoul/PR2-Kinetic-Xenial/devel/lib/libmoveit_depth_image_octomap_updater.so.0.9.7
Symlinking /home/dtrimoul/PR2-Kinetic-Xenial/devel/lib/libmoveit_depth_image_octomap_updater.so
Symlinking /home/dtrimoul/PR2-Kinetic-Xenial/devel/lib/pkgconfig/moveit_ros_perception.pc
Symlinking /home/dtrimoul/PR2-Kinetic-Xenial/devel/lib/moveit_ros_perception/moveit_occupancy_map_server
Symlinking /home/dtrimoul/PR2-Kinetic-Xenial/devel/share/moveit_ros_perception/cmake/moveit_ros_perceptionConfig.cmake
Symlinking /home/dtrimoul/PR2-Kinetic-Xenial/devel/share/moveit_ros_perception/cmake/moveit_ros_perceptionConfig-version.cmake
