Linked: (/home/dtrimoul/PR2-Kinetic-Xenial/devel/.private/moveit_ros_perception/lib/libmoveit_occupancy_map_monitor.so.0.9.7, /home/dtrimoul/PR2-Kinetic-Xenial/devel/lib/libmoveit_occupancy_map_monitor.so.0.9.7)
Linked: (/home/dtrimoul/PR2-Kinetic-Xenial/devel/.private/moveit_ros_perception/lib/libmoveit_occupancy_map_monitor.so, /home/dtrimoul/PR2-Kinetic-Xenial/devel/lib/libmoveit_occupancy_map_monitor.so)
Linked: (/home/dtrimoul/PR2-Kinetic-Xenial/devel/.private/moveit_ros_perception/lib/libmoveit_point_containment_filter.so.0.9.7, /home/dtrimoul/PR2-Kinetic-Xenial/devel/lib/libmoveit_point_containment_filter.so.0.9.7)
Linked: (/home/dtrimoul/PR2-Kinetic-Xenial/devel/.private/moveit_ros_perception/lib/libmoveit_point_containment_filter.so, /home/dtrimoul/PR2-Kinetic-Xenial/devel/lib/libmoveit_point_containment_filter.so)
Linked: (/home/dtrimoul/PR2-Kinetic-Xenial/devel/.private/moveit_ros_perception/lib/libmoveit_pointcloud_octomap_updater_core.so.0.9.7, /home/dtrimoul/PR2-Kinetic-Xenial/devel/lib/libmoveit_pointcloud_octomap_updater_core.so.0.9.7)
Linked: (/home/dtrimoul/PR2-Kinetic-Xenial/devel/.private/moveit_ros_perception/lib/libmoveit_pointcloud_octomap_updater_core.so, /home/dtrimoul/PR2-Kinetic-Xenial/devel/lib/libmoveit_pointcloud_octomap_updater_core.so)
Linked: (/home/dtrimoul/PR2-Kinetic-Xenial/devel/.private/moveit_ros_perception/lib/libmoveit_mesh_filter.so.0.9.7, /home/dtrimoul/PR2-Kinetic-Xenial/devel/lib/libmoveit_mesh_filter.so.0.9.7)
Linked: (/home/dtrimoul/PR2-Kinetic-Xenial/devel/.private/moveit_ros_perception/lib/libmoveit_mesh_filter.so, /home/dtrimoul/PR2-Kinetic-Xenial/devel/lib/libmoveit_mesh_filter.so)
Linked: (/home/dtrimoul/PR2-Kinetic-Xenial/devel/.private/moveit_ros_perception/lib/libmoveit_lazy_free_space_updater.so.0.9.7, /home/dtrimoul/PR2-Kinetic-Xenial/devel/lib/libmoveit_lazy_free_space_updater.so.0.9.7)
Linked: (/home/dtrimoul/PR2-Kinetic-Xenial/devel/.private/moveit_ros_perception/lib/libmoveit_lazy_free_space_updater.so, /home/dtrimoul/PR2-Kinetic-Xenial/devel/lib/libmoveit_lazy_free_space_updater.so)
Linked: (/home/dtrimoul/PR2-Kinetic-Xenial/devel/.private/moveit_ros_perception/lib/libmoveit_pointcloud_octomap_updater.so.0.9.7, /home/dtrimoul/PR2-Kinetic-Xenial/devel/lib/libmoveit_pointcloud_octomap_updater.so.0.9.7)
Linked: (/home/dtrimoul/PR2-Kinetic-Xenial/devel/.private/moveit_ros_perception/lib/libmoveit_pointcloud_octomap_updater.so, /home/dtrimoul/PR2-Kinetic-Xenial/devel/lib/libmoveit_pointcloud_octomap_updater.so)
Linked: (/home/dtrimoul/PR2-Kinetic-Xenial/devel/.private/moveit_ros_perception/lib/libmoveit_depth_image_octomap_updater_core.so.0.9.7, /home/dtrimoul/PR2-Kinetic-Xenial/devel/lib/libmoveit_depth_image_octomap_updater_core.so.0.9.7)
Linked: (/home/dtrimoul/PR2-Kinetic-Xenial/devel/.private/moveit_ros_perception/lib/libmoveit_depth_image_octomap_updater_core.so, /home/dtrimoul/PR2-Kinetic-Xenial/devel/lib/libmoveit_depth_image_octomap_updater_core.so)
Linked: (/home/dtrimoul/PR2-Kinetic-Xenial/devel/.private/moveit_ros_perception/lib/libmoveit_semantic_world.so.0.9.7, /home/dtrimoul/PR2-Kinetic-Xenial/devel/lib/libmoveit_semantic_world.so.0.9.7)
Linked: (/home/dtrimoul/PR2-Kinetic-Xenial/devel/.private/moveit_ros_perception/lib/libmoveit_semantic_world.so, /home/dtrimoul/PR2-Kinetic-Xenial/devel/lib/libmoveit_semantic_world.so)
Linked: (/home/dtrimoul/PR2-Kinetic-Xenial/devel/.private/moveit_ros_perception/lib/libmoveit_depth_image_octomap_updater.so.0.9.7, /home/dtrimoul/PR2-Kinetic-Xenial/devel/lib/libmoveit_depth_image_octomap_updater.so.0.9.7)
Linked: (/home/dtrimoul/PR2-Kinetic-Xenial/devel/.private/moveit_ros_perception/lib/libmoveit_depth_image_octomap_updater.so, /home/dtrimoul/PR2-Kinetic-Xenial/devel/lib/libmoveit_depth_image_octomap_updater.so)
Linked: (/home/dtrimoul/PR2-Kinetic-Xenial/devel/.private/moveit_ros_perception/lib/pkgconfig/moveit_ros_perception.pc, /home/dtrimoul/PR2-Kinetic-Xenial/devel/lib/pkgconfig/moveit_ros_perception.pc)
Linked: (/home/dtrimoul/PR2-Kinetic-Xenial/devel/.private/moveit_ros_perception/lib/moveit_ros_perception/moveit_occupancy_map_server, /home/dtrimoul/PR2-Kinetic-Xenial/devel/lib/moveit_ros_perception/moveit_occupancy_map_server)
Linked: (/home/dtrimoul/PR2-Kinetic-Xenial/devel/.private/moveit_ros_perception/share/moveit_ros_perception/cmake/moveit_ros_perceptionConfig.cmake, /home/dtrimoul/PR2-Kinetic-Xenial/devel/share/moveit_ros_perception/cmake/moveit_ros_perceptionConfig.cmake)
Linked: (/home/dtrimoul/PR2-Kinetic-Xenial/devel/.private/moveit_ros_perception/share/moveit_ros_perception/cmake/moveit_ros_perceptionConfig-version.cmake, /home/dtrimoul/PR2-Kinetic-Xenial/devel/share/moveit_ros_perception/cmake/moveit_ros_perceptionConfig-version.cmake)
