[35m[1mScanning dependencies of target controller_test[0m
[  9%] [32mBuilding CXX object CMakeFiles/controller_test.dir/test/controllers/test_controller.cpp.o[0m
[35m[1mScanning dependencies of target pr2_controller_manager[0m
[ 18%] [32mBuilding CXX object CMakeFiles/pr2_controller_manager.dir/src/controller_manager.cpp.o[0m
[35m[1mScanning dependencies of target pr2_controller_manager_xacro_generated_to_devel_space_[0m
[ 18%] Built target pr2_controller_manager_xacro_generated_to_devel_space_
[ 27%] [32mBuilding CXX object CMakeFiles/pr2_controller_manager.dir/src/scheduler.cpp.o[0m
[ 36%] [32m[1mLinking CXX shared library /home/dtrimoul/PR2-Kinetic-Xenial/devel/.private/pr2_controller_manager/lib/libcontroller_test.so[0m
[ 36%] Built target controller_test
[35m[1mScanning dependencies of target gtest[0m
[ 45%] [32mBuilding CXX object gtest/gtest/CMakeFiles/gtest.dir/src/gtest-all.cc.o[0m
[ 54%] [32m[1mLinking CXX shared library libgtest.so[0m
[ 54%] Built target gtest
[35m[1mScanning dependencies of target test_controllers[0m
[ 63%] [32mBuilding CXX object CMakeFiles/test_controllers.dir/test/test.cpp.o[0m
[ 72%] [32m[1mLinking CXX executable /home/dtrimoul/PR2-Kinetic-Xenial/devel/.private/pr2_controller_manager/lib/pr2_controller_manager/test_controllers[0m
[ 81%] [32m[1mLinking CXX shared library /home/dtrimoul/PR2-Kinetic-Xenial/devel/.private/pr2_controller_manager/lib/libpr2_controller_manager.so[0m
[ 81%] Built target pr2_controller_manager
[ 81%] Built target test_controllers
[35m[1mScanning dependencies of target test_robot[0m
[ 90%] [32mBuilding CXX object CMakeFiles/test_robot.dir/test/robot.cpp.o[0m
[100%] [32m[1mLinking CXX executable /home/dtrimoul/PR2-Kinetic-Xenial/devel/.private/pr2_controller_manager/lib/pr2_controller_manager/test_robot[0m
[100%] Built target test_robot
