Symlinking /home/dtrimoul/PR2-Kinetic-Xenial/devel/share/actioncontroller/msg/ActionControllerAction.msg
Symlinking /home/dtrimoul/PR2-Kinetic-Xenial/devel/share/actioncontroller/msg/ActionControllerGoal.msg
Symlinking /home/dtrimoul/PR2-Kinetic-Xenial/devel/share/actioncontroller/msg/ActionControllerActionGoal.msg
Symlinking /home/dtrimoul/PR2-Kinetic-Xenial/devel/share/actioncontroller/msg/ActionControllerResult.msg
Symlinking /home/dtrimoul/PR2-Kinetic-Xenial/devel/share/actioncontroller/msg/ActionControllerActionResult.msg
Symlinking /home/dtrimoul/PR2-Kinetic-Xenial/devel/share/actioncontroller/msg/ActionControllerFeedback.msg
Symlinking /home/dtrimoul/PR2-Kinetic-Xenial/devel/share/actioncontroller/msg/ActionControllerActionFeedback.msg
Symlinking /home/dtrimoul/PR2-Kinetic-Xenial/devel/share/actioncontroller/cmake/actioncontroller-msg-paths.cmake
Symlinking /home/dtrimoul/PR2-Kinetic-Xenial/devel/share/actioncontroller/cmake/actioncontroller-msg-extras.cmake
Symlinking /home/dtrimoul/PR2-Kinetic-Xenial/devel/share/actioncontroller/cmake/actioncontrollerConfig.cmake
Symlinking /home/dtrimoul/PR2-Kinetic-Xenial/devel/share/actioncontroller/cmake/actioncontrollerConfig-version.cmake
Symlinking /home/dtrimoul/PR2-Kinetic-Xenial/devel/share/roseus/ros/actioncontroller/manifest.l
Symlinking /home/dtrimoul/PR2-Kinetic-Xenial/devel/share/roseus/ros/actioncontroller/msg/ActionControllerActionResult.l
Symlinking /home/dtrimoul/PR2-Kinetic-Xenial/devel/share/roseus/ros/actioncontroller/msg/ActionControllerAction.l
Symlinking /home/dtrimoul/PR2-Kinetic-Xenial/devel/share/roseus/ros/actioncontroller/msg/ActionControllerGoal.l
Symlinking /home/dtrimoul/PR2-Kinetic-Xenial/devel/share/roseus/ros/actioncontroller/msg/actiongoal.l
Symlinking /home/dtrimoul/PR2-Kinetic-Xenial/devel/share/roseus/ros/actioncontroller/msg/ActionControllerActionGoal.l
Symlinking /home/dtrimoul/PR2-Kinetic-Xenial/devel/share/roseus/ros/actioncontroller/msg/ActionControllerFeedback.l
Symlinking /home/dtrimoul/PR2-Kinetic-Xenial/devel/share/roseus/ros/actioncontroller/msg/ActionControllerActionFeedback.l
Symlinking /home/dtrimoul/PR2-Kinetic-Xenial/devel/share/roseus/ros/actioncontroller/msg/ActionControllerResult.l
Symlinking /home/dtrimoul/PR2-Kinetic-Xenial/devel/share/common-lisp/ros/actioncontroller/msg/ActionControllerActionResult.lisp
Symlinking /home/dtrimoul/PR2-Kinetic-Xenial/devel/share/common-lisp/ros/actioncontroller/msg/_package_ActionControllerActionResult.lisp
Symlinking /home/dtrimoul/PR2-Kinetic-Xenial/devel/share/common-lisp/ros/actioncontroller/msg/_package.lisp
Symlinking /home/dtrimoul/PR2-Kinetic-Xenial/devel/share/common-lisp/ros/actioncontroller/msg/actioncontroller-msg.asd
Symlinking /home/dtrimoul/PR2-Kinetic-Xenial/devel/share/common-lisp/ros/actioncontroller/msg/ActionControllerAction.lisp
Symlinking /home/dtrimoul/PR2-Kinetic-Xenial/devel/share/common-lisp/ros/actioncontroller/msg/_package_ActionControllerAction.lisp
Symlinking /home/dtrimoul/PR2-Kinetic-Xenial/devel/share/common-lisp/ros/actioncontroller/msg/ActionControllerGoal.lisp
Symlinking /home/dtrimoul/PR2-Kinetic-Xenial/devel/share/common-lisp/ros/actioncontroller/msg/_package_ActionControllerGoal.lisp
Symlinking /home/dtrimoul/PR2-Kinetic-Xenial/devel/share/common-lisp/ros/actioncontroller/msg/ActionControllerActionGoal.lisp
Symlinking /home/dtrimoul/PR2-Kinetic-Xenial/devel/share/common-lisp/ros/actioncontroller/msg/_package_ActionControllerActionGoal.lisp
Symlinking /home/dtrimoul/PR2-Kinetic-Xenial/devel/share/common-lisp/ros/actioncontroller/msg/actiongoal.lisp
Symlinking /home/dtrimoul/PR2-Kinetic-Xenial/devel/share/common-lisp/ros/actioncontroller/msg/_package_actiongoal.lisp
Symlinking /home/dtrimoul/PR2-Kinetic-Xenial/devel/share/common-lisp/ros/actioncontroller/msg/ActionControllerFeedback.lisp
Symlinking /home/dtrimoul/PR2-Kinetic-Xenial/devel/share/common-lisp/ros/actioncontroller/msg/_package_ActionControllerFeedback.lisp
Symlinking /home/dtrimoul/PR2-Kinetic-Xenial/devel/share/common-lisp/ros/actioncontroller/msg/ActionControllerActionFeedback.lisp
Symlinking /home/dtrimoul/PR2-Kinetic-Xenial/devel/share/common-lisp/ros/actioncontroller/msg/_package_ActionControllerActionFeedback.lisp
Symlinking /home/dtrimoul/PR2-Kinetic-Xenial/devel/share/common-lisp/ros/actioncontroller/msg/ActionControllerResult.lisp
Symlinking /home/dtrimoul/PR2-Kinetic-Xenial/devel/share/common-lisp/ros/actioncontroller/msg/_package_ActionControllerResult.lisp
Symlinking /home/dtrimoul/PR2-Kinetic-Xenial/devel/share/gennodejs/ros/actioncontroller/_index.js
Symlinking /home/dtrimoul/PR2-Kinetic-Xenial/devel/share/gennodejs/ros/actioncontroller/msg/ActionControllerActionResult.js
Symlinking /home/dtrimoul/PR2-Kinetic-Xenial/devel/share/gennodejs/ros/actioncontroller/msg/_index.js
Symlinking /home/dtrimoul/PR2-Kinetic-Xenial/devel/share/gennodejs/ros/actioncontroller/msg/ActionControllerAction.js
Symlinking /home/dtrimoul/PR2-Kinetic-Xenial/devel/share/gennodejs/ros/actioncontroller/msg/ActionControllerGoal.js
Symlinking /home/dtrimoul/PR2-Kinetic-Xenial/devel/share/gennodejs/ros/actioncontroller/msg/ActionControllerActionGoal.js
Symlinking /home/dtrimoul/PR2-Kinetic-Xenial/devel/share/gennodejs/ros/actioncontroller/msg/actiongoal.js
Symlinking /home/dtrimoul/PR2-Kinetic-Xenial/devel/share/gennodejs/ros/actioncontroller/msg/ActionControllerFeedback.js
Symlinking /home/dtrimoul/PR2-Kinetic-Xenial/devel/share/gennodejs/ros/actioncontroller/msg/ActionControllerActionFeedback.js
Symlinking /home/dtrimoul/PR2-Kinetic-Xenial/devel/share/gennodejs/ros/actioncontroller/msg/ActionControllerResult.js
Symlinking /home/dtrimoul/PR2-Kinetic-Xenial/devel/include/actioncontroller/ActionControllerActionResult.h
Symlinking /home/dtrimoul/PR2-Kinetic-Xenial/devel/include/actioncontroller/ActionControllerAction.h
Symlinking /home/dtrimoul/PR2-Kinetic-Xenial/devel/include/actioncontroller/ActionControllerGoal.h
Symlinking /home/dtrimoul/PR2-Kinetic-Xenial/devel/include/actioncontroller/ActionControllerActionGoal.h
Symlinking /home/dtrimoul/PR2-Kinetic-Xenial/devel/include/actioncontroller/actiongoal.h
Symlinking /home/dtrimoul/PR2-Kinetic-Xenial/devel/include/actioncontroller/ActionControllerFeedback.h
Symlinking /home/dtrimoul/PR2-Kinetic-Xenial/devel/include/actioncontroller/ActionControllerActionFeedback.h
Symlinking /home/dtrimoul/PR2-Kinetic-Xenial/devel/include/actioncontroller/ActionControllerResult.h
Symlinking /home/dtrimoul/PR2-Kinetic-Xenial/devel/lib/python2.7/dist-packages/actioncontroller/__init__.py
Symlinking /home/dtrimoul/PR2-Kinetic-Xenial/devel/lib/python2.7/dist-packages/actioncontroller/msg/_ActionControllerActionResult.py
Symlinking /home/dtrimoul/PR2-Kinetic-Xenial/devel/lib/python2.7/dist-packages/actioncontroller/msg/_ActionControllerAction.py
Symlinking /home/dtrimoul/PR2-Kinetic-Xenial/devel/lib/python2.7/dist-packages/actioncontroller/msg/_ActionControllerGoal.py
Symlinking /home/dtrimoul/PR2-Kinetic-Xenial/devel/lib/python2.7/dist-packages/actioncontroller/msg/_ActionControllerActionGoal.py
Symlinking /home/dtrimoul/PR2-Kinetic-Xenial/devel/lib/python2.7/dist-packages/actioncontroller/msg/_actiongoal.py
Symlinking /home/dtrimoul/PR2-Kinetic-Xenial/devel/lib/python2.7/dist-packages/actioncontroller/msg/_ActionControllerFeedback.py
Symlinking /home/dtrimoul/PR2-Kinetic-Xenial/devel/lib/python2.7/dist-packages/actioncontroller/msg/_ActionControllerActionFeedback.py
Symlinking /home/dtrimoul/PR2-Kinetic-Xenial/devel/lib/python2.7/dist-packages/actioncontroller/msg/_ActionControllerResult.py
Symlinking /home/dtrimoul/PR2-Kinetic-Xenial/devel/lib/python2.7/dist-packages/actioncontroller/msg/__init__.py
Symlinking /home/dtrimoul/PR2-Kinetic-Xenial/devel/lib/pkgconfig/actioncontroller.pc
Symlinking /home/dtrimoul/PR2-Kinetic-Xenial/devel/lib/actioncontroller/setUp
Symlinking /home/dtrimoul/PR2-Kinetic-Xenial/devel/lib/actioncontroller/simplePick
Symlinking /home/dtrimoul/PR2-Kinetic-Xenial/devel/lib/actioncontroller/ActionController
