[  0%] Built target geometry_msgs_generate_messages_cpp
[  0%] Built target ar_track_alvar_msgs_generate_messages_cpp
[  0%] Built target _actioncontroller_generate_messages_check_deps_ActionControllerAction
[  0%] Built target _actioncontroller_generate_messages_check_deps_ActionControllerResult
[  0%] Built target actionlib_msgs_generate_messages_cpp
[  0%] Built target _actioncontroller_generate_messages_check_deps_actiongoal
[  0%] Built target _actioncontroller_generate_messages_check_deps_ActionControllerFeedback
[  0%] Built target _actioncontroller_generate_messages_check_deps_ActionControllerActionGoal
[  0%] Built target _actioncontroller_generate_messages_check_deps_ActionControllerActionFeedback
[  0%] Built target ar_track_alvar_msgs_generate_messages_nodejs
[  0%] Built target std_msgs_generate_messages_cpp
[  0%] Built target actionlib_msgs_generate_messages_nodejs
[  0%] Built target std_msgs_generate_messages_nodejs
[  0%] Built target geometry_msgs_generate_messages_nodejs
[  0%] Built target ar_track_alvar_msgs_generate_messages_py
[  0%] Built target geometry_msgs_generate_messages_py
[  0%] Built target _actioncontroller_generate_messages_check_deps_ActionControllerGoal
[  0%] Built target actionlib_msgs_generate_messages_py
[  0%] Built target _actioncontroller_generate_messages_check_deps_ActionControllerActionResult
[  0%] Built target ar_track_alvar_msgs_generate_messages_lisp
[  0%] Built target std_msgs_generate_messages_py
[  0%] Built target actionlib_msgs_generate_messages_lisp
[  0%] Built target geometry_msgs_generate_messages_lisp
[  0%] Built target actionlib_msgs_generate_messages_java
[  0%] Built target std_msgs_generate_messages_lisp
[  0%] Built target geometry_msgs_generate_messages_java
[  0%] Built target std_msgs_generate_messages_eus
[  0%] Built target ar_track_alvar_msgs_generate_messages_eus
[  0%] Built target actionlib_msgs_generate_messages_eus
[  0%] Built target geometry_msgs_generate_messages_eus
[  1%] [34m[1mGenerating Java gradle project from actioncontroller[0m
[ 21%] Built target setUp
[ 45%] [34m[1mGenerating Java gradle project from actioncontroller[0m
[ 47%] Built target simplePick
[ 50%] Built target actioncontroller_generate_messages_cpp
[ 90%] Built target actioncontroller_generate_messages_nodejs
[ 90%] Built target actioncontroller_generate_messages_py
[ 94%] Built target actioncontroller_generate_messages_lisp
[ 96%] Built target ActionController
[ 98%] Built target actioncontroller_generate_messages_eus
[100%] [34m[1mCompiling Java code for actioncontroller[0m
[100%] Built target actioncontroller_generate_messages_java
[0mwarning: [options] bootstrap class path not set in conjunction with -source 1.7
1 warning
Uploading: org/ros/rosjava_messages/actioncontroller/0.0.0/actioncontroller-0.0.0.jar to repository remote at file:/home/dtrimoul/PR2-Kinetic-Xenial/devel/.private/actioncontroller/share/maven
Transferring 1K from remote
Uploaded 1K
[0m[100%] Built target actioncontroller_generate_messages_java_gradle
[35m[1mScanning dependencies of target actioncontroller_generate_messages[0m
[100%] Built target actioncontroller_generate_messages
