Traceback (most recent call last):
  File "/opt/ros/kinetic/share/genjava/cmake/../../../lib/genjava/genjava_gradle_project.py", line 14, in <module>
    genjava.main(sys.argv)
  File "/opt/ros/kinetic/lib/python2.7/dist-packages/genjava/genjava_main.py", line 82, in main
    gradle_project.create(args.package, args.output_dir)
  File "/opt/ros/kinetic/lib/python2.7/dist-packages/genjava/gradle_project.py", line 148, in create
    shutil.rmtree(genjava_gradle_dir)
  File "/usr/lib/python2.7/shutil.py", line 247, in rmtree
    rmtree(fullname, ignore_errors, onerror)
  File "/usr/lib/python2.7/shutil.py", line 247, in rmtree
    rmtree(fullname, ignore_errors, onerror)
  File "/usr/lib/python2.7/shutil.py", line 256, in rmtree
    onerror(os.rmdir, path, sys.exc_info())
  File "/usr/lib/python2.7/shutil.py", line 254, in rmtree
    os.rmdir(path)
OSError: [Errno 2] No such file or directory: '/home/dtrimoul/PR2-Kinetic-Xenial/build/actioncontroller/java/actioncontroller/gradle/wrapper'
make[2]: *** [java/actioncontroller/build.gradle] Error 1
make[1]: *** [CMakeFiles/actioncontroller_generate_messages_java.dir/all] Error 2
make[1]: *** Waiting for unfinished jobs....
[01m[K/home/dtrimoul/PR2-Kinetic-Xenial/src/actioncontroller/src/setUp.cpp:[m[K In function ‘[01m[Kvoid createActionControllerMessage(std::__cxx11::string, float, float, float, float, float, float, float, actioncontroller::ActionControllerGoal&)[m[K’:
[01m[K/home/dtrimoul/PR2-Kinetic-Xenial/src/actioncontroller/src/setUp.cpp:10:12:[m[K [01;31m[Kerror: [m[K‘[01m[Kactioncontroller::ActionControllerGoal_<std::allocator<void> >::_goal_type {aka struct actioncontroller::actiongoal_<std::allocator<void> >}[m[K’ has no member named ‘[01m[Kmove_group_id[m[K’
  goal.goal.move_group_id = group_id;
[01;32m[K            ^[m[K
[01m[K/home/dtrimoul/PR2-Kinetic-Xenial/src/actioncontroller/src/setUp.cpp:11:17:[m[K [01;31m[Kerror: [m[K‘[01m[Kactioncontroller::actiongoal_<std::allocator<void> >::_pose_type {aka struct geometry_msgs::Pose_<std::allocator<void> >}[m[K’ has no member named ‘[01m[Kpose[m[K’
  goal.goal.pose.pose.position.x = x;
[01;32m[K                 ^[m[K
[01m[K/home/dtrimoul/PR2-Kinetic-Xenial/src/actioncontroller/src/setUp.cpp:12:17:[m[K [01;31m[Kerror: [m[K‘[01m[Kactioncontroller::actiongoal_<std::allocator<void> >::_pose_type {aka struct geometry_msgs::Pose_<std::allocator<void> >}[m[K’ has no member named ‘[01m[Kpose[m[K’
  goal.goal.pose.pose.position.y = y;
[01;32m[K                 ^[m[K
[01m[K/home/dtrimoul/PR2-Kinetic-Xenial/src/actioncontroller/src/setUp.cpp:13:17:[m[K [01;31m[Kerror: [m[K‘[01m[Kactioncontroller::actiongoal_<std::allocator<void> >::_pose_type {aka struct geometry_msgs::Pose_<std::allocator<void> >}[m[K’ has no member named ‘[01m[Kpose[m[K’
  goal.goal.pose.pose.position.z = z;
[01;32m[K                 ^[m[K
[01m[K/home/dtrimoul/PR2-Kinetic-Xenial/src/actioncontroller/src/setUp.cpp:14:17:[m[K [01;31m[Kerror: [m[K‘[01m[Kactioncontroller::actiongoal_<std::allocator<void> >::_pose_type {aka struct geometry_msgs::Pose_<std::allocator<void> >}[m[K’ has no member named ‘[01m[Kpose[m[K’
  goal.goal.pose.pose.orientation.x = ox;
[01;32m[K                 ^[m[K
[01m[K/home/dtrimoul/PR2-Kinetic-Xenial/src/actioncontroller/src/setUp.cpp:15:17:[m[K [01;31m[Kerror: [m[K‘[01m[Kactioncontroller::actiongoal_<std::allocator<void> >::_pose_type {aka struct geometry_msgs::Pose_<std::allocator<void> >}[m[K’ has no member named ‘[01m[Kpose[m[K’
  goal.goal.pose.pose.orientation.y = oy;
[01;32m[K                 ^[m[K
[01m[K/home/dtrimoul/PR2-Kinetic-Xenial/src/actioncontroller/src/setUp.cpp:16:17:[m[K [01;31m[Kerror: [m[K‘[01m[Kactioncontroller::actiongoal_<std::allocator<void> >::_pose_type {aka struct geometry_msgs::Pose_<std::allocator<void> >}[m[K’ has no member named ‘[01m[Kpose[m[K’
  goal.goal.pose.pose.orientation.z = oz;
[01;32m[K                 ^[m[K
[01m[K/home/dtrimoul/PR2-Kinetic-Xenial/src/actioncontroller/src/setUp.cpp:17:17:[m[K [01;31m[Kerror: [m[K‘[01m[Kactioncontroller::actiongoal_<std::allocator<void> >::_pose_type {aka struct geometry_msgs::Pose_<std::allocator<void> >}[m[K’ has no member named ‘[01m[Kpose[m[K’
  goal.goal.pose.pose.orientation.w = w;
[01;32m[K                 ^[m[K
make[2]: *** [CMakeFiles/setUp.dir/src/setUp.cpp.o] Error 1
make[1]: *** [CMakeFiles/setUp.dir/all] Error 2
make: *** [all] Error 2
