In file included from [01m[K/opt/ros/kinetic/include/ros/ros.h:40:0[m[K,
                 from [01m[K/home/dtrimoul/PR2-Kinetic-Xenial/src/actioncontroller/src/ActionController.cpp:2[m[K:
[01m[K/home/dtrimoul/PR2-Kinetic-Xenial/src/actioncontroller/src/ActionController.cpp:[m[K In member function ‘[01m[Kbool ActionController::pick(std::__cxx11::string, std::__cxx11::string)[m[K’:
[01m[K/opt/ros/kinetic/include/ros/console.h:346:176:[m[K [01;35m[Kwarning: [m[Kformat not a string literal and no format arguments [-Wformat-security]
     ::ros::console::print(filter, __rosconsole_define_location__loc.logger_, __rosconsole_define_location__loc.level_, __FILE__, __LINE__, __ROSCONSOLE_FUNCTION__, __VA_ARGS__)
[01;32m[K                                                                                                                                                                                ^[m[K
[01m[K/opt/ros/kinetic/include/ros/console.h:349:5:[m[K [01;36m[Knote: [m[Kin expansion of macro ‘[01m[KROSCONSOLE_PRINT_AT_LOCATION_WITH_FILTER[m[K’
     ROSCONSOLE_PRINT_AT_LOCATION_WITH_FILTER(0, __VA_ARGS__)
[01;32m[K     ^[m[K
[01m[K/opt/ros/kinetic/include/ros/console.h:379:7:[m[K [01;36m[Knote: [m[Kin expansion of macro ‘[01m[KROSCONSOLE_PRINT_AT_LOCATION[m[K’
       ROSCONSOLE_PRINT_AT_LOCATION(__VA_ARGS__); \
[01;32m[K       ^[m[K
[01m[K/opt/ros/kinetic/include/ros/console.h:561:35:[m[K [01;36m[Knote: [m[Kin expansion of macro ‘[01m[KROS_LOG_COND[m[K’
 #define ROS_LOG(level, name, ...) ROS_LOG_COND(true, level, name, __VA_ARGS__)
[01;32m[K                                   ^[m[K
[01m[K/opt/ros/kinetic/include/rosconsole/macros_generated.h:110:23:[m[K [01;36m[Knote: [m[Kin expansion of macro ‘[01m[KROS_LOG[m[K’
 #define ROS_INFO(...) ROS_LOG(::ros::console::levels::Info, ROSCONSOLE_DEFAULT_NAME, __VA_ARGS__)
[01;32m[K                       ^[m[K
[01m[K/home/dtrimoul/PR2-Kinetic-Xenial/src/actioncontroller/src/ActionController.cpp:104:3:[m[K [01;36m[Knote: [m[Kin expansion of macro ‘[01m[KROS_INFO[m[K’
   ROS_INFO(group.c_str());
[01;32m[K   ^[m[K
[01m[K/home/dtrimoul/PR2-Kinetic-Xenial/src/actioncontroller/src/ActionController.cpp:[m[K In function ‘[01m[Kvoid objects_update(const ConstPtr&)[m[K’:
[01m[K/home/dtrimoul/PR2-Kinetic-Xenial/src/actioncontroller/src/ActionController.cpp:168:26:[m[K [01;31m[Kerror: [m[Kcould not convert ‘[01m[Kobjects.std::map<_Key, _Tp, _Compare, _Alloc>::insert<std::pair<std::__cxx11::basic_string<char>, moveit_msgs::CollisionObject_<std::allocator<void> > >, void>(std::pair<std::__cxx11::basic_string<char>, moveit_msgs::CollisionObject_<std::allocator<void> > >(std::__cxx11::basic_string<char>((& msg)->boost::shared_ptr<T>::operator-><const gazebo_moveit_objects_synchroniser::CollisionObjectArray_<std::allocator<void> > >()->gazebo_moveit_objects_synchroniser::CollisionObjectArray_<std::allocator<void> >::data.std::vector<_Tp, _Alloc>::operator[]<moveit_msgs::CollisionObject_<std::allocator<void> >, std::allocator<moveit_msgs::CollisionObject_<std::allocator<void> > > >(((std::vector<moveit_msgs::CollisionObject_<std::allocator<void> > >::size_type)i)).moveit_msgs::CollisionObject_<std::allocator<void> >::id), (* &(& msg)->boost::shared_ptr<T>::operator-><const gazebo_moveit_objects_synchroniser::CollisionObjectArray_<std::allocator<void> > >()->gazebo_moveit_objects_synchroniser::CollisionObjectArray_<std::allocator<void> >::data.std::vector<_Tp, _Alloc>::operator[]<moveit_msgs::CollisionObject_<std::allocator<void> >, std::allocator<moveit_msgs::CollisionObject_<std::allocator<void> > > >(((std::vector<moveit_msgs::CollisionObject_<std::allocator<void> > >::size_type)i)))))[m[K’ from ‘[01m[Kstd::pair<std::_Rb_tree_iterator<std::pair<const std::__cxx11::basic_string<char>, moveit_msgs::CollisionObject_<std::allocator<void> > > >, bool>[m[K’ to ‘[01m[Kbool[m[K’
         if(objects.insert( std::pair<std::string, moveit_msgs::CollisionObject>( (std::string)msg->data[i].id , msg->data[i]))){
[01;32m[K                          ^[m[K
make[2]: *** [CMakeFiles/ActionController.dir/src/ActionController.cpp.o] Error 1
make[1]: *** [CMakeFiles/ActionController.dir/all] Error 2
make: *** [all] Error 2
