[  0%] Built target geometry_msgs_generate_messages_cpp
[  0%] Built target ar_track_alvar_msgs_generate_messages_cpp
[  0%] Built target _actioncontroller_generate_messages_check_deps_ActionControllerFeedback
[  0%] Built target _actioncontroller_generate_messages_check_deps_ActionControllerResult
[  0%] Built target actionlib_msgs_generate_messages_cpp
[  0%] Built target _actioncontroller_generate_messages_check_deps_ActionControllerAction
[  0%] Built target _actioncontroller_generate_messages_check_deps_ActionControllerActionGoal
[  0%] Built target _actioncontroller_generate_messages_check_deps_ActionControllerActionFeedback
[  0%] Built target _actioncontroller_generate_messages_check_deps_actiongoal
[  0%] Built target actionlib_msgs_generate_messages_nodejs
[  0%] Built target std_msgs_generate_messages_cpp
[  0%] Built target geometry_msgs_generate_messages_nodejs
[  0%] Built target std_msgs_generate_messages_nodejs
[  0%] Built target ar_track_alvar_msgs_generate_messages_py
[  0%] Built target ar_track_alvar_msgs_generate_messages_nodejs
[  0%] Built target actionlib_msgs_generate_messages_py
[  0%] Built target geometry_msgs_generate_messages_py
[  0%] Built target actionlib_msgs_generate_messages_lisp
[  0%] Built target std_msgs_generate_messages_py
[  0%] Built target ar_track_alvar_msgs_generate_messages_lisp
[  0%] Built target std_msgs_generate_messages_lisp
[  0%] Built target geometry_msgs_generate_messages_lisp
[  0%] Built target _actioncontroller_generate_messages_check_deps_ActionControllerActionResult
[  0%] Built target _actioncontroller_generate_messages_check_deps_ActionControllerGoal
[  0%] Built target actionlib_msgs_generate_messages_java
[  0%] Built target ar_track_alvar_msgs_generate_messages_eus
[  0%] Built target geometry_msgs_generate_messages_java
[  0%] Built target actionlib_msgs_generate_messages_eus
[  0%] Built target std_msgs_generate_messages_eus
[  0%] Built target geometry_msgs_generate_messages_eus
[ 15%] Built target simplePick
[ 23%] Built target actioncontroller_generate_messages_cpp
[ 33%] Built target setUp
[ 35%] [34m[1mCompiling Java code for actioncontroller[0m
[ 45%] Built target actioncontroller_generate_messages_nodejs
[ 47%] Built target actioncontroller_generate_messages_java
[ 60%] Built target actioncontroller_generate_messages_lisp
[ 88%] Built target actioncontroller_generate_messages_py
[ 94%] Built target actioncontroller_generate_messages_eus
[ 98%] Built target ActionController
[100%] Built target actioncontroller_generate_messages_java_gradle
[100%] Built target actioncontroller_generate_messages
