[36m--[0m Using CATKIN_DEVEL_PREFIX: /home/dtrimoul/PR2-Kinetic-Xenial/devel/.private/actioncontroller
[36m--[0m Using CMAKE_PREFIX_PATH: /home/dtrimoul/laas_perception/devel;/home/dtrimoul/PR2-Kinetic-Xenial/devel;/opt/ros/kinetic
[36m--[0m This workspace overlays: /home/dtrimoul/laas_perception/devel;/home/dtrimoul/PR2-Kinetic-Xenial/devel;/opt/ros/kinetic
[36m--[0m Using PYTHON_EXECUTABLE: /usr/bin/python
[36m--[0m Using Debian Python package layout
[36m--[0m Using empy: /usr/bin/empy
[36m--[0m Using CATKIN_ENABLE_TESTING: ON
[36m--[0m Call enable_testing()
[36m--[0m Using CATKIN_TEST_RESULTS_DIR: /home/dtrimoul/PR2-Kinetic-Xenial/build/actioncontroller/test_results
[36m--[0m Found gmock sources under '/usr/src/gmock': gmock will be built
[36m--[0m Found gtest sources under '/usr/src/gmock': gtests will be built
[36m--[0m Using Python nosetests: /usr/bin/nosetests-2.7
[36m--[0m catkin 0.7.11
[36m--[0m Using these message generators: gencpp;geneus;genjava;genlisp;gennodejs;genpy
[36m--[0m Boost version: 1.58.0
[36m--[0m Found the following Boost libraries:
[36m--[0m   system
[36m--[0m   filesystem
[36m--[0m   date_time
[36m--[0m   thread
[36m--[0m   chrono
[36m--[0m   atomic
[36m--[0m Generating .msg files for action actioncontroller/ActionController /home/dtrimoul/PR2-Kinetic-Xenial/src/actioncontroller/action/ActionController.action
[36m--[0m actioncontroller: 8 messages, 0 services
[31m[1mCMake Error[0m at /home/dtrimoul/PR2-Kinetic-Xenial/src/actioncontroller/CMakeLists.txt:158 (target_link_libraries):
  Cannot specify link libraries for target "simplePick" which is not built by
  this project.


[36m--[0m Configuring incomplete, errors occurred!
See also "/home/dtrimoul/PR2-Kinetic-Xenial/build/actioncontroller/CMakeFiles/CMakeOutput.log".
See also "/home/dtrimoul/PR2-Kinetic-Xenial/build/actioncontroller/CMakeFiles/CMakeError.log".
Makefile:2060: recipe for target 'cmake_check_build_system' failed
make: *** [cmake_check_build_system] Error 1
