[35m[1mScanning dependencies of target _actioncontroller_generate_messages_check_deps_actiongoal[0m
[35m[1mScanning dependencies of target ar_track_alvar_msgs_generate_messages_cpp[0m
[35m[1mScanning dependencies of target _actioncontroller_generate_messages_check_deps_ActionControllerActionGoal[0m
[35m[1mScanning dependencies of target _actioncontroller_generate_messages_check_deps_ActionControllerActionFeedback[0m
[35m[1mScanning dependencies of target _actioncontroller_generate_messages_check_deps_ActionControllerResult[0m
[35m[1mScanning dependencies of target _actioncontroller_generate_messages_check_deps_ActionControllerAction[0m
[35m[1mScanning dependencies of target geometry_msgs_generate_messages_cpp[0m
[35m[1mScanning dependencies of target _actioncontroller_generate_messages_check_deps_ActionControllerFeedback[0m
[  0%] Built target ar_track_alvar_msgs_generate_messages_cpp
[  0%] Built target geometry_msgs_generate_messages_cpp
[35m[1mScanning dependencies of target actionlib_msgs_generate_messages_cpp[0m
[  0%] Built target _actioncontroller_generate_messages_check_deps_actiongoal
[  0%] Built target _actioncontroller_generate_messages_check_deps_ActionControllerAction
[35m[1mScanning dependencies of target _actioncontroller_generate_messages_check_deps_ActionControllerGoal[0m
[  0%] Built target _actioncontroller_generate_messages_check_deps_ActionControllerActionGoal
[  0%] Built target _actioncontroller_generate_messages_check_deps_ActionControllerResult
[  0%] Built target actionlib_msgs_generate_messages_cpp
[  0%] Built target _actioncontroller_generate_messages_check_deps_ActionControllerActionFeedback
[35m[1mScanning dependencies of target _actioncontroller_generate_messages_check_deps_ActionControllerActionResult[0m
[  0%] Built target _actioncontroller_generate_messages_check_deps_ActionControllerFeedback
[35m[1mScanning dependencies of target std_msgs_generate_messages_cpp[0m
[35m[1mScanning dependencies of target ar_track_alvar_msgs_generate_messages_nodejs[0m
[35m[1mScanning dependencies of target std_msgs_generate_messages_nodejs[0m
[35m[1mScanning dependencies of target actionlib_msgs_generate_messages_nodejs[0m
[35m[1mScanning dependencies of target geometry_msgs_generate_messages_nodejs[0m
[35m[1mScanning dependencies of target ar_track_alvar_msgs_generate_messages_py[0m
[  0%] Built target std_msgs_generate_messages_cpp
[  0%] Built target ar_track_alvar_msgs_generate_messages_nodejs
[  0%] Built target std_msgs_generate_messages_nodejs
[  0%] Built target actionlib_msgs_generate_messages_nodejs
[  0%] Built target geometry_msgs_generate_messages_nodejs
[  0%] Built target ar_track_alvar_msgs_generate_messages_py
[35m[1mScanning dependencies of target actionlib_msgs_generate_messages_py[0m
[35m[1mScanning dependencies of target geometry_msgs_generate_messages_py[0m
[35m[1mScanning dependencies of target std_msgs_generate_messages_py[0m
[35m[1mScanning dependencies of target ar_track_alvar_msgs_generate_messages_lisp[0m
[35m[1mScanning dependencies of target actionlib_msgs_generate_messages_lisp[0m
[  0%] Built target _actioncontroller_generate_messages_check_deps_ActionControllerGoal
[35m[1mScanning dependencies of target geometry_msgs_generate_messages_lisp[0m
[  0%] Built target _actioncontroller_generate_messages_check_deps_ActionControllerActionResult
[  0%] Built target geometry_msgs_generate_messages_py
[  0%] Built target actionlib_msgs_generate_messages_py
[35m[1mScanning dependencies of target std_msgs_generate_messages_lisp[0m
[  0%] Built target ar_track_alvar_msgs_generate_messages_lisp
[35m[1mScanning dependencies of target actionlib_msgs_generate_messages_java[0m
[  0%] Built target actionlib_msgs_generate_messages_lisp
[  0%] Built target geometry_msgs_generate_messages_lisp
[35m[1mScanning dependencies of target geometry_msgs_generate_messages_java[0m
[35m[1mScanning dependencies of target std_msgs_generate_messages_eus[0m
[35m[1mScanning dependencies of target ar_track_alvar_msgs_generate_messages_eus[0m
[  0%] Built target std_msgs_generate_messages_py
[  0%] Built target std_msgs_generate_messages_lisp
[35m[1mScanning dependencies of target actionlib_msgs_generate_messages_eus[0m
[  0%] Built target actionlib_msgs_generate_messages_java
[35m[1mScanning dependencies of target geometry_msgs_generate_messages_eus[0m
[  0%] Built target geometry_msgs_generate_messages_java
[  0%] Built target std_msgs_generate_messages_eus
[  0%] Built target ar_track_alvar_msgs_generate_messages_eus
[  0%] Built target actionlib_msgs_generate_messages_eus
[  0%] Built target geometry_msgs_generate_messages_eus
[35m[1mScanning dependencies of target actioncontroller_generate_messages_java_gradle[0m
[35m[1mScanning dependencies of target simplePick[0m
[35m[1mScanning dependencies of target setUp[0m
[35m[1mScanning dependencies of target actioncontroller_generate_messages_cpp[0m
[35m[1mScanning dependencies of target actioncontroller_generate_messages_py[0m
[35m[1mScanning dependencies of target actioncontroller_generate_messages_nodejs[0m
[35m[1mScanning dependencies of target actioncontroller_generate_messages_lisp[0m
[35m[1mScanning dependencies of target actioncontroller_generate_messages_java[0m
[  1%] [34m[1mGenerating Java gradle project from actioncontroller[0m
[  3%] [34m[1mGenerating C++ code from actioncontroller/ActionControllerActionResult.msg[0m
[  9%] [34m[1mGenerating Lisp code from actioncontroller/ActionControllerActionResult.msg[0m
[  9%] [34m[1mGenerating Python from MSG actioncontroller/ActionControllerActionResult[0m
[  9%] [34m[1mGenerating Java gradle project from actioncontroller[0m
[ 11%] [34m[1mGenerating Javascript code from actioncontroller/ActionControllerActionResult.msg[0m
[ 13%] [34m[1mGenerating Lisp code from actioncontroller/ActionControllerAction.msg[0m
[ 15%] [34m[1mGenerating Javascript code from actioncontroller/ActionControllerAction.msg[0m
[ 21%] [34m[1mGenerating C++ code from actioncontroller/ActionControllerAction.msg[0m
[ 21%] [34m[1mGenerating Lisp code from actioncontroller/ActionControllerGoal.msg[0m
[ 21%] [34m[1mGenerating Python from MSG actioncontroller/ActionControllerAction[0m
[ 23%] [34m[1mGenerating Javascript code from actioncontroller/ActionControllerGoal.msg[0m
[ 25%] [34m[1mGenerating Lisp code from actioncontroller/ActionControllerActionGoal.msg[0m
[ 27%] [34m[1mGenerating Javascript code from actioncontroller/ActionControllerActionGoal.msg[0m
[ 29%] [34m[1mGenerating Python from MSG actioncontroller/ActionControllerGoal[0m
[ 31%] [34m[1mGenerating Javascript code from actioncontroller/actiongoal.msg[0m
[ 33%] [34m[1mGenerating Lisp code from actioncontroller/actiongoal.msg[0m
[ 37%] [34m[1mGenerating C++ code from actioncontroller/ActionControllerGoal.msg[0m
[ 37%] [34m[1mGenerating Python from MSG actioncontroller/ActionControllerActionGoal[0m
[ 43%] [32mBuilding CXX object CMakeFiles/setUp.dir/src/setUp.cpp.o[0m
[ 43%] [34m[1mGenerating Javascript code from actioncontroller/ActionControllerFeedback.msg[0m
[ 43%] [34m[1mGenerating Lisp code from actioncontroller/ActionControllerFeedback.msg[0m
[ 45%] [32mBuilding CXX object CMakeFiles/simplePick.dir/src/simplePick.cpp.o[0m
[ 47%] [34m[1mGenerating Javascript code from actioncontroller/ActionControllerActionFeedback.msg[0m
[ 49%] [34m[1mGenerating Lisp code from actioncontroller/ActionControllerActionFeedback.msg[0m
[ 50%] [34m[1mGenerating Python from MSG actioncontroller/actiongoal[0m
[ 52%] [34m[1mGenerating Lisp code from actioncontroller/ActionControllerResult.msg[0m
[ 56%] [34m[1mGenerating Javascript code from actioncontroller/ActionControllerResult.msg[0m
[ 56%] [34m[1mGenerating C++ code from actioncontroller/ActionControllerActionGoal.msg[0m
[ 56%] Built target actioncontroller_generate_messages_lisp
[ 58%] [34m[1mGenerating Python from MSG actioncontroller/ActionControllerFeedback[0m
[ 58%] Built target actioncontroller_generate_messages_nodejs
[35m[1mScanning dependencies of target actioncontroller_generate_messages_eus[0m
[ 60%] [34m[1mGenerating Python from MSG actioncontroller/ActionControllerActionFeedback[0m
[ 62%] [34m[1mGenerating C++ code from actioncontroller/actiongoal.msg[0m
[ 64%] [34m[1mGenerating EusLisp code from actioncontroller/ActionControllerActionResult.msg[0m
[ 66%] [34m[1mGenerating Python from MSG actioncontroller/ActionControllerResult[0m
[ 68%] [34m[1mGenerating EusLisp code from actioncontroller/ActionControllerAction.msg[0m
[ 70%] [34m[1mGenerating EusLisp code from actioncontroller/ActionControllerGoal.msg[0m
[ 72%] [34m[1mGenerating EusLisp code from actioncontroller/ActionControllerActionGoal.msg[0m
[ 74%] [34m[1mGenerating C++ code from actioncontroller/ActionControllerFeedback.msg[0m
[ 78%] [34m[1mGenerating EusLisp code from actioncontroller/actiongoal.msg[0m
[ 78%] [34m[1mGenerating Python msg __init__.py for actioncontroller[0m
Traceback (most recent call last):
  File "/opt/ros/kinetic/share/genjava/cmake/../../../lib/genjava/genjava_gradle_project.py", line 14, in <module>
    genjava.main(sys.argv)
  File "/opt/ros/kinetic/lib/python2.7/dist-packages/genjava/genjava_main.py", line 82, in main
Traceback (most recent call last):
  File "/opt/ros/kinetic/share/genjava/cmake/../../../lib/genjava/genjava_gradle_project.py", line 14, in <module>
    genjava.main(sys.argv)
  File "/opt/ros/kinetic/lib/python2.7/dist-packages/genjava/genjava_main.py", line 82, in main
        gradle_project.create(args.package, args.output_dir)
gradle_project.create(args.package, args.output_dir)
  File "/opt/ros/kinetic/lib/python2.7/dist-packages/genjava/gradle_project.py", line 152, in create
  File "/opt/ros/kinetic/lib/python2.7/dist-packages/genjava/gradle_project.py", line 152, in create
    raise IOError("could not find %s among message packages. Does the that package have a <build_depend> on message_generation in its package.xml?" % msg_pkg_name)
IOError: could not find actioncontroller among message packages. Does the that package have a <build_depend> on message_generation in its package.xml?
    raise IOError("could not find %s among message packages. Does the that package have a <build_depend> on message_generation in its package.xml?" % msg_pkg_name)
IOError: could not find actioncontroller among message packages. Does the that package have a <build_depend> on message_generation in its package.xml?
CMakeFiles/actioncontroller_generate_messages_java.dir/build.make:154: recipe for target 'java/actioncontroller/build.gradle' failed
make[2]: *** [java/actioncontroller/build.gradle] Error 1
[ 80%] [34m[1mGenerating EusLisp code from actioncontroller/ActionControllerFeedback.msg[0m
CMakeFiles/Makefile2:295: recipe for target 'CMakeFiles/actioncontroller_generate_messages_java.dir/all' failed
make[1]: *** [CMakeFiles/actioncontroller_generate_messages_java.dir/all] Error 2
make[1]: *** Waiting for unfinished jobs....
CMakeFiles/actioncontroller_generate_messages_java_gradle.dir/build.make:155: recipe for target 'java/actioncontroller/build.gradle' failed
CMakeFiles/Makefile2:818: recipe for target 'CMakeFiles/actioncontroller_generate_messages_java_gradle.dir/all' failed
make[2]: *** [java/actioncontroller/build.gradle] Error 1
make[1]: *** [CMakeFiles/actioncontroller_generate_messages_java_gradle.dir/all] Error 2
[ 82%] [34m[1mGenerating C++ code from actioncontroller/ActionControllerActionFeedback.msg[0m
[ 84%] [34m[1mGenerating C++ code from actioncontroller/ActionControllerResult.msg[0m
[ 86%] [34m[1mGenerating EusLisp code from actioncontroller/ActionControllerActionFeedback.msg[0m
[ 88%] [34m[1mGenerating EusLisp code from actioncontroller/ActionControllerResult.msg[0m
[ 90%] [34m[1mGenerating EusLisp manifest code for actioncontroller[0m
[ 90%] Built target actioncontroller_generate_messages_py
[ 90%] Built target actioncontroller_generate_messages_cpp
[ 90%] Built target actioncontroller_generate_messages_eus
[ 92%] [32m[1mLinking CXX executable /home/dtrimoul/PR2-Kinetic-Xenial/devel/.private/actioncontroller/lib/actioncontroller/setUp[0m
[ 94%] [32m[1mLinking CXX executable /home/dtrimoul/PR2-Kinetic-Xenial/devel/.private/actioncontroller/lib/actioncontroller/simplePick[0m
[ 94%] Built target setUp
[ 94%] Built target simplePick
Makefile:138: recipe for target 'all' failed
make: *** [all] Error 2
