Linked: (/home/dtrimoul/PR2-Kinetic-Xenial/devel/.private/actioncontroller/share/actioncontroller/msg/ActionControllerAction.msg, /home/dtrimoul/PR2-Kinetic-Xenial/devel/share/actioncontroller/msg/ActionControllerAction.msg)
Linked: (/home/dtrimoul/PR2-Kinetic-Xenial/devel/.private/actioncontroller/share/actioncontroller/msg/ActionControllerGoal.msg, /home/dtrimoul/PR2-Kinetic-Xenial/devel/share/actioncontroller/msg/ActionControllerGoal.msg)
Linked: (/home/dtrimoul/PR2-Kinetic-Xenial/devel/.private/actioncontroller/share/actioncontroller/msg/ActionControllerActionGoal.msg, /home/dtrimoul/PR2-Kinetic-Xenial/devel/share/actioncontroller/msg/ActionControllerActionGoal.msg)
Linked: (/home/dtrimoul/PR2-Kinetic-Xenial/devel/.private/actioncontroller/share/actioncontroller/msg/ActionControllerResult.msg, /home/dtrimoul/PR2-Kinetic-Xenial/devel/share/actioncontroller/msg/ActionControllerResult.msg)
Linked: (/home/dtrimoul/PR2-Kinetic-Xenial/devel/.private/actioncontroller/share/actioncontroller/msg/ActionControllerActionResult.msg, /home/dtrimoul/PR2-Kinetic-Xenial/devel/share/actioncontroller/msg/ActionControllerActionResult.msg)
Linked: (/home/dtrimoul/PR2-Kinetic-Xenial/devel/.private/actioncontroller/share/actioncontroller/msg/ActionControllerFeedback.msg, /home/dtrimoul/PR2-Kinetic-Xenial/devel/share/actioncontroller/msg/ActionControllerFeedback.msg)
Linked: (/home/dtrimoul/PR2-Kinetic-Xenial/devel/.private/actioncontroller/share/actioncontroller/msg/ActionControllerActionFeedback.msg, /home/dtrimoul/PR2-Kinetic-Xenial/devel/share/actioncontroller/msg/ActionControllerActionFeedback.msg)
Linked: (/home/dtrimoul/PR2-Kinetic-Xenial/devel/.private/actioncontroller/share/actioncontroller/cmake/actioncontroller-msg-paths.cmake, /home/dtrimoul/PR2-Kinetic-Xenial/devel/share/actioncontroller/cmake/actioncontroller-msg-paths.cmake)
Linked: (/home/dtrimoul/PR2-Kinetic-Xenial/devel/.private/actioncontroller/share/actioncontroller/cmake/actioncontroller-msg-extras.cmake, /home/dtrimoul/PR2-Kinetic-Xenial/devel/share/actioncontroller/cmake/actioncontroller-msg-extras.cmake)
Linked: (/home/dtrimoul/PR2-Kinetic-Xenial/devel/.private/actioncontroller/share/actioncontroller/cmake/actioncontrollerConfig.cmake, /home/dtrimoul/PR2-Kinetic-Xenial/devel/share/actioncontroller/cmake/actioncontrollerConfig.cmake)
Linked: (/home/dtrimoul/PR2-Kinetic-Xenial/devel/.private/actioncontroller/share/actioncontroller/cmake/actioncontrollerConfig-version.cmake, /home/dtrimoul/PR2-Kinetic-Xenial/devel/share/actioncontroller/cmake/actioncontrollerConfig-version.cmake)
Linked: (/home/dtrimoul/PR2-Kinetic-Xenial/devel/.private/actioncontroller/share/roseus/ros/actioncontroller/manifest.l, /home/dtrimoul/PR2-Kinetic-Xenial/devel/share/roseus/ros/actioncontroller/manifest.l)
Linked: (/home/dtrimoul/PR2-Kinetic-Xenial/devel/.private/actioncontroller/share/roseus/ros/actioncontroller/msg/ActionControllerActionResult.l, /home/dtrimoul/PR2-Kinetic-Xenial/devel/share/roseus/ros/actioncontroller/msg/ActionControllerActionResult.l)
Linked: (/home/dtrimoul/PR2-Kinetic-Xenial/devel/.private/actioncontroller/share/roseus/ros/actioncontroller/msg/ActionControllerAction.l, /home/dtrimoul/PR2-Kinetic-Xenial/devel/share/roseus/ros/actioncontroller/msg/ActionControllerAction.l)
Linked: (/home/dtrimoul/PR2-Kinetic-Xenial/devel/.private/actioncontroller/share/roseus/ros/actioncontroller/msg/ActionControllerGoal.l, /home/dtrimoul/PR2-Kinetic-Xenial/devel/share/roseus/ros/actioncontroller/msg/ActionControllerGoal.l)
Linked: (/home/dtrimoul/PR2-Kinetic-Xenial/devel/.private/actioncontroller/share/roseus/ros/actioncontroller/msg/ActionControllerActionGoal.l, /home/dtrimoul/PR2-Kinetic-Xenial/devel/share/roseus/ros/actioncontroller/msg/ActionControllerActionGoal.l)
Linked: (/home/dtrimoul/PR2-Kinetic-Xenial/devel/.private/actioncontroller/share/roseus/ros/actioncontroller/msg/actiongoal.l, /home/dtrimoul/PR2-Kinetic-Xenial/devel/share/roseus/ros/actioncontroller/msg/actiongoal.l)
Linked: (/home/dtrimoul/PR2-Kinetic-Xenial/devel/.private/actioncontroller/share/roseus/ros/actioncontroller/msg/ActionControllerFeedback.l, /home/dtrimoul/PR2-Kinetic-Xenial/devel/share/roseus/ros/actioncontroller/msg/ActionControllerFeedback.l)
Linked: (/home/dtrimoul/PR2-Kinetic-Xenial/devel/.private/actioncontroller/share/roseus/ros/actioncontroller/msg/ActionControllerActionFeedback.l, /home/dtrimoul/PR2-Kinetic-Xenial/devel/share/roseus/ros/actioncontroller/msg/ActionControllerActionFeedback.l)
Linked: (/home/dtrimoul/PR2-Kinetic-Xenial/devel/.private/actioncontroller/share/roseus/ros/actioncontroller/msg/ActionControllerResult.l, /home/dtrimoul/PR2-Kinetic-Xenial/devel/share/roseus/ros/actioncontroller/msg/ActionControllerResult.l)
Linked: (/home/dtrimoul/PR2-Kinetic-Xenial/devel/.private/actioncontroller/share/common-lisp/ros/actioncontroller/msg/ActionControllerActionResult.lisp, /home/dtrimoul/PR2-Kinetic-Xenial/devel/share/common-lisp/ros/actioncontroller/msg/ActionControllerActionResult.lisp)
Linked: (/home/dtrimoul/PR2-Kinetic-Xenial/devel/.private/actioncontroller/share/common-lisp/ros/actioncontroller/msg/_package_ActionControllerActionResult.lisp, /home/dtrimoul/PR2-Kinetic-Xenial/devel/share/common-lisp/ros/actioncontroller/msg/_package_ActionControllerActionResult.lisp)
Linked: (/home/dtrimoul/PR2-Kinetic-Xenial/devel/.private/actioncontroller/share/common-lisp/ros/actioncontroller/msg/_package.lisp, /home/dtrimoul/PR2-Kinetic-Xenial/devel/share/common-lisp/ros/actioncontroller/msg/_package.lisp)
Linked: (/home/dtrimoul/PR2-Kinetic-Xenial/devel/.private/actioncontroller/share/common-lisp/ros/actioncontroller/msg/actioncontroller-msg.asd, /home/dtrimoul/PR2-Kinetic-Xenial/devel/share/common-lisp/ros/actioncontroller/msg/actioncontroller-msg.asd)
Linked: (/home/dtrimoul/PR2-Kinetic-Xenial/devel/.private/actioncontroller/share/common-lisp/ros/actioncontroller/msg/ActionControllerAction.lisp, /home/dtrimoul/PR2-Kinetic-Xenial/devel/share/common-lisp/ros/actioncontroller/msg/ActionControllerAction.lisp)
Linked: (/home/dtrimoul/PR2-Kinetic-Xenial/devel/.private/actioncontroller/share/common-lisp/ros/actioncontroller/msg/_package_ActionControllerAction.lisp, /home/dtrimoul/PR2-Kinetic-Xenial/devel/share/common-lisp/ros/actioncontroller/msg/_package_ActionControllerAction.lisp)
Linked: (/home/dtrimoul/PR2-Kinetic-Xenial/devel/.private/actioncontroller/share/common-lisp/ros/actioncontroller/msg/ActionControllerGoal.lisp, /home/dtrimoul/PR2-Kinetic-Xenial/devel/share/common-lisp/ros/actioncontroller/msg/ActionControllerGoal.lisp)
Linked: (/home/dtrimoul/PR2-Kinetic-Xenial/devel/.private/actioncontroller/share/common-lisp/ros/actioncontroller/msg/_package_ActionControllerGoal.lisp, /home/dtrimoul/PR2-Kinetic-Xenial/devel/share/common-lisp/ros/actioncontroller/msg/_package_ActionControllerGoal.lisp)
Linked: (/home/dtrimoul/PR2-Kinetic-Xenial/devel/.private/actioncontroller/share/common-lisp/ros/actioncontroller/msg/ActionControllerActionGoal.lisp, /home/dtrimoul/PR2-Kinetic-Xenial/devel/share/common-lisp/ros/actioncontroller/msg/ActionControllerActionGoal.lisp)
Linked: (/home/dtrimoul/PR2-Kinetic-Xenial/devel/.private/actioncontroller/share/common-lisp/ros/actioncontroller/msg/_package_ActionControllerActionGoal.lisp, /home/dtrimoul/PR2-Kinetic-Xenial/devel/share/common-lisp/ros/actioncontroller/msg/_package_ActionControllerActionGoal.lisp)
Linked: (/home/dtrimoul/PR2-Kinetic-Xenial/devel/.private/actioncontroller/share/common-lisp/ros/actioncontroller/msg/actiongoal.lisp, /home/dtrimoul/PR2-Kinetic-Xenial/devel/share/common-lisp/ros/actioncontroller/msg/actiongoal.lisp)
Linked: (/home/dtrimoul/PR2-Kinetic-Xenial/devel/.private/actioncontroller/share/common-lisp/ros/actioncontroller/msg/_package_actiongoal.lisp, /home/dtrimoul/PR2-Kinetic-Xenial/devel/share/common-lisp/ros/actioncontroller/msg/_package_actiongoal.lisp)
Linked: (/home/dtrimoul/PR2-Kinetic-Xenial/devel/.private/actioncontroller/share/common-lisp/ros/actioncontroller/msg/ActionControllerFeedback.lisp, /home/dtrimoul/PR2-Kinetic-Xenial/devel/share/common-lisp/ros/actioncontroller/msg/ActionControllerFeedback.lisp)
Linked: (/home/dtrimoul/PR2-Kinetic-Xenial/devel/.private/actioncontroller/share/common-lisp/ros/actioncontroller/msg/_package_ActionControllerFeedback.lisp, /home/dtrimoul/PR2-Kinetic-Xenial/devel/share/common-lisp/ros/actioncontroller/msg/_package_ActionControllerFeedback.lisp)
Linked: (/home/dtrimoul/PR2-Kinetic-Xenial/devel/.private/actioncontroller/share/common-lisp/ros/actioncontroller/msg/ActionControllerResult.lisp, /home/dtrimoul/PR2-Kinetic-Xenial/devel/share/common-lisp/ros/actioncontroller/msg/ActionControllerResult.lisp)
Linked: (/home/dtrimoul/PR2-Kinetic-Xenial/devel/.private/actioncontroller/share/common-lisp/ros/actioncontroller/msg/_package_ActionControllerResult.lisp, /home/dtrimoul/PR2-Kinetic-Xenial/devel/share/common-lisp/ros/actioncontroller/msg/_package_ActionControllerResult.lisp)
Linked: (/home/dtrimoul/PR2-Kinetic-Xenial/devel/.private/actioncontroller/share/common-lisp/ros/actioncontroller/msg/ActionControllerActionFeedback.lisp, /home/dtrimoul/PR2-Kinetic-Xenial/devel/share/common-lisp/ros/actioncontroller/msg/ActionControllerActionFeedback.lisp)
Linked: (/home/dtrimoul/PR2-Kinetic-Xenial/devel/.private/actioncontroller/share/common-lisp/ros/actioncontroller/msg/_package_ActionControllerActionFeedback.lisp, /home/dtrimoul/PR2-Kinetic-Xenial/devel/share/common-lisp/ros/actioncontroller/msg/_package_ActionControllerActionFeedback.lisp)
Linked: (/home/dtrimoul/PR2-Kinetic-Xenial/devel/.private/actioncontroller/share/gennodejs/ros/actioncontroller/_index.js, /home/dtrimoul/PR2-Kinetic-Xenial/devel/share/gennodejs/ros/actioncontroller/_index.js)
Linked: (/home/dtrimoul/PR2-Kinetic-Xenial/devel/.private/actioncontroller/share/gennodejs/ros/actioncontroller/msg/ActionControllerActionResult.js, /home/dtrimoul/PR2-Kinetic-Xenial/devel/share/gennodejs/ros/actioncontroller/msg/ActionControllerActionResult.js)
Linked: (/home/dtrimoul/PR2-Kinetic-Xenial/devel/.private/actioncontroller/share/gennodejs/ros/actioncontroller/msg/_index.js, /home/dtrimoul/PR2-Kinetic-Xenial/devel/share/gennodejs/ros/actioncontroller/msg/_index.js)
Linked: (/home/dtrimoul/PR2-Kinetic-Xenial/devel/.private/actioncontroller/share/gennodejs/ros/actioncontroller/msg/ActionControllerAction.js, /home/dtrimoul/PR2-Kinetic-Xenial/devel/share/gennodejs/ros/actioncontroller/msg/ActionControllerAction.js)
Linked: (/home/dtrimoul/PR2-Kinetic-Xenial/devel/.private/actioncontroller/share/gennodejs/ros/actioncontroller/msg/ActionControllerGoal.js, /home/dtrimoul/PR2-Kinetic-Xenial/devel/share/gennodejs/ros/actioncontroller/msg/ActionControllerGoal.js)
Linked: (/home/dtrimoul/PR2-Kinetic-Xenial/devel/.private/actioncontroller/share/gennodejs/ros/actioncontroller/msg/ActionControllerActionGoal.js, /home/dtrimoul/PR2-Kinetic-Xenial/devel/share/gennodejs/ros/actioncontroller/msg/ActionControllerActionGoal.js)
Linked: (/home/dtrimoul/PR2-Kinetic-Xenial/devel/.private/actioncontroller/share/gennodejs/ros/actioncontroller/msg/actiongoal.js, /home/dtrimoul/PR2-Kinetic-Xenial/devel/share/gennodejs/ros/actioncontroller/msg/actiongoal.js)
Linked: (/home/dtrimoul/PR2-Kinetic-Xenial/devel/.private/actioncontroller/share/gennodejs/ros/actioncontroller/msg/ActionControllerFeedback.js, /home/dtrimoul/PR2-Kinetic-Xenial/devel/share/gennodejs/ros/actioncontroller/msg/ActionControllerFeedback.js)
Linked: (/home/dtrimoul/PR2-Kinetic-Xenial/devel/.private/actioncontroller/share/gennodejs/ros/actioncontroller/msg/ActionControllerActionFeedback.js, /home/dtrimoul/PR2-Kinetic-Xenial/devel/share/gennodejs/ros/actioncontroller/msg/ActionControllerActionFeedback.js)
Linked: (/home/dtrimoul/PR2-Kinetic-Xenial/devel/.private/actioncontroller/share/gennodejs/ros/actioncontroller/msg/ActionControllerResult.js, /home/dtrimoul/PR2-Kinetic-Xenial/devel/share/gennodejs/ros/actioncontroller/msg/ActionControllerResult.js)
Linked: (/home/dtrimoul/PR2-Kinetic-Xenial/devel/.private/actioncontroller/share/maven/org/ros/rosjava_messages/actioncontroller/maven-metadata.xml, /home/dtrimoul/PR2-Kinetic-Xenial/devel/share/maven/org/ros/rosjava_messages/actioncontroller/maven-metadata.xml)
Linked: (/home/dtrimoul/PR2-Kinetic-Xenial/devel/.private/actioncontroller/share/maven/org/ros/rosjava_messages/actioncontroller/maven-metadata.xml.sha1, /home/dtrimoul/PR2-Kinetic-Xenial/devel/share/maven/org/ros/rosjava_messages/actioncontroller/maven-metadata.xml.sha1)
Linked: (/home/dtrimoul/PR2-Kinetic-Xenial/devel/.private/actioncontroller/share/maven/org/ros/rosjava_messages/actioncontroller/maven-metadata.xml.md5, /home/dtrimoul/PR2-Kinetic-Xenial/devel/share/maven/org/ros/rosjava_messages/actioncontroller/maven-metadata.xml.md5)
Linked: (/home/dtrimoul/PR2-Kinetic-Xenial/devel/.private/actioncontroller/share/maven/org/ros/rosjava_messages/actioncontroller/0.0.0/actioncontroller-0.0.0.jar, /home/dtrimoul/PR2-Kinetic-Xenial/devel/share/maven/org/ros/rosjava_messages/actioncontroller/0.0.0/actioncontroller-0.0.0.jar)
Linked: (/home/dtrimoul/PR2-Kinetic-Xenial/devel/.private/actioncontroller/share/maven/org/ros/rosjava_messages/actioncontroller/0.0.0/actioncontroller-0.0.0.jar.sha1, /home/dtrimoul/PR2-Kinetic-Xenial/devel/share/maven/org/ros/rosjava_messages/actioncontroller/0.0.0/actioncontroller-0.0.0.jar.sha1)
Linked: (/home/dtrimoul/PR2-Kinetic-Xenial/devel/.private/actioncontroller/share/maven/org/ros/rosjava_messages/actioncontroller/0.0.0/actioncontroller-0.0.0.jar.md5, /home/dtrimoul/PR2-Kinetic-Xenial/devel/share/maven/org/ros/rosjava_messages/actioncontroller/0.0.0/actioncontroller-0.0.0.jar.md5)
Linked: (/home/dtrimoul/PR2-Kinetic-Xenial/devel/.private/actioncontroller/share/maven/org/ros/rosjava_messages/actioncontroller/0.0.0/actioncontroller-0.0.0.pom, /home/dtrimoul/PR2-Kinetic-Xenial/devel/share/maven/org/ros/rosjava_messages/actioncontroller/0.0.0/actioncontroller-0.0.0.pom)
Linked: (/home/dtrimoul/PR2-Kinetic-Xenial/devel/.private/actioncontroller/share/maven/org/ros/rosjava_messages/actioncontroller/0.0.0/actioncontroller-0.0.0.pom.sha1, /home/dtrimoul/PR2-Kinetic-Xenial/devel/share/maven/org/ros/rosjava_messages/actioncontroller/0.0.0/actioncontroller-0.0.0.pom.sha1)
Linked: (/home/dtrimoul/PR2-Kinetic-Xenial/devel/.private/actioncontroller/share/maven/org/ros/rosjava_messages/actioncontroller/0.0.0/actioncontroller-0.0.0.pom.md5, /home/dtrimoul/PR2-Kinetic-Xenial/devel/share/maven/org/ros/rosjava_messages/actioncontroller/0.0.0/actioncontroller-0.0.0.pom.md5)
Linked: (/home/dtrimoul/PR2-Kinetic-Xenial/devel/.private/actioncontroller/include/actioncontroller/ActionControllerActionResult.h, /home/dtrimoul/PR2-Kinetic-Xenial/devel/include/actioncontroller/ActionControllerActionResult.h)
Linked: (/home/dtrimoul/PR2-Kinetic-Xenial/devel/.private/actioncontroller/include/actioncontroller/ActionControllerAction.h, /home/dtrimoul/PR2-Kinetic-Xenial/devel/include/actioncontroller/ActionControllerAction.h)
Linked: (/home/dtrimoul/PR2-Kinetic-Xenial/devel/.private/actioncontroller/include/actioncontroller/ActionControllerGoal.h, /home/dtrimoul/PR2-Kinetic-Xenial/devel/include/actioncontroller/ActionControllerGoal.h)
Linked: (/home/dtrimoul/PR2-Kinetic-Xenial/devel/.private/actioncontroller/include/actioncontroller/ActionControllerActionGoal.h, /home/dtrimoul/PR2-Kinetic-Xenial/devel/include/actioncontroller/ActionControllerActionGoal.h)
Linked: (/home/dtrimoul/PR2-Kinetic-Xenial/devel/.private/actioncontroller/include/actioncontroller/actiongoal.h, /home/dtrimoul/PR2-Kinetic-Xenial/devel/include/actioncontroller/actiongoal.h)
Linked: (/home/dtrimoul/PR2-Kinetic-Xenial/devel/.private/actioncontroller/include/actioncontroller/ActionControllerFeedback.h, /home/dtrimoul/PR2-Kinetic-Xenial/devel/include/actioncontroller/ActionControllerFeedback.h)
Linked: (/home/dtrimoul/PR2-Kinetic-Xenial/devel/.private/actioncontroller/include/actioncontroller/ActionControllerResult.h, /home/dtrimoul/PR2-Kinetic-Xenial/devel/include/actioncontroller/ActionControllerResult.h)
Linked: (/home/dtrimoul/PR2-Kinetic-Xenial/devel/.private/actioncontroller/include/actioncontroller/ActionControllerActionFeedback.h, /home/dtrimoul/PR2-Kinetic-Xenial/devel/include/actioncontroller/ActionControllerActionFeedback.h)
Linked: (/home/dtrimoul/PR2-Kinetic-Xenial/devel/.private/actioncontroller/lib/python2.7/dist-packages/actioncontroller/__init__.py, /home/dtrimoul/PR2-Kinetic-Xenial/devel/lib/python2.7/dist-packages/actioncontroller/__init__.py)
Linked: (/home/dtrimoul/PR2-Kinetic-Xenial/devel/.private/actioncontroller/lib/python2.7/dist-packages/actioncontroller/msg/_ActionControllerActionResult.py, /home/dtrimoul/PR2-Kinetic-Xenial/devel/lib/python2.7/dist-packages/actioncontroller/msg/_ActionControllerActionResult.py)
Linked: (/home/dtrimoul/PR2-Kinetic-Xenial/devel/.private/actioncontroller/lib/python2.7/dist-packages/actioncontroller/msg/_ActionControllerAction.py, /home/dtrimoul/PR2-Kinetic-Xenial/devel/lib/python2.7/dist-packages/actioncontroller/msg/_ActionControllerAction.py)
Linked: (/home/dtrimoul/PR2-Kinetic-Xenial/devel/.private/actioncontroller/lib/python2.7/dist-packages/actioncontroller/msg/_ActionControllerGoal.py, /home/dtrimoul/PR2-Kinetic-Xenial/devel/lib/python2.7/dist-packages/actioncontroller/msg/_ActionControllerGoal.py)
Linked: (/home/dtrimoul/PR2-Kinetic-Xenial/devel/.private/actioncontroller/lib/python2.7/dist-packages/actioncontroller/msg/_ActionControllerActionGoal.py, /home/dtrimoul/PR2-Kinetic-Xenial/devel/lib/python2.7/dist-packages/actioncontroller/msg/_ActionControllerActionGoal.py)
Linked: (/home/dtrimoul/PR2-Kinetic-Xenial/devel/.private/actioncontroller/lib/python2.7/dist-packages/actioncontroller/msg/_actiongoal.py, /home/dtrimoul/PR2-Kinetic-Xenial/devel/lib/python2.7/dist-packages/actioncontroller/msg/_actiongoal.py)
Linked: (/home/dtrimoul/PR2-Kinetic-Xenial/devel/.private/actioncontroller/lib/python2.7/dist-packages/actioncontroller/msg/_ActionControllerFeedback.py, /home/dtrimoul/PR2-Kinetic-Xenial/devel/lib/python2.7/dist-packages/actioncontroller/msg/_ActionControllerFeedback.py)
Linked: (/home/dtrimoul/PR2-Kinetic-Xenial/devel/.private/actioncontroller/lib/python2.7/dist-packages/actioncontroller/msg/_ActionControllerActionFeedback.py, /home/dtrimoul/PR2-Kinetic-Xenial/devel/lib/python2.7/dist-packages/actioncontroller/msg/_ActionControllerActionFeedback.py)
Linked: (/home/dtrimoul/PR2-Kinetic-Xenial/devel/.private/actioncontroller/lib/python2.7/dist-packages/actioncontroller/msg/_ActionControllerResult.py, /home/dtrimoul/PR2-Kinetic-Xenial/devel/lib/python2.7/dist-packages/actioncontroller/msg/_ActionControllerResult.py)
Linked: (/home/dtrimoul/PR2-Kinetic-Xenial/devel/.private/actioncontroller/lib/python2.7/dist-packages/actioncontroller/msg/__init__.py, /home/dtrimoul/PR2-Kinetic-Xenial/devel/lib/python2.7/dist-packages/actioncontroller/msg/__init__.py)
Linked: (/home/dtrimoul/PR2-Kinetic-Xenial/devel/.private/actioncontroller/lib/pkgconfig/actioncontroller.pc, /home/dtrimoul/PR2-Kinetic-Xenial/devel/lib/pkgconfig/actioncontroller.pc)
Linked: (/home/dtrimoul/PR2-Kinetic-Xenial/devel/.private/actioncontroller/lib/actioncontroller/setUp, /home/dtrimoul/PR2-Kinetic-Xenial/devel/lib/actioncontroller/setUp)
Linked: (/home/dtrimoul/PR2-Kinetic-Xenial/devel/.private/actioncontroller/lib/actioncontroller/simplePick, /home/dtrimoul/PR2-Kinetic-Xenial/devel/lib/actioncontroller/simplePick)
Linked: (/home/dtrimoul/PR2-Kinetic-Xenial/devel/.private/actioncontroller/lib/actioncontroller/ActionController, /home/dtrimoul/PR2-Kinetic-Xenial/devel/lib/actioncontroller/ActionController)
