In file included from [01m[K/opt/ros/kinetic/include/ros/ros.h:40:0[m[K,
                 from [01m[K/home/dtrimoul/PR2-Kinetic-Xenial/src/actioncontroller/src/ActionController.cpp:2[m[K:
[01m[K/home/dtrimoul/PR2-Kinetic-Xenial/src/actioncontroller/src/ActionController.cpp:[m[K In member function ‘[01m[Kbool ActionController::pick(std::__cxx11::string, std::__cxx11::string)[m[K’:
[01m[K/opt/ros/kinetic/include/ros/console.h:346:176:[m[K [01;35m[Kwarning: [m[Kformat not a string literal and no format arguments [-Wformat-security]
     ::ros::console::print(filter, __rosconsole_define_location__loc.logger_, __rosconsole_define_location__loc.level_, __FILE__, __LINE__, __ROSCONSOLE_FUNCTION__, __VA_ARGS__)
[01;32m[K                                                                                                                                                                                ^[m[K
[01m[K/opt/ros/kinetic/include/ros/console.h:349:5:[m[K [01;36m[Knote: [m[Kin expansion of macro ‘[01m[KROSCONSOLE_PRINT_AT_LOCATION_WITH_FILTER[m[K’
     ROSCONSOLE_PRINT_AT_LOCATION_WITH_FILTER(0, __VA_ARGS__)
[01;32m[K     ^[m[K
[01m[K/opt/ros/kinetic/include/ros/console.h:379:7:[m[K [01;36m[Knote: [m[Kin expansion of macro ‘[01m[KROSCONSOLE_PRINT_AT_LOCATION[m[K’
       ROSCONSOLE_PRINT_AT_LOCATION(__VA_ARGS__); \
[01;32m[K       ^[m[K
[01m[K/opt/ros/kinetic/include/ros/console.h:561:35:[m[K [01;36m[Knote: [m[Kin expansion of macro ‘[01m[KROS_LOG_COND[m[K’
 #define ROS_LOG(level, name, ...) ROS_LOG_COND(true, level, name, __VA_ARGS__)
[01;32m[K                                   ^[m[K
[01m[K/opt/ros/kinetic/include/rosconsole/macros_generated.h:110:23:[m[K [01;36m[Knote: [m[Kin expansion of macro ‘[01m[KROS_LOG[m[K’
 #define ROS_INFO(...) ROS_LOG(::ros::console::levels::Info, ROSCONSOLE_DEFAULT_NAME, __VA_ARGS__)
[01;32m[K                       ^[m[K
[01m[K/home/dtrimoul/PR2-Kinetic-Xenial/src/actioncontroller/src/ActionController.cpp:104:3:[m[K [01;36m[Knote: [m[Kin expansion of macro ‘[01m[KROS_INFO[m[K’
   ROS_INFO(group.c_str());
[01;32m[K   ^[m[K
[01m[K/home/dtrimoul/PR2-Kinetic-Xenial/src/actioncontroller/src/ActionController.cpp:[m[K In function ‘[01m[Kvoid objects_update(const ConstPtr&)[m[K’:
[01m[K/home/dtrimoul/PR2-Kinetic-Xenial/src/actioncontroller/src/ActionController.cpp:168:57:[m[K [01;31m[Kerror: [m[Kno matching function for call to ‘[01m[Kstd::map<std::__cxx11::basic_string<char>, moveit_msgs::CollisionObject_<std::allocator<void> > >::insert(const _id_type&, const value_type&)[m[K’
         if(objects.insert(msg->data[i].id , msg->data[i])){
[01;32m[K                                                         ^[m[K
In file included from [01m[K/usr/include/c++/5/map:61:0[m[K,
                 from [01m[K/opt/ros/kinetic/include/ros/console.h:42[m[K,
                 from [01m[K/opt/ros/kinetic/include/ros/ros.h:40[m[K,
                 from [01m[K/home/dtrimoul/PR2-Kinetic-Xenial/src/actioncontroller/src/ActionController.cpp:2[m[K:
[01m[K/usr/include/c++/5/bits/stl_map.h:612:7:[m[K [01;36m[Knote: [m[Kcandidate: std::pair<typename std::_Rb_tree<_Key, std::pair<const _Key, _Tp>, std::_Select1st<std::pair<const _Key, _Tp> >, _Compare, typename __gnu_cxx::__alloc_traits<_Allocator>::rebind<std::pair<const _Key, _Tp> >::other>::iterator, bool> std::map<_Key, _Tp, _Compare, _Alloc>::insert(const value_type&) [with _Key = std::__cxx11::basic_string<char>; _Tp = moveit_msgs::CollisionObject_<std::allocator<void> >; _Compare = std::less<std::__cxx11::basic_string<char> >; _Alloc = std::allocator<std::pair<const std::__cxx11::basic_string<char>, moveit_msgs::CollisionObject_<std::allocator<void> > > >; typename std::_Rb_tree<_Key, std::pair<const _Key, _Tp>, std::_Select1st<std::pair<const _Key, _Tp> >, _Compare, typename __gnu_cxx::__alloc_traits<_Allocator>::rebind<std::pair<const _Key, _Tp> >::other>::iterator = std::_Rb_tree_iterator<std::pair<const std::__cxx11::basic_string<char>, moveit_msgs::CollisionObject_<std::allocator<void> > > >; std::map<_Key, _Tp, _Compare, _Alloc>::value_type = std::pair<const std::__cxx11::basic_string<char>, moveit_msgs::CollisionObject_<std::allocator<void> > >]
       insert(const value_type& __x)
[01;32m[K       ^[m[K
[01m[K/usr/include/c++/5/bits/stl_map.h:612:7:[m[K [01;36m[Knote: [m[K  candidate expects 1 argument, 2 provided
[01m[K/usr/include/c++/5/bits/stl_map.h:620:9:[m[K [01;36m[Knote: [m[Kcandidate: template<class _Pair, class> std::pair<typename std::_Rb_tree<_Key, std::pair<const _Key, _Tp>, std::_Select1st<std::pair<const _Key, _Tp> >, _Compare, typename __gnu_cxx::__alloc_traits<_Allocator>::rebind<std::pair<const _Key, _Tp> >::other>::iterator, bool> std::map<_Key, _Tp, _Compare, _Alloc>::insert(_Pair&&) [with _Pair = _Pair; <template-parameter-2-2> = <template-parameter-1-2>; _Key = std::__cxx11::basic_string<char>; _Tp = moveit_msgs::CollisionObject_<std::allocator<void> >; _Compare = std::less<std::__cxx11::basic_string<char> >; _Alloc = std::allocator<std::pair<const std::__cxx11::basic_string<char>, moveit_msgs::CollisionObject_<std::allocator<void> > > >]
         insert(_Pair&& __x)
[01;32m[K         ^[m[K
[01m[K/usr/include/c++/5/bits/stl_map.h:620:9:[m[K [01;36m[Knote: [m[K  template argument deduction/substitution failed:
[01m[K/home/dtrimoul/PR2-Kinetic-Xenial/src/actioncontroller/src/ActionController.cpp:168:57:[m[K [01;36m[Knote: [m[K  candidate expects 1 argument, 2 provided
         if(objects.insert(msg->data[i].id , msg->data[i])){
[01;32m[K                                                         ^[m[K
In file included from [01m[K/usr/include/c++/5/map:61:0[m[K,
                 from [01m[K/opt/ros/kinetic/include/ros/console.h:42[m[K,
                 from [01m[K/opt/ros/kinetic/include/ros/ros.h:40[m[K,
                 from [01m[K/home/dtrimoul/PR2-Kinetic-Xenial/src/actioncontroller/src/ActionController.cpp:2[m[K:
[01m[K/usr/include/c++/5/bits/stl_map.h:633:7:[m[K [01;36m[Knote: [m[Kcandidate: void std::map<_Key, _Tp, _Compare, _Alloc>::insert(std::initializer_list<std::pair<const _Key, _Tp> >) [with _Key = std::__cxx11::basic_string<char>; _Tp = moveit_msgs::CollisionObject_<std::allocator<void> >; _Compare = std::less<std::__cxx11::basic_string<char> >; _Alloc = std::allocator<std::pair<const std::__cxx11::basic_string<char>, moveit_msgs::CollisionObject_<std::allocator<void> > > >]
       insert(std::initializer_list<value_type> __list)
[01;32m[K       ^[m[K
[01m[K/usr/include/c++/5/bits/stl_map.h:633:7:[m[K [01;36m[Knote: [m[K  candidate expects 1 argument, 2 provided
[01m[K/usr/include/c++/5/bits/stl_map.h:662:7:[m[K [01;36m[Knote: [m[Kcandidate: std::map<_Key, _Tp, _Compare, _Alloc>::iterator std::map<_Key, _Tp, _Compare, _Alloc>::insert(std::map<_Key, _Tp, _Compare, _Alloc>::const_iterator, const value_type&) [with _Key = std::__cxx11::basic_string<char>; _Tp = moveit_msgs::CollisionObject_<std::allocator<void> >; _Compare = std::less<std::__cxx11::basic_string<char> >; _Alloc = std::allocator<std::pair<const std::__cxx11::basic_string<char>, moveit_msgs::CollisionObject_<std::allocator<void> > > >; std::map<_Key, _Tp, _Compare, _Alloc>::iterator = std::_Rb_tree_iterator<std::pair<const std::__cxx11::basic_string<char>, moveit_msgs::CollisionObject_<std::allocator<void> > > >; std::map<_Key, _Tp, _Compare, _Alloc>::const_iterator = std::_Rb_tree_const_iterator<std::pair<const std::__cxx11::basic_string<char>, moveit_msgs::CollisionObject_<std::allocator<void> > > >; std::map<_Key, _Tp, _Compare, _Alloc>::value_type = std::pair<const std::__cxx11::basic_string<char>, moveit_msgs::CollisionObject_<std::allocator<void> > >]
       insert(const_iterator __position, const value_type& __x)
[01;32m[K       ^[m[K
[01m[K/usr/include/c++/5/bits/stl_map.h:662:7:[m[K [01;36m[Knote: [m[K  no known conversion for argument 1 from ‘[01m[Kconst _id_type {aka const std::__cxx11::basic_string<char>}[m[K’ to ‘[01m[Kstd::map<std::__cxx11::basic_string<char>, moveit_msgs::CollisionObject_<std::allocator<void> > >::const_iterator {aka std::_Rb_tree_const_iterator<std::pair<const std::__cxx11::basic_string<char>, moveit_msgs::CollisionObject_<std::allocator<void> > > >}[m[K’
[01m[K/usr/include/c++/5/bits/stl_map.h:673:9:[m[K [01;36m[Knote: [m[Kcandidate: template<class _Pair, class> std::map<_Key, _Tp, _Compare, _Alloc>::iterator std::map<_Key, _Tp, _Compare, _Alloc>::insert(std::map<_Key, _Tp, _Compare, _Alloc>::const_iterator, _Pair&&) [with _Pair = _Pair; <template-parameter-2-2> = <template-parameter-1-2>; _Key = std::__cxx11::basic_string<char>; _Tp = moveit_msgs::CollisionObject_<std::allocator<void> >; _Compare = std::less<std::__cxx11::basic_string<char> >; _Alloc = std::allocator<std::pair<const std::__cxx11::basic_string<char>, moveit_msgs::CollisionObject_<std::allocator<void> > > >]
         insert(const_iterator __position, _Pair&& __x)
[01;32m[K         ^[m[K
[01m[K/usr/include/c++/5/bits/stl_map.h:673:9:[m[K [01;36m[Knote: [m[K  template argument deduction/substitution failed:
[01m[K/home/dtrimoul/PR2-Kinetic-Xenial/src/actioncontroller/src/ActionController.cpp:168:40:[m[K [01;36m[Knote: [m[K  cannot convert ‘[01m[K(& msg)->boost::shared_ptr<T>::operator-><const gazebo_moveit_objects_synchroniser::CollisionObjectArray_<std::allocator<void> > >()->gazebo_moveit_objects_synchroniser::CollisionObjectArray_<std::allocator<void> >::data.std::vector<_Tp, _Alloc>::operator[]<moveit_msgs::CollisionObject_<std::allocator<void> >, std::allocator<moveit_msgs::CollisionObject_<std::allocator<void> > > >(((std::vector<moveit_msgs::CollisionObject_<std::allocator<void> > >::size_type)i)).moveit_msgs::CollisionObject_<std::allocator<void> >::id[m[K’ (type ‘[01m[Kconst _id_type {aka const std::__cxx11::basic_string<char>}[m[K’) to type ‘[01m[Kstd::map<std::__cxx11::basic_string<char>, moveit_msgs::CollisionObject_<std::allocator<void> > >::const_iterator {aka std::_Rb_tree_const_iterator<std::pair<const std::__cxx11::basic_string<char>, moveit_msgs::CollisionObject_<std::allocator<void> > > >}[m[K’
         if(objects.insert(msg->data[i].id , msg->data[i])){
[01;32m[K                                        ^[m[K
In file included from [01m[K/usr/include/c++/5/map:61:0[m[K,
                 from [01m[K/opt/ros/kinetic/include/ros/console.h:42[m[K,
                 from [01m[K/opt/ros/kinetic/include/ros/ros.h:40[m[K,
                 from [01m[K/home/dtrimoul/PR2-Kinetic-Xenial/src/actioncontroller/src/ActionController.cpp:2[m[K:
[01m[K/usr/include/c++/5/bits/stl_map.h:688:9:[m[K [01;36m[Knote: [m[Kcandidate: template<class _InputIterator> void std::map<_Key, _Tp, _Compare, _Alloc>::insert(_InputIterator, _InputIterator) [with _InputIterator = _InputIterator; _Key = std::__cxx11::basic_string<char>; _Tp = moveit_msgs::CollisionObject_<std::allocator<void> >; _Compare = std::less<std::__cxx11::basic_string<char> >; _Alloc = std::allocator<std::pair<const std::__cxx11::basic_string<char>, moveit_msgs::CollisionObject_<std::allocator<void> > > >]
         insert(_InputIterator __first, _InputIterator __last)
[01;32m[K         ^[m[K
[01m[K/usr/include/c++/5/bits/stl_map.h:688:9:[m[K [01;36m[Knote: [m[K  template argument deduction/substitution failed:
[01m[K/home/dtrimoul/PR2-Kinetic-Xenial/src/actioncontroller/src/ActionController.cpp:168:57:[m[K [01;36m[Knote: [m[K  deduced conflicting types for parameter ‘[01m[K_InputIterator[m[K’ (‘[01m[Kstd::__cxx11::basic_string<char>[m[K’ and ‘[01m[Kmoveit_msgs::CollisionObject_<std::allocator<void> >[m[K’)
         if(objects.insert(msg->data[i].id , msg->data[i])){
[01;32m[K                                                         ^[m[K
make[2]: *** [CMakeFiles/ActionController.dir/src/ActionController.cpp.o] Error 1
make[1]: *** [CMakeFiles/ActionController.dir/all] Error 2
make: *** [all] Error 2
