[  0%] Built target geometry_msgs_generate_messages_java
[  0%] Built target _pr2_mechanism_controllers_generate_messages_check_deps_BaseControllerState
[  0%] Built target _pr2_mechanism_controllers_generate_messages_check_deps_BaseOdometryState
[  0%] Built target _pr2_mechanism_controllers_generate_messages_check_deps_TrackLinkCmd
[  0%] Built target _pr2_mechanism_controllers_generate_messages_check_deps_BaseControllerState2
[  0%] Built target _pr2_mechanism_controllers_generate_messages_check_deps_DebugInfo
[  0%] Built target _pr2_mechanism_controllers_generate_messages_check_deps_Odometer
[  0%] Built target _pr2_mechanism_controllers_generate_messages_check_deps_OdometryMatrix
[  0%] Built target _pr2_mechanism_controllers_generate_messages_check_deps_SetProfile
[  0%] Built target std_msgs_generate_messages_py
[  0%] Built target geometry_msgs_generate_messages_py
[  0%] Built target geometry_msgs_generate_messages_nodejs
[  0%] Built target std_msgs_generate_messages_nodejs
[  0%] Built target std_msgs_generate_messages_eus
[  0%] Built target geometry_msgs_generate_messages_eus
[  0%] Built target std_msgs_generate_messages_cpp
[  0%] Built target geometry_msgs_generate_messages_cpp
[  0%] Built target geometry_msgs_generate_messages_lisp
[  0%] Built target std_msgs_generate_messages_lisp
[  1%] [34m[1mCompiling Java code for pr2_mechanism_controllers[0m
[  3%] Built target pr2_mechanism_controllers_generate_messages_java_gradle
[  3%] Built target pr2_mechanism_controllers_xacro_generated_to_devel_space_
[  5%] Built target pr2_mechanism_controllers_generate_messages_java
[ 23%] Built target pr2_mechanism_controllers_generate_messages_py
[ 38%] Built target pr2_mechanism_controllers_generate_messages_nodejs
[ 54%] Built target pr2_mechanism_controllers_generate_messages_eus
[ 69%] Built target pr2_mechanism_controllers_generate_messages_cpp
[ 83%] Built target pr2_mechanism_controllers_generate_messages_lisp
[100%] Built target pr2_mechanism_controllers
[100%] Built target pr2_mechanism_controllers_generate_messages
