[35m[1mScanning dependencies of target geometry_msgs_generate_messages_java[0m
[  0%] Built target geometry_msgs_generate_messages_java
[35m[1mScanning dependencies of target _pr2_mechanism_controllers_generate_messages_check_deps_BaseControllerState[0m
[  0%] Built target _pr2_mechanism_controllers_generate_messages_check_deps_BaseControllerState
[35m[1mScanning dependencies of target _pr2_mechanism_controllers_generate_messages_check_deps_BaseOdometryState[0m
[  0%] Built target _pr2_mechanism_controllers_generate_messages_check_deps_BaseOdometryState
[35m[1mScanning dependencies of target _pr2_mechanism_controllers_generate_messages_check_deps_TrackLinkCmd[0m
[  0%] Built target _pr2_mechanism_controllers_generate_messages_check_deps_TrackLinkCmd
[35m[1mScanning dependencies of target _pr2_mechanism_controllers_generate_messages_check_deps_BaseControllerState2[0m
[  0%] Built target _pr2_mechanism_controllers_generate_messages_check_deps_BaseControllerState2
[35m[1mScanning dependencies of target _pr2_mechanism_controllers_generate_messages_check_deps_DebugInfo[0m
[  0%] Built target _pr2_mechanism_controllers_generate_messages_check_deps_DebugInfo
[35m[1mScanning dependencies of target _pr2_mechanism_controllers_generate_messages_check_deps_Odometer[0m
[  0%] Built target _pr2_mechanism_controllers_generate_messages_check_deps_Odometer
[35m[1mScanning dependencies of target _pr2_mechanism_controllers_generate_messages_check_deps_OdometryMatrix[0m
[  0%] Built target _pr2_mechanism_controllers_generate_messages_check_deps_OdometryMatrix
[35m[1mScanning dependencies of target _pr2_mechanism_controllers_generate_messages_check_deps_SetProfile[0m
[  0%] Built target _pr2_mechanism_controllers_generate_messages_check_deps_SetProfile
[35m[1mScanning dependencies of target std_msgs_generate_messages_py[0m
[  0%] Built target std_msgs_generate_messages_py
[35m[1mScanning dependencies of target geometry_msgs_generate_messages_py[0m
[  0%] Built target geometry_msgs_generate_messages_py
[35m[1mScanning dependencies of target geometry_msgs_generate_messages_nodejs[0m
[  0%] Built target geometry_msgs_generate_messages_nodejs
[35m[1mScanning dependencies of target std_msgs_generate_messages_nodejs[0m
[  0%] Built target std_msgs_generate_messages_nodejs
[35m[1mScanning dependencies of target std_msgs_generate_messages_eus[0m
[  0%] Built target std_msgs_generate_messages_eus
[35m[1mScanning dependencies of target geometry_msgs_generate_messages_eus[0m
[  0%] Built target geometry_msgs_generate_messages_eus
[35m[1mScanning dependencies of target std_msgs_generate_messages_cpp[0m
[35m[1mScanning dependencies of target geometry_msgs_generate_messages_cpp[0m
[  0%] Built target std_msgs_generate_messages_cpp
[  0%] Built target geometry_msgs_generate_messages_cpp
[35m[1mScanning dependencies of target geometry_msgs_generate_messages_lisp[0m
[  0%] Built target geometry_msgs_generate_messages_lisp
[35m[1mScanning dependencies of target std_msgs_generate_messages_lisp[0m
[  0%] Built target std_msgs_generate_messages_lisp
[35m[1mScanning dependencies of target pr2_mechanism_controllers_generate_messages_java_gradle[0m
[  1%] [34m[1mGenerating Java gradle project from pr2_mechanism_controllers[0m
[  3%] [34m[1mCompiling Java code for pr2_mechanism_controllers[0m
[0mwarning: [options] bootstrap class path not set in conjunction with -source 1.7
1 warning
Uploading: org/ros/rosjava_messages/pr2_mechanism_controllers/1.10.14/pr2_mechanism_controllers-1.10.14.jar to repository remote at file:/home/dtrimoul/PR2-Kinetic-Xenial/devel/.private/pr2_mechanism_controllers/share/maven
Transferring 6K from remote
Uploaded 6K
[0m[  3%] Built target pr2_mechanism_controllers_generate_messages_java_gradle
[35m[1mScanning dependencies of target pr2_mechanism_controllers_xacro_generated_to_devel_space_[0m
[  3%] Built target pr2_mechanism_controllers_xacro_generated_to_devel_space_
[35m[1mScanning dependencies of target pr2_mechanism_controllers_generate_messages_java[0m
[  5%] Built target pr2_mechanism_controllers_generate_messages_java
[35m[1mScanning dependencies of target pr2_mechanism_controllers_generate_messages_py[0m
[  7%] [34m[1mGenerating Python from MSG pr2_mechanism_controllers/Odometer[0m
[  9%] [34m[1mGenerating Python from MSG pr2_mechanism_controllers/BaseOdometryState[0m
[ 10%] [34m[1mGenerating Python from MSG pr2_mechanism_controllers/BaseControllerState2[0m
[ 12%] [34m[1mGenerating Python from MSG pr2_mechanism_controllers/TrackLinkCmd[0m
[ 14%] [34m[1mGenerating Python from MSG pr2_mechanism_controllers/DebugInfo[0m
[ 16%] [34m[1mGenerating Python from MSG pr2_mechanism_controllers/BaseControllerState[0m
[ 18%] [34m[1mGenerating Python from MSG pr2_mechanism_controllers/OdometryMatrix[0m
[ 20%] [34m[1mGenerating Python code from SRV pr2_mechanism_controllers/SetProfile[0m
[ 21%] [34m[1mGenerating Python msg __init__.py for pr2_mechanism_controllers[0m
[ 23%] [34m[1mGenerating Python srv __init__.py for pr2_mechanism_controllers[0m
[ 23%] Built target pr2_mechanism_controllers_generate_messages_py
[35m[1mScanning dependencies of target pr2_mechanism_controllers_generate_messages_nodejs[0m
[ 25%] [34m[1mGenerating Javascript code from pr2_mechanism_controllers/Odometer.msg[0m
[ 27%] [34m[1mGenerating Javascript code from pr2_mechanism_controllers/BaseOdometryState.msg[0m
[ 29%] [34m[1mGenerating Javascript code from pr2_mechanism_controllers/BaseControllerState2.msg[0m
[ 30%] [34m[1mGenerating Javascript code from pr2_mechanism_controllers/TrackLinkCmd.msg[0m
[ 32%] [34m[1mGenerating Javascript code from pr2_mechanism_controllers/DebugInfo.msg[0m
[ 34%] [34m[1mGenerating Javascript code from pr2_mechanism_controllers/BaseControllerState.msg[0m
[ 36%] [34m[1mGenerating Javascript code from pr2_mechanism_controllers/OdometryMatrix.msg[0m
[ 38%] [34m[1mGenerating Javascript code from pr2_mechanism_controllers/SetProfile.srv[0m
[ 38%] Built target pr2_mechanism_controllers_generate_messages_nodejs
[35m[1mScanning dependencies of target pr2_mechanism_controllers_generate_messages_eus[0m
[ 40%] [34m[1mGenerating EusLisp code from pr2_mechanism_controllers/Odometer.msg[0m
[ 41%] [34m[1mGenerating EusLisp code from pr2_mechanism_controllers/BaseOdometryState.msg[0m
[ 43%] [34m[1mGenerating EusLisp code from pr2_mechanism_controllers/BaseControllerState2.msg[0m
[ 45%] [34m[1mGenerating EusLisp code from pr2_mechanism_controllers/TrackLinkCmd.msg[0m
[ 47%] [34m[1mGenerating EusLisp code from pr2_mechanism_controllers/DebugInfo.msg[0m
[ 49%] [34m[1mGenerating EusLisp code from pr2_mechanism_controllers/BaseControllerState.msg[0m
[ 50%] [34m[1mGenerating EusLisp code from pr2_mechanism_controllers/OdometryMatrix.msg[0m
[ 52%] [34m[1mGenerating EusLisp code from pr2_mechanism_controllers/SetProfile.srv[0m
[ 54%] [34m[1mGenerating EusLisp manifest code for pr2_mechanism_controllers[0m
[35m[1mScanning dependencies of target pr2_mechanism_controllers_generate_messages_cpp[0m
[ 56%] [34m[1mGenerating C++ code from pr2_mechanism_controllers/Odometer.msg[0m
[ 58%] [34m[1mGenerating C++ code from pr2_mechanism_controllers/BaseOdometryState.msg[0m
[35m[1mScanning dependencies of target pr2_mechanism_controllers_generate_messages_lisp[0m
[ 60%] [34m[1mGenerating Lisp code from pr2_mechanism_controllers/Odometer.msg[0m
[ 61%] [34m[1mGenerating Lisp code from pr2_mechanism_controllers/BaseOdometryState.msg[0m
[ 63%] [34m[1mGenerating C++ code from pr2_mechanism_controllers/BaseControllerState2.msg[0m
[ 65%] [34m[1mGenerating Lisp code from pr2_mechanism_controllers/BaseControllerState2.msg[0m
[ 67%] [34m[1mGenerating Lisp code from pr2_mechanism_controllers/TrackLinkCmd.msg[0m
[ 69%] [34m[1mGenerating C++ code from pr2_mechanism_controllers/TrackLinkCmd.msg[0m
[ 70%] [34m[1mGenerating Lisp code from pr2_mechanism_controllers/DebugInfo.msg[0m
[ 72%] [34m[1mGenerating Lisp code from pr2_mechanism_controllers/BaseControllerState.msg[0m
[ 74%] [34m[1mGenerating Lisp code from pr2_mechanism_controllers/OdometryMatrix.msg[0m
[ 76%] [34m[1mGenerating C++ code from pr2_mechanism_controllers/DebugInfo.msg[0m
[ 78%] [34m[1mGenerating Lisp code from pr2_mechanism_controllers/SetProfile.srv[0m
[ 78%] Built target pr2_mechanism_controllers_generate_messages_lisp
[ 80%] [34m[1mGenerating C++ code from pr2_mechanism_controllers/BaseControllerState.msg[0m
[ 81%] [34m[1mGenerating C++ code from pr2_mechanism_controllers/OdometryMatrix.msg[0m
[ 83%] [34m[1mGenerating C++ code from pr2_mechanism_controllers/SetProfile.srv[0m
[ 83%] Built target pr2_mechanism_controllers_generate_messages_cpp
[ 83%] Built target pr2_mechanism_controllers_generate_messages_eus
[35m[1mScanning dependencies of target pr2_mechanism_controllers[0m
[35m[1mScanning dependencies of target pr2_mechanism_controllers_generate_messages[0m
[ 83%] Built target pr2_mechanism_controllers_generate_messages
[ 85%] [32mBuilding CXX object CMakeFiles/pr2_mechanism_controllers.dir/src/laser_scanner_traj_controller.cpp.o[0m
[ 87%] [32mBuilding CXX object CMakeFiles/pr2_mechanism_controllers.dir/src/caster_controller.cpp.o[0m
[ 89%] [32mBuilding CXX object CMakeFiles/pr2_mechanism_controllers.dir/src/base_kinematics.cpp.o[0m
[ 90%] [32mBuilding CXX object CMakeFiles/pr2_mechanism_controllers.dir/src/pr2_odometry.cpp.o[0m
[ 92%] [32mBuilding CXX object CMakeFiles/pr2_mechanism_controllers.dir/src/pr2_base_controller.cpp.o[0m
[ 94%] [32mBuilding CXX object CMakeFiles/pr2_mechanism_controllers.dir/src/pr2_base_controller2.cpp.o[0m
[ 96%] [32mBuilding CXX object CMakeFiles/pr2_mechanism_controllers.dir/src/pr2_gripper_controller.cpp.o[0m
[ 98%] [32mBuilding CXX object CMakeFiles/pr2_mechanism_controllers.dir/src/trajectory.cpp.o[0m
[100%] [32m[1mLinking CXX shared library /home/dtrimoul/PR2-Kinetic-Xenial/devel/.private/pr2_mechanism_controllers/lib/libpr2_mechanism_controllers.so[0m
[100%] Built target pr2_mechanism_controllers
