Linked: (/home/dtrimoul/PR2-Kinetic-Xenial/devel/.private/pr2_mechanism_controllers/share/pr2_mechanism_controllers/cmake/pr2_mechanism_controllersConfig-version.cmake, /home/dtrimoul/PR2-Kinetic-Xenial/devel/share/pr2_mechanism_controllers/cmake/pr2_mechanism_controllersConfig-version.cmake)
Linked: (/home/dtrimoul/PR2-Kinetic-Xenial/devel/.private/pr2_mechanism_controllers/share/pr2_mechanism_controllers/cmake/pr2_mechanism_controllers-msg-paths.cmake, /home/dtrimoul/PR2-Kinetic-Xenial/devel/share/pr2_mechanism_controllers/cmake/pr2_mechanism_controllers-msg-paths.cmake)
Linked: (/home/dtrimoul/PR2-Kinetic-Xenial/devel/.private/pr2_mechanism_controllers/share/pr2_mechanism_controllers/cmake/pr2_mechanism_controllers-msg-extras.cmake, /home/dtrimoul/PR2-Kinetic-Xenial/devel/share/pr2_mechanism_controllers/cmake/pr2_mechanism_controllers-msg-extras.cmake)
Linked: (/home/dtrimoul/PR2-Kinetic-Xenial/devel/.private/pr2_mechanism_controllers/share/pr2_mechanism_controllers/cmake/pr2_mechanism_controllersConfig.cmake, /home/dtrimoul/PR2-Kinetic-Xenial/devel/share/pr2_mechanism_controllers/cmake/pr2_mechanism_controllersConfig.cmake)
Linked: (/home/dtrimoul/PR2-Kinetic-Xenial/devel/.private/pr2_mechanism_controllers/share/roseus/ros/pr2_mechanism_controllers/manifest.l, /home/dtrimoul/PR2-Kinetic-Xenial/devel/share/roseus/ros/pr2_mechanism_controllers/manifest.l)
Linked: (/home/dtrimoul/PR2-Kinetic-Xenial/devel/.private/pr2_mechanism_controllers/share/roseus/ros/pr2_mechanism_controllers/msg/Odometer.l, /home/dtrimoul/PR2-Kinetic-Xenial/devel/share/roseus/ros/pr2_mechanism_controllers/msg/Odometer.l)
Linked: (/home/dtrimoul/PR2-Kinetic-Xenial/devel/.private/pr2_mechanism_controllers/share/roseus/ros/pr2_mechanism_controllers/msg/BaseOdometryState.l, /home/dtrimoul/PR2-Kinetic-Xenial/devel/share/roseus/ros/pr2_mechanism_controllers/msg/BaseOdometryState.l)
Linked: (/home/dtrimoul/PR2-Kinetic-Xenial/devel/.private/pr2_mechanism_controllers/share/roseus/ros/pr2_mechanism_controllers/msg/BaseControllerState2.l, /home/dtrimoul/PR2-Kinetic-Xenial/devel/share/roseus/ros/pr2_mechanism_controllers/msg/BaseControllerState2.l)
Linked: (/home/dtrimoul/PR2-Kinetic-Xenial/devel/.private/pr2_mechanism_controllers/share/roseus/ros/pr2_mechanism_controllers/msg/TrackLinkCmd.l, /home/dtrimoul/PR2-Kinetic-Xenial/devel/share/roseus/ros/pr2_mechanism_controllers/msg/TrackLinkCmd.l)
Linked: (/home/dtrimoul/PR2-Kinetic-Xenial/devel/.private/pr2_mechanism_controllers/share/roseus/ros/pr2_mechanism_controllers/msg/DebugInfo.l, /home/dtrimoul/PR2-Kinetic-Xenial/devel/share/roseus/ros/pr2_mechanism_controllers/msg/DebugInfo.l)
Linked: (/home/dtrimoul/PR2-Kinetic-Xenial/devel/.private/pr2_mechanism_controllers/share/roseus/ros/pr2_mechanism_controllers/msg/BaseControllerState.l, /home/dtrimoul/PR2-Kinetic-Xenial/devel/share/roseus/ros/pr2_mechanism_controllers/msg/BaseControllerState.l)
Linked: (/home/dtrimoul/PR2-Kinetic-Xenial/devel/.private/pr2_mechanism_controllers/share/roseus/ros/pr2_mechanism_controllers/msg/OdometryMatrix.l, /home/dtrimoul/PR2-Kinetic-Xenial/devel/share/roseus/ros/pr2_mechanism_controllers/msg/OdometryMatrix.l)
Linked: (/home/dtrimoul/PR2-Kinetic-Xenial/devel/.private/pr2_mechanism_controllers/share/roseus/ros/pr2_mechanism_controllers/srv/SetProfile.l, /home/dtrimoul/PR2-Kinetic-Xenial/devel/share/roseus/ros/pr2_mechanism_controllers/srv/SetProfile.l)
Linked: (/home/dtrimoul/PR2-Kinetic-Xenial/devel/.private/pr2_mechanism_controllers/share/common-lisp/ros/pr2_mechanism_controllers/msg/Odometer.lisp, /home/dtrimoul/PR2-Kinetic-Xenial/devel/share/common-lisp/ros/pr2_mechanism_controllers/msg/Odometer.lisp)
Linked: (/home/dtrimoul/PR2-Kinetic-Xenial/devel/.private/pr2_mechanism_controllers/share/common-lisp/ros/pr2_mechanism_controllers/msg/_package_Odometer.lisp, /home/dtrimoul/PR2-Kinetic-Xenial/devel/share/common-lisp/ros/pr2_mechanism_controllers/msg/_package_Odometer.lisp)
Linked: (/home/dtrimoul/PR2-Kinetic-Xenial/devel/.private/pr2_mechanism_controllers/share/common-lisp/ros/pr2_mechanism_controllers/msg/_package.lisp, /home/dtrimoul/PR2-Kinetic-Xenial/devel/share/common-lisp/ros/pr2_mechanism_controllers/msg/_package.lisp)
Linked: (/home/dtrimoul/PR2-Kinetic-Xenial/devel/.private/pr2_mechanism_controllers/share/common-lisp/ros/pr2_mechanism_controllers/msg/pr2_mechanism_controllers-msg.asd, /home/dtrimoul/PR2-Kinetic-Xenial/devel/share/common-lisp/ros/pr2_mechanism_controllers/msg/pr2_mechanism_controllers-msg.asd)
Linked: (/home/dtrimoul/PR2-Kinetic-Xenial/devel/.private/pr2_mechanism_controllers/share/common-lisp/ros/pr2_mechanism_controllers/msg/BaseOdometryState.lisp, /home/dtrimoul/PR2-Kinetic-Xenial/devel/share/common-lisp/ros/pr2_mechanism_controllers/msg/BaseOdometryState.lisp)
Linked: (/home/dtrimoul/PR2-Kinetic-Xenial/devel/.private/pr2_mechanism_controllers/share/common-lisp/ros/pr2_mechanism_controllers/msg/_package_BaseOdometryState.lisp, /home/dtrimoul/PR2-Kinetic-Xenial/devel/share/common-lisp/ros/pr2_mechanism_controllers/msg/_package_BaseOdometryState.lisp)
Linked: (/home/dtrimoul/PR2-Kinetic-Xenial/devel/.private/pr2_mechanism_controllers/share/common-lisp/ros/pr2_mechanism_controllers/msg/BaseControllerState2.lisp, /home/dtrimoul/PR2-Kinetic-Xenial/devel/share/common-lisp/ros/pr2_mechanism_controllers/msg/BaseControllerState2.lisp)
Linked: (/home/dtrimoul/PR2-Kinetic-Xenial/devel/.private/pr2_mechanism_controllers/share/common-lisp/ros/pr2_mechanism_controllers/msg/_package_BaseControllerState2.lisp, /home/dtrimoul/PR2-Kinetic-Xenial/devel/share/common-lisp/ros/pr2_mechanism_controllers/msg/_package_BaseControllerState2.lisp)
Linked: (/home/dtrimoul/PR2-Kinetic-Xenial/devel/.private/pr2_mechanism_controllers/share/common-lisp/ros/pr2_mechanism_controllers/msg/TrackLinkCmd.lisp, /home/dtrimoul/PR2-Kinetic-Xenial/devel/share/common-lisp/ros/pr2_mechanism_controllers/msg/TrackLinkCmd.lisp)
Linked: (/home/dtrimoul/PR2-Kinetic-Xenial/devel/.private/pr2_mechanism_controllers/share/common-lisp/ros/pr2_mechanism_controllers/msg/_package_TrackLinkCmd.lisp, /home/dtrimoul/PR2-Kinetic-Xenial/devel/share/common-lisp/ros/pr2_mechanism_controllers/msg/_package_TrackLinkCmd.lisp)
Linked: (/home/dtrimoul/PR2-Kinetic-Xenial/devel/.private/pr2_mechanism_controllers/share/common-lisp/ros/pr2_mechanism_controllers/msg/DebugInfo.lisp, /home/dtrimoul/PR2-Kinetic-Xenial/devel/share/common-lisp/ros/pr2_mechanism_controllers/msg/DebugInfo.lisp)
Linked: (/home/dtrimoul/PR2-Kinetic-Xenial/devel/.private/pr2_mechanism_controllers/share/common-lisp/ros/pr2_mechanism_controllers/msg/_package_DebugInfo.lisp, /home/dtrimoul/PR2-Kinetic-Xenial/devel/share/common-lisp/ros/pr2_mechanism_controllers/msg/_package_DebugInfo.lisp)
Linked: (/home/dtrimoul/PR2-Kinetic-Xenial/devel/.private/pr2_mechanism_controllers/share/common-lisp/ros/pr2_mechanism_controllers/msg/BaseControllerState.lisp, /home/dtrimoul/PR2-Kinetic-Xenial/devel/share/common-lisp/ros/pr2_mechanism_controllers/msg/BaseControllerState.lisp)
Linked: (/home/dtrimoul/PR2-Kinetic-Xenial/devel/.private/pr2_mechanism_controllers/share/common-lisp/ros/pr2_mechanism_controllers/msg/_package_BaseControllerState.lisp, /home/dtrimoul/PR2-Kinetic-Xenial/devel/share/common-lisp/ros/pr2_mechanism_controllers/msg/_package_BaseControllerState.lisp)
Linked: (/home/dtrimoul/PR2-Kinetic-Xenial/devel/.private/pr2_mechanism_controllers/share/common-lisp/ros/pr2_mechanism_controllers/msg/OdometryMatrix.lisp, /home/dtrimoul/PR2-Kinetic-Xenial/devel/share/common-lisp/ros/pr2_mechanism_controllers/msg/OdometryMatrix.lisp)
Linked: (/home/dtrimoul/PR2-Kinetic-Xenial/devel/.private/pr2_mechanism_controllers/share/common-lisp/ros/pr2_mechanism_controllers/msg/_package_OdometryMatrix.lisp, /home/dtrimoul/PR2-Kinetic-Xenial/devel/share/common-lisp/ros/pr2_mechanism_controllers/msg/_package_OdometryMatrix.lisp)
Linked: (/home/dtrimoul/PR2-Kinetic-Xenial/devel/.private/pr2_mechanism_controllers/share/common-lisp/ros/pr2_mechanism_controllers/srv/SetProfile.lisp, /home/dtrimoul/PR2-Kinetic-Xenial/devel/share/common-lisp/ros/pr2_mechanism_controllers/srv/SetProfile.lisp)
Linked: (/home/dtrimoul/PR2-Kinetic-Xenial/devel/.private/pr2_mechanism_controllers/share/common-lisp/ros/pr2_mechanism_controllers/srv/_package_SetProfile.lisp, /home/dtrimoul/PR2-Kinetic-Xenial/devel/share/common-lisp/ros/pr2_mechanism_controllers/srv/_package_SetProfile.lisp)
Linked: (/home/dtrimoul/PR2-Kinetic-Xenial/devel/.private/pr2_mechanism_controllers/share/common-lisp/ros/pr2_mechanism_controllers/srv/_package.lisp, /home/dtrimoul/PR2-Kinetic-Xenial/devel/share/common-lisp/ros/pr2_mechanism_controllers/srv/_package.lisp)
Linked: (/home/dtrimoul/PR2-Kinetic-Xenial/devel/.private/pr2_mechanism_controllers/share/common-lisp/ros/pr2_mechanism_controllers/srv/pr2_mechanism_controllers-srv.asd, /home/dtrimoul/PR2-Kinetic-Xenial/devel/share/common-lisp/ros/pr2_mechanism_controllers/srv/pr2_mechanism_controllers-srv.asd)
Linked: (/home/dtrimoul/PR2-Kinetic-Xenial/devel/.private/pr2_mechanism_controllers/share/gennodejs/ros/pr2_mechanism_controllers/_index.js, /home/dtrimoul/PR2-Kinetic-Xenial/devel/share/gennodejs/ros/pr2_mechanism_controllers/_index.js)
Linked: (/home/dtrimoul/PR2-Kinetic-Xenial/devel/.private/pr2_mechanism_controllers/share/gennodejs/ros/pr2_mechanism_controllers/msg/Odometer.js, /home/dtrimoul/PR2-Kinetic-Xenial/devel/share/gennodejs/ros/pr2_mechanism_controllers/msg/Odometer.js)
Linked: (/home/dtrimoul/PR2-Kinetic-Xenial/devel/.private/pr2_mechanism_controllers/share/gennodejs/ros/pr2_mechanism_controllers/msg/_index.js, /home/dtrimoul/PR2-Kinetic-Xenial/devel/share/gennodejs/ros/pr2_mechanism_controllers/msg/_index.js)
Linked: (/home/dtrimoul/PR2-Kinetic-Xenial/devel/.private/pr2_mechanism_controllers/share/gennodejs/ros/pr2_mechanism_controllers/msg/BaseOdometryState.js, /home/dtrimoul/PR2-Kinetic-Xenial/devel/share/gennodejs/ros/pr2_mechanism_controllers/msg/BaseOdometryState.js)
Linked: (/home/dtrimoul/PR2-Kinetic-Xenial/devel/.private/pr2_mechanism_controllers/share/gennodejs/ros/pr2_mechanism_controllers/msg/BaseControllerState2.js, /home/dtrimoul/PR2-Kinetic-Xenial/devel/share/gennodejs/ros/pr2_mechanism_controllers/msg/BaseControllerState2.js)
Linked: (/home/dtrimoul/PR2-Kinetic-Xenial/devel/.private/pr2_mechanism_controllers/share/gennodejs/ros/pr2_mechanism_controllers/msg/TrackLinkCmd.js, /home/dtrimoul/PR2-Kinetic-Xenial/devel/share/gennodejs/ros/pr2_mechanism_controllers/msg/TrackLinkCmd.js)
Linked: (/home/dtrimoul/PR2-Kinetic-Xenial/devel/.private/pr2_mechanism_controllers/share/gennodejs/ros/pr2_mechanism_controllers/msg/DebugInfo.js, /home/dtrimoul/PR2-Kinetic-Xenial/devel/share/gennodejs/ros/pr2_mechanism_controllers/msg/DebugInfo.js)
Linked: (/home/dtrimoul/PR2-Kinetic-Xenial/devel/.private/pr2_mechanism_controllers/share/gennodejs/ros/pr2_mechanism_controllers/msg/BaseControllerState.js, /home/dtrimoul/PR2-Kinetic-Xenial/devel/share/gennodejs/ros/pr2_mechanism_controllers/msg/BaseControllerState.js)
Linked: (/home/dtrimoul/PR2-Kinetic-Xenial/devel/.private/pr2_mechanism_controllers/share/gennodejs/ros/pr2_mechanism_controllers/msg/OdometryMatrix.js, /home/dtrimoul/PR2-Kinetic-Xenial/devel/share/gennodejs/ros/pr2_mechanism_controllers/msg/OdometryMatrix.js)
Linked: (/home/dtrimoul/PR2-Kinetic-Xenial/devel/.private/pr2_mechanism_controllers/share/gennodejs/ros/pr2_mechanism_controllers/srv/SetProfile.js, /home/dtrimoul/PR2-Kinetic-Xenial/devel/share/gennodejs/ros/pr2_mechanism_controllers/srv/SetProfile.js)
Linked: (/home/dtrimoul/PR2-Kinetic-Xenial/devel/.private/pr2_mechanism_controllers/share/gennodejs/ros/pr2_mechanism_controllers/srv/_index.js, /home/dtrimoul/PR2-Kinetic-Xenial/devel/share/gennodejs/ros/pr2_mechanism_controllers/srv/_index.js)
Linked: (/home/dtrimoul/PR2-Kinetic-Xenial/devel/.private/pr2_mechanism_controllers/share/maven/org/ros/rosjava_messages/pr2_mechanism_controllers/maven-metadata.xml, /home/dtrimoul/PR2-Kinetic-Xenial/devel/share/maven/org/ros/rosjava_messages/pr2_mechanism_controllers/maven-metadata.xml)
Linked: (/home/dtrimoul/PR2-Kinetic-Xenial/devel/.private/pr2_mechanism_controllers/share/maven/org/ros/rosjava_messages/pr2_mechanism_controllers/maven-metadata.xml.sha1, /home/dtrimoul/PR2-Kinetic-Xenial/devel/share/maven/org/ros/rosjava_messages/pr2_mechanism_controllers/maven-metadata.xml.sha1)
Linked: (/home/dtrimoul/PR2-Kinetic-Xenial/devel/.private/pr2_mechanism_controllers/share/maven/org/ros/rosjava_messages/pr2_mechanism_controllers/maven-metadata.xml.md5, /home/dtrimoul/PR2-Kinetic-Xenial/devel/share/maven/org/ros/rosjava_messages/pr2_mechanism_controllers/maven-metadata.xml.md5)
Linked: (/home/dtrimoul/PR2-Kinetic-Xenial/devel/.private/pr2_mechanism_controllers/share/maven/org/ros/rosjava_messages/pr2_mechanism_controllers/1.10.14/pr2_mechanism_controllers-1.10.14.jar, /home/dtrimoul/PR2-Kinetic-Xenial/devel/share/maven/org/ros/rosjava_messages/pr2_mechanism_controllers/1.10.14/pr2_mechanism_controllers-1.10.14.jar)
Linked: (/home/dtrimoul/PR2-Kinetic-Xenial/devel/.private/pr2_mechanism_controllers/share/maven/org/ros/rosjava_messages/pr2_mechanism_controllers/1.10.14/pr2_mechanism_controllers-1.10.14.jar.sha1, /home/dtrimoul/PR2-Kinetic-Xenial/devel/share/maven/org/ros/rosjava_messages/pr2_mechanism_controllers/1.10.14/pr2_mechanism_controllers-1.10.14.jar.sha1)
Linked: (/home/dtrimoul/PR2-Kinetic-Xenial/devel/.private/pr2_mechanism_controllers/share/maven/org/ros/rosjava_messages/pr2_mechanism_controllers/1.10.14/pr2_mechanism_controllers-1.10.14.jar.md5, /home/dtrimoul/PR2-Kinetic-Xenial/devel/share/maven/org/ros/rosjava_messages/pr2_mechanism_controllers/1.10.14/pr2_mechanism_controllers-1.10.14.jar.md5)
Linked: (/home/dtrimoul/PR2-Kinetic-Xenial/devel/.private/pr2_mechanism_controllers/share/maven/org/ros/rosjava_messages/pr2_mechanism_controllers/1.10.14/pr2_mechanism_controllers-1.10.14.pom, /home/dtrimoul/PR2-Kinetic-Xenial/devel/share/maven/org/ros/rosjava_messages/pr2_mechanism_controllers/1.10.14/pr2_mechanism_controllers-1.10.14.pom)
Linked: (/home/dtrimoul/PR2-Kinetic-Xenial/devel/.private/pr2_mechanism_controllers/share/maven/org/ros/rosjava_messages/pr2_mechanism_controllers/1.10.14/pr2_mechanism_controllers-1.10.14.pom.sha1, /home/dtrimoul/PR2-Kinetic-Xenial/devel/share/maven/org/ros/rosjava_messages/pr2_mechanism_controllers/1.10.14/pr2_mechanism_controllers-1.10.14.pom.sha1)
Linked: (/home/dtrimoul/PR2-Kinetic-Xenial/devel/.private/pr2_mechanism_controllers/share/maven/org/ros/rosjava_messages/pr2_mechanism_controllers/1.10.14/pr2_mechanism_controllers-1.10.14.pom.md5, /home/dtrimoul/PR2-Kinetic-Xenial/devel/share/maven/org/ros/rosjava_messages/pr2_mechanism_controllers/1.10.14/pr2_mechanism_controllers-1.10.14.pom.md5)
Linked: (/home/dtrimoul/PR2-Kinetic-Xenial/devel/.private/pr2_mechanism_controllers/include/pr2_mechanism_controllers/Odometer.h, /home/dtrimoul/PR2-Kinetic-Xenial/devel/include/pr2_mechanism_controllers/Odometer.h)
Linked: (/home/dtrimoul/PR2-Kinetic-Xenial/devel/.private/pr2_mechanism_controllers/include/pr2_mechanism_controllers/BaseOdometryState.h, /home/dtrimoul/PR2-Kinetic-Xenial/devel/include/pr2_mechanism_controllers/BaseOdometryState.h)
Linked: (/home/dtrimoul/PR2-Kinetic-Xenial/devel/.private/pr2_mechanism_controllers/include/pr2_mechanism_controllers/BaseControllerState2.h, /home/dtrimoul/PR2-Kinetic-Xenial/devel/include/pr2_mechanism_controllers/BaseControllerState2.h)
Linked: (/home/dtrimoul/PR2-Kinetic-Xenial/devel/.private/pr2_mechanism_controllers/include/pr2_mechanism_controllers/TrackLinkCmd.h, /home/dtrimoul/PR2-Kinetic-Xenial/devel/include/pr2_mechanism_controllers/TrackLinkCmd.h)
Linked: (/home/dtrimoul/PR2-Kinetic-Xenial/devel/.private/pr2_mechanism_controllers/include/pr2_mechanism_controllers/DebugInfo.h, /home/dtrimoul/PR2-Kinetic-Xenial/devel/include/pr2_mechanism_controllers/DebugInfo.h)
Linked: (/home/dtrimoul/PR2-Kinetic-Xenial/devel/.private/pr2_mechanism_controllers/include/pr2_mechanism_controllers/BaseControllerState.h, /home/dtrimoul/PR2-Kinetic-Xenial/devel/include/pr2_mechanism_controllers/BaseControllerState.h)
Linked: (/home/dtrimoul/PR2-Kinetic-Xenial/devel/.private/pr2_mechanism_controllers/include/pr2_mechanism_controllers/OdometryMatrix.h, /home/dtrimoul/PR2-Kinetic-Xenial/devel/include/pr2_mechanism_controllers/OdometryMatrix.h)
Linked: (/home/dtrimoul/PR2-Kinetic-Xenial/devel/.private/pr2_mechanism_controllers/include/pr2_mechanism_controllers/SetProfile.h, /home/dtrimoul/PR2-Kinetic-Xenial/devel/include/pr2_mechanism_controllers/SetProfile.h)
Linked: (/home/dtrimoul/PR2-Kinetic-Xenial/devel/.private/pr2_mechanism_controllers/include/pr2_mechanism_controllers/SetProfileRequest.h, /home/dtrimoul/PR2-Kinetic-Xenial/devel/include/pr2_mechanism_controllers/SetProfileRequest.h)
Linked: (/home/dtrimoul/PR2-Kinetic-Xenial/devel/.private/pr2_mechanism_controllers/include/pr2_mechanism_controllers/SetProfileResponse.h, /home/dtrimoul/PR2-Kinetic-Xenial/devel/include/pr2_mechanism_controllers/SetProfileResponse.h)
Linked: (/home/dtrimoul/PR2-Kinetic-Xenial/devel/.private/pr2_mechanism_controllers/lib/libpr2_mechanism_controllers.so, /home/dtrimoul/PR2-Kinetic-Xenial/devel/lib/libpr2_mechanism_controllers.so)
Linked: (/home/dtrimoul/PR2-Kinetic-Xenial/devel/.private/pr2_mechanism_controllers/lib/python2.7/dist-packages/pr2_mechanism_controllers/__init__.py, /home/dtrimoul/PR2-Kinetic-Xenial/devel/lib/python2.7/dist-packages/pr2_mechanism_controllers/__init__.py)
Linked: (/home/dtrimoul/PR2-Kinetic-Xenial/devel/.private/pr2_mechanism_controllers/lib/python2.7/dist-packages/pr2_mechanism_controllers/msg/_Odometer.py, /home/dtrimoul/PR2-Kinetic-Xenial/devel/lib/python2.7/dist-packages/pr2_mechanism_controllers/msg/_Odometer.py)
Linked: (/home/dtrimoul/PR2-Kinetic-Xenial/devel/.private/pr2_mechanism_controllers/lib/python2.7/dist-packages/pr2_mechanism_controllers/msg/_BaseOdometryState.py, /home/dtrimoul/PR2-Kinetic-Xenial/devel/lib/python2.7/dist-packages/pr2_mechanism_controllers/msg/_BaseOdometryState.py)
Linked: (/home/dtrimoul/PR2-Kinetic-Xenial/devel/.private/pr2_mechanism_controllers/lib/python2.7/dist-packages/pr2_mechanism_controllers/msg/_BaseControllerState2.py, /home/dtrimoul/PR2-Kinetic-Xenial/devel/lib/python2.7/dist-packages/pr2_mechanism_controllers/msg/_BaseControllerState2.py)
Linked: (/home/dtrimoul/PR2-Kinetic-Xenial/devel/.private/pr2_mechanism_controllers/lib/python2.7/dist-packages/pr2_mechanism_controllers/msg/_TrackLinkCmd.py, /home/dtrimoul/PR2-Kinetic-Xenial/devel/lib/python2.7/dist-packages/pr2_mechanism_controllers/msg/_TrackLinkCmd.py)
Linked: (/home/dtrimoul/PR2-Kinetic-Xenial/devel/.private/pr2_mechanism_controllers/lib/python2.7/dist-packages/pr2_mechanism_controllers/msg/_DebugInfo.py, /home/dtrimoul/PR2-Kinetic-Xenial/devel/lib/python2.7/dist-packages/pr2_mechanism_controllers/msg/_DebugInfo.py)
Linked: (/home/dtrimoul/PR2-Kinetic-Xenial/devel/.private/pr2_mechanism_controllers/lib/python2.7/dist-packages/pr2_mechanism_controllers/msg/_BaseControllerState.py, /home/dtrimoul/PR2-Kinetic-Xenial/devel/lib/python2.7/dist-packages/pr2_mechanism_controllers/msg/_BaseControllerState.py)
Linked: (/home/dtrimoul/PR2-Kinetic-Xenial/devel/.private/pr2_mechanism_controllers/lib/python2.7/dist-packages/pr2_mechanism_controllers/msg/_OdometryMatrix.py, /home/dtrimoul/PR2-Kinetic-Xenial/devel/lib/python2.7/dist-packages/pr2_mechanism_controllers/msg/_OdometryMatrix.py)
Linked: (/home/dtrimoul/PR2-Kinetic-Xenial/devel/.private/pr2_mechanism_controllers/lib/python2.7/dist-packages/pr2_mechanism_controllers/msg/__init__.py, /home/dtrimoul/PR2-Kinetic-Xenial/devel/lib/python2.7/dist-packages/pr2_mechanism_controllers/msg/__init__.py)
Linked: (/home/dtrimoul/PR2-Kinetic-Xenial/devel/.private/pr2_mechanism_controllers/lib/python2.7/dist-packages/pr2_mechanism_controllers/srv/_SetProfile.py, /home/dtrimoul/PR2-Kinetic-Xenial/devel/lib/python2.7/dist-packages/pr2_mechanism_controllers/srv/_SetProfile.py)
Linked: (/home/dtrimoul/PR2-Kinetic-Xenial/devel/.private/pr2_mechanism_controllers/lib/python2.7/dist-packages/pr2_mechanism_controllers/srv/__init__.py, /home/dtrimoul/PR2-Kinetic-Xenial/devel/lib/python2.7/dist-packages/pr2_mechanism_controllers/srv/__init__.py)
Linked: (/home/dtrimoul/PR2-Kinetic-Xenial/devel/.private/pr2_mechanism_controllers/lib/pkgconfig/pr2_mechanism_controllers.pc, /home/dtrimoul/PR2-Kinetic-Xenial/devel/lib/pkgconfig/pr2_mechanism_controllers.pc)
