Not searching for unused variables given on the command line.
[36m--[0m The C compiler identification is GNU 5.4.0
[36m--[0m The CXX compiler identification is GNU 5.4.0
[36m--[0m Check for working C compiler: /usr/bin/cc
[36m--[0m Check for working C compiler: /usr/bin/cc -- works
[36m--[0m Detecting C compiler ABI info
[36m--[0m Detecting C compiler ABI info - done
[36m--[0m Detecting C compile features
[36m--[0m Detecting C compile features - done
[36m--[0m Check for working CXX compiler: /usr/bin/c++
[36m--[0m Check for working CXX compiler: /usr/bin/c++ -- works
[36m--[0m Detecting CXX compiler ABI info
[36m--[0m Detecting CXX compiler ABI info - done
[36m--[0m Detecting CXX compile features
[36m--[0m Detecting CXX compile features - done
[36m--[0m Using CATKIN_DEVEL_PREFIX: /home/dtrimoul/PR2-Kinetic-Xenial/devel/.private/pr2_mechanism_controllers
[36m--[0m Using CMAKE_PREFIX_PATH: /home/dtrimoul/PR2-Kinetic-Xenial/devel/.private/catkin_tools_prebuild;/home/dtrimoul/laas_perception/devel;/opt/ros/kinetic;/home/dtrimoul/PR2-Kinetic-Xenial/devel
[36m--[0m This workspace overlays: /home/dtrimoul/PR2-Kinetic-Xenial/devel/.private/catkin_tools_prebuild;/home/dtrimoul/laas_perception/devel;/opt/ros/kinetic;/home/dtrimoul/PR2-Kinetic-Xenial/devel
[36m--[0m Found PythonInterp: /usr/bin/python (found version "2.7.12")
[36m--[0m Using PYTHON_EXECUTABLE: /usr/bin/python
[36m--[0m Using Debian Python package layout
[36m--[0m Using empy: /usr/bin/empy
[36m--[0m Using CATKIN_ENABLE_TESTING: ON
[36m--[0m Call enable_testing()
[36m--[0m Using CATKIN_TEST_RESULTS_DIR: /home/dtrimoul/PR2-Kinetic-Xenial/build/pr2_mechanism_controllers/test_results
[36m--[0m Found gmock sources under '/usr/src/gmock': gmock will be built
[36m--[0m Looking for pthread.h
[36m--[0m Looking for pthread.h - found
[36m--[0m Looking for pthread_create
[36m--[0m Looking for pthread_create - not found
[36m--[0m Looking for pthread_create in pthreads
[36m--[0m Looking for pthread_create in pthreads - not found
[36m--[0m Looking for pthread_create in pthread
[36m--[0m Looking for pthread_create in pthread - found
[36m--[0m Found Threads: TRUE
[36m--[0m Found gtest sources under '/usr/src/gmock': gtests will be built
[36m--[0m Using Python nosetests: /usr/bin/nosetests-2.7
[36m--[0m catkin 0.7.11
[36m--[0m Using these message generators: gencpp;geneus;genjava;genlisp;gennodejs;genpy
[36m--[0m Found Eigen: /usr/include/eigen3 (Required is at least version "2.91.0")
[36m--[0m Boost version: 1.58.0
[36m--[0m Found the following Boost libraries:
[36m--[0m   thread
[36m--[0m   chrono
[36m--[0m   system
[36m--[0m   date_time
[36m--[0m   atomic
[36m--[0m pr2_mechanism_controllers: 7 messages, 1 services
[33m[1mCMake Warning[0m at /opt/ros/kinetic/share/catkin/cmake/catkin_package.cmake:166 (message):
  catkin_package() DEPENDS on 'eigen' but neither 'eigen_INCLUDE_DIRS' nor
  'eigen_LIBRARIES' is defined.
[36mCall Stack (most recent call first):[0m
  /opt/ros/kinetic/share/catkin/cmake/catkin_package.cmake:102 (_catkin_package)
  CMakeLists.txt:37 (catkin_package)


Install RPATH for pr2_mechanism_controllers is /home/dtrimoul/PR2-Kinetic-Xenial/install/lib:/opt/ros/kinetic/share/euslisp/jskeus/eus//Linux64/lib:/home/dtrimoul/PR2-Kinetic-Xenial/devel/.private/catkin_tools_prebuild/lib:/home/dtrimoul/laas_perception/devel/lib:/opt/ros/kinetic/lib:/opt/ros/kinetic/lib/x86_64-linux-gnu:/home/dtrimoul/PR2-Kinetic-Xenial/devel/lib:/opt/ros/kinetic/share/euslisp/jskeus/eus//Linux64/lib:/opt/ros/kinetic/share/euslisp/jskeus/eus//Linux64/lib:/opt/ros/kinetic/share/euslisp/jskeus/eus//Linux64/lib:/opt/ros/kinetic/share/euslisp/jskeus/eus//Linux64/lib:/opt/ros/kinetic/share/euslisp/jskeus/eus//Linux64/lib:/opt/ros/kinetic/share/euslisp/jskeus/eus//Linux64/lib:/opt/ros/kinetic/share/euslisp/jskeus/eus//Linux64/lib:/opt/ros/kinetic/share/euslisp/jskeus/eus//Linux64/lib:/opt/ros/kinetic/share/euslisp/jskeus/eus//Linux64/lib:/opt/ros/kinetic/share/euslisp/jskeus/eus//Linux64/lib
[36m--[0m Configuring done
[36m--[0m Generating done
[36m--[0m Build files have been written to: /home/dtrimoul/PR2-Kinetic-Xenial/build/pr2_mechanism_controllers
