Linked: (/home/dtrimoul/PR2-Kinetic-Xenial/devel/.private/actionlib_msgs/share/actionlib_msgs/cmake/actionlib_msgs-extras.cmake, /home/dtrimoul/PR2-Kinetic-Xenial/devel/share/actionlib_msgs/cmake/actionlib_msgs-extras.cmake)
Linked: (/home/dtrimoul/PR2-Kinetic-Xenial/devel/.private/actionlib_msgs/share/actionlib_msgs/cmake/actionlib_msgs-msg-paths.cmake, /home/dtrimoul/PR2-Kinetic-Xenial/devel/share/actionlib_msgs/cmake/actionlib_msgs-msg-paths.cmake)
Linked: (/home/dtrimoul/PR2-Kinetic-Xenial/devel/.private/actionlib_msgs/share/actionlib_msgs/cmake/actionlib_msgs-msg-extras.cmake, /home/dtrimoul/PR2-Kinetic-Xenial/devel/share/actionlib_msgs/cmake/actionlib_msgs-msg-extras.cmake)
Linked: (/home/dtrimoul/PR2-Kinetic-Xenial/devel/.private/actionlib_msgs/share/actionlib_msgs/cmake/actionlib_msgsConfig.cmake, /home/dtrimoul/PR2-Kinetic-Xenial/devel/share/actionlib_msgs/cmake/actionlib_msgsConfig.cmake)
Linked: (/home/dtrimoul/PR2-Kinetic-Xenial/devel/.private/actionlib_msgs/share/actionlib_msgs/cmake/actionlib_msgsConfig-version.cmake, /home/dtrimoul/PR2-Kinetic-Xenial/devel/share/actionlib_msgs/cmake/actionlib_msgsConfig-version.cmake)
Linked: (/home/dtrimoul/PR2-Kinetic-Xenial/devel/.private/actionlib_msgs/share/roseus/ros/actionlib_msgs/manifest.l, /home/dtrimoul/PR2-Kinetic-Xenial/devel/share/roseus/ros/actionlib_msgs/manifest.l)
Linked: (/home/dtrimoul/PR2-Kinetic-Xenial/devel/.private/actionlib_msgs/share/roseus/ros/actionlib_msgs/msg/GoalID.l, /home/dtrimoul/PR2-Kinetic-Xenial/devel/share/roseus/ros/actionlib_msgs/msg/GoalID.l)
Linked: (/home/dtrimoul/PR2-Kinetic-Xenial/devel/.private/actionlib_msgs/share/roseus/ros/actionlib_msgs/msg/GoalStatus.l, /home/dtrimoul/PR2-Kinetic-Xenial/devel/share/roseus/ros/actionlib_msgs/msg/GoalStatus.l)
Linked: (/home/dtrimoul/PR2-Kinetic-Xenial/devel/.private/actionlib_msgs/share/roseus/ros/actionlib_msgs/msg/GoalStatusArray.l, /home/dtrimoul/PR2-Kinetic-Xenial/devel/share/roseus/ros/actionlib_msgs/msg/GoalStatusArray.l)
Linked: (/home/dtrimoul/PR2-Kinetic-Xenial/devel/.private/actionlib_msgs/share/common-lisp/ros/actionlib_msgs/msg/GoalID.lisp, /home/dtrimoul/PR2-Kinetic-Xenial/devel/share/common-lisp/ros/actionlib_msgs/msg/GoalID.lisp)
Linked: (/home/dtrimoul/PR2-Kinetic-Xenial/devel/.private/actionlib_msgs/share/common-lisp/ros/actionlib_msgs/msg/_package_GoalID.lisp, /home/dtrimoul/PR2-Kinetic-Xenial/devel/share/common-lisp/ros/actionlib_msgs/msg/_package_GoalID.lisp)
Linked: (/home/dtrimoul/PR2-Kinetic-Xenial/devel/.private/actionlib_msgs/share/common-lisp/ros/actionlib_msgs/msg/_package.lisp, /home/dtrimoul/PR2-Kinetic-Xenial/devel/share/common-lisp/ros/actionlib_msgs/msg/_package.lisp)
Linked: (/home/dtrimoul/PR2-Kinetic-Xenial/devel/.private/actionlib_msgs/share/common-lisp/ros/actionlib_msgs/msg/actionlib_msgs-msg.asd, /home/dtrimoul/PR2-Kinetic-Xenial/devel/share/common-lisp/ros/actionlib_msgs/msg/actionlib_msgs-msg.asd)
Linked: (/home/dtrimoul/PR2-Kinetic-Xenial/devel/.private/actionlib_msgs/share/common-lisp/ros/actionlib_msgs/msg/GoalStatus.lisp, /home/dtrimoul/PR2-Kinetic-Xenial/devel/share/common-lisp/ros/actionlib_msgs/msg/GoalStatus.lisp)
Linked: (/home/dtrimoul/PR2-Kinetic-Xenial/devel/.private/actionlib_msgs/share/common-lisp/ros/actionlib_msgs/msg/_package_GoalStatus.lisp, /home/dtrimoul/PR2-Kinetic-Xenial/devel/share/common-lisp/ros/actionlib_msgs/msg/_package_GoalStatus.lisp)
Linked: (/home/dtrimoul/PR2-Kinetic-Xenial/devel/.private/actionlib_msgs/share/common-lisp/ros/actionlib_msgs/msg/GoalStatusArray.lisp, /home/dtrimoul/PR2-Kinetic-Xenial/devel/share/common-lisp/ros/actionlib_msgs/msg/GoalStatusArray.lisp)
Linked: (/home/dtrimoul/PR2-Kinetic-Xenial/devel/.private/actionlib_msgs/share/common-lisp/ros/actionlib_msgs/msg/_package_GoalStatusArray.lisp, /home/dtrimoul/PR2-Kinetic-Xenial/devel/share/common-lisp/ros/actionlib_msgs/msg/_package_GoalStatusArray.lisp)
Linked: (/home/dtrimoul/PR2-Kinetic-Xenial/devel/.private/actionlib_msgs/share/gennodejs/ros/actionlib_msgs/_index.js, /home/dtrimoul/PR2-Kinetic-Xenial/devel/share/gennodejs/ros/actionlib_msgs/_index.js)
Linked: (/home/dtrimoul/PR2-Kinetic-Xenial/devel/.private/actionlib_msgs/share/gennodejs/ros/actionlib_msgs/msg/GoalID.js, /home/dtrimoul/PR2-Kinetic-Xenial/devel/share/gennodejs/ros/actionlib_msgs/msg/GoalID.js)
Linked: (/home/dtrimoul/PR2-Kinetic-Xenial/devel/.private/actionlib_msgs/share/gennodejs/ros/actionlib_msgs/msg/_index.js, /home/dtrimoul/PR2-Kinetic-Xenial/devel/share/gennodejs/ros/actionlib_msgs/msg/_index.js)
Linked: (/home/dtrimoul/PR2-Kinetic-Xenial/devel/.private/actionlib_msgs/share/gennodejs/ros/actionlib_msgs/msg/GoalStatus.js, /home/dtrimoul/PR2-Kinetic-Xenial/devel/share/gennodejs/ros/actionlib_msgs/msg/GoalStatus.js)
Linked: (/home/dtrimoul/PR2-Kinetic-Xenial/devel/.private/actionlib_msgs/share/gennodejs/ros/actionlib_msgs/msg/GoalStatusArray.js, /home/dtrimoul/PR2-Kinetic-Xenial/devel/share/gennodejs/ros/actionlib_msgs/msg/GoalStatusArray.js)
Linked: (/home/dtrimoul/PR2-Kinetic-Xenial/devel/.private/actionlib_msgs/share/maven/org/ros/rosjava_messages/actionlib_msgs/maven-metadata.xml, /home/dtrimoul/PR2-Kinetic-Xenial/devel/share/maven/org/ros/rosjava_messages/actionlib_msgs/maven-metadata.xml)
Linked: (/home/dtrimoul/PR2-Kinetic-Xenial/devel/.private/actionlib_msgs/share/maven/org/ros/rosjava_messages/actionlib_msgs/maven-metadata.xml.sha1, /home/dtrimoul/PR2-Kinetic-Xenial/devel/share/maven/org/ros/rosjava_messages/actionlib_msgs/maven-metadata.xml.sha1)
Linked: (/home/dtrimoul/PR2-Kinetic-Xenial/devel/.private/actionlib_msgs/share/maven/org/ros/rosjava_messages/actionlib_msgs/maven-metadata.xml.md5, /home/dtrimoul/PR2-Kinetic-Xenial/devel/share/maven/org/ros/rosjava_messages/actionlib_msgs/maven-metadata.xml.md5)
Linked: (/home/dtrimoul/PR2-Kinetic-Xenial/devel/.private/actionlib_msgs/share/maven/org/ros/rosjava_messages/actionlib_msgs/1.12.5/actionlib_msgs-1.12.5.jar, /home/dtrimoul/PR2-Kinetic-Xenial/devel/share/maven/org/ros/rosjava_messages/actionlib_msgs/1.12.5/actionlib_msgs-1.12.5.jar)
Linked: (/home/dtrimoul/PR2-Kinetic-Xenial/devel/.private/actionlib_msgs/share/maven/org/ros/rosjava_messages/actionlib_msgs/1.12.5/actionlib_msgs-1.12.5.jar.sha1, /home/dtrimoul/PR2-Kinetic-Xenial/devel/share/maven/org/ros/rosjava_messages/actionlib_msgs/1.12.5/actionlib_msgs-1.12.5.jar.sha1)
Linked: (/home/dtrimoul/PR2-Kinetic-Xenial/devel/.private/actionlib_msgs/share/maven/org/ros/rosjava_messages/actionlib_msgs/1.12.5/actionlib_msgs-1.12.5.jar.md5, /home/dtrimoul/PR2-Kinetic-Xenial/devel/share/maven/org/ros/rosjava_messages/actionlib_msgs/1.12.5/actionlib_msgs-1.12.5.jar.md5)
Linked: (/home/dtrimoul/PR2-Kinetic-Xenial/devel/.private/actionlib_msgs/share/maven/org/ros/rosjava_messages/actionlib_msgs/1.12.5/actionlib_msgs-1.12.5.pom, /home/dtrimoul/PR2-Kinetic-Xenial/devel/share/maven/org/ros/rosjava_messages/actionlib_msgs/1.12.5/actionlib_msgs-1.12.5.pom)
Linked: (/home/dtrimoul/PR2-Kinetic-Xenial/devel/.private/actionlib_msgs/share/maven/org/ros/rosjava_messages/actionlib_msgs/1.12.5/actionlib_msgs-1.12.5.pom.sha1, /home/dtrimoul/PR2-Kinetic-Xenial/devel/share/maven/org/ros/rosjava_messages/actionlib_msgs/1.12.5/actionlib_msgs-1.12.5.pom.sha1)
Linked: (/home/dtrimoul/PR2-Kinetic-Xenial/devel/.private/actionlib_msgs/share/maven/org/ros/rosjava_messages/actionlib_msgs/1.12.5/actionlib_msgs-1.12.5.pom.md5, /home/dtrimoul/PR2-Kinetic-Xenial/devel/share/maven/org/ros/rosjava_messages/actionlib_msgs/1.12.5/actionlib_msgs-1.12.5.pom.md5)
Linked: (/home/dtrimoul/PR2-Kinetic-Xenial/devel/.private/actionlib_msgs/include/actionlib_msgs/GoalID.h, /home/dtrimoul/PR2-Kinetic-Xenial/devel/include/actionlib_msgs/GoalID.h)
Linked: (/home/dtrimoul/PR2-Kinetic-Xenial/devel/.private/actionlib_msgs/include/actionlib_msgs/GoalStatus.h, /home/dtrimoul/PR2-Kinetic-Xenial/devel/include/actionlib_msgs/GoalStatus.h)
Linked: (/home/dtrimoul/PR2-Kinetic-Xenial/devel/.private/actionlib_msgs/include/actionlib_msgs/GoalStatusArray.h, /home/dtrimoul/PR2-Kinetic-Xenial/devel/include/actionlib_msgs/GoalStatusArray.h)
Linked: (/home/dtrimoul/PR2-Kinetic-Xenial/devel/.private/actionlib_msgs/lib/python2.7/dist-packages/actionlib_msgs/__init__.py, /home/dtrimoul/PR2-Kinetic-Xenial/devel/lib/python2.7/dist-packages/actionlib_msgs/__init__.py)
Linked: (/home/dtrimoul/PR2-Kinetic-Xenial/devel/.private/actionlib_msgs/lib/python2.7/dist-packages/actionlib_msgs/msg/_GoalID.py, /home/dtrimoul/PR2-Kinetic-Xenial/devel/lib/python2.7/dist-packages/actionlib_msgs/msg/_GoalID.py)
Linked: (/home/dtrimoul/PR2-Kinetic-Xenial/devel/.private/actionlib_msgs/lib/python2.7/dist-packages/actionlib_msgs/msg/_GoalStatus.py, /home/dtrimoul/PR2-Kinetic-Xenial/devel/lib/python2.7/dist-packages/actionlib_msgs/msg/_GoalStatus.py)
Linked: (/home/dtrimoul/PR2-Kinetic-Xenial/devel/.private/actionlib_msgs/lib/python2.7/dist-packages/actionlib_msgs/msg/_GoalStatusArray.py, /home/dtrimoul/PR2-Kinetic-Xenial/devel/lib/python2.7/dist-packages/actionlib_msgs/msg/_GoalStatusArray.py)
Linked: (/home/dtrimoul/PR2-Kinetic-Xenial/devel/.private/actionlib_msgs/lib/python2.7/dist-packages/actionlib_msgs/msg/__init__.py, /home/dtrimoul/PR2-Kinetic-Xenial/devel/lib/python2.7/dist-packages/actionlib_msgs/msg/__init__.py)
Linked: (/home/dtrimoul/PR2-Kinetic-Xenial/devel/.private/actionlib_msgs/lib/pkgconfig/actionlib_msgs.pc, /home/dtrimoul/PR2-Kinetic-Xenial/devel/lib/pkgconfig/actionlib_msgs.pc)
