[35m[1mScanning dependencies of target _actionlib_msgs_generate_messages_check_deps_GoalStatus[0m
[  0%] Built target _actionlib_msgs_generate_messages_check_deps_GoalStatus
[35m[1mScanning dependencies of target _actionlib_msgs_generate_messages_check_deps_GoalStatusArray[0m
[  0%] Built target _actionlib_msgs_generate_messages_check_deps_GoalStatusArray
[35m[1mScanning dependencies of target std_msgs_generate_messages_cpp[0m
[  0%] Built target std_msgs_generate_messages_cpp
[35m[1mScanning dependencies of target _actionlib_msgs_generate_messages_check_deps_GoalID[0m
[  0%] Built target _actionlib_msgs_generate_messages_check_deps_GoalID
[35m[1mScanning dependencies of target std_msgs_generate_messages_py[0m
[  0%] Built target std_msgs_generate_messages_py
[35m[1mScanning dependencies of target std_msgs_generate_messages_nodejs[0m
[  0%] Built target std_msgs_generate_messages_nodejs
[35m[1mScanning dependencies of target std_msgs_generate_messages_lisp[0m
[  0%] Built target std_msgs_generate_messages_lisp
[35m[1mScanning dependencies of target actionlib_msgs_generate_messages_java[0m
[  5%] [34m[1mGenerating Java gradle project from actionlib_msgs[0m
[  5%] Built target actionlib_msgs_generate_messages_java
[35m[1mScanning dependencies of target actionlib_msgs_generate_messages_java_gradle[0m
[ 10%] [34m[1mCompiling Java code for actionlib_msgs[0m
[0m[35m[1mScanning dependencies of target std_msgs_generate_messages_eus[0m
[ 10%] Built target std_msgs_generate_messages_eus
[35m[1mScanning dependencies of target actionlib_msgs_generate_messages_cpp[0m
[ 15%] [34m[1mGenerating C++ code from actionlib_msgs/GoalID.msg[0m
[ 20%] [34m[1mGenerating C++ code from actionlib_msgs/GoalStatus.msg[0m
[ 25%] [34m[1mGenerating C++ code from actionlib_msgs/GoalStatusArray.msg[0m
[ 25%] Built target actionlib_msgs_generate_messages_cpp
[35m[1mScanning dependencies of target actionlib_msgs_generate_messages_py[0m
[ 30%] [34m[1mGenerating Python from MSG actionlib_msgs/GoalID[0m
[35m[1mScanning dependencies of target actionlib_msgs_generate_messages_nodejs[0m
[ 35%] [34m[1mGenerating Javascript code from actionlib_msgs/GoalID.msg[0m
[ 40%] [34m[1mGenerating Python from MSG actionlib_msgs/GoalStatus[0m
[ 45%] [34m[1mGenerating Javascript code from actionlib_msgs/GoalStatus.msg[0m
[ 55%] [34m[1mGenerating Javascript code from actionlib_msgs/GoalStatusArray.msg[0m
[ 55%] [34m[1mGenerating Python from MSG actionlib_msgs/GoalStatusArray[0m
[ 55%] Built target actionlib_msgs_generate_messages_nodejs
[ 60%] [34m[1mGenerating Python msg __init__.py for actionlib_msgs[0m
[35m[1mScanning dependencies of target actionlib_msgs_generate_messages_lisp[0m
[ 60%] Built target actionlib_msgs_generate_messages_py
[ 65%] [34m[1mGenerating Lisp code from actionlib_msgs/GoalID.msg[0m
[35m[1mScanning dependencies of target actionlib_msgs_generate_messages_eus[0m
[ 70%] [34m[1mGenerating EusLisp code from actionlib_msgs/GoalID.msg[0m
[ 75%] [34m[1mGenerating Lisp code from actionlib_msgs/GoalStatus.msg[0m
[ 80%] [34m[1mGenerating EusLisp code from actionlib_msgs/GoalStatus.msg[0m
[ 85%] [34m[1mGenerating Lisp code from actionlib_msgs/GoalStatusArray.msg[0m
[ 90%] [34m[1mGenerating EusLisp code from actionlib_msgs/GoalStatusArray.msg[0m
[ 90%] Built target actionlib_msgs_generate_messages_lisp
[ 95%] [34m[1mGenerating EusLisp manifest code for actionlib_msgs[0m
[ 95%] Built target actionlib_msgs_generate_messages_eus
warning: [options] bootstrap class path not set in conjunction with -source 1.7
1 warning
Uploading: org/ros/rosjava_messages/actionlib_msgs/1.12.5/actionlib_msgs-1.12.5.jar to repository remote at file:/home/dtrimoul/PR2-Kinetic-Xenial/devel/.private/actionlib_msgs/share/maven
Transferring 3K from remote
Uploaded 3K
[0m[100%] Built target actionlib_msgs_generate_messages_java_gradle
[35m[1mScanning dependencies of target actionlib_msgs_generate_messages[0m
[100%] Built target actionlib_msgs_generate_messages
