Symlinking /home/dtrimoul/PR2-Kinetic-Xenial/devel/share/actionlib_msgs/cmake/actionlib_msgs-extras.cmake
Symlinking /home/dtrimoul/PR2-Kinetic-Xenial/devel/share/actionlib_msgs/cmake/actionlib_msgs-msg-paths.cmake
Symlinking /home/dtrimoul/PR2-Kinetic-Xenial/devel/share/actionlib_msgs/cmake/actionlib_msgs-msg-extras.cmake
Symlinking /home/dtrimoul/PR2-Kinetic-Xenial/devel/share/actionlib_msgs/cmake/actionlib_msgsConfig.cmake
Symlinking /home/dtrimoul/PR2-Kinetic-Xenial/devel/share/actionlib_msgs/cmake/actionlib_msgsConfig-version.cmake
Symlinking /home/dtrimoul/PR2-Kinetic-Xenial/devel/share/roseus/ros/actionlib_msgs/manifest.l
Symlinking /home/dtrimoul/PR2-Kinetic-Xenial/devel/share/roseus/ros/actionlib_msgs/msg/GoalID.l
Symlinking /home/dtrimoul/PR2-Kinetic-Xenial/devel/share/roseus/ros/actionlib_msgs/msg/GoalStatus.l
Symlinking /home/dtrimoul/PR2-Kinetic-Xenial/devel/share/roseus/ros/actionlib_msgs/msg/GoalStatusArray.l
Symlinking /home/dtrimoul/PR2-Kinetic-Xenial/devel/share/common-lisp/ros/actionlib_msgs/msg/GoalID.lisp
Symlinking /home/dtrimoul/PR2-Kinetic-Xenial/devel/share/common-lisp/ros/actionlib_msgs/msg/_package_GoalID.lisp
Symlinking /home/dtrimoul/PR2-Kinetic-Xenial/devel/share/common-lisp/ros/actionlib_msgs/msg/_package.lisp
Symlinking /home/dtrimoul/PR2-Kinetic-Xenial/devel/share/common-lisp/ros/actionlib_msgs/msg/actionlib_msgs-msg.asd
Symlinking /home/dtrimoul/PR2-Kinetic-Xenial/devel/share/common-lisp/ros/actionlib_msgs/msg/GoalStatus.lisp
Symlinking /home/dtrimoul/PR2-Kinetic-Xenial/devel/share/common-lisp/ros/actionlib_msgs/msg/_package_GoalStatus.lisp
Symlinking /home/dtrimoul/PR2-Kinetic-Xenial/devel/share/common-lisp/ros/actionlib_msgs/msg/GoalStatusArray.lisp
Symlinking /home/dtrimoul/PR2-Kinetic-Xenial/devel/share/common-lisp/ros/actionlib_msgs/msg/_package_GoalStatusArray.lisp
Symlinking /home/dtrimoul/PR2-Kinetic-Xenial/devel/share/gennodejs/ros/actionlib_msgs/_index.js
Symlinking /home/dtrimoul/PR2-Kinetic-Xenial/devel/share/gennodejs/ros/actionlib_msgs/msg/GoalID.js
Symlinking /home/dtrimoul/PR2-Kinetic-Xenial/devel/share/gennodejs/ros/actionlib_msgs/msg/_index.js
Symlinking /home/dtrimoul/PR2-Kinetic-Xenial/devel/share/gennodejs/ros/actionlib_msgs/msg/GoalStatus.js
Symlinking /home/dtrimoul/PR2-Kinetic-Xenial/devel/share/gennodejs/ros/actionlib_msgs/msg/GoalStatusArray.js
Symlinking /home/dtrimoul/PR2-Kinetic-Xenial/devel/share/maven/org/ros/rosjava_messages/actionlib_msgs/maven-metadata.xml
Symlinking /home/dtrimoul/PR2-Kinetic-Xenial/devel/share/maven/org/ros/rosjava_messages/actionlib_msgs/maven-metadata.xml.sha1
Symlinking /home/dtrimoul/PR2-Kinetic-Xenial/devel/share/maven/org/ros/rosjava_messages/actionlib_msgs/maven-metadata.xml.md5
Symlinking /home/dtrimoul/PR2-Kinetic-Xenial/devel/share/maven/org/ros/rosjava_messages/actionlib_msgs/1.12.5/actionlib_msgs-1.12.5.jar
Symlinking /home/dtrimoul/PR2-Kinetic-Xenial/devel/share/maven/org/ros/rosjava_messages/actionlib_msgs/1.12.5/actionlib_msgs-1.12.5.jar.sha1
Symlinking /home/dtrimoul/PR2-Kinetic-Xenial/devel/share/maven/org/ros/rosjava_messages/actionlib_msgs/1.12.5/actionlib_msgs-1.12.5.jar.md5
Symlinking /home/dtrimoul/PR2-Kinetic-Xenial/devel/share/maven/org/ros/rosjava_messages/actionlib_msgs/1.12.5/actionlib_msgs-1.12.5.pom
Symlinking /home/dtrimoul/PR2-Kinetic-Xenial/devel/share/maven/org/ros/rosjava_messages/actionlib_msgs/1.12.5/actionlib_msgs-1.12.5.pom.sha1
Symlinking /home/dtrimoul/PR2-Kinetic-Xenial/devel/share/maven/org/ros/rosjava_messages/actionlib_msgs/1.12.5/actionlib_msgs-1.12.5.pom.md5
Symlinking /home/dtrimoul/PR2-Kinetic-Xenial/devel/include/actionlib_msgs/GoalID.h
Symlinking /home/dtrimoul/PR2-Kinetic-Xenial/devel/include/actionlib_msgs/GoalStatus.h
Symlinking /home/dtrimoul/PR2-Kinetic-Xenial/devel/include/actionlib_msgs/GoalStatusArray.h
Symlinking /home/dtrimoul/PR2-Kinetic-Xenial/devel/lib/python2.7/dist-packages/actionlib_msgs/__init__.py
Symlinking /home/dtrimoul/PR2-Kinetic-Xenial/devel/lib/python2.7/dist-packages/actionlib_msgs/msg/_GoalID.py
Symlinking /home/dtrimoul/PR2-Kinetic-Xenial/devel/lib/python2.7/dist-packages/actionlib_msgs/msg/_GoalStatus.py
Symlinking /home/dtrimoul/PR2-Kinetic-Xenial/devel/lib/python2.7/dist-packages/actionlib_msgs/msg/_GoalStatusArray.py
Symlinking /home/dtrimoul/PR2-Kinetic-Xenial/devel/lib/python2.7/dist-packages/actionlib_msgs/msg/__init__.py
Symlinking /home/dtrimoul/PR2-Kinetic-Xenial/devel/lib/pkgconfig/actionlib_msgs.pc
