Linked: (/home/dtrimoul/PR2-Kinetic-Xenial/devel/.private/pr2_gazebo_plugins/share/pr2_gazebo_plugins/cmake/pr2_gazebo_plugins-msg-paths.cmake, /home/dtrimoul/PR2-Kinetic-Xenial/devel/share/pr2_gazebo_plugins/cmake/pr2_gazebo_plugins-msg-paths.cmake)
Linked: (/home/dtrimoul/PR2-Kinetic-Xenial/devel/.private/pr2_gazebo_plugins/share/pr2_gazebo_plugins/cmake/pr2_gazebo_plugins-msg-extras.cmake, /home/dtrimoul/PR2-Kinetic-Xenial/devel/share/pr2_gazebo_plugins/cmake/pr2_gazebo_plugins-msg-extras.cmake)
Linked: (/home/dtrimoul/PR2-Kinetic-Xenial/devel/.private/pr2_gazebo_plugins/share/pr2_gazebo_plugins/cmake/pr2_gazebo_pluginsConfig.cmake, /home/dtrimoul/PR2-Kinetic-Xenial/devel/share/pr2_gazebo_plugins/cmake/pr2_gazebo_pluginsConfig.cmake)
Linked: (/home/dtrimoul/PR2-Kinetic-Xenial/devel/.private/pr2_gazebo_plugins/share/pr2_gazebo_plugins/cmake/pr2_gazebo_pluginsConfig-version.cmake, /home/dtrimoul/PR2-Kinetic-Xenial/devel/share/pr2_gazebo_plugins/cmake/pr2_gazebo_pluginsConfig-version.cmake)
Linked: (/home/dtrimoul/PR2-Kinetic-Xenial/devel/.private/pr2_gazebo_plugins/share/roseus/ros/pr2_gazebo_plugins/manifest.l, /home/dtrimoul/PR2-Kinetic-Xenial/devel/share/roseus/ros/pr2_gazebo_plugins/manifest.l)
Linked: (/home/dtrimoul/PR2-Kinetic-Xenial/devel/.private/pr2_gazebo_plugins/share/roseus/ros/pr2_gazebo_plugins/msg/PlugCommand.l, /home/dtrimoul/PR2-Kinetic-Xenial/devel/share/roseus/ros/pr2_gazebo_plugins/msg/PlugCommand.l)
Linked: (/home/dtrimoul/PR2-Kinetic-Xenial/devel/.private/pr2_gazebo_plugins/share/roseus/ros/pr2_gazebo_plugins/msg/ModelJointsState.l, /home/dtrimoul/PR2-Kinetic-Xenial/devel/share/roseus/ros/pr2_gazebo_plugins/msg/ModelJointsState.l)
Linked: (/home/dtrimoul/PR2-Kinetic-Xenial/devel/.private/pr2_gazebo_plugins/share/roseus/ros/pr2_gazebo_plugins/srv/SetModelsJointsStates.l, /home/dtrimoul/PR2-Kinetic-Xenial/devel/share/roseus/ros/pr2_gazebo_plugins/srv/SetModelsJointsStates.l)
Linked: (/home/dtrimoul/PR2-Kinetic-Xenial/devel/.private/pr2_gazebo_plugins/share/common-lisp/ros/pr2_gazebo_plugins/msg/PlugCommand.lisp, /home/dtrimoul/PR2-Kinetic-Xenial/devel/share/common-lisp/ros/pr2_gazebo_plugins/msg/PlugCommand.lisp)
Linked: (/home/dtrimoul/PR2-Kinetic-Xenial/devel/.private/pr2_gazebo_plugins/share/common-lisp/ros/pr2_gazebo_plugins/msg/_package_PlugCommand.lisp, /home/dtrimoul/PR2-Kinetic-Xenial/devel/share/common-lisp/ros/pr2_gazebo_plugins/msg/_package_PlugCommand.lisp)
Linked: (/home/dtrimoul/PR2-Kinetic-Xenial/devel/.private/pr2_gazebo_plugins/share/common-lisp/ros/pr2_gazebo_plugins/msg/_package.lisp, /home/dtrimoul/PR2-Kinetic-Xenial/devel/share/common-lisp/ros/pr2_gazebo_plugins/msg/_package.lisp)
Linked: (/home/dtrimoul/PR2-Kinetic-Xenial/devel/.private/pr2_gazebo_plugins/share/common-lisp/ros/pr2_gazebo_plugins/msg/pr2_gazebo_plugins-msg.asd, /home/dtrimoul/PR2-Kinetic-Xenial/devel/share/common-lisp/ros/pr2_gazebo_plugins/msg/pr2_gazebo_plugins-msg.asd)
Linked: (/home/dtrimoul/PR2-Kinetic-Xenial/devel/.private/pr2_gazebo_plugins/share/common-lisp/ros/pr2_gazebo_plugins/msg/ModelJointsState.lisp, /home/dtrimoul/PR2-Kinetic-Xenial/devel/share/common-lisp/ros/pr2_gazebo_plugins/msg/ModelJointsState.lisp)
Linked: (/home/dtrimoul/PR2-Kinetic-Xenial/devel/.private/pr2_gazebo_plugins/share/common-lisp/ros/pr2_gazebo_plugins/msg/_package_ModelJointsState.lisp, /home/dtrimoul/PR2-Kinetic-Xenial/devel/share/common-lisp/ros/pr2_gazebo_plugins/msg/_package_ModelJointsState.lisp)
Linked: (/home/dtrimoul/PR2-Kinetic-Xenial/devel/.private/pr2_gazebo_plugins/share/common-lisp/ros/pr2_gazebo_plugins/srv/SetModelsJointsStates.lisp, /home/dtrimoul/PR2-Kinetic-Xenial/devel/share/common-lisp/ros/pr2_gazebo_plugins/srv/SetModelsJointsStates.lisp)
Linked: (/home/dtrimoul/PR2-Kinetic-Xenial/devel/.private/pr2_gazebo_plugins/share/common-lisp/ros/pr2_gazebo_plugins/srv/_package_SetModelsJointsStates.lisp, /home/dtrimoul/PR2-Kinetic-Xenial/devel/share/common-lisp/ros/pr2_gazebo_plugins/srv/_package_SetModelsJointsStates.lisp)
Linked: (/home/dtrimoul/PR2-Kinetic-Xenial/devel/.private/pr2_gazebo_plugins/share/common-lisp/ros/pr2_gazebo_plugins/srv/_package.lisp, /home/dtrimoul/PR2-Kinetic-Xenial/devel/share/common-lisp/ros/pr2_gazebo_plugins/srv/_package.lisp)
Linked: (/home/dtrimoul/PR2-Kinetic-Xenial/devel/.private/pr2_gazebo_plugins/share/common-lisp/ros/pr2_gazebo_plugins/srv/pr2_gazebo_plugins-srv.asd, /home/dtrimoul/PR2-Kinetic-Xenial/devel/share/common-lisp/ros/pr2_gazebo_plugins/srv/pr2_gazebo_plugins-srv.asd)
Linked: (/home/dtrimoul/PR2-Kinetic-Xenial/devel/.private/pr2_gazebo_plugins/share/gennodejs/ros/pr2_gazebo_plugins/_index.js, /home/dtrimoul/PR2-Kinetic-Xenial/devel/share/gennodejs/ros/pr2_gazebo_plugins/_index.js)
Linked: (/home/dtrimoul/PR2-Kinetic-Xenial/devel/.private/pr2_gazebo_plugins/share/gennodejs/ros/pr2_gazebo_plugins/msg/PlugCommand.js, /home/dtrimoul/PR2-Kinetic-Xenial/devel/share/gennodejs/ros/pr2_gazebo_plugins/msg/PlugCommand.js)
Linked: (/home/dtrimoul/PR2-Kinetic-Xenial/devel/.private/pr2_gazebo_plugins/share/gennodejs/ros/pr2_gazebo_plugins/msg/_index.js, /home/dtrimoul/PR2-Kinetic-Xenial/devel/share/gennodejs/ros/pr2_gazebo_plugins/msg/_index.js)
Linked: (/home/dtrimoul/PR2-Kinetic-Xenial/devel/.private/pr2_gazebo_plugins/share/gennodejs/ros/pr2_gazebo_plugins/msg/ModelJointsState.js, /home/dtrimoul/PR2-Kinetic-Xenial/devel/share/gennodejs/ros/pr2_gazebo_plugins/msg/ModelJointsState.js)
Linked: (/home/dtrimoul/PR2-Kinetic-Xenial/devel/.private/pr2_gazebo_plugins/share/gennodejs/ros/pr2_gazebo_plugins/srv/SetModelsJointsStates.js, /home/dtrimoul/PR2-Kinetic-Xenial/devel/share/gennodejs/ros/pr2_gazebo_plugins/srv/SetModelsJointsStates.js)
Linked: (/home/dtrimoul/PR2-Kinetic-Xenial/devel/.private/pr2_gazebo_plugins/share/gennodejs/ros/pr2_gazebo_plugins/srv/_index.js, /home/dtrimoul/PR2-Kinetic-Xenial/devel/share/gennodejs/ros/pr2_gazebo_plugins/srv/_index.js)
Linked: (/home/dtrimoul/PR2-Kinetic-Xenial/devel/.private/pr2_gazebo_plugins/include/pr2_gazebo_plugins/PlugCommand.h, /home/dtrimoul/PR2-Kinetic-Xenial/devel/include/pr2_gazebo_plugins/PlugCommand.h)
Linked: (/home/dtrimoul/PR2-Kinetic-Xenial/devel/.private/pr2_gazebo_plugins/include/pr2_gazebo_plugins/ModelJointsState.h, /home/dtrimoul/PR2-Kinetic-Xenial/devel/include/pr2_gazebo_plugins/ModelJointsState.h)
Linked: (/home/dtrimoul/PR2-Kinetic-Xenial/devel/.private/pr2_gazebo_plugins/include/pr2_gazebo_plugins/SetModelsJointsStates.h, /home/dtrimoul/PR2-Kinetic-Xenial/devel/include/pr2_gazebo_plugins/SetModelsJointsStates.h)
Linked: (/home/dtrimoul/PR2-Kinetic-Xenial/devel/.private/pr2_gazebo_plugins/include/pr2_gazebo_plugins/SetModelsJointsStatesRequest.h, /home/dtrimoul/PR2-Kinetic-Xenial/devel/include/pr2_gazebo_plugins/SetModelsJointsStatesRequest.h)
Linked: (/home/dtrimoul/PR2-Kinetic-Xenial/devel/.private/pr2_gazebo_plugins/include/pr2_gazebo_plugins/SetModelsJointsStatesResponse.h, /home/dtrimoul/PR2-Kinetic-Xenial/devel/include/pr2_gazebo_plugins/SetModelsJointsStatesResponse.h)
Linked: (/home/dtrimoul/PR2-Kinetic-Xenial/devel/.private/pr2_gazebo_plugins/lib/libgazebo_ros_power_monitor.so, /home/dtrimoul/PR2-Kinetic-Xenial/devel/lib/libgazebo_ros_power_monitor.so)
Linked: (/home/dtrimoul/PR2-Kinetic-Xenial/devel/.private/pr2_gazebo_plugins/lib/libgazebo_ros_controller_manager.so, /home/dtrimoul/PR2-Kinetic-Xenial/devel/lib/libgazebo_ros_controller_manager.so)
Linked: (/home/dtrimoul/PR2-Kinetic-Xenial/devel/.private/pr2_gazebo_plugins/lib/python2.7/dist-packages/pr2_gazebo_plugins/__init__.py, /home/dtrimoul/PR2-Kinetic-Xenial/devel/lib/python2.7/dist-packages/pr2_gazebo_plugins/__init__.py)
Linked: (/home/dtrimoul/PR2-Kinetic-Xenial/devel/.private/pr2_gazebo_plugins/lib/python2.7/dist-packages/pr2_gazebo_plugins/msg/_PlugCommand.py, /home/dtrimoul/PR2-Kinetic-Xenial/devel/lib/python2.7/dist-packages/pr2_gazebo_plugins/msg/_PlugCommand.py)
Linked: (/home/dtrimoul/PR2-Kinetic-Xenial/devel/.private/pr2_gazebo_plugins/lib/python2.7/dist-packages/pr2_gazebo_plugins/msg/_ModelJointsState.py, /home/dtrimoul/PR2-Kinetic-Xenial/devel/lib/python2.7/dist-packages/pr2_gazebo_plugins/msg/_ModelJointsState.py)
Linked: (/home/dtrimoul/PR2-Kinetic-Xenial/devel/.private/pr2_gazebo_plugins/lib/python2.7/dist-packages/pr2_gazebo_plugins/msg/__init__.py, /home/dtrimoul/PR2-Kinetic-Xenial/devel/lib/python2.7/dist-packages/pr2_gazebo_plugins/msg/__init__.py)
Linked: (/home/dtrimoul/PR2-Kinetic-Xenial/devel/.private/pr2_gazebo_plugins/lib/python2.7/dist-packages/pr2_gazebo_plugins/srv/_SetModelsJointsStates.py, /home/dtrimoul/PR2-Kinetic-Xenial/devel/lib/python2.7/dist-packages/pr2_gazebo_plugins/srv/_SetModelsJointsStates.py)
Linked: (/home/dtrimoul/PR2-Kinetic-Xenial/devel/.private/pr2_gazebo_plugins/lib/python2.7/dist-packages/pr2_gazebo_plugins/srv/__init__.py, /home/dtrimoul/PR2-Kinetic-Xenial/devel/lib/python2.7/dist-packages/pr2_gazebo_plugins/srv/__init__.py)
Linked: (/home/dtrimoul/PR2-Kinetic-Xenial/devel/.private/pr2_gazebo_plugins/lib/pkgconfig/pr2_gazebo_plugins.pc, /home/dtrimoul/PR2-Kinetic-Xenial/devel/lib/pkgconfig/pr2_gazebo_plugins.pc)
