[35m[1mScanning dependencies of target nav_msgs_generate_messages_cpp[0m
[  0%] Built target nav_msgs_generate_messages_cpp
[35m[1mScanning dependencies of target _pr2_gazebo_plugins_generate_messages_check_deps_SetModelsJointsStates[0m
[  0%] Built target _pr2_gazebo_plugins_generate_messages_check_deps_SetModelsJointsStates
[35m[1mScanning dependencies of target pr2_msgs_generate_messages_cpp[0m
[  0%] Built target pr2_msgs_generate_messages_cpp
[35m[1mScanning dependencies of target geometry_msgs_generate_messages_cpp[0m
[  0%] Built target geometry_msgs_generate_messages_cpp
[35m[1mScanning dependencies of target _pr2_gazebo_plugins_generate_messages_check_deps_ModelJointsState[0m
[  0%] Built target _pr2_gazebo_plugins_generate_messages_check_deps_ModelJointsState
[35m[1mScanning dependencies of target diagnostic_msgs_generate_messages_cpp[0m
[  0%] Built target diagnostic_msgs_generate_messages_cpp
[35m[1mScanning dependencies of target sensor_msgs_generate_messages_cpp[0m
[  0%] Built target sensor_msgs_generate_messages_cpp
[35m[1mScanning dependencies of target _pr2_gazebo_plugins_generate_messages_check_deps_PlugCommand[0m
[  0%] Built target _pr2_gazebo_plugins_generate_messages_check_deps_PlugCommand
[35m[1mScanning dependencies of target std_msgs_generate_messages_cpp[0m
[  0%] Built target std_msgs_generate_messages_cpp
[35m[1mScanning dependencies of target pr2_gazebo_plugins_generate_messages_java_gradle[0m
[  4%] [34m[1mGenerating Java gradle project from pr2_gazebo_plugins[0m
[  8%] [34m[1mCompiling Java code for pr2_gazebo_plugins[0m
[0m
[31mFAILURE: [39m[31mBuild failed with an exception.[39m

* What went wrong:
Could not resolve all dependencies for configuration ':runtime'.
[33m> [39mCould not find org.ros.rosjava_messages:gazebo_msgs:2.5.17.
  Searched in the following locations:
      file:/home/dtrimoul/PR2-Kinetic-Xenial/devel/.private/pr2_gazebo_plugins/share/maven/org/ros/rosjava_messages/gazebo_msgs/2.5.17/gazebo_msgs-2.5.17.pom
      file:/home/dtrimoul/PR2-Kinetic-Xenial/devel/.private/pr2_gazebo_plugins/share/maven/org/ros/rosjava_messages/gazebo_msgs/2.5.17/gazebo_msgs-2.5.17.jar
      file:/home/dtrimoul/laas_perception/devel/share/maven/org/ros/rosjava_messages/gazebo_msgs/2.5.17/gazebo_msgs-2.5.17.pom
      file:/home/dtrimoul/laas_perception/devel/share/maven/org/ros/rosjava_messages/gazebo_msgs/2.5.17/gazebo_msgs-2.5.17.jar
      file:/home/dtrimoul/PR2-Kinetic-Xenial/devel/share/maven/org/ros/rosjava_messages/gazebo_msgs/2.5.17/gazebo_msgs-2.5.17.pom
      file:/home/dtrimoul/PR2-Kinetic-Xenial/devel/share/maven/org/ros/rosjava_messages/gazebo_msgs/2.5.17/gazebo_msgs-2.5.17.jar
      file:/opt/ros/kinetic/share/maven/org/ros/rosjava_messages/gazebo_msgs/2.5.17/gazebo_msgs-2.5.17.pom
      file:/opt/ros/kinetic/share/maven/org/ros/rosjava_messages/gazebo_msgs/2.5.17/gazebo_msgs-2.5.17.jar
      https://github.com/rosjava/rosjava_mvn_repo/raw/master/org/ros/rosjava_messages/gazebo_msgs/2.5.17/gazebo_msgs-2.5.17.pom
      https://github.com/rosjava/rosjava_mvn_repo/raw/master/org/ros/rosjava_messages/gazebo_msgs/2.5.17/gazebo_msgs-2.5.17.jar
      file:/home/dtrimoul/.m2/repository/org/ros/rosjava_messages/gazebo_msgs/2.5.17/gazebo_msgs-2.5.17.pom
      file:/home/dtrimoul/.m2/repository/org/ros/rosjava_messages/gazebo_msgs/2.5.17/gazebo_msgs-2.5.17.jar
      http://repository.springsource.com/maven/bundles/release/org/ros/rosjava_messages/gazebo_msgs/2.5.17/gazebo_msgs-2.5.17.pom
      http://repository.springsource.com/maven/bundles/release/org/ros/rosjava_messages/gazebo_msgs/2.5.17/gazebo_msgs-2.5.17.jar
      http://repository.springsource.com/maven/bundles/external/org/ros/rosjava_messages/gazebo_msgs/2.5.17/gazebo_msgs-2.5.17.pom
      http://repository.springsource.com/maven/bundles/external/org/ros/rosjava_messages/gazebo_msgs/2.5.17/gazebo_msgs-2.5.17.jar
      https://jcenter.bintray.com/org/ros/rosjava_messages/gazebo_msgs/2.5.17/gazebo_msgs-2.5.17.pom
      https://jcenter.bintray.com/org/ros/rosjava_messages/gazebo_msgs/2.5.17/gazebo_msgs-2.5.17.jar
  Required by:
      org.ros.rosjava_messages:pr2_gazebo_plugins:2.0.10
[33m> [39mCould not find org.ros.rosjava_messages:gazebo_plugins:2.5.17.
  Searched in the following locations:
      file:/home/dtrimoul/PR2-Kinetic-Xenial/devel/.private/pr2_gazebo_plugins/share/maven/org/ros/rosjava_messages/gazebo_plugins/2.5.17/gazebo_plugins-2.5.17.pom
      file:/home/dtrimoul/PR2-Kinetic-Xenial/devel/.private/pr2_gazebo_plugins/share/maven/org/ros/rosjava_messages/gazebo_plugins/2.5.17/gazebo_plugins-2.5.17.jar
      file:/home/dtrimoul/laas_perception/devel/share/maven/org/ros/rosjava_messages/gazebo_plugins/2.5.17/gazebo_plugins-2.5.17.pom
      file:/home/dtrimoul/laas_perception/devel/share/maven/org/ros/rosjava_messages/gazebo_plugins/2.5.17/gazebo_plugins-2.5.17.jar
      file:/home/dtrimoul/PR2-Kinetic-Xenial/devel/share/maven/org/ros/rosjava_messages/gazebo_plugins/2.5.17/gazebo_plugins-2.5.17.pom
      file:/home/dtrimoul/PR2-Kinetic-Xenial/devel/share/maven/org/ros/rosjava_messages/gazebo_plugins/2.5.17/gazebo_plugins-2.5.17.jar
      file:/opt/ros/kinetic/share/maven/org/ros/rosjava_messages/gazebo_plugins/2.5.17/gazebo_plugins-2.5.17.pom
      file:/opt/ros/kinetic/share/maven/org/ros/rosjava_messages/gazebo_plugins/2.5.17/gazebo_plugins-2.5.17.jar
      https://github.com/rosjava/rosjava_mvn_repo/raw/master/org/ros/rosjava_messages/gazebo_plugins/2.5.17/gazebo_plugins-2.5.17.pom
      https://github.com/rosjava/rosjava_mvn_repo/raw/master/org/ros/rosjava_messages/gazebo_plugins/2.5.17/gazebo_plugins-2.5.17.jar
      file:/home/dtrimoul/.m2/repository/org/ros/rosjava_messages/gazebo_plugins/2.5.17/gazebo_plugins-2.5.17.pom
      file:/home/dtrimoul/.m2/repository/org/ros/rosjava_messages/gazebo_plugins/2.5.17/gazebo_plugins-2.5.17.jar
      http://repository.springsource.com/maven/bundles/release/org/ros/rosjava_messages/gazebo_plugins/2.5.17/gazebo_plugins-2.5.17.pom
      http://repository.springsource.com/maven/bundles/release/org/ros/rosjava_messages/gazebo_plugins/2.5.17/gazebo_plugins-2.5.17.jar
      http://repository.springsource.com/maven/bundles/external/org/ros/rosjava_messages/gazebo_plugins/2.5.17/gazebo_plugins-2.5.17.pom
      http://repository.springsource.com/maven/bundles/external/org/ros/rosjava_messages/gazebo_plugins/2.5.17/gazebo_plugins-2.5.17.jar
      https://jcenter.bintray.com/org/ros/rosjava_messages/gazebo_plugins/2.5.17/gazebo_plugins-2.5.17.pom
      https://jcenter.bintray.com/org/ros/rosjava_messages/gazebo_plugins/2.5.17/gazebo_plugins-2.5.17.jar
  Required by:
      org.ros.rosjava_messages:pr2_gazebo_plugins:2.0.10

* Try:
Run with [1m--stacktrace[22m option to get the stack trace. Run with [1m--info[22m or [1m--debug[22m option to get more log output.
[0m[  8%] Built target pr2_gazebo_plugins_generate_messages_java_gradle
[35m[1mScanning dependencies of target pr2_msgs_generate_messages_java[0m
[  8%] Built target pr2_msgs_generate_messages_java
[35m[1mScanning dependencies of target diagnostic_msgs_generate_messages_java[0m
[  8%] Built target diagnostic_msgs_generate_messages_java
[35m[1mScanning dependencies of target nav_msgs_generate_messages_java[0m
[  8%] Built target nav_msgs_generate_messages_java
[35m[1mScanning dependencies of target sensor_msgs_generate_messages_java[0m
[  8%] Built target sensor_msgs_generate_messages_java
[35m[1mScanning dependencies of target geometry_msgs_generate_messages_java[0m
[  8%] Built target geometry_msgs_generate_messages_java
[35m[1mScanning dependencies of target nav_msgs_generate_messages_nodejs[0m
[  8%] Built target nav_msgs_generate_messages_nodejs
[35m[1mScanning dependencies of target pr2_msgs_generate_messages_nodejs[0m
[  8%] Built target pr2_msgs_generate_messages_nodejs
[35m[1mScanning dependencies of target diagnostic_msgs_generate_messages_nodejs[0m
[  8%] Built target diagnostic_msgs_generate_messages_nodejs
[35m[1mScanning dependencies of target std_msgs_generate_messages_nodejs[0m
[  8%] Built target std_msgs_generate_messages_nodejs
[35m[1mScanning dependencies of target sensor_msgs_generate_messages_nodejs[0m
[  8%] Built target sensor_msgs_generate_messages_nodejs
[35m[1mScanning dependencies of target geometry_msgs_generate_messages_nodejs[0m
[  8%] Built target geometry_msgs_generate_messages_nodejs
[35m[1mScanning dependencies of target geometry_msgs_generate_messages_py[0m
[  8%] Built target geometry_msgs_generate_messages_py
[35m[1mScanning dependencies of target diagnostic_msgs_generate_messages_py[0m
[  8%] Built target diagnostic_msgs_generate_messages_py
[35m[1mScanning dependencies of target pr2_msgs_generate_messages_py[0m
[  8%] Built target pr2_msgs_generate_messages_py
[35m[1mScanning dependencies of target sensor_msgs_generate_messages_py[0m
[  8%] Built target sensor_msgs_generate_messages_py
[35m[1mScanning dependencies of target std_msgs_generate_messages_py[0m
[  8%] Built target std_msgs_generate_messages_py
[35m[1mScanning dependencies of target nav_msgs_generate_messages_py[0m
[  8%] Built target nav_msgs_generate_messages_py
[35m[1mScanning dependencies of target nav_msgs_generate_messages_lisp[0m
[  8%] Built target nav_msgs_generate_messages_lisp
[35m[1mScanning dependencies of target pr2_msgs_generate_messages_lisp[0m
[  8%] Built target pr2_msgs_generate_messages_lisp
[35m[1mScanning dependencies of target sensor_msgs_generate_messages_lisp[0m
[  8%] Built target sensor_msgs_generate_messages_lisp
[35m[1mScanning dependencies of target diagnostic_msgs_generate_messages_lisp[0m
[  8%] Built target diagnostic_msgs_generate_messages_lisp
[35m[1mScanning dependencies of target std_msgs_generate_messages_lisp[0m
[  8%] Built target std_msgs_generate_messages_lisp
[35m[1mScanning dependencies of target geometry_msgs_generate_messages_lisp[0m
[  8%] Built target geometry_msgs_generate_messages_lisp
[35m[1mScanning dependencies of target std_msgs_generate_messages_eus[0m
[  8%] Built target std_msgs_generate_messages_eus
[35m[1mScanning dependencies of target sensor_msgs_generate_messages_eus[0m
[  8%] Built target sensor_msgs_generate_messages_eus
[35m[1mScanning dependencies of target pr2_msgs_generate_messages_eus[0m
[  8%] Built target pr2_msgs_generate_messages_eus
[35m[1mScanning dependencies of target diagnostic_msgs_generate_messages_eus[0m
[  8%] Built target diagnostic_msgs_generate_messages_eus
[35m[1mScanning dependencies of target geometry_msgs_generate_messages_eus[0m
[  8%] Built target geometry_msgs_generate_messages_eus
[35m[1mScanning dependencies of target nav_msgs_generate_messages_eus[0m
[  8%] Built target nav_msgs_generate_messages_eus
[35m[1mScanning dependencies of target pr2_gazebo_plugins_xacro_generated_to_devel_space_[0m
[  8%] Built target pr2_gazebo_plugins_xacro_generated_to_devel_space_
[35m[1mScanning dependencies of target pr2_gazebo_plugins_generate_messages_cpp[0m
[ 12%] [34m[1mGenerating C++ code from pr2_gazebo_plugins/PlugCommand.msg[0m
[ 16%] [34m[1mGenerating C++ code from pr2_gazebo_plugins/ModelJointsState.msg[0m
[ 20%] [34m[1mGenerating C++ code from pr2_gazebo_plugins/SetModelsJointsStates.srv[0m
[ 20%] Built target pr2_gazebo_plugins_generate_messages_cpp
[35m[1mScanning dependencies of target pr2_gazebo_plugins_generate_messages_java[0m
[ 24%] Built target pr2_gazebo_plugins_generate_messages_java
[35m[1mScanning dependencies of target pr2_gazebo_plugins_generate_messages_nodejs[0m
[ 28%] [34m[1mGenerating Javascript code from pr2_gazebo_plugins/PlugCommand.msg[0m
[ 32%] [34m[1mGenerating Javascript code from pr2_gazebo_plugins/ModelJointsState.msg[0m
[ 36%] [34m[1mGenerating Javascript code from pr2_gazebo_plugins/SetModelsJointsStates.srv[0m
[ 36%] Built target pr2_gazebo_plugins_generate_messages_nodejs
[35m[1mScanning dependencies of target pr2_gazebo_plugins_generate_messages_py[0m
[ 40%] [34m[1mGenerating Python from MSG pr2_gazebo_plugins/PlugCommand[0m
[ 44%] [34m[1mGenerating Python from MSG pr2_gazebo_plugins/ModelJointsState[0m
[ 48%] [34m[1mGenerating Python code from SRV pr2_gazebo_plugins/SetModelsJointsStates[0m
[ 52%] [34m[1mGenerating Python msg __init__.py for pr2_gazebo_plugins[0m
[ 56%] [34m[1mGenerating Python srv __init__.py for pr2_gazebo_plugins[0m
[ 56%] Built target pr2_gazebo_plugins_generate_messages_py
[35m[1mScanning dependencies of target pr2_gazebo_plugins_generate_messages_lisp[0m
[ 60%] [34m[1mGenerating Lisp code from pr2_gazebo_plugins/PlugCommand.msg[0m
[ 64%] [34m[1mGenerating Lisp code from pr2_gazebo_plugins/ModelJointsState.msg[0m
[ 68%] [34m[1mGenerating Lisp code from pr2_gazebo_plugins/SetModelsJointsStates.srv[0m
[ 68%] Built target pr2_gazebo_plugins_generate_messages_lisp
[35m[1mScanning dependencies of target pr2_gazebo_plugins_generate_messages_eus[0m
[ 72%] [34m[1mGenerating EusLisp code from pr2_gazebo_plugins/PlugCommand.msg[0m
[ 76%] [34m[1mGenerating EusLisp code from pr2_gazebo_plugins/ModelJointsState.msg[0m
[ 80%] [34m[1mGenerating EusLisp code from pr2_gazebo_plugins/SetModelsJointsStates.srv[0m
[ 84%] [34m[1mGenerating EusLisp manifest code for pr2_gazebo_plugins[0m
[ 84%] Built target pr2_gazebo_plugins_generate_messages_eus
[35m[1mScanning dependencies of target gazebo_ros_power_monitor[0m
[ 88%] [32mBuilding CXX object CMakeFiles/gazebo_ros_power_monitor.dir/src/gazebo_ros_power_monitor.cpp.o[0m
[ 92%] [32m[1mLinking CXX shared library /home/dtrimoul/PR2-Kinetic-Xenial/devel/.private/pr2_gazebo_plugins/lib/libgazebo_ros_power_monitor.so[0m
[ 92%] Built target gazebo_ros_power_monitor
[35m[1mScanning dependencies of target gazebo_ros_controller_manager[0m
[ 96%] [32mBuilding CXX object CMakeFiles/gazebo_ros_controller_manager.dir/src/gazebo_ros_controller_manager.cpp.o[0m
[100%] [32m[1mLinking CXX shared library /home/dtrimoul/PR2-Kinetic-Xenial/devel/.private/pr2_gazebo_plugins/lib/libgazebo_ros_controller_manager.so[0m
[100%] Built target gazebo_ros_controller_manager
[35m[1mScanning dependencies of target pr2_gazebo_plugins_generate_messages[0m
[100%] Built target pr2_gazebo_plugins_generate_messages
