Symlinking /home/david/PR2-Kinetic-Xenial/devel/include/pr2_gazebo_plugins/SetModelsJointsStates.h
Symlinking /home/david/PR2-Kinetic-Xenial/devel/include/pr2_gazebo_plugins/ModelJointsState.h
Symlinking /home/david/PR2-Kinetic-Xenial/devel/include/pr2_gazebo_plugins/SetModelsJointsStatesRequest.h
Symlinking /home/david/PR2-Kinetic-Xenial/devel/include/pr2_gazebo_plugins/PlugCommand.h
Symlinking /home/david/PR2-Kinetic-Xenial/devel/include/pr2_gazebo_plugins/SetModelsJointsStatesResponse.h
Symlinking /home/david/PR2-Kinetic-Xenial/devel/share/common-lisp/ros/pr2_gazebo_plugins/srv/pr2_gazebo_plugins-srv.asd
Symlinking /home/david/PR2-Kinetic-Xenial/devel/share/common-lisp/ros/pr2_gazebo_plugins/srv/_package.lisp
Symlinking /home/david/PR2-Kinetic-Xenial/devel/share/common-lisp/ros/pr2_gazebo_plugins/srv/SetModelsJointsStates.lisp
Symlinking /home/david/PR2-Kinetic-Xenial/devel/share/common-lisp/ros/pr2_gazebo_plugins/srv/_package_SetModelsJointsStates.lisp
Symlinking /home/david/PR2-Kinetic-Xenial/devel/share/common-lisp/ros/pr2_gazebo_plugins/msg/pr2_gazebo_plugins-msg.asd
Symlinking /home/david/PR2-Kinetic-Xenial/devel/share/common-lisp/ros/pr2_gazebo_plugins/msg/PlugCommand.lisp
Symlinking /home/david/PR2-Kinetic-Xenial/devel/share/common-lisp/ros/pr2_gazebo_plugins/msg/_package_ModelJointsState.lisp
Symlinking /home/david/PR2-Kinetic-Xenial/devel/share/common-lisp/ros/pr2_gazebo_plugins/msg/_package_PlugCommand.lisp
Symlinking /home/david/PR2-Kinetic-Xenial/devel/share/common-lisp/ros/pr2_gazebo_plugins/msg/_package.lisp
Symlinking /home/david/PR2-Kinetic-Xenial/devel/share/common-lisp/ros/pr2_gazebo_plugins/msg/ModelJointsState.lisp
Symlinking /home/david/PR2-Kinetic-Xenial/devel/share/roseus/ros/pr2_gazebo_plugins/manifest.l
Symlinking /home/david/PR2-Kinetic-Xenial/devel/share/roseus/ros/pr2_gazebo_plugins/srv/SetModelsJointsStates.l
Symlinking /home/david/PR2-Kinetic-Xenial/devel/share/roseus/ros/pr2_gazebo_plugins/msg/PlugCommand.l
Symlinking /home/david/PR2-Kinetic-Xenial/devel/share/roseus/ros/pr2_gazebo_plugins/msg/ModelJointsState.l
Symlinking /home/david/PR2-Kinetic-Xenial/devel/share/pr2_gazebo_plugins/cmake/pr2_gazebo_plugins-msg-paths.cmake
Symlinking /home/david/PR2-Kinetic-Xenial/devel/share/pr2_gazebo_plugins/cmake/pr2_gazebo_pluginsConfig.cmake
Symlinking /home/david/PR2-Kinetic-Xenial/devel/share/pr2_gazebo_plugins/cmake/pr2_gazebo_pluginsConfig-version.cmake
Symlinking /home/david/PR2-Kinetic-Xenial/devel/share/pr2_gazebo_plugins/cmake/pr2_gazebo_plugins-msg-extras.cmake
Symlinking /home/david/PR2-Kinetic-Xenial/devel/share/gennodejs/ros/pr2_gazebo_plugins/_index.js
Symlinking /home/david/PR2-Kinetic-Xenial/devel/share/gennodejs/ros/pr2_gazebo_plugins/srv/SetModelsJointsStates.js
Symlinking /home/david/PR2-Kinetic-Xenial/devel/share/gennodejs/ros/pr2_gazebo_plugins/srv/_index.js
Symlinking /home/david/PR2-Kinetic-Xenial/devel/share/gennodejs/ros/pr2_gazebo_plugins/msg/ModelJointsState.js
Symlinking /home/david/PR2-Kinetic-Xenial/devel/share/gennodejs/ros/pr2_gazebo_plugins/msg/PlugCommand.js
Symlinking /home/david/PR2-Kinetic-Xenial/devel/share/gennodejs/ros/pr2_gazebo_plugins/msg/_index.js
Symlinking /home/david/PR2-Kinetic-Xenial/devel/lib/libgazebo_ros_power_monitor.so
Symlinking /home/david/PR2-Kinetic-Xenial/devel/lib/libgazebo_ros_controller_manager.so
Symlinking /home/david/PR2-Kinetic-Xenial/devel/lib/pkgconfig/pr2_gazebo_plugins.pc
Symlinking /home/david/PR2-Kinetic-Xenial/devel/lib/python2.7/dist-packages/pr2_gazebo_plugins/__init__.py
Symlinking /home/david/PR2-Kinetic-Xenial/devel/lib/python2.7/dist-packages/pr2_gazebo_plugins/srv/_SetModelsJointsStates.py
Symlinking /home/david/PR2-Kinetic-Xenial/devel/lib/python2.7/dist-packages/pr2_gazebo_plugins/srv/__init__.py
Symlinking /home/david/PR2-Kinetic-Xenial/devel/lib/python2.7/dist-packages/pr2_gazebo_plugins/msg/_ModelJointsState.py
Symlinking /home/david/PR2-Kinetic-Xenial/devel/lib/python2.7/dist-packages/pr2_gazebo_plugins/msg/_PlugCommand.py
Symlinking /home/david/PR2-Kinetic-Xenial/devel/lib/python2.7/dist-packages/pr2_gazebo_plugins/msg/__init__.py
