[  0%] Built target nav_msgs_generate_messages_cpp
[  0%] Built target _pr2_gazebo_plugins_generate_messages_check_deps_SetModelsJointsStates
[  0%] Built target pr2_msgs_generate_messages_cpp
[  0%] Built target geometry_msgs_generate_messages_cpp
[  0%] Built target _pr2_gazebo_plugins_generate_messages_check_deps_ModelJointsState
[  0%] Built target sensor_msgs_generate_messages_cpp
[  0%] Built target std_msgs_generate_messages_cpp
[  0%] Built target diagnostic_msgs_generate_messages_cpp
[  0%] Built target _pr2_gazebo_plugins_generate_messages_check_deps_PlugCommand
[  4%] [34m[1mCompiling Java code for pr2_gazebo_plugins[0m
[  8%] Built target pr2_gazebo_plugins_generate_messages_java
[35m[1mScanning dependencies of target nav_msgs_generate_messages_nodejs[0m
[  8%] Built target nav_msgs_generate_messages_nodejs
[35m[1mScanning dependencies of target pr2_msgs_generate_messages_nodejs[0m
[  8%] Built target pr2_msgs_generate_messages_nodejs
[ 12%] Built target pr2_gazebo_plugins_generate_messages_java_gradle
[35m[1mScanning dependencies of target diagnostic_msgs_generate_messages_nodejs[0m
[ 12%] Built target diagnostic_msgs_generate_messages_nodejs
[35m[1mScanning dependencies of target sensor_msgs_generate_messages_nodejs[0m
[35m[1mScanning dependencies of target std_msgs_generate_messages_nodejs[0m
[ 12%] Built target sensor_msgs_generate_messages_nodejs
[ 12%] Built target std_msgs_generate_messages_nodejs
[35m[1mScanning dependencies of target geometry_msgs_generate_messages_nodejs[0m
[35m[1mScanning dependencies of target pr2_msgs_generate_messages_py[0m
[ 12%] Built target geometry_msgs_generate_messages_nodejs
[35m[1mScanning dependencies of target diagnostic_msgs_generate_messages_py[0m
[ 12%] Built target pr2_msgs_generate_messages_py
[ 12%] Built target diagnostic_msgs_generate_messages_py
[35m[1mScanning dependencies of target sensor_msgs_generate_messages_py[0m
[ 12%] Built target sensor_msgs_generate_messages_py
[35m[1mScanning dependencies of target std_msgs_generate_messages_py[0m
[ 12%] Built target std_msgs_generate_messages_py
[35m[1mScanning dependencies of target nav_msgs_generate_messages_py[0m
[35m[1mScanning dependencies of target geometry_msgs_generate_messages_py[0m
[ 12%] Built target nav_msgs_generate_messages_py
[ 12%] Built target geometry_msgs_generate_messages_py
[35m[1mScanning dependencies of target nav_msgs_generate_messages_lisp[0m
[35m[1mScanning dependencies of target pr2_msgs_generate_messages_lisp[0m
[ 12%] Built target nav_msgs_generate_messages_lisp
[ 12%] Built target pr2_msgs_generate_messages_lisp
[35m[1mScanning dependencies of target sensor_msgs_generate_messages_lisp[0m
[ 12%] Built target sensor_msgs_generate_messages_lisp
[35m[1mScanning dependencies of target diagnostic_msgs_generate_messages_lisp[0m
[35m[1mScanning dependencies of target std_msgs_generate_messages_lisp[0m
[ 12%] Built target diagnostic_msgs_generate_messages_lisp
[ 12%] Built target std_msgs_generate_messages_lisp
[35m[1mScanning dependencies of target std_msgs_generate_messages_eus[0m
[35m[1mScanning dependencies of target geometry_msgs_generate_messages_lisp[0m
[ 12%] Built target geometry_msgs_generate_messages_lisp
[ 12%] Built target std_msgs_generate_messages_eus
[35m[1mScanning dependencies of target sensor_msgs_generate_messages_eus[0m
[35m[1mScanning dependencies of target diagnostic_msgs_generate_messages_eus[0m
[ 12%] Built target sensor_msgs_generate_messages_eus
[ 12%] Built target diagnostic_msgs_generate_messages_eus
[35m[1mScanning dependencies of target geometry_msgs_generate_messages_eus[0m
[ 12%] Built target geometry_msgs_generate_messages_eus
[35m[1mScanning dependencies of target pr2_msgs_generate_messages_eus[0m
[ 12%] Built target pr2_msgs_generate_messages_eus
[35m[1mScanning dependencies of target nav_msgs_generate_messages_eus[0m
[ 12%] Built target nav_msgs_generate_messages_eus
[35m[1mScanning dependencies of target pr2_gazebo_plugins_xacro_generated_to_devel_space_[0m
[ 12%] Built target pr2_gazebo_plugins_xacro_generated_to_devel_space_
[35m[1mScanning dependencies of target pr2_gazebo_plugins_generate_messages_cpp[0m
[35m[1mScanning dependencies of target pr2_gazebo_plugins_generate_messages_nodejs[0m
[ 16%] [34m[1mGenerating C++ code from pr2_gazebo_plugins/PlugCommand.msg[0m
[ 20%] [34m[1mGenerating Javascript code from pr2_gazebo_plugins/PlugCommand.msg[0m
[ 24%] [34m[1mGenerating Javascript code from pr2_gazebo_plugins/ModelJointsState.msg[0m
[ 28%] [34m[1mGenerating Javascript code from pr2_gazebo_plugins/SetModelsJointsStates.srv[0m
[ 36%] [34m[1mGenerating C++ code from pr2_gazebo_plugins/SetModelsJointsStates.srv[0m
[ 36%] [34m[1mGenerating C++ code from pr2_gazebo_plugins/ModelJointsState.msg[0m
[ 36%] Built target pr2_gazebo_plugins_generate_messages_nodejs
[35m[1mScanning dependencies of target pr2_gazebo_plugins_generate_messages_py[0m
[ 40%] [34m[1mGenerating Python from MSG pr2_gazebo_plugins/PlugCommand[0m
[ 44%] [34m[1mGenerating Python from MSG pr2_gazebo_plugins/ModelJointsState[0m
[ 44%] Built target pr2_gazebo_plugins_generate_messages_cpp
[35m[1mScanning dependencies of target pr2_gazebo_plugins_generate_messages_lisp[0m
[ 48%] [34m[1mGenerating Lisp code from pr2_gazebo_plugins/PlugCommand.msg[0m
[ 52%] [34m[1mGenerating Lisp code from pr2_gazebo_plugins/ModelJointsState.msg[0m
[ 56%] [34m[1mGenerating Python code from SRV pr2_gazebo_plugins/SetModelsJointsStates[0m
[ 60%] [34m[1mGenerating Lisp code from pr2_gazebo_plugins/SetModelsJointsStates.srv[0m
[ 60%] Built target pr2_gazebo_plugins_generate_messages_lisp
[ 64%] [34m[1mGenerating Python msg __init__.py for pr2_gazebo_plugins[0m
[35m[1mScanning dependencies of target pr2_gazebo_plugins_generate_messages_eus[0m
[ 72%] [34m[1mGenerating EusLisp code from pr2_gazebo_plugins/PlugCommand.msg[0m
[ 72%] [34m[1mGenerating Python srv __init__.py for pr2_gazebo_plugins[0m
[ 76%] [34m[1mGenerating EusLisp code from pr2_gazebo_plugins/ModelJointsState.msg[0m
[ 76%] Built target pr2_gazebo_plugins_generate_messages_py
[ 80%] [34m[1mGenerating EusLisp code from pr2_gazebo_plugins/SetModelsJointsStates.srv[0m
[ 84%] [34m[1mGenerating EusLisp manifest code for pr2_gazebo_plugins[0m
[35m[1mScanning dependencies of target gazebo_ros_controller_manager[0m
[35m[1mScanning dependencies of target gazebo_ros_power_monitor[0m
[ 88%] [32mBuilding CXX object CMakeFiles/gazebo_ros_power_monitor.dir/src/gazebo_ros_power_monitor.cpp.o[0m
[ 92%] [32mBuilding CXX object CMakeFiles/gazebo_ros_controller_manager.dir/src/gazebo_ros_controller_manager.cpp.o[0m
WARNING: Package name "gazebo_moveIT_objects_synchroniser" does not follow the naming conventions. It should start with a lower case letter and only contain lower case letters, digits, underscores, and dashes.
WARNING: Package name "gazebo_moveIT_objects_synchroniser" does not follow the naming conventions. It should start with a lower case letter and only contain lower case letters, digits, underscores, and dashes.
[ 92%] Built target pr2_gazebo_plugins_generate_messages_eus
[35m[1mScanning dependencies of target pr2_gazebo_plugins_generate_messages[0m
[ 92%] Built target pr2_gazebo_plugins_generate_messages
[ 96%] [32m[1mLinking CXX shared library /home/dtrimoul/PR2-Kinetic-Xenial/devel/.private/pr2_gazebo_plugins/lib/libgazebo_ros_power_monitor.so[0m
[ 96%] Built target gazebo_ros_power_monitor
[100%] [32m[1mLinking CXX shared library /home/dtrimoul/PR2-Kinetic-Xenial/devel/.private/pr2_gazebo_plugins/lib/libgazebo_ros_controller_manager.so[0m
[100%] Built target gazebo_ros_controller_manager
