[  0%] Built target nav_msgs_generate_messages_cpp
[  0%] Built target pr2_msgs_generate_messages_cpp
[  0%] Built target geometry_msgs_generate_messages_cpp
[  0%] Built target diagnostic_msgs_generate_messages_cpp
[  0%] Built target _pr2_gazebo_plugins_generate_messages_check_deps_SetModelsJointsStates
[  0%] Built target sensor_msgs_generate_messages_cpp
[  0%] Built target _pr2_gazebo_plugins_generate_messages_check_deps_ModelJointsState
[  0%] Built target std_msgs_generate_messages_cpp
[  4%] [34m[1mCompiling Java code for pr2_gazebo_plugins[0m
[  4%] Built target pr2_msgs_generate_messages_java
[  4%] Built target _pr2_gazebo_plugins_generate_messages_check_deps_PlugCommand
[  4%] Built target diagnostic_msgs_generate_messages_java
[  4%] Built target nav_msgs_generate_messages_java
[  4%] Built target sensor_msgs_generate_messages_java
[  4%] Built target geometry_msgs_generate_messages_java
[  4%] Built target nav_msgs_generate_messages_nodejs
[  4%] Built target pr2_msgs_generate_messages_nodejs
[  4%] Built target diagnostic_msgs_generate_messages_nodejs
[  4%] Built target std_msgs_generate_messages_nodejs
[  8%] Built target pr2_gazebo_plugins_generate_messages_java_gradle
[  8%] Built target sensor_msgs_generate_messages_nodejs
[  8%] Built target geometry_msgs_generate_messages_py
[  8%] Built target geometry_msgs_generate_messages_nodejs
[  8%] Built target pr2_msgs_generate_messages_py
[  8%] Built target sensor_msgs_generate_messages_py
[  8%] Built target diagnostic_msgs_generate_messages_py
[  8%] Built target std_msgs_generate_messages_py
[  8%] Built target nav_msgs_generate_messages_py
[  8%] Built target nav_msgs_generate_messages_lisp
[  8%] Built target pr2_msgs_generate_messages_lisp
[  8%] Built target sensor_msgs_generate_messages_lisp
[  8%] Built target diagnostic_msgs_generate_messages_lisp
[  8%] Built target std_msgs_generate_messages_lisp
[  8%] Built target geometry_msgs_generate_messages_lisp
[  8%] Built target std_msgs_generate_messages_eus
[  8%] Built target diagnostic_msgs_generate_messages_eus
[  8%] Built target sensor_msgs_generate_messages_eus
[  8%] Built target pr2_msgs_generate_messages_eus
[  8%] Built target geometry_msgs_generate_messages_eus
[  8%] Built target nav_msgs_generate_messages_eus
[  8%] Built target pr2_gazebo_plugins_xacro_generated_to_devel_space_
[ 24%] Built target pr2_gazebo_plugins_generate_messages_java
[ 28%] Built target pr2_gazebo_plugins_generate_messages_cpp
[ 40%] Built target pr2_gazebo_plugins_generate_messages_nodejs
[ 48%] Built target pr2_gazebo_plugins_generate_messages_lisp
[ 68%] Built target pr2_gazebo_plugins_generate_messages_py
[ 84%] Built target pr2_gazebo_plugins_generate_messages_eus
[ 84%] Built target pr2_gazebo_plugins_generate_messages
[ 92%] Built target gazebo_ros_power_monitor
[100%] Built target gazebo_ros_controller_manager
