[35m[1mScanning dependencies of target tf2_msgs_generate_messages_lisp[0m
[  0%] Built target tf2_msgs_generate_messages_lisp
[35m[1mScanning dependencies of target costmap_2d_gencfg[0m
[  2%] [34m[1mGenerating dynamic reconfigure files from cfg/Costmap2D.cfg: /home/dtrimoul/PR2-Kinetic-Xenial/devel/.private/costmap_2d/include/costmap_2d/Costmap2DConfig.h /home/dtrimoul/PR2-Kinetic-Xenial/devel/.private/costmap_2d/lib/python2.7/dist-packages/costmap_2d/cfg/Costmap2DConfig.py[0m
Generating reconfiguration files for Costmap2D in costmap_2d
Wrote header file in /home/dtrimoul/PR2-Kinetic-Xenial/devel/.private/costmap_2d/include/costmap_2d/Costmap2DConfig.h
[  5%] [34m[1mGenerating dynamic reconfigure files from cfg/ObstaclePlugin.cfg: /home/dtrimoul/PR2-Kinetic-Xenial/devel/.private/costmap_2d/include/costmap_2d/ObstaclePluginConfig.h /home/dtrimoul/PR2-Kinetic-Xenial/devel/.private/costmap_2d/lib/python2.7/dist-packages/costmap_2d/cfg/ObstaclePluginConfig.py[0m
Generating reconfiguration files for ObstaclePlugin in costmap_2d
Wrote header file in /home/dtrimoul/PR2-Kinetic-Xenial/devel/.private/costmap_2d/include/costmap_2d/ObstaclePluginConfig.h
[  7%] [34m[1mGenerating dynamic reconfigure files from cfg/GenericPlugin.cfg: /home/dtrimoul/PR2-Kinetic-Xenial/devel/.private/costmap_2d/include/costmap_2d/GenericPluginConfig.h /home/dtrimoul/PR2-Kinetic-Xenial/devel/.private/costmap_2d/lib/python2.7/dist-packages/costmap_2d/cfg/GenericPluginConfig.py[0m
Generating reconfiguration files for GenericPlugin in costmap_2d
Wrote header file in /home/dtrimoul/PR2-Kinetic-Xenial/devel/.private/costmap_2d/include/costmap_2d/GenericPluginConfig.h
[ 10%] [34m[1mGenerating dynamic reconfigure files from cfg/InflationPlugin.cfg: /home/dtrimoul/PR2-Kinetic-Xenial/devel/.private/costmap_2d/include/costmap_2d/InflationPluginConfig.h /home/dtrimoul/PR2-Kinetic-Xenial/devel/.private/costmap_2d/lib/python2.7/dist-packages/costmap_2d/cfg/InflationPluginConfig.py[0m
Generating reconfiguration files for InflationPlugin in costmap_2d
Wrote header file in /home/dtrimoul/PR2-Kinetic-Xenial/devel/.private/costmap_2d/include/costmap_2d/InflationPluginConfig.h
[ 13%] [34m[1mGenerating dynamic reconfigure files from cfg/VoxelPlugin.cfg: /home/dtrimoul/PR2-Kinetic-Xenial/devel/.private/costmap_2d/include/costmap_2d/VoxelPluginConfig.h /home/dtrimoul/PR2-Kinetic-Xenial/devel/.private/costmap_2d/lib/python2.7/dist-packages/costmap_2d/cfg/VoxelPluginConfig.py[0m
Generating reconfiguration files for VoxelPlugin in costmap_2d
Wrote header file in /home/dtrimoul/PR2-Kinetic-Xenial/devel/.private/costmap_2d/include/costmap_2d/VoxelPluginConfig.h
[ 13%] Built target costmap_2d_gencfg
[35m[1mScanning dependencies of target visualization_msgs_generate_messages_py[0m
[ 13%] Built target visualization_msgs_generate_messages_py
[35m[1mScanning dependencies of target visualization_msgs_generate_messages_nodejs[0m
[ 13%] Built target visualization_msgs_generate_messages_nodejs
[35m[1mScanning dependencies of target visualization_msgs_generate_messages_lisp[0m
[ 13%] Built target visualization_msgs_generate_messages_lisp
[35m[1mScanning dependencies of target geometry_msgs_generate_messages_nodejs[0m
[ 13%] Built target geometry_msgs_generate_messages_nodejs
[35m[1mScanning dependencies of target _costmap_2d_generate_messages_check_deps_VoxelGrid[0m
[ 13%] Built target _costmap_2d_generate_messages_check_deps_VoxelGrid
[35m[1mScanning dependencies of target map_msgs_generate_messages_nodejs[0m
[ 13%] Built target map_msgs_generate_messages_nodejs
[35m[1mScanning dependencies of target std_msgs_generate_messages_nodejs[0m
[ 13%] Built target std_msgs_generate_messages_nodejs
[35m[1mScanning dependencies of target visualization_msgs_generate_messages_java[0m
[ 13%] Built target visualization_msgs_generate_messages_java
[35m[1mScanning dependencies of target visualization_msgs_generate_messages_cpp[0m
[ 13%] Built target visualization_msgs_generate_messages_cpp
[35m[1mScanning dependencies of target tf2_msgs_generate_messages_py[0m
[ 13%] Built target tf2_msgs_generate_messages_py
[35m[1mScanning dependencies of target actionlib_msgs_generate_messages_nodejs[0m
[ 13%] Built target actionlib_msgs_generate_messages_nodejs
[35m[1mScanning dependencies of target topic_tools_generate_messages_py[0m
[ 13%] Built target topic_tools_generate_messages_py
[35m[1mScanning dependencies of target actionlib_msgs_generate_messages_lisp[0m
[ 13%] Built target actionlib_msgs_generate_messages_lisp
[35m[1mScanning dependencies of target roscpp_generate_messages_eus[0m
[ 13%] Built target roscpp_generate_messages_eus
[35m[1mScanning dependencies of target bond_generate_messages_eus[0m
[ 13%] Built target bond_generate_messages_eus
[35m[1mScanning dependencies of target nav_msgs_generate_messages_py[0m
[35m[1mScanning dependencies of target nav_msgs_generate_messages_nodejs[0m
[ 13%] Built target nav_msgs_generate_messages_nodejs
[ 13%] Built target nav_msgs_generate_messages_py
[35m[1mScanning dependencies of target nav_msgs_generate_messages_lisp[0m
[ 13%] Built target nav_msgs_generate_messages_lisp
[35m[1mScanning dependencies of target actionlib_msgs_generate_messages_cpp[0m
[35m[1mScanning dependencies of target sensor_msgs_generate_messages_eus[0m
[ 13%] Built target sensor_msgs_generate_messages_eus
[ 13%] Built target actionlib_msgs_generate_messages_cpp
[35m[1mScanning dependencies of target actionlib_generate_messages_nodejs[0m
[ 13%] Built target actionlib_generate_messages_nodejs
[35m[1mScanning dependencies of target sensor_msgs_generate_messages_cpp[0m
[ 13%] Built target sensor_msgs_generate_messages_cpp
[35m[1mScanning dependencies of target map_msgs_generate_messages_py[0m
[ 13%] Built target map_msgs_generate_messages_py
[35m[1mScanning dependencies of target nodelet_generate_messages_cpp[0m
[ 13%] Built target nodelet_generate_messages_cpp
[35m[1mScanning dependencies of target map_msgs_generate_messages_lisp[0m
[ 13%] Built target map_msgs_generate_messages_lisp
[35m[1mScanning dependencies of target tf_generate_messages_py[0m
[ 13%] Built target tf_generate_messages_py
[35m[1mScanning dependencies of target map_msgs_generate_messages_eus[0m
[ 13%] Built target map_msgs_generate_messages_eus
[35m[1mScanning dependencies of target map_msgs_generate_messages_cpp[0m
[ 13%] Built target map_msgs_generate_messages_cpp
[35m[1mScanning dependencies of target dynamic_reconfigure_generate_messages_nodejs[0m
[ 13%] Built target dynamic_reconfigure_generate_messages_nodejs
[35m[1mScanning dependencies of target dynamic_reconfigure_generate_messages_cpp[0m
[ 13%] Built target dynamic_reconfigure_generate_messages_cpp
[35m[1mScanning dependencies of target pcl_msgs_generate_messages_nodejs[0m
[ 13%] Built target pcl_msgs_generate_messages_nodejs
[35m[1mScanning dependencies of target std_srvs_generate_messages_nodejs[0m
[ 13%] Built target std_srvs_generate_messages_nodejs
[35m[1mScanning dependencies of target actionlib_msgs_generate_messages_eus[0m
[ 13%] Built target actionlib_msgs_generate_messages_eus
[35m[1mScanning dependencies of target actionlib_generate_messages_lisp[0m
[ 13%] Built target actionlib_generate_messages_lisp
[35m[1mScanning dependencies of target nav_msgs_generate_messages_java[0m
[ 13%] Built target nav_msgs_generate_messages_java
[35m[1mScanning dependencies of target rosgraph_msgs_generate_messages_cpp[0m
[ 13%] Built target rosgraph_msgs_generate_messages_cpp
[35m[1mScanning dependencies of target pcl_msgs_generate_messages_eus[0m
[ 13%] Built target pcl_msgs_generate_messages_eus
[35m[1mScanning dependencies of target std_srvs_generate_messages_eus[0m
[ 13%] Built target std_srvs_generate_messages_eus
[35m[1mScanning dependencies of target tf_generate_messages_cpp[0m
[ 13%] Built target tf_generate_messages_cpp
[35m[1mScanning dependencies of target geometry_msgs_generate_messages_java[0m
[ 13%] Built target geometry_msgs_generate_messages_java
[35m[1mScanning dependencies of target std_msgs_generate_messages_py[0m
[ 13%] Built target std_msgs_generate_messages_py
[35m[1mScanning dependencies of target geometry_msgs_generate_messages_py[0m
[ 13%] Built target geometry_msgs_generate_messages_py
[35m[1mScanning dependencies of target dynamic_reconfigure_gencfg[0m
[ 13%] Built target dynamic_reconfigure_gencfg
[35m[1mScanning dependencies of target geometry_msgs_generate_messages_lisp[0m
[ 13%] Built target geometry_msgs_generate_messages_lisp
[35m[1mScanning dependencies of target std_msgs_generate_messages_lisp[0m
[ 13%] Built target std_msgs_generate_messages_lisp
[35m[1mScanning dependencies of target std_msgs_generate_messages_cpp[0m
[ 13%] Built target std_msgs_generate_messages_cpp
[35m[1mScanning dependencies of target sensor_msgs_generate_messages_nodejs[0m
[ 13%] Built target sensor_msgs_generate_messages_nodejs
[35m[1mScanning dependencies of target geometry_msgs_generate_messages_cpp[0m
[ 13%] Built target geometry_msgs_generate_messages_cpp
[35m[1mScanning dependencies of target dynamic_reconfigure_generate_messages_lisp[0m
[ 13%] Built target dynamic_reconfigure_generate_messages_lisp
[35m[1mScanning dependencies of target tf2_msgs_generate_messages_eus[0m
[ 13%] Built target tf2_msgs_generate_messages_eus
[35m[1mScanning dependencies of target pcl_ros_gencfg[0m
[ 13%] Built target pcl_ros_gencfg
[35m[1mScanning dependencies of target nav_msgs_generate_messages_eus[0m
[ 13%] Built target nav_msgs_generate_messages_eus
[35m[1mScanning dependencies of target roscpp_generate_messages_cpp[0m
[ 13%] Built target roscpp_generate_messages_cpp
[35m[1mScanning dependencies of target nodelet_generate_messages_py[0m
[ 13%] Built target nodelet_generate_messages_py
[35m[1mScanning dependencies of target actionlib_msgs_generate_messages_py[0m
[ 13%] Built target actionlib_msgs_generate_messages_py
[35m[1mScanning dependencies of target bond_generate_messages_py[0m
[ 13%] Built target bond_generate_messages_py
[35m[1mScanning dependencies of target std_srvs_generate_messages_lisp[0m
[ 13%] Built target std_srvs_generate_messages_lisp
[35m[1mScanning dependencies of target geometry_msgs_generate_messages_eus[0m
[ 13%] Built target geometry_msgs_generate_messages_eus
[35m[1mScanning dependencies of target roscpp_generate_messages_lisp[0m
[ 13%] Built target roscpp_generate_messages_lisp
[35m[1mScanning dependencies of target sensor_msgs_generate_messages_py[0m
[ 13%] Built target sensor_msgs_generate_messages_py
[35m[1mScanning dependencies of target roscpp_generate_messages_nodejs[0m
[ 13%] Built target roscpp_generate_messages_nodejs
[35m[1mScanning dependencies of target roscpp_generate_messages_py[0m
[ 13%] Built target roscpp_generate_messages_py
[35m[1mScanning dependencies of target std_srvs_generate_messages_py[0m
[ 13%] Built target std_srvs_generate_messages_py
[35m[1mScanning dependencies of target tf_generate_messages_nodejs[0m
[ 13%] Built target tf_generate_messages_nodejs
[35m[1mScanning dependencies of target rosgraph_msgs_generate_messages_eus[0m
[ 13%] Built target rosgraph_msgs_generate_messages_eus
[35m[1mScanning dependencies of target rosgraph_msgs_generate_messages_lisp[0m
[ 13%] Built target rosgraph_msgs_generate_messages_lisp
[35m[1mScanning dependencies of target rosgraph_msgs_generate_messages_nodejs[0m
[ 13%] Built target rosgraph_msgs_generate_messages_nodejs
[35m[1mScanning dependencies of target std_msgs_generate_messages_eus[0m
[ 13%] Built target std_msgs_generate_messages_eus
[35m[1mScanning dependencies of target actionlib_generate_messages_cpp[0m
[ 13%] Built target actionlib_generate_messages_cpp
[35m[1mScanning dependencies of target rosgraph_msgs_generate_messages_py[0m
[ 13%] Built target rosgraph_msgs_generate_messages_py
[35m[1mScanning dependencies of target costmap_2d_generate_messages_java[0m
[ 15%] [34m[1mGenerating Java gradle project from costmap_2d[0m
[ 15%] Built target costmap_2d_generate_messages_java
[35m[1mScanning dependencies of target tf_generate_messages_lisp[0m
[ 15%] Built target tf_generate_messages_lisp
[35m[1mScanning dependencies of target pcl_msgs_generate_messages_lisp[0m
[ 15%] Built target pcl_msgs_generate_messages_lisp
[35m[1mScanning dependencies of target visualization_msgs_generate_messages_eus[0m
[ 15%] Built target visualization_msgs_generate_messages_eus
[35m[1mScanning dependencies of target dynamic_reconfigure_generate_messages_eus[0m
[ 15%] Built target dynamic_reconfigure_generate_messages_eus
[35m[1mScanning dependencies of target pcl_msgs_generate_messages_py[0m
[ 15%] Built target pcl_msgs_generate_messages_py
[35m[1mScanning dependencies of target bond_generate_messages_nodejs[0m
[ 15%] Built target bond_generate_messages_nodejs
[35m[1mScanning dependencies of target actionlib_msgs_generate_messages_java[0m
[ 15%] Built target actionlib_msgs_generate_messages_java
[35m[1mScanning dependencies of target tf2_msgs_generate_messages_nodejs[0m
[ 15%] Built target tf2_msgs_generate_messages_nodejs
[35m[1mScanning dependencies of target nodelet_generate_messages_lisp[0m
[ 15%] Built target nodelet_generate_messages_lisp
[35m[1mScanning dependencies of target nodelet_generate_messages_nodejs[0m
[ 15%] Built target nodelet_generate_messages_nodejs
[35m[1mScanning dependencies of target bond_generate_messages_cpp[0m
[35m[1mScanning dependencies of target bond_generate_messages_lisp[0m
[ 15%] Built target bond_generate_messages_cpp
[ 15%] Built target bond_generate_messages_lisp
[35m[1mScanning dependencies of target nodelet_generate_messages_eus[0m
[35m[1mScanning dependencies of target topic_tools_generate_messages_cpp[0m
[ 15%] Built target nodelet_generate_messages_eus
[ 15%] Built target topic_tools_generate_messages_cpp
[35m[1mScanning dependencies of target sensor_msgs_generate_messages_java[0m
[35m[1mScanning dependencies of target topic_tools_generate_messages_eus[0m
[ 15%] Built target sensor_msgs_generate_messages_java
[ 15%] Built target topic_tools_generate_messages_eus
[35m[1mScanning dependencies of target nodelet_topic_tools_gencfg[0m
[35m[1mScanning dependencies of target pcl_msgs_generate_messages_cpp[0m
[ 15%] Built target pcl_msgs_generate_messages_cpp
[ 15%] Built target nodelet_topic_tools_gencfg
[35m[1mScanning dependencies of target std_srvs_generate_messages_cpp[0m
[35m[1mScanning dependencies of target topic_tools_generate_messages_lisp[0m
[ 15%] Built target std_srvs_generate_messages_cpp
[ 15%] Built target topic_tools_generate_messages_lisp
[35m[1mScanning dependencies of target costmap_2d_generate_messages_cpp[0m
[ 18%] [34m[1mGenerating C++ code from costmap_2d/VoxelGrid.msg[0m
[35m[1mScanning dependencies of target sensor_msgs_generate_messages_lisp[0m
[ 18%] Built target sensor_msgs_generate_messages_lisp
[35m[1mScanning dependencies of target topic_tools_generate_messages_nodejs[0m
[ 18%] Built target topic_tools_generate_messages_nodejs
[ 18%] Built target costmap_2d_generate_messages_cpp
[35m[1mScanning dependencies of target tf_generate_messages_eus[0m
[ 18%] Built target tf_generate_messages_eus
[35m[1mScanning dependencies of target actionlib_generate_messages_eus[0m
[ 18%] Built target actionlib_generate_messages_eus
[35m[1mScanning dependencies of target dynamic_reconfigure_generate_messages_py[0m
[ 18%] Built target dynamic_reconfigure_generate_messages_py
[35m[1mScanning dependencies of target actionlib_generate_messages_py[0m
[ 18%] Built target actionlib_generate_messages_py
[35m[1mScanning dependencies of target tf2_msgs_generate_messages_cpp[0m
[ 18%] Built target tf2_msgs_generate_messages_cpp
[35m[1mScanning dependencies of target nav_msgs_generate_messages_cpp[0m
[ 18%] Built target nav_msgs_generate_messages_cpp
[35m[1mScanning dependencies of target costmap_2d_generate_messages_java_gradle[0m
[ 21%] [34m[1mCompiling Java code for costmap_2d[0m
[0m
[31mFAILURE: [39m[31mBuild failed with an exception.[39m

* What went wrong:
Could not resolve all dependencies for configuration ':runtime'.
[33m> [39mCould not find org.ros.rosjava_messages:pcl_ros:1.4.4.
  Searched in the following locations:
      file:/home/dtrimoul/PR2-Kinetic-Xenial/devel/.private/costmap_2d/share/maven/org/ros/rosjava_messages/pcl_ros/1.4.4/pcl_ros-1.4.4.pom
      file:/home/dtrimoul/PR2-Kinetic-Xenial/devel/.private/costmap_2d/share/maven/org/ros/rosjava_messages/pcl_ros/1.4.4/pcl_ros-1.4.4.jar
      file:/home/dtrimoul/laas_perception/devel/share/maven/org/ros/rosjava_messages/pcl_ros/1.4.4/pcl_ros-1.4.4.pom
      file:/home/dtrimoul/laas_perception/devel/share/maven/org/ros/rosjava_messages/pcl_ros/1.4.4/pcl_ros-1.4.4.jar
      file:/home/dtrimoul/PR2-Kinetic-Xenial/devel/share/maven/org/ros/rosjava_messages/pcl_ros/1.4.4/pcl_ros-1.4.4.pom
      file:/home/dtrimoul/PR2-Kinetic-Xenial/devel/share/maven/org/ros/rosjava_messages/pcl_ros/1.4.4/pcl_ros-1.4.4.jar
      file:/opt/ros/kinetic/share/maven/org/ros/rosjava_messages/pcl_ros/1.4.4/pcl_ros-1.4.4.pom
      file:/opt/ros/kinetic/share/maven/org/ros/rosjava_messages/pcl_ros/1.4.4/pcl_ros-1.4.4.jar
      https://github.com/rosjava/rosjava_mvn_repo/raw/master/org/ros/rosjava_messages/pcl_ros/1.4.4/pcl_ros-1.4.4.pom
      https://github.com/rosjava/rosjava_mvn_repo/raw/master/org/ros/rosjava_messages/pcl_ros/1.4.4/pcl_ros-1.4.4.jar
      file:/home/dtrimoul/.m2/repository/org/ros/rosjava_messages/pcl_ros/1.4.4/pcl_ros-1.4.4.pom
      file:/home/dtrimoul/.m2/repository/org/ros/rosjava_messages/pcl_ros/1.4.4/pcl_ros-1.4.4.jar
      http://repository.springsource.com/maven/bundles/release/org/ros/rosjava_messages/pcl_ros/1.4.4/pcl_ros-1.4.4.pom
      http://repository.springsource.com/maven/bundles/release/org/ros/rosjava_messages/pcl_ros/1.4.4/pcl_ros-1.4.4.jar
      http://repository.springsource.com/maven/bundles/external/org/ros/rosjava_messages/pcl_ros/1.4.4/pcl_ros-1.4.4.pom
      http://repository.springsource.com/maven/bundles/external/org/ros/rosjava_messages/pcl_ros/1.4.4/pcl_ros-1.4.4.jar
      https://jcenter.bintray.com/org/ros/rosjava_messages/pcl_ros/1.4.4/pcl_ros-1.4.4.pom
      https://jcenter.bintray.com/org/ros/rosjava_messages/pcl_ros/1.4.4/pcl_ros-1.4.4.jar
  Required by:
      org.ros.rosjava_messages:costmap_2d:1.14.3

* Try:
Run with [1m--stacktrace[22m option to get the stack trace. Run with [1m--info[22m or [1m--debug[22m option to get more log output.
[0m[ 23%] Built target costmap_2d_generate_messages_java_gradle
[35m[1mScanning dependencies of target costmap_2d_generate_messages_nodejs[0m
[ 26%] [34m[1mGenerating Javascript code from costmap_2d/VoxelGrid.msg[0m
[ 26%] Built target costmap_2d_generate_messages_nodejs
[35m[1mScanning dependencies of target costmap_2d_generate_messages_py[0m
[ 28%] [34m[1mGenerating Python from MSG costmap_2d/VoxelGrid[0m
[ 31%] [34m[1mGenerating Python msg __init__.py for costmap_2d[0m
[ 31%] Built target costmap_2d_generate_messages_py
[35m[1mScanning dependencies of target costmap_2d_generate_messages_lisp[0m
[ 34%] [34m[1mGenerating Lisp code from costmap_2d/VoxelGrid.msg[0m
[ 34%] Built target costmap_2d_generate_messages_lisp
[35m[1mScanning dependencies of target costmap_2d_generate_messages_eus[0m
[ 36%] [34m[1mGenerating EusLisp code from costmap_2d/VoxelGrid.msg[0m
[ 39%] [34m[1mGenerating EusLisp manifest code for costmap_2d[0m
[ 39%] Built target costmap_2d_generate_messages_eus
[35m[1mScanning dependencies of target costmap_2d[0m
[ 42%] [32mBuilding CXX object CMakeFiles/costmap_2d.dir/src/array_parser.cpp.o[0m
[ 44%] [32mBuilding CXX object CMakeFiles/costmap_2d.dir/src/costmap_2d.cpp.o[0m
[ 47%] [32mBuilding CXX object CMakeFiles/costmap_2d.dir/src/observation_buffer.cpp.o[0m
[ 50%] [32mBuilding CXX object CMakeFiles/costmap_2d.dir/src/layer.cpp.o[0m
[ 52%] [32mBuilding CXX object CMakeFiles/costmap_2d.dir/src/layered_costmap.cpp.o[0m
[ 55%] [32mBuilding CXX object CMakeFiles/costmap_2d.dir/src/costmap_2d_ros.cpp.o[0m
[ 57%] [32mBuilding CXX object CMakeFiles/costmap_2d.dir/src/costmap_2d_publisher.cpp.o[0m
[ 60%] [32mBuilding CXX object CMakeFiles/costmap_2d.dir/src/costmap_math.cpp.o[0m
[ 63%] [32mBuilding CXX object CMakeFiles/costmap_2d.dir/src/footprint.cpp.o[0m
[ 65%] [32mBuilding CXX object CMakeFiles/costmap_2d.dir/src/costmap_layer.cpp.o[0m
[ 68%] [32m[1mLinking CXX shared library /home/dtrimoul/PR2-Kinetic-Xenial/devel/.private/costmap_2d/lib/libcostmap_2d.so[0m
[ 68%] Built target costmap_2d
[35m[1mScanning dependencies of target costmap_2d_generate_messages[0m
[ 68%] Built target costmap_2d_generate_messages
[35m[1mScanning dependencies of target costmap_2d_node[0m
[ 71%] [32mBuilding CXX object CMakeFiles/costmap_2d_node.dir/src/costmap_2d_node.cpp.o[0m
[ 73%] [32m[1mLinking CXX executable /home/dtrimoul/PR2-Kinetic-Xenial/devel/.private/costmap_2d/lib/costmap_2d/costmap_2d_node[0m
[ 73%] Built target costmap_2d_node
[35m[1mScanning dependencies of target costmap_2d_markers[0m
[ 76%] [32mBuilding CXX object CMakeFiles/costmap_2d_markers.dir/src/costmap_2d_markers.cpp.o[0m
[ 78%] [32m[1mLinking CXX executable /home/dtrimoul/PR2-Kinetic-Xenial/devel/.private/costmap_2d/lib/costmap_2d/costmap_2d_markers[0m
[ 78%] Built target costmap_2d_markers
[35m[1mScanning dependencies of target costmap_2d_cloud[0m
[ 81%] [32mBuilding CXX object CMakeFiles/costmap_2d_cloud.dir/src/costmap_2d_cloud.cpp.o[0m
[ 84%] [32m[1mLinking CXX executable /home/dtrimoul/PR2-Kinetic-Xenial/devel/.private/costmap_2d/lib/costmap_2d/costmap_2d_cloud[0m
[35m[1mScanning dependencies of target layers[0m
[ 86%] [32mBuilding CXX object CMakeFiles/layers.dir/plugins/inflation_layer.cpp.o[0m
[ 89%] [32mBuilding CXX object CMakeFiles/layers.dir/plugins/obstacle_layer.cpp.o[0m
[ 92%] [32mBuilding CXX object CMakeFiles/layers.dir/plugins/static_layer.cpp.o[0m
[ 94%] [32mBuilding CXX object CMakeFiles/layers.dir/plugins/voxel_layer.cpp.o[0m
[ 97%] [32mBuilding CXX object CMakeFiles/layers.dir/src/observation_buffer.cpp.o[0m
[100%] [32m[1mLinking CXX shared library /home/dtrimoul/PR2-Kinetic-Xenial/devel/.private/costmap_2d/lib/liblayers.so[0m
[100%] Built target layers
[100%] Built target costmap_2d_cloud
