[  0%] Built target tf2_msgs_generate_messages_lisp
[ 13%] Built target costmap_2d_gencfg
[ 13%] Built target visualization_msgs_generate_messages_py
[ 13%] Built target visualization_msgs_generate_messages_nodejs
[ 13%] Built target visualization_msgs_generate_messages_lisp
[ 13%] Built target geometry_msgs_generate_messages_nodejs
[ 13%] Built target _costmap_2d_generate_messages_check_deps_VoxelGrid
[ 13%] Built target map_msgs_generate_messages_nodejs
[ 13%] Built target std_msgs_generate_messages_nodejs
[ 13%] Built target visualization_msgs_generate_messages_java
[ 13%] Built target visualization_msgs_generate_messages_cpp
[ 13%] Built target tf2_msgs_generate_messages_py
[ 13%] Built target actionlib_msgs_generate_messages_nodejs
[ 13%] Built target topic_tools_generate_messages_py
[ 13%] Built target actionlib_msgs_generate_messages_lisp
[ 13%] Built target roscpp_generate_messages_eus
[ 13%] Built target bond_generate_messages_eus
[ 13%] Built target nav_msgs_generate_messages_py
[ 13%] Built target nav_msgs_generate_messages_nodejs
[ 13%] Built target nav_msgs_generate_messages_lisp
[ 13%] Built target actionlib_msgs_generate_messages_cpp
[ 13%] Built target sensor_msgs_generate_messages_eus
[ 13%] Built target actionlib_generate_messages_nodejs
[ 13%] Built target sensor_msgs_generate_messages_cpp
[ 13%] Built target map_msgs_generate_messages_py
[ 13%] Built target nodelet_generate_messages_cpp
[ 13%] Built target map_msgs_generate_messages_lisp
[ 13%] Built target tf_generate_messages_py
[ 13%] Built target map_msgs_generate_messages_eus
[ 13%] Built target map_msgs_generate_messages_cpp
[ 13%] Built target dynamic_reconfigure_generate_messages_nodejs
[ 13%] Built target pcl_msgs_generate_messages_nodejs
[ 13%] Built target dynamic_reconfigure_generate_messages_cpp
[ 13%] Built target std_srvs_generate_messages_nodejs
[ 13%] Built target actionlib_msgs_generate_messages_eus
[ 13%] Built target actionlib_generate_messages_lisp
[ 13%] Built target nav_msgs_generate_messages_java
[ 13%] Built target rosgraph_msgs_generate_messages_cpp
[ 13%] Built target tf_generate_messages_cpp
[ 13%] Built target pcl_msgs_generate_messages_eus
[ 13%] Built target geometry_msgs_generate_messages_java
[ 13%] Built target std_srvs_generate_messages_eus
[ 13%] Built target geometry_msgs_generate_messages_py
[ 13%] Built target std_msgs_generate_messages_py
[ 13%] Built target geometry_msgs_generate_messages_lisp
[ 13%] Built target dynamic_reconfigure_gencfg
[ 13%] Built target std_msgs_generate_messages_lisp
[ 13%] Built target std_msgs_generate_messages_cpp
[ 13%] Built target geometry_msgs_generate_messages_cpp
[ 13%] Built target sensor_msgs_generate_messages_nodejs
[ 13%] Built target tf2_msgs_generate_messages_eus
[ 13%] Built target dynamic_reconfigure_generate_messages_lisp
[ 13%] Built target pcl_ros_gencfg
[ 13%] Built target nav_msgs_generate_messages_eus
[ 13%] Built target roscpp_generate_messages_cpp
[ 13%] Built target nodelet_generate_messages_py
[ 13%] Built target actionlib_msgs_generate_messages_py
[ 13%] Built target bond_generate_messages_py
[ 13%] Built target std_srvs_generate_messages_lisp
[ 13%] Built target geometry_msgs_generate_messages_eus
[ 13%] Built target roscpp_generate_messages_lisp
[ 13%] Built target sensor_msgs_generate_messages_py
[ 13%] Built target roscpp_generate_messages_nodejs
[ 13%] Built target roscpp_generate_messages_py
[ 13%] Built target std_srvs_generate_messages_py
[ 13%] Built target rosgraph_msgs_generate_messages_lisp
[ 13%] Built target rosgraph_msgs_generate_messages_eus
[ 13%] Built target rosgraph_msgs_generate_messages_nodejs
[ 13%] Built target tf_generate_messages_nodejs
[ 13%] Built target actionlib_generate_messages_cpp
[ 13%] Built target std_msgs_generate_messages_eus
[ 13%] Built target rosgraph_msgs_generate_messages_py
[ 13%] Built target pcl_msgs_generate_messages_lisp
[ 15%] Built target costmap_2d_generate_messages_java
[ 15%] Built target tf_generate_messages_lisp
[ 15%] Built target visualization_msgs_generate_messages_eus
[ 15%] Built target dynamic_reconfigure_generate_messages_eus
[ 15%] Built target pcl_msgs_generate_messages_py
[ 15%] Built target bond_generate_messages_nodejs
[ 15%] Built target tf2_msgs_generate_messages_nodejs
[ 15%] Built target nodelet_generate_messages_nodejs
[ 15%] Built target actionlib_msgs_generate_messages_java
[ 15%] Built target nodelet_generate_messages_lisp
[ 15%] Built target bond_generate_messages_cpp
[ 15%] Built target bond_generate_messages_lisp
[ 15%] Built target nodelet_generate_messages_eus
[ 15%] Built target topic_tools_generate_messages_cpp
[ 15%] Built target sensor_msgs_generate_messages_java
[ 15%] Built target topic_tools_generate_messages_eus
[ 15%] Built target nodelet_topic_tools_gencfg
[ 15%] Built target pcl_msgs_generate_messages_cpp
[ 15%] Built target std_srvs_generate_messages_cpp
[ 15%] Built target topic_tools_generate_messages_lisp
[ 18%] Built target costmap_2d_generate_messages_cpp
[ 18%] Built target sensor_msgs_generate_messages_lisp
[ 18%] Built target topic_tools_generate_messages_nodejs
[ 18%] Built target tf_generate_messages_eus
[ 18%] Built target actionlib_generate_messages_eus
[ 18%] Built target tf2_msgs_generate_messages_cpp
[ 18%] Built target dynamic_reconfigure_generate_messages_py
[ 18%] Built target actionlib_generate_messages_py
[ 18%] Built target nav_msgs_generate_messages_cpp
[ 21%] [34m[1mCompiling Java code for costmap_2d[0m
[ 23%] Built target costmap_2d_generate_messages_nodejs
[ 28%] Built target costmap_2d_generate_messages_py
[ 34%] Built target costmap_2d_generate_messages_eus
[ 36%] Built target costmap_2d_generate_messages_lisp
[ 39%] [32m[1mLinking CXX shared library /home/dtrimoul/PR2-Kinetic-Xenial/devel/.private/costmap_2d/lib/libcostmap_2d.so[0m
[ 42%] Built target costmap_2d_generate_messages_java_gradle
[ 42%] Built target costmap_2d_generate_messages
[ 68%] Built target costmap_2d
[ 71%] [32m[1mLinking CXX executable /home/dtrimoul/PR2-Kinetic-Xenial/devel/.private/costmap_2d/lib/costmap_2d/costmap_2d_cloud[0m
[ 73%] [32m[1mLinking CXX shared library /home/dtrimoul/PR2-Kinetic-Xenial/devel/.private/costmap_2d/lib/liblayers.so[0m
[ 76%] [32m[1mLinking CXX executable /home/dtrimoul/PR2-Kinetic-Xenial/devel/.private/costmap_2d/lib/costmap_2d/costmap_2d_node[0m
[ 78%] [32m[1mLinking CXX executable /home/dtrimoul/PR2-Kinetic-Xenial/devel/.private/costmap_2d/lib/costmap_2d/costmap_2d_markers[0m
[ 81%] Built target costmap_2d_node
[ 94%] Built target layers
[ 97%] Built target costmap_2d_markers
[100%] Built target costmap_2d_cloud
