[  0%] Built target tf_generate_messages_eus
[  0%] Built target std_msgs_generate_messages_cpp
[  2%] Built target base_local_planner_gencfg
[  2%] Built target _base_local_planner_generate_messages_check_deps_Position2DInt
[  2%] Built target nav_msgs_generate_messages_cpp
[  2%] Built target std_msgs_generate_messages_py
[  2%] Built target std_msgs_generate_messages_lisp
[  5%] Built target base_local_planner_generate_messages_java
[  5%] Built target std_msgs_generate_messages_eus
[  5%] Built target visualization_msgs_generate_messages_py
[  5%] Built target visualization_msgs_generate_messages_nodejs
[  5%] Built target visualization_msgs_generate_messages_cpp
[  5%] Built target visualization_msgs_generate_messages_lisp
[  5%] Built target tf2_msgs_generate_messages_py
[  5%] Built target tf2_msgs_generate_messages_cpp
[  5%] Built target actionlib_generate_messages_nodejs
[  5%] Built target actionlib_generate_messages_lisp
[  5%] Built target nav_msgs_generate_messages_nodejs
[  5%] Built target tf2_msgs_generate_messages_lisp
[  5%] Built target sensor_msgs_generate_messages_eus
[  5%] Built target actionlib_msgs_generate_messages_cpp
[  5%] Built target sensor_msgs_generate_messages_cpp
[  5%] Built target map_msgs_generate_messages_py
[  5%] Built target nodelet_generate_messages_cpp
[  5%] Built target map_msgs_generate_messages_nodejs
[  5%] Built target map_msgs_generate_messages_lisp
[  5%] Built target tf_generate_messages_py
[  5%] Built target map_msgs_generate_messages_eus
[  5%] Built target map_msgs_generate_messages_cpp
[  5%] Built target dynamic_reconfigure_generate_messages_nodejs
[  5%] Built target _catkin_empty_exported_target
[  5%] Built target std_msgs_generate_messages_nodejs
[  5%] Built target visualization_msgs_generate_messages_java
[  5%] Built target geometry_msgs_generate_messages_cpp
[  5%] Built target costmap_2d_generate_messages_nodejs
[  5%] Built target nav_msgs_generate_messages_lisp
[  5%] Built target sensor_msgs_generate_messages_lisp
[  5%] Built target costmap_2d_generate_messages_cpp
[  5%] Built target topic_tools_generate_messages_nodejs
[  5%] Built target nav_msgs_generate_messages_py
[  5%] Built target pcl_msgs_generate_messages_nodejs
[  5%] Built target std_srvs_generate_messages_nodejs
[  5%] Built target actionlib_generate_messages_eus
[  5%] Built target geometry_msgs_generate_messages_py
[  5%] Built target dynamic_reconfigure_generate_messages_lisp
[  5%] Built target geometry_msgs_generate_messages_lisp
[  5%] Built target bond_generate_messages_py
[  5%] Built target nav_msgs_generate_messages_java
[  5%] Built target std_srvs_generate_messages_lisp
[  5%] Built target rosgraph_msgs_generate_messages_cpp
[  5%] Built target actionlib_msgs_generate_messages_nodejs
[  5%] Built target pcl_msgs_generate_messages_eus
[  5%] Built target topic_tools_generate_messages_py
[  5%] Built target std_srvs_generate_messages_eus
[  5%] Built target tf_generate_messages_cpp
[  5%] Built target sensor_msgs_generate_messages_nodejs
[  5%] Built target costmap_2d_generate_messages_lisp
[  5%] Built target costmap_2d_generate_messages_py
[  5%] Built target nodelet_generate_messages_lisp
[  5%] Built target dynamic_reconfigure_gencfg
[  5%] Built target geometry_msgs_generate_messages_nodejs
[  5%] Built target geometry_msgs_generate_messages_eus
[  5%] Built target dynamic_reconfigure_generate_messages_cpp
[  5%] Built target tf2_msgs_generate_messages_eus
[  5%] Built target pcl_ros_gencfg
[  5%] Built target nav_msgs_generate_messages_eus
[  5%] Built target actionlib_generate_messages_py
[  5%] Built target dynamic_reconfigure_generate_messages_py
[  5%] Built target geometry_msgs_generate_messages_java
[  5%] Built target costmap_2d_gencfg
[  5%] Built target rosgraph_msgs_generate_messages_lisp
[  5%] Built target tf2_msgs_generate_messages_nodejs
[  5%] Built target actionlib_msgs_generate_messages_eus
[  5%] Built target roscpp_generate_messages_eus
[  5%] Built target actionlib_msgs_generate_messages_java
[  5%] Built target bond_generate_messages_eus
[  5%] Built target actionlib_msgs_generate_messages_lisp
[  5%] Built target actionlib_msgs_generate_messages_py
[  5%] Built target roscpp_generate_messages_cpp
[  5%] Built target nodelet_generate_messages_py
[  5%] Built target roscpp_generate_messages_lisp
[  5%] Built target sensor_msgs_generate_messages_py
[  5%] Built target roscpp_generate_messages_nodejs
[  5%] Built target roscpp_generate_messages_py
[  5%] Built target std_srvs_generate_messages_py
[  5%] Built target tf_generate_messages_nodejs
[  5%] Built target rosgraph_msgs_generate_messages_eus
[  5%] Built target rosgraph_msgs_generate_messages_nodejs
[  5%] Built target costmap_2d_generate_messages_eus
[  5%] Built target rosgraph_msgs_generate_messages_py
[  5%] Built target actionlib_generate_messages_cpp
[  5%] Built target costmap_2d_generate_messages_java
[  5%] Built target tf_generate_messages_lisp
[  5%] Built target nodelet_generate_messages_nodejs
[  8%] Built target base_local_planner_generate_messages_nodejs
[  8%] Built target bond_generate_messages_cpp
[  8%] Built target bond_generate_messages_lisp
[  8%] Built target topic_tools_generate_messages_cpp
[  8%] Built target nodelet_generate_messages_eus
[  8%] Built target sensor_msgs_generate_messages_java
[  8%] Built target topic_tools_generate_messages_eus
[  8%] Built target nodelet_topic_tools_gencfg
[  8%] Built target std_srvs_generate_messages_cpp
[  8%] Built target pcl_msgs_generate_messages_cpp
[  8%] Built target visualization_msgs_generate_messages_eus
[  8%] Built target pcl_msgs_generate_messages_lisp
[  8%] Built target dynamic_reconfigure_generate_messages_eus
[  8%] Built target bond_generate_messages_nodejs
[  8%] Built target pcl_msgs_generate_messages_py
[  8%] Built target topic_tools_generate_messages_lisp
[ 11%] [34m[1mCompiling Java code for base_local_planner[0m
[ 13%] Built target base_local_planner_generate_messages_java_gradle
[ 16%] Built target base_local_planner_generate_messages_cpp
[ 22%] Built target base_local_planner_generate_messages_py
[ 25%] Built target base_local_planner_generate_messages_lisp
[ 30%] Built target base_local_planner_generate_messages_eus
[ 30%] Built target base_local_planner_generate_messages
[ 36%] Built target point_grid
[ 91%] Built target base_local_planner
[100%] Built target trajectory_planner_ros
