[35m[1mScanning dependencies of target tf_generate_messages_eus[0m
[  0%] Built target tf_generate_messages_eus
[35m[1mScanning dependencies of target std_msgs_generate_messages_cpp[0m
[  0%] Built target std_msgs_generate_messages_cpp
[35m[1mScanning dependencies of target _base_local_planner_generate_messages_check_deps_Position2DInt[0m
[  0%] Built target _base_local_planner_generate_messages_check_deps_Position2DInt
[35m[1mScanning dependencies of target base_local_planner_gencfg[0m
[  2%] [34m[1mGenerating dynamic reconfigure files from cfg/BaseLocalPlanner.cfg: /home/dtrimoul/PR2-Kinetic-Xenial/devel/.private/base_local_planner/include/base_local_planner/BaseLocalPlannerConfig.h /home/dtrimoul/PR2-Kinetic-Xenial/devel/.private/base_local_planner/lib/python2.7/dist-packages/base_local_planner/cfg/BaseLocalPlannerConfig.py[0m
Generating reconfiguration files for BaseLocalPlanner in base_local_planner
Wrote header file in /home/dtrimoul/PR2-Kinetic-Xenial/devel/.private/base_local_planner/include/base_local_planner/BaseLocalPlannerConfig.h
[  2%] Built target base_local_planner_gencfg
[35m[1mScanning dependencies of target nav_msgs_generate_messages_cpp[0m
[35m[1mScanning dependencies of target std_msgs_generate_messages_py[0m
[  2%] Built target nav_msgs_generate_messages_cpp
[  2%] Built target std_msgs_generate_messages_py
[35m[1mScanning dependencies of target std_msgs_generate_messages_lisp[0m
[  2%] Built target std_msgs_generate_messages_lisp
[35m[1mScanning dependencies of target base_local_planner_generate_messages_java[0m
[  5%] [34m[1mGenerating Java gradle project from base_local_planner[0m
[  5%] Built target base_local_planner_generate_messages_java
[35m[1mScanning dependencies of target std_msgs_generate_messages_eus[0m
[  5%] Built target std_msgs_generate_messages_eus
[35m[1mScanning dependencies of target visualization_msgs_generate_messages_py[0m
[  5%] Built target visualization_msgs_generate_messages_py
[35m[1mScanning dependencies of target visualization_msgs_generate_messages_nodejs[0m
[  5%] Built target visualization_msgs_generate_messages_nodejs
[35m[1mScanning dependencies of target visualization_msgs_generate_messages_lisp[0m
[  5%] Built target visualization_msgs_generate_messages_lisp
[35m[1mScanning dependencies of target visualization_msgs_generate_messages_cpp[0m
[  5%] Built target visualization_msgs_generate_messages_cpp
[35m[1mScanning dependencies of target tf2_msgs_generate_messages_py[0m
[  5%] Built target tf2_msgs_generate_messages_py
[35m[1mScanning dependencies of target tf2_msgs_generate_messages_cpp[0m
[  5%] Built target tf2_msgs_generate_messages_cpp
[35m[1mScanning dependencies of target actionlib_generate_messages_nodejs[0m
[  5%] Built target actionlib_generate_messages_nodejs
[35m[1mScanning dependencies of target actionlib_generate_messages_lisp[0m
[  5%] Built target actionlib_generate_messages_lisp
[35m[1mScanning dependencies of target nav_msgs_generate_messages_nodejs[0m
[  5%] Built target nav_msgs_generate_messages_nodejs
[35m[1mScanning dependencies of target tf2_msgs_generate_messages_lisp[0m
[  5%] Built target tf2_msgs_generate_messages_lisp
[35m[1mScanning dependencies of target sensor_msgs_generate_messages_eus[0m
[  5%] Built target sensor_msgs_generate_messages_eus
[35m[1mScanning dependencies of target actionlib_msgs_generate_messages_cpp[0m
[  5%] Built target actionlib_msgs_generate_messages_cpp
[35m[1mScanning dependencies of target sensor_msgs_generate_messages_cpp[0m
[  5%] Built target sensor_msgs_generate_messages_cpp
[35m[1mScanning dependencies of target map_msgs_generate_messages_py[0m
[  5%] Built target map_msgs_generate_messages_py
[35m[1mScanning dependencies of target nodelet_generate_messages_cpp[0m
[  5%] Built target nodelet_generate_messages_cpp
[35m[1mScanning dependencies of target map_msgs_generate_messages_nodejs[0m
[  5%] Built target map_msgs_generate_messages_nodejs
[35m[1mScanning dependencies of target map_msgs_generate_messages_lisp[0m
[  5%] Built target map_msgs_generate_messages_lisp
[35m[1mScanning dependencies of target tf_generate_messages_py[0m
[  5%] Built target tf_generate_messages_py
[35m[1mScanning dependencies of target map_msgs_generate_messages_eus[0m
[  5%] Built target map_msgs_generate_messages_eus
[35m[1mScanning dependencies of target map_msgs_generate_messages_cpp[0m
[  5%] Built target map_msgs_generate_messages_cpp
[35m[1mScanning dependencies of target dynamic_reconfigure_generate_messages_nodejs[0m
[  5%] Built target dynamic_reconfigure_generate_messages_nodejs
[35m[1mScanning dependencies of target _catkin_empty_exported_target[0m
[  5%] Built target _catkin_empty_exported_target
[35m[1mScanning dependencies of target std_msgs_generate_messages_nodejs[0m
[  5%] Built target std_msgs_generate_messages_nodejs
[35m[1mScanning dependencies of target geometry_msgs_generate_messages_cpp[0m
[  5%] Built target geometry_msgs_generate_messages_cpp
[35m[1mScanning dependencies of target visualization_msgs_generate_messages_java[0m
[  5%] Built target visualization_msgs_generate_messages_java
[35m[1mScanning dependencies of target costmap_2d_generate_messages_nodejs[0m
[  5%] Built target costmap_2d_generate_messages_nodejs
[35m[1mScanning dependencies of target nav_msgs_generate_messages_lisp[0m
[  5%] Built target nav_msgs_generate_messages_lisp
[35m[1mScanning dependencies of target sensor_msgs_generate_messages_lisp[0m
[  5%] Built target sensor_msgs_generate_messages_lisp
[35m[1mScanning dependencies of target costmap_2d_generate_messages_cpp[0m
[  5%] Built target costmap_2d_generate_messages_cpp
[35m[1mScanning dependencies of target topic_tools_generate_messages_nodejs[0m
[  5%] Built target topic_tools_generate_messages_nodejs
[35m[1mScanning dependencies of target nav_msgs_generate_messages_py[0m
[  5%] Built target nav_msgs_generate_messages_py
[35m[1mScanning dependencies of target pcl_msgs_generate_messages_nodejs[0m
[  5%] Built target pcl_msgs_generate_messages_nodejs
[35m[1mScanning dependencies of target std_srvs_generate_messages_nodejs[0m
[  5%] Built target std_srvs_generate_messages_nodejs
[35m[1mScanning dependencies of target actionlib_generate_messages_eus[0m
[  5%] Built target actionlib_generate_messages_eus
[35m[1mScanning dependencies of target dynamic_reconfigure_generate_messages_lisp[0m
[  5%] Built target dynamic_reconfigure_generate_messages_lisp
[35m[1mScanning dependencies of target geometry_msgs_generate_messages_py[0m
[  5%] Built target geometry_msgs_generate_messages_py
[35m[1mScanning dependencies of target geometry_msgs_generate_messages_lisp[0m
[  5%] Built target geometry_msgs_generate_messages_lisp
[35m[1mScanning dependencies of target bond_generate_messages_py[0m
[  5%] Built target bond_generate_messages_py
[35m[1mScanning dependencies of target std_srvs_generate_messages_lisp[0m
[  5%] Built target std_srvs_generate_messages_lisp
[35m[1mScanning dependencies of target nav_msgs_generate_messages_java[0m
[  5%] Built target nav_msgs_generate_messages_java
[35m[1mScanning dependencies of target rosgraph_msgs_generate_messages_cpp[0m
[  5%] Built target rosgraph_msgs_generate_messages_cpp
[35m[1mScanning dependencies of target pcl_msgs_generate_messages_eus[0m
[  5%] Built target pcl_msgs_generate_messages_eus
[35m[1mScanning dependencies of target actionlib_msgs_generate_messages_nodejs[0m
[  5%] Built target actionlib_msgs_generate_messages_nodejs
[35m[1mScanning dependencies of target topic_tools_generate_messages_py[0m
[  5%] Built target topic_tools_generate_messages_py
[35m[1mScanning dependencies of target std_srvs_generate_messages_eus[0m
[  5%] Built target std_srvs_generate_messages_eus
[35m[1mScanning dependencies of target tf_generate_messages_cpp[0m
[  5%] Built target tf_generate_messages_cpp
[35m[1mScanning dependencies of target sensor_msgs_generate_messages_nodejs[0m
[  5%] Built target sensor_msgs_generate_messages_nodejs
[35m[1mScanning dependencies of target costmap_2d_generate_messages_lisp[0m
[  5%] Built target costmap_2d_generate_messages_lisp
[35m[1mScanning dependencies of target costmap_2d_generate_messages_py[0m
[  5%] Built target costmap_2d_generate_messages_py
[35m[1mScanning dependencies of target dynamic_reconfigure_gencfg[0m
[  5%] Built target dynamic_reconfigure_gencfg
[35m[1mScanning dependencies of target nodelet_generate_messages_lisp[0m
[  5%] Built target nodelet_generate_messages_lisp
[35m[1mScanning dependencies of target geometry_msgs_generate_messages_nodejs[0m
[  5%] Built target geometry_msgs_generate_messages_nodejs
[35m[1mScanning dependencies of target geometry_msgs_generate_messages_eus[0m
[  5%] Built target geometry_msgs_generate_messages_eus
[35m[1mScanning dependencies of target dynamic_reconfigure_generate_messages_cpp[0m
[  5%] Built target dynamic_reconfigure_generate_messages_cpp
[35m[1mScanning dependencies of target tf2_msgs_generate_messages_eus[0m
[  5%] Built target tf2_msgs_generate_messages_eus
[35m[1mScanning dependencies of target pcl_ros_gencfg[0m
[  5%] Built target pcl_ros_gencfg
[35m[1mScanning dependencies of target nav_msgs_generate_messages_eus[0m
[  5%] Built target nav_msgs_generate_messages_eus
[35m[1mScanning dependencies of target actionlib_generate_messages_py[0m
[  5%] Built target actionlib_generate_messages_py
[35m[1mScanning dependencies of target dynamic_reconfigure_generate_messages_py[0m
[  5%] Built target dynamic_reconfigure_generate_messages_py
[35m[1mScanning dependencies of target geometry_msgs_generate_messages_java[0m
[  5%] Built target geometry_msgs_generate_messages_java
[35m[1mScanning dependencies of target costmap_2d_gencfg[0m
[  5%] Built target costmap_2d_gencfg
[35m[1mScanning dependencies of target rosgraph_msgs_generate_messages_lisp[0m
[  5%] Built target rosgraph_msgs_generate_messages_lisp
[35m[1mScanning dependencies of target actionlib_msgs_generate_messages_eus[0m
[  5%] Built target actionlib_msgs_generate_messages_eus
[35m[1mScanning dependencies of target tf2_msgs_generate_messages_nodejs[0m
[  5%] Built target tf2_msgs_generate_messages_nodejs
[35m[1mScanning dependencies of target actionlib_msgs_generate_messages_java[0m
[  5%] Built target actionlib_msgs_generate_messages_java
[35m[1mScanning dependencies of target roscpp_generate_messages_eus[0m
[  5%] Built target roscpp_generate_messages_eus
[35m[1mScanning dependencies of target bond_generate_messages_eus[0m
[  5%] Built target bond_generate_messages_eus
[35m[1mScanning dependencies of target actionlib_msgs_generate_messages_lisp[0m
[  5%] Built target actionlib_msgs_generate_messages_lisp
[35m[1mScanning dependencies of target actionlib_msgs_generate_messages_py[0m
[  5%] Built target actionlib_msgs_generate_messages_py
[35m[1mScanning dependencies of target roscpp_generate_messages_cpp[0m
[  5%] Built target roscpp_generate_messages_cpp
[35m[1mScanning dependencies of target nodelet_generate_messages_py[0m
[  5%] Built target nodelet_generate_messages_py
[35m[1mScanning dependencies of target roscpp_generate_messages_lisp[0m
[  5%] Built target roscpp_generate_messages_lisp
[35m[1mScanning dependencies of target sensor_msgs_generate_messages_py[0m
[  5%] Built target sensor_msgs_generate_messages_py
[35m[1mScanning dependencies of target roscpp_generate_messages_nodejs[0m
[  5%] Built target roscpp_generate_messages_nodejs
[35m[1mScanning dependencies of target roscpp_generate_messages_py[0m
[  5%] Built target roscpp_generate_messages_py
[35m[1mScanning dependencies of target std_srvs_generate_messages_py[0m
[  5%] Built target std_srvs_generate_messages_py
[35m[1mScanning dependencies of target tf_generate_messages_nodejs[0m
[  5%] Built target tf_generate_messages_nodejs
[35m[1mScanning dependencies of target rosgraph_msgs_generate_messages_eus[0m
[  5%] Built target rosgraph_msgs_generate_messages_eus
[35m[1mScanning dependencies of target rosgraph_msgs_generate_messages_nodejs[0m
[  5%] Built target rosgraph_msgs_generate_messages_nodejs
[35m[1mScanning dependencies of target actionlib_generate_messages_cpp[0m
[  5%] Built target actionlib_generate_messages_cpp
[35m[1mScanning dependencies of target costmap_2d_generate_messages_eus[0m
[  5%] Built target costmap_2d_generate_messages_eus
[35m[1mScanning dependencies of target rosgraph_msgs_generate_messages_py[0m
[  5%] Built target rosgraph_msgs_generate_messages_py
[35m[1mScanning dependencies of target costmap_2d_generate_messages_java[0m
[  5%] Built target costmap_2d_generate_messages_java
[35m[1mScanning dependencies of target tf_generate_messages_lisp[0m
[  5%] Built target tf_generate_messages_lisp
[35m[1mScanning dependencies of target nodelet_generate_messages_nodejs[0m
[  5%] Built target nodelet_generate_messages_nodejs
[35m[1mScanning dependencies of target base_local_planner_generate_messages_nodejs[0m
[  8%] [34m[1mGenerating Javascript code from base_local_planner/Position2DInt.msg[0m
[  8%] Built target base_local_planner_generate_messages_nodejs
[35m[1mScanning dependencies of target bond_generate_messages_cpp[0m
[  8%] Built target bond_generate_messages_cpp
[35m[1mScanning dependencies of target bond_generate_messages_lisp[0m
[  8%] Built target bond_generate_messages_lisp
[35m[1mScanning dependencies of target nodelet_generate_messages_eus[0m
[  8%] Built target nodelet_generate_messages_eus
[35m[1mScanning dependencies of target topic_tools_generate_messages_cpp[0m
[  8%] Built target topic_tools_generate_messages_cpp
[35m[1mScanning dependencies of target sensor_msgs_generate_messages_java[0m
[  8%] Built target sensor_msgs_generate_messages_java
[35m[1mScanning dependencies of target topic_tools_generate_messages_eus[0m
[  8%] Built target topic_tools_generate_messages_eus
[35m[1mScanning dependencies of target nodelet_topic_tools_gencfg[0m
[  8%] Built target nodelet_topic_tools_gencfg
[35m[1mScanning dependencies of target std_srvs_generate_messages_cpp[0m
[  8%] Built target std_srvs_generate_messages_cpp
[35m[1mScanning dependencies of target pcl_msgs_generate_messages_cpp[0m
[  8%] Built target pcl_msgs_generate_messages_cpp
[35m[1mScanning dependencies of target pcl_msgs_generate_messages_lisp[0m
[  8%] Built target pcl_msgs_generate_messages_lisp
[35m[1mScanning dependencies of target visualization_msgs_generate_messages_eus[0m
[  8%] Built target visualization_msgs_generate_messages_eus
[35m[1mScanning dependencies of target dynamic_reconfigure_generate_messages_eus[0m
[  8%] Built target dynamic_reconfigure_generate_messages_eus
[35m[1mScanning dependencies of target bond_generate_messages_nodejs[0m
[  8%] Built target bond_generate_messages_nodejs
[35m[1mScanning dependencies of target pcl_msgs_generate_messages_py[0m
[  8%] Built target pcl_msgs_generate_messages_py
[35m[1mScanning dependencies of target topic_tools_generate_messages_lisp[0m
[  8%] Built target topic_tools_generate_messages_lisp
[35m[1mScanning dependencies of target base_local_planner_generate_messages_java_gradle[0m
[ 11%] [34m[1mCompiling Java code for base_local_planner[0m
[0m
[31mFAILURE: [39m[31mBuild failed with an exception.[39m

* What went wrong:
Could not resolve all dependencies for configuration ':runtime'.
[33m> [39mCould not find org.ros.rosjava_messages:costmap_2d:1.14.3.
  Searched in the following locations:
      file:/home/dtrimoul/PR2-Kinetic-Xenial/devel/.private/base_local_planner/share/maven/org/ros/rosjava_messages/costmap_2d/1.14.3/costmap_2d-1.14.3.pom
      file:/home/dtrimoul/PR2-Kinetic-Xenial/devel/.private/base_local_planner/share/maven/org/ros/rosjava_messages/costmap_2d/1.14.3/costmap_2d-1.14.3.jar
      file:/home/dtrimoul/laas_perception/devel/share/maven/org/ros/rosjava_messages/costmap_2d/1.14.3/costmap_2d-1.14.3.pom
      file:/home/dtrimoul/laas_perception/devel/share/maven/org/ros/rosjava_messages/costmap_2d/1.14.3/costmap_2d-1.14.3.jar
      file:/home/dtrimoul/PR2-Kinetic-Xenial/devel/share/maven/org/ros/rosjava_messages/costmap_2d/1.14.3/costmap_2d-1.14.3.pom
      file:/home/dtrimoul/PR2-Kinetic-Xenial/devel/share/maven/org/ros/rosjava_messages/costmap_2d/1.14.3/costmap_2d-1.14.3.jar
      file:/opt/ros/kinetic/share/maven/org/ros/rosjava_messages/costmap_2d/1.14.3/costmap_2d-1.14.3.pom
      file:/opt/ros/kinetic/share/maven/org/ros/rosjava_messages/costmap_2d/1.14.3/costmap_2d-1.14.3.jar
      https://github.com/rosjava/rosjava_mvn_repo/raw/master/org/ros/rosjava_messages/costmap_2d/1.14.3/costmap_2d-1.14.3.pom
      https://github.com/rosjava/rosjava_mvn_repo/raw/master/org/ros/rosjava_messages/costmap_2d/1.14.3/costmap_2d-1.14.3.jar
      file:/home/dtrimoul/.m2/repository/org/ros/rosjava_messages/costmap_2d/1.14.3/costmap_2d-1.14.3.pom
      file:/home/dtrimoul/.m2/repository/org/ros/rosjava_messages/costmap_2d/1.14.3/costmap_2d-1.14.3.jar
      http://repository.springsource.com/maven/bundles/release/org/ros/rosjava_messages/costmap_2d/1.14.3/costmap_2d-1.14.3.pom
      http://repository.springsource.com/maven/bundles/release/org/ros/rosjava_messages/costmap_2d/1.14.3/costmap_2d-1.14.3.jar
      http://repository.springsource.com/maven/bundles/external/org/ros/rosjava_messages/costmap_2d/1.14.3/costmap_2d-1.14.3.pom
      http://repository.springsource.com/maven/bundles/external/org/ros/rosjava_messages/costmap_2d/1.14.3/costmap_2d-1.14.3.jar
      https://jcenter.bintray.com/org/ros/rosjava_messages/costmap_2d/1.14.3/costmap_2d-1.14.3.pom
      https://jcenter.bintray.com/org/ros/rosjava_messages/costmap_2d/1.14.3/costmap_2d-1.14.3.jar
  Required by:
      org.ros.rosjava_messages:base_local_planner:1.14.3
[33m> [39mCould not find org.ros.rosjava_messages:pcl_ros:1.4.4.
  Searched in the following locations:
      file:/home/dtrimoul/PR2-Kinetic-Xenial/devel/.private/base_local_planner/share/maven/org/ros/rosjava_messages/pcl_ros/1.4.4/pcl_ros-1.4.4.pom
      file:/home/dtrimoul/PR2-Kinetic-Xenial/devel/.private/base_local_planner/share/maven/org/ros/rosjava_messages/pcl_ros/1.4.4/pcl_ros-1.4.4.jar
      file:/home/dtrimoul/laas_perception/devel/share/maven/org/ros/rosjava_messages/pcl_ros/1.4.4/pcl_ros-1.4.4.pom
      file:/home/dtrimoul/laas_perception/devel/share/maven/org/ros/rosjava_messages/pcl_ros/1.4.4/pcl_ros-1.4.4.jar
      file:/home/dtrimoul/PR2-Kinetic-Xenial/devel/share/maven/org/ros/rosjava_messages/pcl_ros/1.4.4/pcl_ros-1.4.4.pom
      file:/home/dtrimoul/PR2-Kinetic-Xenial/devel/share/maven/org/ros/rosjava_messages/pcl_ros/1.4.4/pcl_ros-1.4.4.jar
      file:/opt/ros/kinetic/share/maven/org/ros/rosjava_messages/pcl_ros/1.4.4/pcl_ros-1.4.4.pom
      file:/opt/ros/kinetic/share/maven/org/ros/rosjava_messages/pcl_ros/1.4.4/pcl_ros-1.4.4.jar
      https://github.com/rosjava/rosjava_mvn_repo/raw/master/org/ros/rosjava_messages/pcl_ros/1.4.4/pcl_ros-1.4.4.pom
      https://github.com/rosjava/rosjava_mvn_repo/raw/master/org/ros/rosjava_messages/pcl_ros/1.4.4/pcl_ros-1.4.4.jar
      file:/home/dtrimoul/.m2/repository/org/ros/rosjava_messages/pcl_ros/1.4.4/pcl_ros-1.4.4.pom
      file:/home/dtrimoul/.m2/repository/org/ros/rosjava_messages/pcl_ros/1.4.4/pcl_ros-1.4.4.jar
      http://repository.springsource.com/maven/bundles/release/org/ros/rosjava_messages/pcl_ros/1.4.4/pcl_ros-1.4.4.pom
      http://repository.springsource.com/maven/bundles/release/org/ros/rosjava_messages/pcl_ros/1.4.4/pcl_ros-1.4.4.jar
      http://repository.springsource.com/maven/bundles/external/org/ros/rosjava_messages/pcl_ros/1.4.4/pcl_ros-1.4.4.pom
      http://repository.springsource.com/maven/bundles/external/org/ros/rosjava_messages/pcl_ros/1.4.4/pcl_ros-1.4.4.jar
      https://jcenter.bintray.com/org/ros/rosjava_messages/pcl_ros/1.4.4/pcl_ros-1.4.4.pom
      https://jcenter.bintray.com/org/ros/rosjava_messages/pcl_ros/1.4.4/pcl_ros-1.4.4.jar
  Required by:
      org.ros.rosjava_messages:base_local_planner:1.14.3

* Try:
Run with [1m--stacktrace[22m option to get the stack trace. Run with [1m--info[22m or [1m--debug[22m option to get more log output.
[0m[ 13%] Built target base_local_planner_generate_messages_java_gradle
[35m[1mScanning dependencies of target base_local_planner_generate_messages_cpp[0m
[ 16%] [34m[1mGenerating C++ code from base_local_planner/Position2DInt.msg[0m
[ 16%] Built target base_local_planner_generate_messages_cpp
[35m[1mScanning dependencies of target base_local_planner_generate_messages_py[0m
[ 19%] [34m[1mGenerating Python from MSG base_local_planner/Position2DInt[0m
[ 22%] [34m[1mGenerating Python msg __init__.py for base_local_planner[0m
[ 22%] Built target base_local_planner_generate_messages_py
[35m[1mScanning dependencies of target base_local_planner_generate_messages_lisp[0m
[ 25%] [34m[1mGenerating Lisp code from base_local_planner/Position2DInt.msg[0m
[ 25%] Built target base_local_planner_generate_messages_lisp
[35m[1mScanning dependencies of target base_local_planner_generate_messages_eus[0m
[ 27%] [34m[1mGenerating EusLisp code from base_local_planner/Position2DInt.msg[0m
[ 30%] [34m[1mGenerating EusLisp manifest code for base_local_planner[0m
[ 30%] Built target base_local_planner_generate_messages_eus
[35m[1mScanning dependencies of target base_local_planner[0m
[ 33%] [32mBuilding CXX object CMakeFiles/base_local_planner.dir/src/footprint_helper.cpp.o[0m
[ 36%] [32mBuilding CXX object CMakeFiles/base_local_planner.dir/src/goal_functions.cpp.o[0m
[ 38%] [32mBuilding CXX object CMakeFiles/base_local_planner.dir/src/map_cell.cpp.o[0m
[ 41%] [32mBuilding CXX object CMakeFiles/base_local_planner.dir/src/map_grid.cpp.o[0m
[ 44%] [32mBuilding CXX object CMakeFiles/base_local_planner.dir/src/map_grid_visualizer.cpp.o[0m
[ 47%] [32mBuilding CXX object CMakeFiles/base_local_planner.dir/src/map_grid_cost_function.cpp.o[0m
[35m[1mScanning dependencies of target base_local_planner_generate_messages[0m
[ 47%] Built target base_local_planner_generate_messages
[35m[1mScanning dependencies of target point_grid[0m
[ 50%] [32mBuilding CXX object CMakeFiles/point_grid.dir/src/point_grid.cpp.o[0m
[ 52%] [32m[1mLinking CXX executable /home/dtrimoul/PR2-Kinetic-Xenial/devel/.private/base_local_planner/lib/base_local_planner/point_grid[0m
[ 55%] [32mBuilding CXX object CMakeFiles/base_local_planner.dir/src/latched_stop_rotate_controller.cpp.o[0m
[ 58%] [32mBuilding CXX object CMakeFiles/base_local_planner.dir/src/local_planner_util.cpp.o[0m
[ 58%] Built target point_grid
[ 61%] [32mBuilding CXX object CMakeFiles/base_local_planner.dir/src/odometry_helper_ros.cpp.o[0m
[ 63%] [32mBuilding CXX object CMakeFiles/base_local_planner.dir/src/obstacle_cost_function.cpp.o[0m
[ 66%] [32mBuilding CXX object CMakeFiles/base_local_planner.dir/src/oscillation_cost_function.cpp.o[0m
[ 69%] [32mBuilding CXX object CMakeFiles/base_local_planner.dir/src/prefer_forward_cost_function.cpp.o[0m
[ 72%] [32mBuilding CXX object CMakeFiles/base_local_planner.dir/src/point_grid.cpp.o[0m
[ 75%] [32mBuilding CXX object CMakeFiles/base_local_planner.dir/src/costmap_model.cpp.o[0m
[ 77%] [32mBuilding CXX object CMakeFiles/base_local_planner.dir/src/simple_scored_sampling_planner.cpp.o[0m
[ 80%] [32mBuilding CXX object CMakeFiles/base_local_planner.dir/src/simple_trajectory_generator.cpp.o[0m
[ 83%] [32mBuilding CXX object CMakeFiles/base_local_planner.dir/src/trajectory.cpp.o[0m
[ 86%] [32mBuilding CXX object CMakeFiles/base_local_planner.dir/src/twirling_cost_function.cpp.o[0m
[ 88%] [32mBuilding CXX object CMakeFiles/base_local_planner.dir/src/voxel_grid_model.cpp.o[0m
[ 91%] [32m[1mLinking CXX shared library /home/dtrimoul/PR2-Kinetic-Xenial/devel/.private/base_local_planner/lib/libbase_local_planner.so[0m
[ 91%] Built target base_local_planner
[35m[1mScanning dependencies of target trajectory_planner_ros[0m
[ 94%] [32mBuilding CXX object CMakeFiles/trajectory_planner_ros.dir/src/trajectory_planner.cpp.o[0m
[ 97%] [32mBuilding CXX object CMakeFiles/trajectory_planner_ros.dir/src/trajectory_planner_ros.cpp.o[0m
[100%] [32m[1mLinking CXX shared library /home/dtrimoul/PR2-Kinetic-Xenial/devel/.private/base_local_planner/lib/libtrajectory_planner_ros.so[0m
[100%] Built target trajectory_planner_ros
