[  6%] Built target moveit_version
[  9%] Built target moveit_exceptions
[  9%] Built target moveit_profiler
[  9%] Built target moveit_msgs_generate_messages_py
[  9%] Built target octomap_msgs_generate_messages_py
[ 12%] Built target moveit_background_processing
[ 12%] Built target octomap_msgs_generate_messages_lisp
[ 12%] Built target object_recognition_msgs_generate_messages_nodejs
[ 12%] Built target object_recognition_msgs_generate_messages_eus
[ 12%] Built target object_recognition_msgs_generate_messages_cpp
[ 12%] Built target octomap_msgs_generate_messages_eus
[ 12%] Built target trajectory_msgs_generate_messages_py
[ 12%] Built target trajectory_msgs_generate_messages_lisp
[ 12%] Built target trajectory_msgs_generate_messages_nodejs
[ 12%] Built target trajectory_msgs_generate_messages_java
[ 12%] Built target sensor_msgs_generate_messages_py
[ 12%] Built target trajectory_msgs_generate_messages_eus
[ 12%] Built target sensor_msgs_generate_messages_nodejs
[ 12%] Built target sensor_msgs_generate_messages_cpp
[ 12%] Built target actionlib_msgs_generate_messages_py
[ 12%] Built target sensor_msgs_generate_messages_java
[ 12%] Built target shape_msgs_generate_messages_py
[ 12%] Built target actionlib_msgs_generate_messages_lisp
[ 12%] Built target actionlib_msgs_generate_messages_nodejs
[ 12%] Built target geometry_msgs_generate_messages_nodejs
[ 12%] Built target shape_msgs_generate_messages_java
[ 12%] Built target shape_msgs_generate_messages_nodejs
[ 12%] Built target std_msgs_generate_messages_eus
[ 12%] Built target roscpp_generate_messages_lisp
[ 12%] Built target octomap_msgs_generate_messages_cpp
[ 12%] Built target moveit_msgs_generate_messages_java
[ 12%] Built target actionlib_msgs_generate_messages_eus
[ 12%] Built target shape_msgs_generate_messages_cpp
[ 12%] Built target rosgraph_msgs_generate_messages_lisp
[ 12%] Built target roscpp_generate_messages_nodejs
[ 12%] Built target rosgraph_msgs_generate_messages_nodejs
[ 12%] Built target moveit_msgs_generate_messages_cpp
[ 12%] Built target geometry_msgs_generate_messages_py
[ 12%] Built target std_msgs_generate_messages_nodejs
[ 12%] Built target std_msgs_generate_messages_py
[ 12%] Built target moveit_msgs_generate_messages_lisp
[ 12%] Built target geometry_msgs_generate_messages_eus
[ 12%] Built target roscpp_generate_messages_cpp
[ 12%] Built target moveit_msgs_generate_messages_nodejs
[ 12%] Built target shape_msgs_generate_messages_lisp
[ 12%] Built target sensor_msgs_generate_messages_eus
[ 12%] Built target std_msgs_generate_messages_cpp
[ 12%] Built target actionlib_msgs_generate_messages_cpp
[ 12%] Built target rosgraph_msgs_generate_messages_cpp
[ 12%] Built target object_recognition_msgs_generate_messages_lisp
[ 12%] Built target octomap_msgs_generate_messages_nodejs
[ 12%] Built target shape_msgs_generate_messages_eus
[ 12%] Built target trajectory_msgs_generate_messages_cpp
[ 12%] Built target std_msgs_generate_messages_lisp
[ 12%] Built target geometry_msgs_generate_messages_cpp
[ 12%] Built target geometry_msgs_generate_messages_lisp
[ 12%] Built target object_recognition_msgs_generate_messages_py
[ 12%] Built target sensor_msgs_generate_messages_lisp
[ 12%] Built target visualization_msgs_generate_messages_eus
[ 12%] Built target visualization_msgs_generate_messages_cpp
[ 12%] Built target visualization_msgs_generate_messages_py
[ 12%] Built target visualization_msgs_generate_messages_java
[ 12%] Built target geometry_msgs_generate_messages_java
[ 12%] Built target visualization_msgs_generate_messages_lisp
[ 12%] Built target actionlib_msgs_generate_messages_java
[ 12%] Built target roscpp_generate_messages_eus
[ 12%] Built target visualization_msgs_generate_messages_nodejs
[ 12%] Built target roscpp_generate_messages_py
[ 12%] Built target rosgraph_msgs_generate_messages_eus
[ 12%] Built target rosgraph_msgs_generate_messages_py
[ 12%] Built target moveit_msgs_generate_messages_eus
[ 18%] Built target moveit_transforms
[ 18%] Built target moveit_kinematics_base
[ 23%] Built target moveit_distance_field
[ 38%] Built target moveit_robot_model
[ 43%] Built target moveit_robot_state
[ 46%] Built target moveit_robot_trajectory
[ 49%] Built target moveit_dynamics_solver
[ 52%] Built target moveit_kinematics_metrics
[ 66%] Built target moveit_collision_detection
[ 70%] Built target moveit_trajectory_processing
[ 75%] Built target moveit_planning_interface
[ 81%] Built target moveit_collision_detection_fcl
[ 86%] Built target moveit_kinematic_constraints
[ 87%] Built target moveit_planning_scene
[ 90%] Built target moveit_planning_request_adapter
[100%] Built target moveit_constraint_samplers
